
     Program LD1 v.6.8 starts on 25Oct2024 at  9:51: 4 

     This program is part of the open-source Quantum ESPRESSO suite
     for quantum simulation of materials; please cite
         "P. Giannozzi et al., J. Phys.:Condens. Matter 21 395502 (2009);
         "P. Giannozzi et al., J. Phys.:Condens. Matter 29 465901 (2017);
         "P. Giannozzi et al., J. Chem. Phys. 152 154105 (2020);
          URL http://www.quantum-espresso.org", 
     in publications or presentations arising from this work. More details at
     http://www.quantum-espresso.org/quote

     Parallel version (MPI), running on     1 processors

     MPI processes distributed on     1 nodes
     5203 MiB available memory on the printing compute node when the environment starts
 
     Waiting for input...
     Reading input from standard input
     --------------------------- All-electron run ----------------------------

     Dy                                                                         
     scalar relativistic calculation

     atomic number is 66.00
     dft =PBE   lsd =0 sic =0 latt =0  beta=0.20 tr2=1.0E-14
     Exchange-correlation= PBE
                           (   1   4   3   4   0   0   0)
     mesh =1681 r(mesh) = 100.51885 a.u. xmin = -8.00 dx = 0.01000
     1 Ry =  13.60569312 eV, c = 137.03599908

     n l     nl                  e(Ry)          e(Ha)          e(eV)
     1 0     1S 1( 2.00)   -3944.147794468   -1972.073897234 -53662.8645233
     2 0     2S 1( 2.00)    -656.787461840    -328.393730920  -8936.0486528
     2 1     2P 1( 6.00)    -582.709534503    -291.354767252  -7928.1671063
     3 0     3S 1( 2.00)    -146.194254515     -73.097127257  -1989.0741633
     3 1     3P 1( 6.00)    -123.457653342     -61.728826671  -1679.7269451
     3 2     3D 1(10.00)     -94.241628054     -47.120814027  -1282.2226707
     4 0     4S 1( 2.00)     -28.915279210     -14.457639605   -393.4124155
     4 1     4P 1( 6.00)     -21.432077912     -10.716038956   -291.5982751
     4 2     4D 1(10.00)     -11.246236586      -5.623118293   -153.0128438
     5 0     5S 1( 2.00)      -3.595413077      -1.797706539    -48.9180870
     5 1     5P 1( 6.00)      -1.863098287      -0.931549143    -25.3487435
     5 2     5D 1( 0.00)      -0.086041593      -0.043020797     -1.1706555
     4 3     4F 1(10.00)      -0.228443554      -0.114221777     -3.1081329
     6 0     6S 1( 2.00)      -0.275331934      -0.137665967     -3.7460818
     6 1     6P 1( 0.00)      -0.085201677      -0.042600838     -1.1592279
     5 3     5F 1( 0.00)       0.001187728       0.000593864      0.0161599

     final scf error:  5.9E-15 reached in  33 iterations
 
     The valence states are: 5S,5P,5D,4F,6S,6P,5F,                                       

     Total energy of the atom:

     Etot =  -24314.516409 Ry,  -12157.258205 Ha, -330815.848696 eV

     Kinetic energy:

     Ekin =   26234.791643 Ry,   13117.395822 Ha,  356942.524243 eV
     Ekinc=   25672.815472 Ry,   12836.407736 Ha,  349296.448914 eV
     Ekinv=     561.976171 Ry,     280.988086 Ha,    7646.075330 eV
 

     Interaction between the nucleus and the electrons:

     Encl =  -59505.746998 Ry,  -29752.873499 Ha, -809616.932711 eV
     Enclc=  -56440.547675 Ry,  -28220.273838 Ha, -767912.771363 eV
     Enclv=   -3065.199323 Ry,   -1532.599661 Ha,  -41704.161348 eV
 

     Hartree energy:

     Eh   =    9482.431443 Ry,    4741.215721 Ha,  129015.052267 eV
     Ehcc =    7230.337129 Ry,    3615.168564 Ha,   98373.748152 eV
     Ehcv =    1968.612951 Ry,     984.306475 Ha,   26784.343687 eV
     Ehvv =     283.481371 Ry,     141.740685 Ha,    3856.960535 eV
 

     Exchange and correlation energy:

     Exc  =    -525.992497 Ry,    -262.996248 Ha,   -7156.492495 eV
 

     Estimated frozen-core energy from all-electron calculation:
     Efc = Ekinv + Enclv + Ehvv + Ehcv + Exc
     Ed = Etot - Efc

     Efc  =    -777.121327 Ry,    -388.560663 Ha,  -10573.274290 eV
     Ed   =  -23537.395082 Ry,  -11768.697541 Ha, -320242.574405 eV


     normalization and overlap integrals

     s(1S/1S) =  1.000000  <r> =   0.0211  <r2> =    0.0006  r(max) =   0.0134
     s(1S/2S) = -0.024604
     s(1S/3S) = -0.010692
     s(1S/4S) = -0.005151
     s(1S/5S) = -0.002061
     s(1S/6S) = -0.000570
     s(2S/2S) =  1.000000  <r> =   0.0898  <r2> =    0.0095  r(max) =   0.0758
     s(2S/3S) = -0.006737
     s(2S/4S) = -0.003104
     s(2S/5S) = -0.001231
     s(2S/6S) = -0.000340
     s(2P/2P) =  1.000000  <r> =   0.0795  <r2> =    0.0077  r(max) =   0.0614
     s(2P/3P) = -0.005405
     s(2P/4P) = -0.002353
     s(2P/5P) = -0.000818
     s(2P/6P) = -0.000175
     s(3S/3S) =  1.000000  <r> =   0.2345  <r2> =    0.0628  r(max) =   0.2145
     s(3S/4S) = -0.002202
     s(3S/5S) = -0.000847
     s(3S/6S) = -0.000233
     s(3P/3P) =  1.000000  <r> =   0.2334  <r2> =    0.0631  r(max) =   0.2123
     s(3P/4P) = -0.001872
     s(3P/5P) = -0.000633
     s(3P/6P) = -0.000135
     s(3D/3D) =  1.000000  <r> =   0.2121  <r2> =    0.0528  r(max) =   0.1721
     s(3D/4D) = -0.001345
     s(3D/5D) = -0.000213
     s(4S/4S) =  1.000000  <r> =   0.5299  <r2> =    0.3169  r(max) =   0.4918
     s(4S/5S) = -0.000576
     s(4S/6S) = -0.000157
     s(4P/4P) =  1.000000  <r> =   0.5616  <r2> =    0.3588  r(max) =   0.5170
     s(4P/5P) = -0.000434
     s(4P/6P) = -0.000092
     s(4D/4D) =  1.000000  <r> =   0.6098  <r2> =    0.4317  r(max) =   0.5328
     s(4D/5D) = -0.000157
     s(5S/5S) =  1.000000  <r> =   1.3013  <r2> =    1.9082  r(max) =   1.1622
     s(5S/6S) = -0.000081
     s(5P/5P) =  1.000000  <r> =   1.5468  <r2> =    2.7304  r(max) =   1.3236
     s(5P/6P) = -0.000043
     s(5D/5D) =  1.000000  <r> =   3.5231  <r2> =   16.1379  r(max) =   2.1177
     s(4F/4F) =  1.000001  <r> =   0.8818  <r2> =    1.0934  r(max) =   0.5381
     s(4F/5F) =  0.000000
     s(6S/6S) =  1.000000  <r> =   4.1140  <r2> =   19.3095  r(max) =   3.4568
     s(6P/6P) =  1.000000  <r> =   5.9472  <r2> =   40.9454  r(max) =   4.8083
     s(5F/5F) =  0.000000  <r> =   0.0000  <r2> =    0.0000  r(max) = 100.5188

     ------------------------ End of All-electron run ------------------------


     --------------------- Generating US pseudopotential ---------------------


      Generating local pot.: lloc=2, matching radius rcloc =   2.1000

      Computing core charge for nlcc: 

       r > 1.31 : true rho core
      Core charge pseudized with two Bessel functions
      ***Writing file dy.core ***
      Integrated core pseudo-charge :   5.43


      Wfc   4F  rcut= 1.310  Using Troullier-Martins method 
      Wfc-us  4F rcutus= 1.994  Estimated cut-off energy=    40.46 Ry
     rc*logder, xc(1), xc(2), rc*q(1),rc*q(2)
    -1.92397     1.46799    -0.46799     5.54954     8.97065


      Wfc   5F  rcut= 1.310  Using Troullier-Martins method 
      Wfc-us  5F rcutus= 1.994  Estimated cut-off energy=    68.78 Ry
     rc*logder, xc(1), xc(2), rc*q(1),rc*q(2)
     4.10873     1.80357    -0.80357     8.16934    11.69564


      Wfc   5P  rcut= 1.310  Using Troullier-Martins method 
      Wfc-us  5P rcutus= 1.805  Estimated cut-off energy=    24.72 Ry
     rc*logder, xc(1), xc(2), rc*q(1),rc*q(2)
    -1.39593     1.26186    -0.26186     3.25821     6.34490


      Wfc   6P  rcut= 1.310  Using Troullier-Martins method 
      Wfc-us  6P rcutus= 1.805  Estimated cut-off energy=    35.94 Ry
     rc*logder, xc(1), xc(2), rc*q(1),rc*q(2)
  -100.70874     1.23903    -0.23903     4.44926     7.64944


      Wfc   5S  rcut= 1.310  Using Troullier-Martins method 
      Wfc-us  5S rcutus= 1.601  Estimated cut-off energy=    19.87 Ry
     rc*logder, xc(1), xc(2), rc*q(1),rc*q(2)
    -1.73931     1.23045    -0.23045     2.23263     5.04442


      Wfc   6S  rcut= 1.310  Using Troullier-Martins method 
      Wfc-us  6S rcutus= 1.601  Estimated cut-off energy=    31.87 Ry
     rc*logder, xc(1), xc(2), rc*q(1),rc*q(2)
    60.09341     1.04651    -0.04651     3.19470     6.38911

      The bmat matrix
    -0.70552    -1.44750     0.00000     0.00000     0.00000     0.00000
    -1.26225    -6.48817     0.00000     0.00000     0.00000     0.00000
     0.00000     0.00000    -0.10549     0.24408     0.00000     0.00000
     0.00000     0.00000    -0.14067     0.14545     0.00000     0.00000
     0.00000     0.00000     0.00000     0.00000     0.84188     0.79949
     0.00000     0.00000     0.00000     0.00000     0.19020     0.21142

      The bmat + epsilon qq matrix
    -0.89015    -1.32486     0.00000     0.00000     0.00000     0.00000
    -1.31828    -6.61157     0.00000     0.00000     0.00000     0.00000
     0.00000     0.00000     0.27062     0.16269     0.00000     0.00000
     0.00000     0.00000     0.16260     0.07852     0.00000     0.00000
     0.00000     0.00000     0.00000     0.00000     3.27318     0.85005
     0.00000     0.00000     0.00000     0.00000     0.85047     0.22529

      The qq matrix
     0.80823     0.24527     0.00000     0.00000     0.00000     0.00000
     0.24527    -0.24679     0.00000     0.00000     0.00000     0.00000
     0.00000     0.00000    -0.20188    -0.16278     0.00000     0.00000
     0.00000     0.00000    -0.16278    -0.13388     0.00000     0.00000
     0.00000     0.00000     0.00000     0.00000    -0.67622    -0.18364
     0.00000     0.00000     0.00000     0.00000    -0.18364    -0.05036

      The ddd matrix
     4.67463     0.60694     0.00000     0.00000     0.00000     0.00000
     0.60694    -7.96280     0.00000     0.00000     0.00000     0.00000
     0.00000     0.00000    -1.05782    -0.92604     0.00000     0.00000
     0.00000     0.00000    -0.92604    -0.82772     0.00000     0.00000
     0.00000     0.00000     0.00000     0.00000    -1.46356    -0.44466
     0.00000     0.00000     0.00000     0.00000    -0.44466    -0.13171

     ------------------- End of pseudopotential generation -------------------

     --------------------------- All-electron run ----------------------------

     Dy                                                                         
     scalar relativistic calculation

     atomic number is 66.00
     dft =PBE   lsd =0 sic =0 latt =0  beta=0.20 tr2=1.0E-14
     Exchange-correlation= PBE
                           (   1   4   3   4   0   0   0)
     mesh =1681 r(mesh) = 100.51885 a.u. xmin = -8.00 dx = 0.01000
     1 Ry =  13.60569312 eV, c = 137.03599908

     n l     nl                  e(Ry)          e(Ha)          e(eV)
     1 0     1S 1( 2.00)   -3944.147794468   -1972.073897234 -53662.8645233
     2 0     2S 1( 2.00)    -656.787461840    -328.393730920  -8936.0486528
     2 1     2P 1( 6.00)    -582.709534503    -291.354767252  -7928.1671063
     3 0     3S 1( 2.00)    -146.194254515     -73.097127257  -1989.0741633
     3 1     3P 1( 6.00)    -123.457653342     -61.728826671  -1679.7269451
     3 2     3D 1(10.00)     -94.241628054     -47.120814027  -1282.2226707
     4 0     4S 1( 2.00)     -28.915279210     -14.457639605   -393.4124155
     4 1     4P 1( 6.00)     -21.432077912     -10.716038956   -291.5982751
     4 2     4D 1(10.00)     -11.246236586      -5.623118293   -153.0128438
     5 0     5S 1( 2.00)      -3.595413077      -1.797706539    -48.9180870
     5 1     5P 1( 6.00)      -1.863098287      -0.931549143    -25.3487435
     5 2     5D 1( 0.00)      -0.086041593      -0.043020797     -1.1706555
     4 3     4F 1(10.00)      -0.228443554      -0.114221777     -3.1081329
     6 0     6S 1( 2.00)      -0.275331934      -0.137665967     -3.7460818
     6 1     6P 1( 0.00)      -0.085201677      -0.042600838     -1.1592279
     5 3     5F 1( 0.00)       0.001187728       0.000593864      0.0161599

     final scf error:  5.9E-15 reached in  33 iterations
 
     The valence states are: 5S,5P,5D,4F,6S,6P,5F,                                       

     Total energy of the atom:

     Etot =  -24314.516409 Ry,  -12157.258205 Ha, -330815.848696 eV

     Kinetic energy:

     Ekin =   26234.791643 Ry,   13117.395822 Ha,  356942.524243 eV
     Ekinc=   25672.815472 Ry,   12836.407736 Ha,  349296.448914 eV
     Ekinv=     561.976171 Ry,     280.988086 Ha,    7646.075330 eV
 

     Interaction between the nucleus and the electrons:

     Encl =  -59505.746998 Ry,  -29752.873499 Ha, -809616.932711 eV
     Enclc=  -56440.547675 Ry,  -28220.273838 Ha, -767912.771363 eV
     Enclv=   -3065.199323 Ry,   -1532.599661 Ha,  -41704.161348 eV
 

     Hartree energy:

     Eh   =    9482.431443 Ry,    4741.215721 Ha,  129015.052267 eV
     Ehcc =    7230.337129 Ry,    3615.168564 Ha,   98373.748152 eV
     Ehcv =    1968.612951 Ry,     984.306475 Ha,   26784.343687 eV
     Ehvv =     283.481371 Ry,     141.740685 Ha,    3856.960535 eV
 

     Exchange and correlation energy:

     Exc  =    -525.992497 Ry,    -262.996248 Ha,   -7156.492495 eV
 

     Estimated frozen-core energy from all-electron calculation:
     Efc = Ekinv + Enclv + Ehvv + Ehcv + Exc
     Ed = Etot - Efc

     Efc  =    -777.121327 Ry,    -388.560663 Ha,  -10573.274290 eV
     Ed   =  -23537.395082 Ry,  -11768.697541 Ha, -320242.574405 eV


     normalization and overlap integrals

     s(1S/1S) =  1.000000  <r> =   0.0211  <r2> =    0.0006  r(max) =   0.0134
     s(1S/2S) = -0.024604
     s(1S/3S) = -0.010692
     s(1S/4S) = -0.005151
     s(1S/5S) = -0.002061
     s(1S/6S) = -0.000570
     s(2S/2S) =  1.000000  <r> =   0.0898  <r2> =    0.0095  r(max) =   0.0758
     s(2S/3S) = -0.006737
     s(2S/4S) = -0.003104
     s(2S/5S) = -0.001231
     s(2S/6S) = -0.000340
     s(2P/2P) =  1.000000  <r> =   0.0795  <r2> =    0.0077  r(max) =   0.0614
     s(2P/3P) = -0.005405
     s(2P/4P) = -0.002353
     s(2P/5P) = -0.000818
     s(2P/6P) = -0.000175
     s(3S/3S) =  1.000000  <r> =   0.2345  <r2> =    0.0628  r(max) =   0.2145
     s(3S/4S) = -0.002202
     s(3S/5S) = -0.000847
     s(3S/6S) = -0.000233
     s(3P/3P) =  1.000000  <r> =   0.2334  <r2> =    0.0631  r(max) =   0.2123
     s(3P/4P) = -0.001872
     s(3P/5P) = -0.000633
     s(3P/6P) = -0.000135
     s(3D/3D) =  1.000000  <r> =   0.2121  <r2> =    0.0528  r(max) =   0.1721
     s(3D/4D) = -0.001345
     s(3D/5D) = -0.000213
     s(4S/4S) =  1.000000  <r> =   0.5299  <r2> =    0.3169  r(max) =   0.4918
     s(4S/5S) = -0.000576
     s(4S/6S) = -0.000157
     s(4P/4P) =  1.000000  <r> =   0.5616  <r2> =    0.3588  r(max) =   0.5170
     s(4P/5P) = -0.000434
     s(4P/6P) = -0.000092
     s(4D/4D) =  1.000000  <r> =   0.6098  <r2> =    0.4317  r(max) =   0.5328
     s(4D/5D) = -0.000157
     s(5S/5S) =  1.000000  <r> =   1.3013  <r2> =    1.9082  r(max) =   1.1622
     s(5S/6S) = -0.000081
     s(5P/5P) =  1.000000  <r> =   1.5468  <r2> =    2.7304  r(max) =   1.3236
     s(5P/6P) = -0.000043
     s(5D/5D) =  1.000000  <r> =   3.5231  <r2> =   16.1379  r(max) =   2.1177
     s(4F/4F) =  1.000001  <r> =   0.8818  <r2> =    1.0934  r(max) =   0.5381
     s(4F/5F) =  0.000000
     s(6S/6S) =  1.000000  <r> =   4.1140  <r2> =   19.3095  r(max) =   3.4568
     s(6P/6P) =  1.000000  <r> =   5.9472  <r2> =   40.9454  r(max) =   4.8083
     s(5F/5F) =  0.000000  <r> =   0.0000  <r2> =    0.0000  r(max) = 100.5188

     ------------------------ End of All-electron run ------------------------

     Computing logarithmic derivative in   3.40538
     ------------------------ (GI)PAW reconstruction -------------------------

     ========================= 4F =========================
      AE: e(ref), l, n_idx  -0.228443553842237                3          13

     ========================= 5F =========================
      AE: e(ref), l, n_idx   0.500000000000000                3          16

     ========================= 5P =========================
      AE: e(ref), l, n_idx   -1.86309828687697                1          11

     ========================= 6P =========================
      AE: e(ref), l, n_idx   0.500000000000000                1          15

     ========================= 5S =========================
      AE: e(ref), l, n_idx   -3.59541307718611                0          10

     ========================= 6S =========================
      AE: e(ref), l, n_idx  -0.275331933888272                0          14

     ========================= 5D =========================
      AE: e(ref), l, n_idx  -8.604159306090861E-002           2          12

     ========================= 4F =========================
      PS: e(ref), e(eig), n_idx  -0.228374620036843      -0.228374620036843     
           1
      r(cut):    2.00000000000000             1289        1490
      SCALE:    1.00000000000000        1.99440399827016     
  0.664905696270486     
      SCALE:   0.999994378393118        2.09665927787819     
     NORM:   0.81263613  0.12486616

     ========================= 5F =========================
      PS: e(ref), e(eig), n_idx   0.500000000000000       3.563404358896235E-004
           2
      r(cut):    2.00000000000000             1289        1490
      SCALE:    1.00000000000000        1.99440399827016     
   8.72296091756859     
      SCALE:   0.999973420569018        2.09665927787819     
     NORM:   0.66851306  1.37355211

     ========================= 5P =========================
      PS: e(ref), e(eig), n_idx   -1.86305520151075       -1.86305520151075     
           3
      r(cut):    1.80000000000000             1278        1490
      SCALE:    1.00000000000000        1.78665518122228     
  -2.01982406936742     
      SCALE:    1.00000235552123        1.87825895120945     
     NORM:   0.81875611  1.05429392

     ========================= 6P =========================
      PS: e(ref), e(eig), n_idx   0.500000000000000      -8.520306710509763E-002
           4
      r(cut):    1.80000000000000             1278        1490
      SCALE:    1.00000000000000        1.78665518122228     
  -2.89048625731469     
      SCALE:    1.00041683987087        1.87825895120945     
     NORM:   0.66211633  1.01605839

     ========================= 5S =========================
      PS: e(ref), e(eig), n_idx   -3.59535900018381       -3.59535900018381     
           5
      r(cut):    1.60000000000000             1266        1490
      SCALE:    1.00000000000000        1.58462099359264     
   2.20259115045952     
      SCALE:    1.00000327091833        1.66586624927460     
     NORM:   0.70593967  1.33631661

     ========================= 6S =========================
      PS: e(ref), e(eig), n_idx  -0.275320217579004      -0.275320217579004     
           6
      r(cut):    1.60000000000000             1266        1490
      SCALE:    1.00000000000000        1.58462099359264     
   2.77290095310600     
      SCALE:   0.999465352119583        1.66586624927460     
     NORM:   0.55979812  1.38966770

     ========================= 5D =========================
      PS: e(ref), e(eig), n_idx  -8.602189143408961E-002 -8.602189143408961E-002
           7
      r(cut):    2.10000000000000             1294        1490
      SCALE:    1.00000000000000        2.09665927787819     
  0.966704293169379     
      SCALE:   0.999997959401379        2.20415729778197     
     NORM:   1.09334161  1.09330972
     --------------------- End of (GI)PAW reconstruction ---------------------
     Computing logarithmic derivative in   3.40538
     Computing the partial wave expansion 
     R is outside the sphere for l=    0 j= 0.00
     R is outside the sphere for l=    0 j= 0.00
     R is outside the sphere for l=    1 j= 0.00
     R is outside the sphere for l=    1 j= 0.00
       no projector for channel:   2
     R is outside the sphere for l=    3 j= 0.00
     R is outside the sphere for l=    3 j= 0.00

     ---------------------- Testing the pseudopotential ----------------------

     Dy                                                                         
     scalar relativistic calculation

     atomic number is 66.00   valence charge is 20.00
     dft =PBE   lsd =0 sic =0 latt =0  beta=0.20 tr2=1.0E-14
     mesh =1681 r(mesh) = 100.51885 xmin = -8.00 dx = 0.01000

     n l     nl             e AE (Ry)        e PS (Ry)    De AE-PS (Ry) 
     4 3     4F   1(10.00)       -0.22844       -0.22837    -0.00006893
     5 3     5F   1( 0.00)        0.00119        0.00036     0.00083139
     2 1     5P   1( 6.00)       -1.86310       -1.86306    -0.00004309
     3 1     6P   1( 0.00)       -0.08520       -0.08520     0.00000139
     1 0     5S   1( 2.00)       -3.59541       -3.59536    -0.00005408
     2 0     6S   1( 2.00)       -0.27533       -0.27532    -0.00001172
     3 2     5D   1( 0.00)       -0.08604       -0.08602    -0.00001970

     eps = 4.2E-15  iter = 14
 
     Etot =  -24314.516409 Ry,  -12157.258205 Ha, -330815.848696 eV
     Etotps =  -298.229838 Ry,    -149.114919 Ha,   -4057.623660 eV

     Ekin =      40.467493 Ry,      20.233747 Ha,     550.588297 eV
     Encl =    -605.182025 Ry,    -302.591013 Ha,   -8233.920922 eV
     Ehrt =     273.895848 Ry,     136.947924 Ha,    3726.542856 eV
     Ecxc =     -44.617569 Ry,     -22.308784 Ha,    -607.052948 eV
     (Ecc =      -9.541175 Ry,      -4.770588 Ha,    -129.814301 eV)
     Epseu=      37.206414 Ry,      18.603207 Ha,     506.219057 eV

     ---------------------- End of pseudopotential test ----------------------


     -------------- Test with a basis set of Bessel functions ----------

     Box size (a.u.) :   30.0

     Cutoff (Ry) :   20.0
                           N = 1       N = 2       N = 3
     E(L=0) =        -3.5866 Ry   -0.2746 Ry   -0.0060 Ry
     E(L=1) =        -1.8520 Ry   -0.0845 Ry    0.0197 Ry
     E(L=2) =        -0.0841 Ry    0.0295 Ry    0.0697 Ry
     E(L=3) =        -0.1982 Ry    0.0506 Ry    0.1022 Ry

     Cutoff (Ry) :   25.0
                           N = 1       N = 2       N = 3
     E(L=0) =        -3.5873 Ry   -0.2746 Ry   -0.0060 Ry
     E(L=1) =        -1.8546 Ry   -0.0847 Ry    0.0197 Ry
     E(L=2) =        -0.0844 Ry    0.0295 Ry    0.0697 Ry
     E(L=3) =        -0.2178 Ry    0.0506 Ry    0.1022 Ry

     Cutoff (Ry) :   30.0
                           N = 1       N = 2       N = 3
     E(L=0) =        -3.5874 Ry   -0.2746 Ry   -0.0060 Ry
     E(L=1) =        -1.8547 Ry   -0.0848 Ry    0.0197 Ry
     E(L=2) =        -0.0844 Ry    0.0295 Ry    0.0697 Ry
     E(L=3) =        -0.2227 Ry    0.0506 Ry    0.1022 Ry

     Cutoff (Ry) :   35.0
                           N = 1       N = 2       N = 3
     E(L=0) =        -3.5874 Ry   -0.2746 Ry   -0.0060 Ry
     E(L=1) =        -1.8547 Ry   -0.0848 Ry    0.0197 Ry
     E(L=2) =        -0.0844 Ry    0.0295 Ry    0.0697 Ry
     E(L=3) =        -0.2242 Ry    0.0506 Ry    0.1022 Ry

     Cutoff (Ry) :   40.0
                           N = 1       N = 2       N = 3
     E(L=0) =        -3.5874 Ry   -0.2746 Ry   -0.0060 Ry
     E(L=1) =        -1.8548 Ry   -0.0848 Ry    0.0197 Ry
     E(L=2) =        -0.0844 Ry    0.0295 Ry    0.0697 Ry
     E(L=3) =        -0.2243 Ry    0.0506 Ry    0.1022 Ry

     Cutoff (Ry) :   45.0
                           N = 1       N = 2       N = 3
     E(L=0) =        -3.5874 Ry   -0.2746 Ry   -0.0060 Ry
     E(L=1) =        -1.8549 Ry   -0.0848 Ry    0.0197 Ry
     E(L=2) =        -0.0844 Ry    0.0295 Ry    0.0697 Ry
     E(L=3) =        -0.2244 Ry    0.0506 Ry    0.1021 Ry

     Cutoff (Ry) :   50.0
                           N = 1       N = 2       N = 3
     E(L=0) =        -3.5875 Ry   -0.2746 Ry   -0.0060 Ry
     E(L=1) =        -1.8549 Ry   -0.0848 Ry    0.0197 Ry
     E(L=2) =        -0.0844 Ry    0.0295 Ry    0.0697 Ry
     E(L=3) =        -0.2245 Ry    0.0506 Ry    0.1021 Ry

     Cutoff (Ry) :   55.0
                           N = 1       N = 2       N = 3
     E(L=0) =        -3.5875 Ry   -0.2746 Ry   -0.0060 Ry
     E(L=1) =        -1.8549 Ry   -0.0848 Ry    0.0197 Ry
     E(L=2) =        -0.0844 Ry    0.0295 Ry    0.0697 Ry
     E(L=3) =        -0.2246 Ry    0.0506 Ry    0.1021 Ry

     Cutoff (Ry) :   60.0
                           N = 1       N = 2       N = 3
     E(L=0) =        -3.5875 Ry   -0.2746 Ry   -0.0060 Ry
     E(L=1) =        -1.8549 Ry   -0.0848 Ry    0.0197 Ry
     E(L=2) =        -0.0844 Ry    0.0295 Ry    0.0697 Ry
     E(L=3) =        -0.2246 Ry    0.0506 Ry    0.1021 Ry

     -------------- End of Bessel function test ------------------------

