
     Program LD1 v.6.8 starts on  7Nov2024 at 14:44: 7 

     This program is part of the open-source Quantum ESPRESSO suite
     for quantum simulation of materials; please cite
         "P. Giannozzi et al., J. Phys.:Condens. Matter 21 395502 (2009);
         "P. Giannozzi et al., J. Phys.:Condens. Matter 29 465901 (2017);
         "P. Giannozzi et al., J. Chem. Phys. 152 154105 (2020);
          URL http://www.quantum-espresso.org", 
     in publications or presentations arising from this work. More details at
     http://www.quantum-espresso.org/quote

     Parallel version (MPI), running on     1 processors

     MPI processes distributed on     1 nodes
     16667 MiB available memory on the printing compute node when the environment starts
 
     Waiting for input...
     Reading input from standard input
     --------------------------- All-electron run ----------------------------

     Tm                                                                         
     scalar relativistic calculation

     atomic number is 69.00
     dft =PBE   lsd =0 sic =0 latt =0  beta=0.20 tr2=1.0E-14
     Exchange-correlation= PBE
                           (   1   4   3   4   0   0   0)
     mesh =1685 r(mesh) = 100.07236 a.u. xmin = -8.00 dx = 0.01000
     1 Ry =  13.60569312 eV, c = 137.03599908

     n l     nl                  e(Ry)          e(Ha)          e(eV)
     1 0     1S 1( 2.00)   -4357.871605170   -2178.935802585 -59291.8637294
     2 0     2S 1( 2.00)    -735.232433234    -367.616216617 -10003.3468607
     2 1     2P 1( 6.00)    -649.099253636    -324.549626818  -8831.4452513
     3 0     3S 1( 2.00)    -165.239432936     -82.619716468  -2248.1970163
     3 1     3P 1( 6.00)    -139.162302680     -69.581151340  -1893.3995845
     3 2     3D 1(10.00)    -106.992714155     -53.496357077  -1455.7100352
     4 0     4S 1( 2.00)     -32.549737156     -16.274868578   -442.8617350
     4 1     4P 1( 6.00)     -23.983062575     -11.991531288   -326.3061895
     4 2     4D 1(10.00)     -12.612776077      -6.306388039   -171.6055607
     5 0     5S 1( 2.00)      -3.922960618      -1.961480309    -53.3745983
     5 1     5P 1( 6.00)      -1.977146632      -0.988573316    -26.9004503
     5 2     5D 1( 0.00)      -0.057951605      -0.028975802     -0.7884717
     4 3     4F 1(13.00)      -0.227156304      -0.113578152     -3.0906190
     6 0     6S 1( 2.00)      -0.284750334      -0.142375167     -3.8742257
     6 1     6P 1( 0.00)      -0.082285275      -0.041142638     -1.1195482
     5 3     5F 1( 0.00)       0.001198435       0.000599218      0.0163055

     final scf error:  1.2E-15 reached in  31 iterations
 
     The valence states are: 5S,5P,5D,4F,6S,6P,5F,                                       

     Total energy of the atom:

     Etot =  -27134.945398 Ry,  -13567.472699 Ha, -369189.739996 eV

     Kinetic energy:

     Ekin =   29498.072348 Ry,   14749.036174 Ha,  401341.720091 eV
     Ekinc=   28696.632022 Ry,   14348.316011 Ha,  390437.568951 eV
     Ekinv=     801.440327 Ry,     400.720163 Ha,   10904.151140 eV
 

     Interaction between the nucleus and the electrons:

     Encl =  -66698.689695 Ry,  -33349.344847 Ha, -907481.903691 eV
     Enclc=  -62556.218188 Ry,  -31278.109094 Ha, -851120.707595 eV
     Enclv=   -4142.471507 Ry,   -2071.235754 Ha,  -56361.196096 eV
 

     Hartree energy:

     Eh   =   10635.948873 Ry,    5317.974436 Ha,  144709.456431 eV
     Ehcc =    7671.230704 Ry,    3835.615352 Ha,  104372.410841 eV
     Ehcv =    2540.424432 Ry,    1270.212216 Ha,   34564.235218 eV
     Ehvv =     424.293752 Ry,     212.146876 Ha,    5772.810588 eV
 

     Exchange and correlation energy:

     Exc  =    -570.276924 Ry,    -285.138462 Ha,   -7759.012827 eV
 

     Estimated frozen-core energy from all-electron calculation:
     Efc = Ekinv + Enclv + Ehvv + Ehcv + Exc
     Ed = Etot - Efc

     Efc  =    -946.589921 Ry,    -473.294960 Ha,  -12879.011977 eV
     Ed   =  -26188.355477 Ry,  -13094.177739 Ha, -356310.728019 eV


     normalization and overlap integrals

     s(1S/1S) =  1.000000  <r> =   0.0200  <r2> =    0.0005  r(max) =   0.0126
     s(1S/2S) = -0.027242
     s(1S/3S) = -0.011880
     s(1S/4S) = -0.005744
     s(1S/5S) = -0.002277
     s(1S/6S) = -0.000614
     s(2S/2S) =  1.000000  <r> =   0.0849  <r2> =    0.0085  r(max) =   0.0718
     s(2S/3S) = -0.007522
     s(2S/4S) = -0.003475
     s(2S/5S) = -0.001365
     s(2S/6S) = -0.000368
     s(2P/2P) =  1.000000  <r> =   0.0754  <r2> =    0.0069  r(max) =   0.0588
     s(2P/3P) = -0.006004
     s(2P/4P) = -0.002619
     s(2P/5P) = -0.000896
     s(2P/6P) = -0.000183
     s(3S/3S) =  1.000000  <r> =   0.2209  <r2> =    0.0558  r(max) =   0.2031
     s(3S/4S) = -0.002484
     s(3S/5S) = -0.000946
     s(3S/6S) = -0.000254
     s(3P/3P) =  1.000000  <r> =   0.2203  <r2> =    0.0562  r(max) =   0.2011
     s(3P/4P) = -0.002105
     s(3P/5P) = -0.000699
     s(3P/6P) = -0.000143
     s(3D/3D) =  1.000000  <r> =   0.1999  <r2> =    0.0469  r(max) =   0.1630
     s(3D/4D) = -0.001515
     s(3D/5D) = -0.000211
     s(4S/4S) =  1.000000  <r> =   0.4978  <r2> =    0.2798  r(max) =   0.4657
     s(4S/5S) = -0.000647
     s(4S/6S) = -0.000172
     s(4P/4P) =  1.000000  <r> =   0.5284  <r2> =    0.3178  r(max) =   0.4848
     s(4P/5P) = -0.000483
     s(4P/6P) = -0.000098
     s(4D/4D) =  1.000000  <r> =   0.5716  <r2> =    0.3795  r(max) =   0.4995
     s(4D/5D) = -0.000157
     s(5S/5S) =  1.000000  <r> =   1.2303  <r2> =    1.7071  r(max) =   1.0897
     s(5S/6S) = -0.000088
     s(5P/5P) =  1.000000  <r> =   1.4735  <r2> =    2.4818  r(max) =   1.2534
     s(5P/6P) = -0.000045
     s(5D/5D) =  1.000000  <r> =   3.7896  <r2> =   19.1429  r(max) =   2.1083
     s(4F/4F) =  1.000001  <r> =   0.8111  <r2> =    0.9293  r(max) =   0.4946
     s(4F/5F) =  0.000000
     s(6S/6S) =  1.000000  <r> =   3.9716  <r2> =   18.0387  r(max) =   3.3397
     s(6P/6P) =  1.000000  <r> =   5.8758  <r2> =   40.1259  r(max) =   4.6922
     s(5F/5F) =  0.000000  <r> =   0.0000  <r2> =    0.0000  r(max) = 100.0724

     ------------------------ End of All-electron run ------------------------


     --------------------- Generating US pseudopotential ---------------------


      Generating local pot.: lloc=2, matching radius rcloc =   2.1000

      Computing core charge for nlcc: 

       r > 1.10 : true rho core
      Core charge pseudized with two Bessel functions
      ***Writing file tm.core ***
      Integrated core pseudo-charge :   9.39


      Wfc   4F  rcut= 1.305  Using Troullier-Martins method 
      Wfc-us  4F rcutus= 1.986  Estimated cut-off energy=    40.90 Ry
     rc*logder, xc(1), xc(2), rc*q(1),rc*q(2)
    -1.99567     1.48102    -0.48102     5.56568     8.97930


      Wfc   5F  rcut= 1.305  Using Troullier-Martins method 
      Wfc-us  5F rcutus= 1.986  Estimated cut-off energy=    35.95 Ry
     rc*logder, xc(1), xc(2), rc*q(1),rc*q(2)
     2.19328     0.99717     0.00283     3.70700     8.41838


      Wfc   5P  rcut= 1.305  Using Troullier-Martins method 
      Wfc-us  5P rcutus= 1.797  Estimated cut-off energy=    25.15 Ry
     rc*logder, xc(1), xc(2), rc*q(1),rc*q(2)
    -1.56535     1.29872    -0.29872     3.30291     6.37049


      Wfc   6P  rcut= 1.305  Using Troullier-Martins method 
      Wfc-us  6P rcutus= 1.797  Estimated cut-off energy=    39.06 Ry
     rc*logder, xc(1), xc(2), rc*q(1),rc*q(2)
    36.54861     1.27084    -0.27084     4.61919     7.93926


      Wfc   5S  rcut= 1.305  Using Troullier-Martins method 
      Wfc-us  5S rcutus= 1.593  Estimated cut-off energy=    20.36 Ry
     rc*logder, xc(1), xc(2), rc*q(1),rc*q(2)
    -1.98498     1.30122    -0.30122     2.28586     5.08459


      Wfc   6S  rcut= 1.305  Using Troullier-Martins method 
      Wfc-us  6S rcutus= 1.593  Estimated cut-off energy=    35.29 Ry
     rc*logder, xc(1), xc(2), rc*q(1),rc*q(2)
    15.38042     1.08987    -0.08987     3.35645     6.69367

      The bmat matrix
    -0.58406    -0.18437     0.00000     0.00000     0.00000     0.00000
     0.35408     0.14314     0.00000     0.00000     0.00000     0.00000
     0.00000     0.00000    -0.06010     0.29454     0.00000     0.00000
     0.00000     0.00000    -0.09776     0.17247     0.00000     0.00000
     0.00000     0.00000     0.00000     0.00000     1.08098     0.95250
     0.00000     0.00000     0.00000     0.00000     0.23749     0.24776

      The bmat + epsilon qq matrix
    -0.77608    -0.22941     0.00000     0.00000     0.00000     0.00000
     0.36090     0.29804     0.00000     0.00000     0.00000     0.00000
     0.00000     0.00000     0.29014     0.21534     0.00000     0.00000
     0.00000     0.00000     0.21540     0.10110     0.00000     0.00000
     0.00000     0.00000     0.00000     0.00000     3.91800     1.00920
     0.00000     0.00000     0.00000     0.00000     1.01857     0.26323

      The qq matrix
     0.84533    -0.03003     0.00000     0.00000     0.00000     0.00000
    -0.03003     0.10327     0.00000     0.00000     0.00000     0.00000
     0.00000     0.00000    -0.17714    -0.15839     0.00000     0.00000
     0.00000     0.00000    -0.15839    -0.14275     0.00000     0.00000
     0.00000     0.00000     0.00000     0.00000    -0.72318    -0.19910
     0.00000     0.00000     0.00000     0.00000    -0.19910    -0.05433

      The ddd matrix
     5.70602     0.08546     0.00000     0.00000     0.00000     0.00000
     0.08546     1.20812     0.00000     0.00000     0.00000     0.00000
     0.00000     0.00000    -1.00270    -0.96118     0.00000     0.00000
     0.00000     0.00000    -0.96118    -0.97254     0.00000     0.00000
     0.00000     0.00000     0.00000     0.00000    -1.74106    -0.54932
     0.00000     0.00000     0.00000     0.00000    -0.54932    -0.16604

     ------------------- End of pseudopotential generation -------------------

     --------------------------- All-electron run ----------------------------

     Tm                                                                         
     scalar relativistic calculation

     atomic number is 69.00
     dft =PBE   lsd =0 sic =0 latt =0  beta=0.20 tr2=1.0E-14
     Exchange-correlation= PBE
                           (   1   4   3   4   0   0   0)
     mesh =1685 r(mesh) = 100.07236 a.u. xmin = -8.00 dx = 0.01000
     1 Ry =  13.60569312 eV, c = 137.03599908

     n l     nl                  e(Ry)          e(Ha)          e(eV)
     1 0     1S 1( 2.00)   -4357.871605170   -2178.935802585 -59291.8637294
     2 0     2S 1( 2.00)    -735.232433234    -367.616216617 -10003.3468607
     2 1     2P 1( 6.00)    -649.099253636    -324.549626818  -8831.4452513
     3 0     3S 1( 2.00)    -165.239432936     -82.619716468  -2248.1970163
     3 1     3P 1( 6.00)    -139.162302680     -69.581151340  -1893.3995845
     3 2     3D 1(10.00)    -106.992714155     -53.496357077  -1455.7100352
     4 0     4S 1( 2.00)     -32.549737156     -16.274868578   -442.8617350
     4 1     4P 1( 6.00)     -23.983062575     -11.991531288   -326.3061895
     4 2     4D 1(10.00)     -12.612776077      -6.306388039   -171.6055607
     5 0     5S 1( 2.00)      -3.922960618      -1.961480309    -53.3745983
     5 1     5P 1( 6.00)      -1.977146632      -0.988573316    -26.9004503
     5 2     5D 1( 0.00)      -0.057951605      -0.028975802     -0.7884717
     4 3     4F 1(13.00)      -0.227156304      -0.113578152     -3.0906190
     6 0     6S 1( 2.00)      -0.284750334      -0.142375167     -3.8742257
     6 1     6P 1( 0.00)      -0.082285275      -0.041142638     -1.1195482
     5 3     5F 1( 0.00)       0.001198435       0.000599218      0.0163055

     final scf error:  1.2E-15 reached in  31 iterations
 
     The valence states are: 5S,5P,5D,4F,6S,6P,5F,                                       

     Total energy of the atom:

     Etot =  -27134.945398 Ry,  -13567.472699 Ha, -369189.739996 eV

     Kinetic energy:

     Ekin =   29498.072348 Ry,   14749.036174 Ha,  401341.720091 eV
     Ekinc=   28696.632022 Ry,   14348.316011 Ha,  390437.568951 eV
     Ekinv=     801.440327 Ry,     400.720163 Ha,   10904.151140 eV
 

     Interaction between the nucleus and the electrons:

     Encl =  -66698.689695 Ry,  -33349.344847 Ha, -907481.903691 eV
     Enclc=  -62556.218188 Ry,  -31278.109094 Ha, -851120.707595 eV
     Enclv=   -4142.471507 Ry,   -2071.235754 Ha,  -56361.196096 eV
 

     Hartree energy:

     Eh   =   10635.948873 Ry,    5317.974436 Ha,  144709.456431 eV
     Ehcc =    7671.230704 Ry,    3835.615352 Ha,  104372.410841 eV
     Ehcv =    2540.424432 Ry,    1270.212216 Ha,   34564.235218 eV
     Ehvv =     424.293752 Ry,     212.146876 Ha,    5772.810588 eV
 

     Exchange and correlation energy:

     Exc  =    -570.276924 Ry,    -285.138462 Ha,   -7759.012827 eV
 

     Estimated frozen-core energy from all-electron calculation:
     Efc = Ekinv + Enclv + Ehvv + Ehcv + Exc
     Ed = Etot - Efc

     Efc  =    -946.589921 Ry,    -473.294960 Ha,  -12879.011977 eV
     Ed   =  -26188.355477 Ry,  -13094.177739 Ha, -356310.728019 eV


     normalization and overlap integrals

     s(1S/1S) =  1.000000  <r> =   0.0200  <r2> =    0.0005  r(max) =   0.0126
     s(1S/2S) = -0.027242
     s(1S/3S) = -0.011880
     s(1S/4S) = -0.005744
     s(1S/5S) = -0.002277
     s(1S/6S) = -0.000614
     s(2S/2S) =  1.000000  <r> =   0.0849  <r2> =    0.0085  r(max) =   0.0718
     s(2S/3S) = -0.007522
     s(2S/4S) = -0.003475
     s(2S/5S) = -0.001365
     s(2S/6S) = -0.000368
     s(2P/2P) =  1.000000  <r> =   0.0754  <r2> =    0.0069  r(max) =   0.0588
     s(2P/3P) = -0.006004
     s(2P/4P) = -0.002619
     s(2P/5P) = -0.000896
     s(2P/6P) = -0.000183
     s(3S/3S) =  1.000000  <r> =   0.2209  <r2> =    0.0558  r(max) =   0.2031
     s(3S/4S) = -0.002484
     s(3S/5S) = -0.000946
     s(3S/6S) = -0.000254
     s(3P/3P) =  1.000000  <r> =   0.2203  <r2> =    0.0562  r(max) =   0.2011
     s(3P/4P) = -0.002105
     s(3P/5P) = -0.000699
     s(3P/6P) = -0.000143
     s(3D/3D) =  1.000000  <r> =   0.1999  <r2> =    0.0469  r(max) =   0.1630
     s(3D/4D) = -0.001515
     s(3D/5D) = -0.000211
     s(4S/4S) =  1.000000  <r> =   0.4978  <r2> =    0.2798  r(max) =   0.4657
     s(4S/5S) = -0.000647
     s(4S/6S) = -0.000172
     s(4P/4P) =  1.000000  <r> =   0.5284  <r2> =    0.3178  r(max) =   0.4848
     s(4P/5P) = -0.000483
     s(4P/6P) = -0.000098
     s(4D/4D) =  1.000000  <r> =   0.5716  <r2> =    0.3795  r(max) =   0.4995
     s(4D/5D) = -0.000157
     s(5S/5S) =  1.000000  <r> =   1.2303  <r2> =    1.7071  r(max) =   1.0897
     s(5S/6S) = -0.000088
     s(5P/5P) =  1.000000  <r> =   1.4735  <r2> =    2.4818  r(max) =   1.2534
     s(5P/6P) = -0.000045
     s(5D/5D) =  1.000000  <r> =   3.7896  <r2> =   19.1429  r(max) =   2.1083
     s(4F/4F) =  1.000001  <r> =   0.8111  <r2> =    0.9293  r(max) =   0.4946
     s(4F/5F) =  0.000000
     s(6S/6S) =  1.000000  <r> =   3.9716  <r2> =   18.0387  r(max) =   3.3397
     s(6P/6P) =  1.000000  <r> =   5.8758  <r2> =   40.1259  r(max) =   4.6922
     s(5F/5F) =  0.000000  <r> =   0.0000  <r2> =    0.0000  r(max) = 100.0724

     ------------------------ End of All-electron run ------------------------

     Computing logarithmic derivative in   3.39026
     ------------------------ (GI)PAW reconstruction -------------------------

     ========================= 4F =========================
      AE: e(ref), l, n_idx  -0.227156304475939                3          13

     ========================= 5F =========================
      AE: e(ref), l, n_idx    1.50000000000000                3          16

     ========================= 5P =========================
      AE: e(ref), l, n_idx   -1.97714663244425                1          11

     ========================= 6P =========================
      AE: e(ref), l, n_idx   0.500000000000000                1          15

     ========================= 5S =========================
      AE: e(ref), l, n_idx   -3.92296061818407                0          10

     ========================= 6S =========================
      AE: e(ref), l, n_idx  -0.284750334338557                0          14

     ========================= 5D =========================
      AE: e(ref), l, n_idx  -5.795160469545666E-002           2          12

     ========================= 4F =========================
      PS: e(ref), e(eig), n_idx  -0.224984092056729      -0.224984092056729     
           1
      r(cut):    2.00000000000000             1293        1495
      SCALE:    1.00000000000000        1.98554511864448     
  0.594136367686139     
      SCALE:   0.999889197147743        2.08734619378144     
     NORM:   0.75089561  0.09333414

     ========================= 5F =========================
      PS: e(ref), e(eig), n_idx    1.50000000000000       3.595528084256721E-004
           2
      r(cut):    2.00000000000000             1293        1495
      SCALE:    1.00000000000000        1.98554511864448     
  0.272164181740473     
      SCALE:   0.951803606094622        2.08734619378144     
     NORM:   1.03913465  0.40570436

     ========================= 5P =========================
      PS: e(ref), e(eig), n_idx   -1.97608581165220       -1.97608581165220     
           3
      r(cut):    1.80000000000000             1283        1495
      SCALE:    1.00000000000000        1.79659551854817     
  -2.11859592600762     
      SCALE:   0.999973613718040        1.88870894052839     
     NORM:   0.85332204  1.05110481

     ========================= 6P =========================
      PS: e(ref), e(eig), n_idx   0.500000000000000      -8.218767424709428E-002
           4
      r(cut):    1.80000000000000             1283        1495
      SCALE:    1.00000000000000        1.79659551854817     
  -3.28805317990278     
      SCALE:   0.997211983903119        1.88870894052839     
     NORM:   0.63720532  1.01017244

     ========================= 5S =========================
      PS: e(ref), e(eig), n_idx   -3.92164420211716       -3.92164420211716     
           5
      r(cut):    1.60000000000000             1271        1495
      SCALE:    1.00000000000000        1.59343728191484     
   2.37727079583583     
      SCALE:   0.999980891006173        1.67513455836504     
     NORM:   0.72738030  1.36637297

     ========================= 6S =========================
      PS: e(ref), e(eig), n_idx  -0.284552294643475      -0.284552294643475     
           6
      r(cut):    1.60000000000000             1271        1495
      SCALE:    1.00000000000000        1.59343728191484     
   3.27770294547806     
      SCALE:   0.999689007567044        1.67513455836504     
     NORM:   0.53329550  1.49035773

     ========================= 5D =========================
      PS: e(ref), e(eig), n_idx  -5.762531425726528E-002 -5.762531425726528E-002
           7
      r(cut):    2.10000000000000             1298        1495
      SCALE:    1.00000000000000        2.08734619378144     
   1.09748285263154     
      SCALE:   0.999945025452974        2.19436672165294     
     NORM:   1.08828427  1.08778612
     --------------------- End of (GI)PAW reconstruction ---------------------
     Computing logarithmic derivative in   3.39026
     Computing the partial wave expansion 
     R is outside the sphere for l=    0 j= 0.00
     R is outside the sphere for l=    0 j= 0.00
     R is outside the sphere for l=    1 j= 0.00
     R is outside the sphere for l=    1 j= 0.00
       no projector for channel:   2
     R is outside the sphere for l=    3 j= 0.00
     R is outside the sphere for l=    3 j= 0.00

     ---------------------- Testing the pseudopotential ----------------------

     Tm                                                                         
     scalar relativistic calculation

     atomic number is 69.00   valence charge is 23.00
     dft =PBE   lsd =0 sic =0 latt =0  beta=0.20 tr2=1.0E-14
     mesh =1685 r(mesh) = 100.07236 xmin = -8.00 dx = 0.01000

     n l     nl             e AE (Ry)        e PS (Ry)    De AE-PS (Ry) 
     4 3     4F   1(13.00)       -0.22716       -0.22498    -0.00217221
     5 3     5F   1( 0.00)        0.00120        0.00036     0.00083888
     2 1     5P   1( 6.00)       -1.97715       -1.97609    -0.00106082
     3 1     6P   1( 0.00)       -0.08229       -0.08219    -0.00009760
     1 0     5S   1( 2.00)       -3.92296       -3.92164    -0.00131642
     2 0     6S   1( 2.00)       -0.28475       -0.28455    -0.00019804
     3 2     5D   1( 0.00)       -0.05795       -0.05763    -0.00032629

     eps = 7.2E-15  iter = 10
 
     Etot =  -27134.945398 Ry,  -13567.472699 Ha, -369189.739996 eV
     Etotps =  -442.411551 Ry,    -221.205775 Ha,   -6019.315795 eV

     Ekin =      43.842067 Ry,      21.921034 Ha,     596.501711 eV
     Encl =    -883.245418 Ry,    -441.622709 Ha,  -12017.166104 eV
     Ehrt =     404.723103 Ry,     202.361551 Ha,    5506.538334 eV
     Ecxc =     -72.052086 Ry,     -36.026043 Ha,    -980.318567 eV
     (Ecc =     -22.486448 Ry,     -11.243224 Ha,    -305.943707 eV)
     Epseu=      64.320783 Ry,      32.160391 Ha,     875.128832 eV

     ---------------------- End of pseudopotential test ----------------------


     -------------- Test with a basis set of Bessel functions ----------

     Box size (a.u.) :   30.0

     Cutoff (Ry) :   20.0
                           N = 1       N = 2       N = 3
     E(L=0) =        -3.9192 Ry   -0.2843 Ry   -0.0058 Ry
     E(L=1) =        -1.9711 Ry   -0.0815 Ry    0.0203 Ry
     E(L=2) =        -0.0565 Ry    0.0312 Ry    0.0733 Ry
     E(L=3) =        -0.1187 Ry    0.0511 Ry    0.1038 Ry

     Cutoff (Ry) :   25.0
                           N = 1       N = 2       N = 3
     E(L=0) =        -3.9203 Ry   -0.2844 Ry   -0.0058 Ry
     E(L=1) =        -1.9748 Ry   -0.0820 Ry    0.0203 Ry
     E(L=2) =        -0.0574 Ry    0.0312 Ry    0.0732 Ry
     E(L=3) =        -0.2078 Ry    0.0511 Ry    0.1038 Ry

     Cutoff (Ry) :   30.0
                           N = 1       N = 2       N = 3
     E(L=0) =        -3.9204 Ry   -0.2844 Ry   -0.0058 Ry
     E(L=1) =        -1.9750 Ry   -0.0821 Ry    0.0202 Ry
     E(L=2) =        -0.0575 Ry    0.0312 Ry    0.0732 Ry
     E(L=3) =        -0.2225 Ry    0.0511 Ry    0.1038 Ry

     Cutoff (Ry) :   35.0
                           N = 1       N = 2       N = 3
     E(L=0) =        -3.9204 Ry   -0.2844 Ry   -0.0058 Ry
     E(L=1) =        -1.9751 Ry   -0.0822 Ry    0.0202 Ry
     E(L=2) =        -0.0575 Ry    0.0312 Ry    0.0732 Ry
     E(L=3) =        -0.2251 Ry    0.0511 Ry    0.1038 Ry

     Cutoff (Ry) :   40.0
                           N = 1       N = 2       N = 3
     E(L=0) =        -3.9204 Ry   -0.2844 Ry   -0.0058 Ry
     E(L=1) =        -1.9752 Ry   -0.0822 Ry    0.0202 Ry
     E(L=2) =        -0.0575 Ry    0.0312 Ry    0.0732 Ry
     E(L=3) =        -0.2251 Ry    0.0511 Ry    0.1038 Ry

     Cutoff (Ry) :   45.0
                           N = 1       N = 2       N = 3
     E(L=0) =        -3.9205 Ry   -0.2845 Ry   -0.0058 Ry
     E(L=1) =        -1.9753 Ry   -0.0822 Ry    0.0202 Ry
     E(L=2) =        -0.0575 Ry    0.0312 Ry    0.0732 Ry
     E(L=3) =        -0.2252 Ry    0.0511 Ry    0.1038 Ry

     Cutoff (Ry) :   50.0
                           N = 1       N = 2       N = 3
     E(L=0) =        -3.9205 Ry   -0.2845 Ry   -0.0058 Ry
     E(L=1) =        -1.9753 Ry   -0.0822 Ry    0.0202 Ry
     E(L=2) =        -0.0575 Ry    0.0312 Ry    0.0732 Ry
     E(L=3) =        -0.2253 Ry    0.0511 Ry    0.1038 Ry

     Cutoff (Ry) :   55.0
                           N = 1       N = 2       N = 3
     E(L=0) =        -3.9205 Ry   -0.2845 Ry   -0.0058 Ry
     E(L=1) =        -1.9753 Ry   -0.0822 Ry    0.0202 Ry
     E(L=2) =        -0.0575 Ry    0.0312 Ry    0.0732 Ry
     E(L=3) =        -0.2254 Ry    0.0511 Ry    0.1038 Ry

     Cutoff (Ry) :   60.0
                           N = 1       N = 2       N = 3
     E(L=0) =        -3.9205 Ry   -0.2845 Ry   -0.0058 Ry
     E(L=1) =        -1.9753 Ry   -0.0822 Ry    0.0202 Ry
     E(L=2) =        -0.0575 Ry    0.0312 Ry    0.0732 Ry
     E(L=3) =        -0.2254 Ry    0.0511 Ry    0.1038 Ry

     -------------- End of Bessel function test ------------------------

