
     Program LD1 v.6.8 starts on 25Oct2024 at  9:32:14 

     This program is part of the open-source Quantum ESPRESSO suite
     for quantum simulation of materials; please cite
         "P. Giannozzi et al., J. Phys.:Condens. Matter 21 395502 (2009);
         "P. Giannozzi et al., J. Phys.:Condens. Matter 29 465901 (2017);
         "P. Giannozzi et al., J. Chem. Phys. 152 154105 (2020);
          URL http://www.quantum-espresso.org", 
     in publications or presentations arising from this work. More details at
     http://www.quantum-espresso.org/quote

     Parallel version (MPI), running on     1 processors

     MPI processes distributed on     1 nodes
     5305 MiB available memory on the printing compute node when the environment starts
 
     Waiting for input...
     Reading input from standard input
     --------------------------- All-electron run ----------------------------

     Sm                                                                         
     scalar relativistic calculation

     atomic number is 62.00
     dft =PBE   lsd =0 sic =0 latt =0  beta=0.20 tr2=1.0E-14
     Exchange-correlation= PBE
                           (   1   4   3   4   0   0   0)
     mesh =1675 r(mesh) = 100.77251 a.u. xmin = -8.00 dx = 0.01000
     1 Ry =  13.60569312 eV, c = 137.03599908

     n l     nl                  e(Ry)          e(Ha)          e(eV)
     1 0     1S 1( 2.00)   -3430.935212302   -1715.467606151 -46680.2516235
     2 0     2S 1( 2.00)    -560.644892223    -280.322446112  -7627.9623546
     2 1     2P 1( 6.00)    -500.083573415    -250.041786707  -6803.9836357
     3 0     3S 1( 2.00)    -122.834987079     -61.417493540  -1671.2551390
     3 1     3P 1( 6.00)    -103.906166060     -51.953083030  -1413.7154090
     3 2     3D 1(10.00)     -78.293837989     -39.146918994  -1065.2419331
     4 0     4S 1( 2.00)     -24.407771243     -12.203885622   -332.0846454
     4 1     4P 1( 6.00)     -18.188605679      -9.094302840   -247.4685872
     4 2     4D 1(10.00)      -9.466509134      -4.733254567   -128.7984182
     5 0     5S 1( 2.00)      -3.180190414      -1.590095207    -43.2686948
     5 1     5P 1( 6.00)      -1.707396872      -0.853698436    -23.2303179
     5 2     5D 1( 0.00)      -0.123617988      -0.061808994     -1.6819084
     4 3     4F 1( 6.00)      -0.181541578      -0.090770789     -2.4699990
     6 0     6S 1( 2.00)      -0.263292011      -0.131646006     -3.5822703
     6 1     6P 1( 0.00)      -0.088785902      -0.044392951     -1.2079937
     5 3     5F 1( 0.00)       0.001181727       0.000590863      0.0160782

     final scf error:  7.6E-15 reached in  31 iterations
 
     The valence states are: 5S,5P,5D,4F,6S,6P,5F,                                       

     Total energy of the atom:

     Etot =  -20854.430828 Ry,  -10427.215414 Ha, -283738.986101 eV

     Kinetic energy:

     Ekin =   22293.805079 Ry,   11146.902540 Ha,  303322.670454 eV
     Ekinc=   21978.500053 Ry,   10989.250027 Ha,  299032.727027 eV
     Ekinv=     315.305026 Ry,     157.652513 Ha,    4289.943426 eV
 

     Interaction between the nucleus and the electrons:

     Encl =  -50769.964865 Ry,  -25384.982432 Ha, -690760.561815 eV
     Enclc=  -48873.214086 Ry,  -24436.607043 Ha, -664953.952785 eV
     Enclv=   -1896.750779 Ry,    -948.375390 Ha,  -25806.609031 eV
 

     Hartree energy:

     Eh   =    8092.227769 Ry,    4046.113884 Ha,  110100.367700 eV
     Ehcc =    6644.116991 Ry,    3322.058496 Ha,   90397.816854 eV
     Ehcv =    1299.345256 Ry,     649.672628 Ha,   17678.492815 eV
     Ehvv =     148.765517 Ry,      74.382758 Ha,    2024.057970 eV
 

     Exchange and correlation energy:

     Exc  =    -470.498811 Ry,    -235.249406 Ha,   -6401.462439 eV
 

     Estimated frozen-core energy from all-electron calculation:
     Efc = Ekinv + Enclv + Ehvv + Ehcv + Exc
     Ed = Etot - Efc

     Efc  =    -603.833791 Ry,    -301.916896 Ha,   -8215.577258 eV
     Ed   =  -20250.597037 Ry,  -10125.298519 Ha, -275523.408843 eV


     normalization and overlap integrals

     s(1S/1S) =  1.000000  <r> =   0.0227  <r2> =    0.0007  r(max) =   0.0144
     s(1S/2S) = -0.021349
     s(1S/3S) = -0.009219
     s(1S/4S) = -0.004411
     s(1S/5S) = -0.001788
     s(1S/6S) = -0.000515
     s(2S/2S) =  1.000000  <r> =   0.0970  <r2> =    0.0111  r(max) =   0.0823
     s(2S/3S) = -0.005772
     s(2S/4S) = -0.002645
     s(2S/5S) = -0.001063
     s(2S/6S) = -0.000306
     s(2P/2P) =  1.000000  <r> =   0.0855  <r2> =    0.0089  r(max) =   0.0661
     s(2P/3P) = -0.004658
     s(2P/4P) = -0.002017
     s(2P/5P) = -0.000719
     s(2P/6P) = -0.000164
     s(3S/3S) =  1.000000  <r> =   0.2549  <r2> =    0.0742  r(max) =   0.2329
     s(3S/4S) = -0.001855
     s(3S/5S) = -0.000723
     s(3S/6S) = -0.000207
     s(3P/3P) =  1.000000  <r> =   0.2533  <r2> =    0.0743  r(max) =   0.2283
     s(3P/4P) = -0.001582
     s(3P/5P) = -0.000547
     s(3P/6P) = -0.000124
     s(3D/3D) =  1.000000  <r> =   0.2310  <r2> =    0.0627  r(max) =   0.1869
     s(3D/4D) = -0.001131
     s(3D/5D) = -0.000208
     s(4S/4S) =  1.000000  <r> =   0.5791  <r2> =    0.3785  r(max) =   0.5395
     s(4S/5S) = -0.000487
     s(4S/6S) = -0.000138
     s(4P/4P) =  1.000000  <r> =   0.6132  <r2> =    0.4276  r(max) =   0.5615
     s(4P/5P) = -0.000372
     s(4P/6P) = -0.000084
     s(4D/4D) =  1.000000  <r> =   0.6707  <r2> =    0.5221  r(max) =   0.5903
     s(4D/5D) = -0.000151
     s(5S/5S) =  1.000000  <r> =   1.4099  <r2> =    2.2375  r(max) =   1.2622
     s(5S/6S) = -0.000072
     s(5P/5P) =  1.000000  <r> =   1.6611  <r2> =    3.1415  r(max) =   1.4374
     s(5P/6P) = -0.000040
     s(5D/5D) =  1.000000  <r> =   3.3472  <r2> =   14.1562  r(max) =   2.1660
     s(4F/4F) =  1.000000  <r> =   1.0194  <r2> =    1.4727  r(max) =   0.6144
     s(4F/5F) =  0.000000
     s(6S/6S) =  1.000000  <r> =   4.3206  <r2> =   21.2259  r(max) =   3.6798
     s(6P/6P) =  1.000000  <r> =   6.0655  <r2> =   42.3657  r(max) =   4.9672
     s(5F/5F) =  0.000000  <r> =   0.0000  <r2> =    0.0000  r(max) = 100.7725

     ------------------------ End of All-electron run ------------------------


     --------------------- Generating US pseudopotential ---------------------


      Generating local pot.: lloc=2, matching radius rcloc =   2.1000

      Computing core charge for nlcc: 

       r > 1.30 : true rho core
      Core charge pseudized with two Bessel functions
      ***Writing file sm.core ***
      Integrated core pseudo-charge :   8.91


      Wfc   4F  rcut= 1.288  Using Troullier-Martins method 
      Wfc-us  4F rcutus= 1.883  Estimated cut-off energy=    45.07 Ry
     rc*logder, xc(1), xc(2), rc*q(1),rc*q(2)
    -1.66115     1.42673    -0.42673     5.48771     8.93849


      Wfc   5F  rcut= 1.288  Using Troullier-Martins method 
      Wfc-us  5F rcutus= 1.883  Estimated cut-off energy=    73.66 Ry
     rc*logder, xc(1), xc(2), rc*q(1),rc*q(2)
     7.60156     1.71855    -0.71855     7.82096    11.42727


      Wfc   5P  rcut= 1.288  Using Troullier-Martins method 
      Wfc-us  5P rcutus= 1.809  Estimated cut-off energy=    24.25 Ry
     rc*logder, xc(1), xc(2), rc*q(1),rc*q(2)
    -1.10765     1.20139    -0.20139     3.17513     6.30022


      Wfc   6P  rcut= 1.288  Using Troullier-Martins method 
      Wfc-us  6P rcutus= 1.809  Estimated cut-off energy=    32.04 Ry
     rc*logder, xc(1), xc(2), rc*q(1),rc*q(2)
   -13.83534     1.18036    -0.18036     4.19790     7.24172


      Wfc   5S  rcut= 1.288  Using Troullier-Martins method 
      Wfc-us  5S rcutus= 1.605  Estimated cut-off energy=    19.24 Ry
     rc*logder, xc(1), xc(2), rc*q(1),rc*q(2)
    -1.34911     1.12296    -0.12296     2.13446     4.97709


      Wfc   6S  rcut= 1.288  Using Troullier-Martins method 
      Wfc-us  6S rcutus= 1.605  Estimated cut-off energy=    27.41 Ry
     rc*logder, xc(1), xc(2), rc*q(1),rc*q(2)
   -16.60615     0.97024     0.02976     2.96491     5.93969

      The bmat matrix
    -1.21783    -1.29192     0.00000     0.00000     0.00000     0.00000
    -1.07378    -1.89854     0.00000     0.00000     0.00000     0.00000
     0.00000     0.00000    -0.18337     0.16390     0.00000     0.00000
     0.00000     0.00000    -0.19393     0.09499     0.00000     0.00000
     0.00000     0.00000     0.00000     0.00000     0.43488     0.55460
     0.00000     0.00000     0.00000     0.00000     0.11113     0.15523

      The bmat + epsilon qq matrix
    -1.34330    -1.13208     0.00000     0.00000     0.00000     0.00000
    -1.13181    -1.84297     0.00000     0.00000     0.00000     0.00000
     0.00000     0.00000     0.17043     0.08289     0.00000     0.00000
     0.00000     0.00000     0.08268     0.03075     0.00000     0.00000
     0.00000     0.00000     0.00000     0.00000     2.13864     0.59461
     0.00000     0.00000     0.00000     0.00000     0.59446     0.16666

      The qq matrix
     0.69111     0.31967     0.00000     0.00000     0.00000     0.00000
     0.31967     0.11115     0.00000     0.00000     0.00000     0.00000
     0.00000     0.00000    -0.20722    -0.16201     0.00000     0.00000
     0.00000     0.00000    -0.16201    -0.12848     0.00000     0.00000
     0.00000     0.00000     0.00000     0.00000    -0.53574    -0.15198
     0.00000     0.00000     0.00000     0.00000    -0.15198    -0.04339

      The ddd matrix
     2.65879     0.76303     0.00000     0.00000     0.00000     0.00000
     0.76303    -1.15646     0.00000     0.00000     0.00000     0.00000
     0.00000     0.00000    -0.98544    -0.82976     0.00000     0.00000
     0.00000     0.00000    -0.82976    -0.69859     0.00000     0.00000
     0.00000     0.00000     0.00000     0.00000    -0.97770    -0.29270
     0.00000     0.00000     0.00000     0.00000    -0.29270    -0.08733

     ------------------- End of pseudopotential generation -------------------

     --------------------------- All-electron run ----------------------------

     Sm                                                                         
     scalar relativistic calculation

     atomic number is 62.00
     dft =PBE   lsd =0 sic =0 latt =0  beta=0.20 tr2=1.0E-14
     Exchange-correlation= PBE
                           (   1   4   3   4   0   0   0)
     mesh =1675 r(mesh) = 100.77251 a.u. xmin = -8.00 dx = 0.01000
     1 Ry =  13.60569312 eV, c = 137.03599908

     n l     nl                  e(Ry)          e(Ha)          e(eV)
     1 0     1S 1( 2.00)   -3430.935212302   -1715.467606151 -46680.2516235
     2 0     2S 1( 2.00)    -560.644892223    -280.322446112  -7627.9623546
     2 1     2P 1( 6.00)    -500.083573415    -250.041786707  -6803.9836357
     3 0     3S 1( 2.00)    -122.834987079     -61.417493540  -1671.2551390
     3 1     3P 1( 6.00)    -103.906166060     -51.953083030  -1413.7154090
     3 2     3D 1(10.00)     -78.293837989     -39.146918994  -1065.2419331
     4 0     4S 1( 2.00)     -24.407771243     -12.203885622   -332.0846454
     4 1     4P 1( 6.00)     -18.188605679      -9.094302840   -247.4685872
     4 2     4D 1(10.00)      -9.466509134      -4.733254567   -128.7984182
     5 0     5S 1( 2.00)      -3.180190414      -1.590095207    -43.2686948
     5 1     5P 1( 6.00)      -1.707396872      -0.853698436    -23.2303179
     5 2     5D 1( 0.00)      -0.123617988      -0.061808994     -1.6819084
     4 3     4F 1( 6.00)      -0.181541578      -0.090770789     -2.4699990
     6 0     6S 1( 2.00)      -0.263292011      -0.131646006     -3.5822703
     6 1     6P 1( 0.00)      -0.088785902      -0.044392951     -1.2079937
     5 3     5F 1( 0.00)       0.001181727       0.000590863      0.0160782

     final scf error:  7.6E-15 reached in  31 iterations
 
     The valence states are: 5S,5P,5D,4F,6S,6P,5F,                                       

     Total energy of the atom:

     Etot =  -20854.430828 Ry,  -10427.215414 Ha, -283738.986101 eV

     Kinetic energy:

     Ekin =   22293.805079 Ry,   11146.902540 Ha,  303322.670454 eV
     Ekinc=   21978.500053 Ry,   10989.250027 Ha,  299032.727027 eV
     Ekinv=     315.305026 Ry,     157.652513 Ha,    4289.943426 eV
 

     Interaction between the nucleus and the electrons:

     Encl =  -50769.964865 Ry,  -25384.982432 Ha, -690760.561815 eV
     Enclc=  -48873.214086 Ry,  -24436.607043 Ha, -664953.952785 eV
     Enclv=   -1896.750779 Ry,    -948.375390 Ha,  -25806.609031 eV
 

     Hartree energy:

     Eh   =    8092.227769 Ry,    4046.113884 Ha,  110100.367700 eV
     Ehcc =    6644.116991 Ry,    3322.058496 Ha,   90397.816854 eV
     Ehcv =    1299.345256 Ry,     649.672628 Ha,   17678.492815 eV
     Ehvv =     148.765517 Ry,      74.382758 Ha,    2024.057970 eV
 

     Exchange and correlation energy:

     Exc  =    -470.498811 Ry,    -235.249406 Ha,   -6401.462439 eV
 

     Estimated frozen-core energy from all-electron calculation:
     Efc = Ekinv + Enclv + Ehvv + Ehcv + Exc
     Ed = Etot - Efc

     Efc  =    -603.833791 Ry,    -301.916896 Ha,   -8215.577258 eV
     Ed   =  -20250.597037 Ry,  -10125.298519 Ha, -275523.408843 eV


     normalization and overlap integrals

     s(1S/1S) =  1.000000  <r> =   0.0227  <r2> =    0.0007  r(max) =   0.0144
     s(1S/2S) = -0.021349
     s(1S/3S) = -0.009219
     s(1S/4S) = -0.004411
     s(1S/5S) = -0.001788
     s(1S/6S) = -0.000515
     s(2S/2S) =  1.000000  <r> =   0.0970  <r2> =    0.0111  r(max) =   0.0823
     s(2S/3S) = -0.005772
     s(2S/4S) = -0.002645
     s(2S/5S) = -0.001063
     s(2S/6S) = -0.000306
     s(2P/2P) =  1.000000  <r> =   0.0855  <r2> =    0.0089  r(max) =   0.0661
     s(2P/3P) = -0.004658
     s(2P/4P) = -0.002017
     s(2P/5P) = -0.000719
     s(2P/6P) = -0.000164
     s(3S/3S) =  1.000000  <r> =   0.2549  <r2> =    0.0742  r(max) =   0.2329
     s(3S/4S) = -0.001855
     s(3S/5S) = -0.000723
     s(3S/6S) = -0.000207
     s(3P/3P) =  1.000000  <r> =   0.2533  <r2> =    0.0743  r(max) =   0.2283
     s(3P/4P) = -0.001582
     s(3P/5P) = -0.000547
     s(3P/6P) = -0.000124
     s(3D/3D) =  1.000000  <r> =   0.2310  <r2> =    0.0627  r(max) =   0.1869
     s(3D/4D) = -0.001131
     s(3D/5D) = -0.000208
     s(4S/4S) =  1.000000  <r> =   0.5791  <r2> =    0.3785  r(max) =   0.5395
     s(4S/5S) = -0.000487
     s(4S/6S) = -0.000138
     s(4P/4P) =  1.000000  <r> =   0.6132  <r2> =    0.4276  r(max) =   0.5615
     s(4P/5P) = -0.000372
     s(4P/6P) = -0.000084
     s(4D/4D) =  1.000000  <r> =   0.6707  <r2> =    0.5221  r(max) =   0.5903
     s(4D/5D) = -0.000151
     s(5S/5S) =  1.000000  <r> =   1.4099  <r2> =    2.2375  r(max) =   1.2622
     s(5S/6S) = -0.000072
     s(5P/5P) =  1.000000  <r> =   1.6611  <r2> =    3.1415  r(max) =   1.4374
     s(5P/6P) = -0.000040
     s(5D/5D) =  1.000000  <r> =   3.3472  <r2> =   14.1562  r(max) =   2.1660
     s(4F/4F) =  1.000000  <r> =   1.0194  <r2> =    1.4727  r(max) =   0.6144
     s(4F/5F) =  0.000000
     s(6S/6S) =  1.000000  <r> =   4.3206  <r2> =   21.2259  r(max) =   3.6798
     s(6P/6P) =  1.000000  <r> =   6.0655  <r2> =   42.3657  r(max) =   4.9672
     s(5F/5F) =  0.000000  <r> =   0.0000  <r2> =    0.0000  r(max) = 100.7725

     ------------------------ End of All-electron run ------------------------

     Computing logarithmic derivative in   3.41398
     ------------------------ (GI)PAW reconstruction -------------------------

     ========================= 4F =========================
      AE: e(ref), l, n_idx  -0.181541577554538                3          13

     ========================= 5F =========================
      AE: e(ref), l, n_idx   0.500000000000000                3          16

     ========================= 5P =========================
      AE: e(ref), l, n_idx   -1.70739687233326                1          11

     ========================= 6P =========================
      AE: e(ref), l, n_idx   0.500000000000000                1          15

     ========================= 5S =========================
      AE: e(ref), l, n_idx   -3.18019041379500                0          10

     ========================= 6S =========================
      AE: e(ref), l, n_idx  -0.263292011034146                0          14

     ========================= 5D =========================
      AE: e(ref), l, n_idx  -0.123617988080405                2          12

     ========================= 4F =========================
      PS: e(ref), e(eig), n_idx  -0.181574434509954      -0.181574434509954     
           1
      r(cut):    1.90000000000000             1277        1484
      SCALE:    1.00000000000000        1.88299880482242     
   1.09078042706449     
      SCALE:    1.00000045808606        1.97954221802041     
     NORM:   0.90452379  0.21912770

     ========================= 5F =========================
      PS: e(ref), e(eig), n_idx   0.500000000000000       3.545399666308244E-004
           2
      r(cut):    1.90000000000000             1277        1484
      SCALE:    1.00000000000000        1.88299880482242     
   4.89510366282654     
      SCALE:    1.00002433681651        1.97954221802041     
     NORM:   0.68922916  0.38321561

     ========================= 5P =========================
      PS: e(ref), e(eig), n_idx   -1.70741817931268       -1.70741817931268     
           3
      r(cut):    1.80000000000000             1272        1484
      SCALE:    1.00000000000000        1.79116386944676     
  -1.80806454542950     
      SCALE:    1.00000404771658        1.88299880482242     
     NORM:   0.77820460  1.03569818

     ========================= 6P =========================
      PS: e(ref), e(eig), n_idx   0.500000000000000      -8.879362593435851E-002
           4
      r(cut):    1.80000000000000             1272        1484
      SCALE:    1.00000000000000        1.79116386944676     
  -2.45247919311988     
      SCALE:    1.00005579724927        1.88299880482242     
     NORM:   0.69573982  1.05452451

     ========================= 5S =========================
      PS: e(ref), e(eig), n_idx   -3.18021141122182       -3.18021141122182     
           5
      r(cut):    1.60000000000000             1260        1484
      SCALE:    1.00000000000000        1.58861984132171     
   1.82943237275062     
      SCALE:    1.00000448082548        1.67007012231099     
     NORM:   0.67567160  1.21439961

     ========================= 6S =========================
      PS: e(ref), e(eig), n_idx  -0.263294195856230      -0.263294195856230     
           6
      r(cut):    1.60000000000000             1260        1484
      SCALE:    1.00000000000000        1.58861984132171     
   2.22111515454474     
      SCALE:    1.00008706112067        1.67007012231099     
     NORM:   0.60021543  1.31075134

     ========================= 5D =========================
      PS: e(ref), e(eig), n_idx  -0.123622121302762      -0.123622121302762     
           7
      r(cut):    2.10000000000000             1287        1484
      SCALE:    1.00000000000000        2.08103551786094     
  0.801350473908262     
      SCALE:    1.00000096127859        2.18773249045912     
     NORM:   1.12389536  1.12390269
     --------------------- End of (GI)PAW reconstruction ---------------------
     Computing logarithmic derivative in   3.41398
     Computing the partial wave expansion 
     R is outside the sphere for l=    0 j= 0.00
     R is outside the sphere for l=    0 j= 0.00
     R is outside the sphere for l=    1 j= 0.00
     R is outside the sphere for l=    1 j= 0.00
       no projector for channel:   2
     R is outside the sphere for l=    3 j= 0.00
     R is outside the sphere for l=    3 j= 0.00

     ---------------------- Testing the pseudopotential ----------------------

     Sm                                                                         
     scalar relativistic calculation

     atomic number is 62.00   valence charge is 16.00
     dft =PBE   lsd =0 sic =0 latt =0  beta=0.20 tr2=1.0E-14
     mesh =1675 r(mesh) = 100.77251 xmin = -8.00 dx = 0.01000

     n l     nl             e AE (Ry)        e PS (Ry)    De AE-PS (Ry) 
     4 3     4F   1( 6.00)       -0.18154       -0.18157     0.00003286
     5 3     5F   1( 0.00)        0.00118        0.00035     0.00082719
     2 1     5P   1( 6.00)       -1.70740       -1.70742     0.00002131
     3 1     6P   1( 0.00)       -0.08879       -0.08879     0.00000772
     1 0     5S   1( 2.00)       -3.18019       -3.18021     0.00002100
     2 0     6S   1( 2.00)       -0.26329       -0.26329     0.00000218
     3 2     5D   1( 0.00)       -0.12362       -0.12362     0.00000413

     eps = 5.1E-15  iter = 11
 
     Etot =  -20854.430828 Ry,  -10427.215414 Ha, -283738.986101 eV
     Etotps =  -178.525710 Ry,     -89.262855 Ha,   -2428.966027 eV

     Ekin =      36.370401 Ry,      18.185201 Ha,     494.844515 eV
     Encl =    -327.049275 Ry,    -163.524637 Ha,   -4449.732066 eV
     Ehrt =     146.050473 Ry,      73.025236 Ha,    1987.117912 eV
     Ecxc =     -41.807470 Ry,     -20.903735 Ha,    -568.819604 eV
     (Ecc =     -17.905171 Ry,      -8.952585 Ha,    -243.612261 eV)
     Epseu=       7.910160 Ry,       3.955080 Ha,     107.623215 eV

     ---------------------- End of pseudopotential test ----------------------


     -------------- Test with a basis set of Bessel functions ----------

     Box size (a.u.) :   30.0

     Cutoff (Ry) :   20.0
                           N = 1       N = 2       N = 3
     E(L=0) =        -3.1830 Ry   -0.2636 Ry   -0.0065 Ry
     E(L=1) =        -1.7103 Ry   -0.0890 Ry    0.0188 Ry
     E(L=2) =        -0.1247 Ry    0.0270 Ry    0.0653 Ry
     E(L=3) =        -0.1069 Ry    0.0499 Ry    0.0997 Ry

     Cutoff (Ry) :   25.0
                           N = 1       N = 2       N = 3
     E(L=0) =        -3.1834 Ry   -0.2637 Ry   -0.0065 Ry
     E(L=1) =        -1.7118 Ry   -0.0891 Ry    0.0188 Ry
     E(L=2) =        -0.1247 Ry    0.0270 Ry    0.0653 Ry
     E(L=3) =        -0.1614 Ry    0.0499 Ry    0.0997 Ry

     Cutoff (Ry) :   30.0
                           N = 1       N = 2       N = 3
     E(L=0) =        -3.1836 Ry   -0.2637 Ry   -0.0065 Ry
     E(L=1) =        -1.7120 Ry   -0.0891 Ry    0.0188 Ry
     E(L=2) =        -0.1247 Ry    0.0270 Ry    0.0653 Ry
     E(L=3) =        -0.1783 Ry    0.0499 Ry    0.0996 Ry

     Cutoff (Ry) :   35.0
                           N = 1       N = 2       N = 3
     E(L=0) =        -3.1837 Ry   -0.2637 Ry   -0.0065 Ry
     E(L=1) =        -1.7120 Ry   -0.0891 Ry    0.0188 Ry
     E(L=2) =        -0.1248 Ry    0.0270 Ry    0.0653 Ry
     E(L=3) =        -0.1860 Ry    0.0499 Ry    0.0996 Ry

     Cutoff (Ry) :   40.0
                           N = 1       N = 2       N = 3
     E(L=0) =        -3.1837 Ry   -0.2637 Ry   -0.0065 Ry
     E(L=1) =        -1.7120 Ry   -0.0891 Ry    0.0188 Ry
     E(L=2) =        -0.1248 Ry    0.0270 Ry    0.0653 Ry
     E(L=3) =        -0.1874 Ry    0.0499 Ry    0.0996 Ry

     Cutoff (Ry) :   45.0
                           N = 1       N = 2       N = 3
     E(L=0) =        -3.1837 Ry   -0.2637 Ry   -0.0065 Ry
     E(L=1) =        -1.7121 Ry   -0.0891 Ry    0.0188 Ry
     E(L=2) =        -0.1248 Ry    0.0270 Ry    0.0653 Ry
     E(L=3) =        -0.1878 Ry    0.0499 Ry    0.0996 Ry

     Cutoff (Ry) :   50.0
                           N = 1       N = 2       N = 3
     E(L=0) =        -3.1837 Ry   -0.2637 Ry   -0.0065 Ry
     E(L=1) =        -1.7121 Ry   -0.0891 Ry    0.0188 Ry
     E(L=2) =        -0.1248 Ry    0.0270 Ry    0.0653 Ry
     E(L=3) =        -0.1878 Ry    0.0499 Ry    0.0996 Ry

     Cutoff (Ry) :   55.0
                           N = 1       N = 2       N = 3
     E(L=0) =        -3.1838 Ry   -0.2637 Ry   -0.0065 Ry
     E(L=1) =        -1.7121 Ry   -0.0891 Ry    0.0188 Ry
     E(L=2) =        -0.1248 Ry    0.0270 Ry    0.0653 Ry
     E(L=3) =        -0.1879 Ry    0.0499 Ry    0.0996 Ry

     Cutoff (Ry) :   60.0
                           N = 1       N = 2       N = 3
     E(L=0) =        -3.1838 Ry   -0.2637 Ry   -0.0065 Ry
     E(L=1) =        -1.7121 Ry   -0.0891 Ry    0.0188 Ry
     E(L=2) =        -0.1248 Ry    0.0270 Ry    0.0653 Ry
     E(L=3) =        -0.1880 Ry    0.0499 Ry    0.0996 Ry

     -------------- End of Bessel function test ------------------------

