
     Program LD1 v.6.8 starts on 24Oct2024 at  9:47:39 

     This program is part of the open-source Quantum ESPRESSO suite
     for quantum simulation of materials; please cite
         "P. Giannozzi et al., J. Phys.:Condens. Matter 21 395502 (2009);
         "P. Giannozzi et al., J. Phys.:Condens. Matter 29 465901 (2017);
         "P. Giannozzi et al., J. Chem. Phys. 152 154105 (2020);
          URL http://www.quantum-espresso.org", 
     in publications or presentations arising from this work. More details at
     http://www.quantum-espresso.org/quote

     Parallel version (MPI), running on     1 processors

     MPI processes distributed on     1 nodes
     6536 MiB available memory on the printing compute node when the environment starts
 
     Waiting for input...
     Reading input from standard input
     --------------------------- All-electron run ----------------------------

     Nd                                                                         
     scalar relativistic calculation

     atomic number is 60.00
     dft =PBE   lsd =0 sic =0 latt =0  beta=0.20 tr2=1.0E-14
     Exchange-correlation= PBE
                           (   1   4   3   4   0   0   0)
     mesh =1671 r(mesh) = 100.04854 a.u. xmin = -8.00 dx = 0.01000
     1 Ry =  13.60569312 eV, c = 137.03599908

     n l     nl                  e(Ry)          e(Ha)          e(eV)
     1 0     1S 1( 2.00)   -3190.119197591   -1595.059598796 -43403.7828282
     2 0     2S 1( 2.00)    -515.978346016    -257.989173008  -7020.2430340
     2 1     2P 1( 6.00)    -461.229777746    -230.614888873  -6275.3508152
     3 0     3S 1( 2.00)    -111.943572755     -55.971786377  -1523.0698980
     3 1     3P 1( 6.00)     -94.680079576     -47.340039788  -1288.1881076
     3 2     3D 1(10.00)     -70.741264584     -35.370632292   -962.4839371
     4 0     4S 1( 2.00)     -22.261458294     -11.130729147   -302.8825700
     4 1     4P 1( 6.00)     -16.608448660      -8.304224330   -225.9694557
     4 2     4D 1(10.00)      -8.575367541      -4.287683770   -116.6738192
     5 0     5S 1( 2.00)      -2.973975866      -1.486987933    -40.4630030
     5 1     5P 1( 6.00)      -1.623480918      -0.811740459    -22.0885832
     5 2     5D 1( 0.00)      -0.140923166      -0.070461583     -1.9173574
     4 3     4F 1( 4.00)      -0.128703333      -0.064351666     -1.7510980
     6 0     6S 1( 2.00)      -0.257374483      -0.128687241     -3.5017582
     6 1     6P 1( 0.00)      -0.090536254      -0.045268127     -1.2318085
     5 3     5F 1( 0.00)       0.001198902       0.000599451      0.0163119

     final scf error:  4.8E-15 reached in  41 iterations
 
     The valence states are: 5S,5P,5D,4F,6S,6P,5F,                                       

     Total energy of the atom:

     Etot =  -19247.974116 Ry,   -9623.987058 Ha, -261882.029068 eV

     Kinetic energy:

     Ekin =   20487.130994 Ry,   10243.565497 Ha,  278741.617268 eV
     Ekinc=   20266.048887 Ry,   10133.024444 Ha,  275733.641976 eV
     Ekinv=     221.082106 Ry,     110.541053 Ha,    3007.975292 eV
 

     Interaction between the nucleus and the electrons:

     Encl =  -46749.370087 Ry,  -23374.685043 Ha, -636057.583090 eV
     Enclc=  -45327.455277 Ry,  -22663.727639 Ha, -616711.446547 eV
     Enclv=   -1421.914809 Ry,    -710.957405 Ha,  -19346.136544 eV
 

     Hartree energy:

     Eh   =    7458.518791 Ry,    3729.259395 Ha,  101478.317819 eV
     Ehcc =    6350.392636 Ry,    3175.196318 Ha,   86401.493414 eV
     Ehcv =    1006.861278 Ry,     503.430639 Ha,   13699.045561 eV
     Ehvv =     101.264882 Ry,      50.632441 Ha,    1377.778910 eV
 

     Exchange and correlation energy:

     Exc  =    -444.253814 Ry,    -222.126907 Ha,   -6044.381065 eV
 

     Estimated frozen-core energy from all-electron calculation:
     Efc = Ekinv + Enclv + Ehvv + Ehcv + Exc
     Ed = Etot - Efc

     Efc  =    -536.960358 Ry,    -268.480179 Ha,   -7305.717846 eV
     Ed   =  -18711.013759 Ry,   -9355.506879 Ha, -254576.311222 eV


     normalization and overlap integrals

     s(1S/1S) =  1.000000  <r> =   0.0236  <r2> =    0.0008  r(max) =   0.0151
     s(1S/2S) = -0.019829
     s(1S/3S) = -0.008529
     s(1S/4S) = -0.004062
     s(1S/5S) = -0.001656
     s(1S/6S) = -0.000488
     s(2S/2S) =  1.000000  <r> =   0.1010  <r2> =    0.0120  r(max) =   0.0851
     s(2S/3S) = -0.005322
     s(2S/4S) = -0.002429
     s(2S/5S) = -0.000982
     s(2S/6S) = -0.000289
     s(2P/2P) =  1.000000  <r> =   0.0888  <r2> =    0.0096  r(max) =   0.0690
     s(2P/3P) = -0.004306
     s(2P/4P) = -0.001858
     s(2P/5P) = -0.000669
     s(2P/6P) = -0.000158
     s(3S/3S) =  1.000000  <r> =   0.2663  <r2> =    0.0810  r(max) =   0.2431
     s(3S/4S) = -0.001692
     s(3S/5S) = -0.000664
     s(3S/6S) = -0.000195
     s(3P/3P) =  1.000000  <r> =   0.2645  <r2> =    0.0811  r(max) =   0.2383
     s(3P/4P) = -0.001444
     s(3P/5P) = -0.000505
     s(3P/6P) = -0.000119
     s(3D/3D) =  1.000000  <r> =   0.2417  <r2> =    0.0688  r(max) =   0.1970
     s(3D/4D) = -0.001029
     s(3D/5D) = -0.000202
     s(4S/4S) =  1.000000  <r> =   0.6073  <r2> =    0.4161  r(max) =   0.5631
     s(4S/5S) = -0.000444
     s(4S/6S) = -0.000128
     s(4P/4P) =  1.000000  <r> =   0.6431  <r2> =    0.4703  r(max) =   0.5919
     s(4P/5P) = -0.000341
     s(4P/6P) = -0.000079
     s(4D/4D) =  1.000000  <r> =   0.7070  <r2> =    0.5802  r(max) =   0.6161
     s(4D/5D) = -0.000144
     s(5S/5S) =  1.000000  <r> =   1.4729  <r2> =    2.4408  r(max) =   1.3174
     s(5S/6S) = -0.000068
     s(5P/5P) =  1.000000  <r> =   1.7289  <r2> =    3.3995  r(max) =   1.5003
     s(5P/6P) = -0.000038
     s(5D/5D) =  1.000000  <r> =   3.3226  <r2> =   13.7745  r(max) =   2.2382
     s(4F/4F) =  1.000001  <r> =   1.1296  <r2> =    1.8440  r(max) =   0.6608
     s(4F/5F) =  0.000000
     s(6S/6S) =  1.000000  <r> =   4.4359  <r2> =   22.3345  r(max) =   3.8025
     s(6P/6P) =  1.000000  <r> =   6.1388  <r2> =   43.2755  r(max) =   5.0312
     s(5F/5F) =  0.000000  <r> =   0.0000  <r2> =    0.0000  r(max) = 100.0485

     ------------------------ End of All-electron run ------------------------


     --------------------- Generating US pseudopotential ---------------------


      Generating local pot.: lloc=2, matching radius rcloc =   2.1000

      Computing core charge for nlcc: 

       r > 1.30 : true rho core
      Core charge pseudized with two Bessel functions
      ***Writing file nd.core ***
      Integrated core pseudo-charge :  10.91


      Wfc   4F  rcut= 1.304  Using Troullier-Martins method 
      Wfc-us  4F rcutus= 1.985  Estimated cut-off energy=    40.45 Ry
     rc*logder, xc(1), xc(2), rc*q(1),rc*q(2)
    -1.57310     1.41494    -0.41494     5.46602     8.92757


      Wfc   5F  rcut= 1.304  Using Troullier-Martins method 
      Wfc-us  5F rcutus= 1.985  Estimated cut-off energy=    65.72 Ry
     rc*logder, xc(1), xc(2), rc*q(1),rc*q(2)
     8.33980     1.70300    -0.70300     7.76578    11.37877


      Wfc   5P  rcut= 1.304  Using Troullier-Martins method 
      Wfc-us  5P rcutus= 1.796  Estimated cut-off energy=    24.34 Ry
     rc*logder, xc(1), xc(2), rc*q(1),rc*q(2)
    -0.89169     1.15875    -0.15875     3.10634     6.26585


      Wfc   6P  rcut= 1.304  Using Troullier-Martins method 
      Wfc-us  6P rcutus= 1.796  Estimated cut-off energy=    30.50 Ry
     rc*logder, xc(1), xc(2), rc*q(1),rc*q(2)
    -8.21210     1.13568    -0.13568     4.03329     7.01421


      Wfc   5S  rcut= 1.304  Using Troullier-Martins method 
      Wfc-us  5S rcutus= 1.593  Estimated cut-off energy=    19.14 Ry
     rc*logder, xc(1), xc(2), rc*q(1),rc*q(2)
    -1.07714     1.05256    -0.05256     2.05382     4.92760


      Wfc   6S  rcut= 1.304  Using Troullier-Martins method 
      Wfc-us  6S rcutus= 1.593  Estimated cut-off energy=    25.54 Ry
     rc*logder, xc(1), xc(2), rc*q(1),rc*q(2)
    -8.48668     0.91406     0.08594     2.82071     5.69237

      The bmat matrix
    -1.12284    -1.11987     0.00000     0.00000     0.00000     0.00000
    -0.92035    -1.46339     0.00000     0.00000     0.00000     0.00000
     0.00000     0.00000    -0.19757     0.12912     0.00000     0.00000
     0.00000     0.00000    -0.19099     0.07962     0.00000     0.00000
     0.00000     0.00000     0.00000     0.00000     0.28668     0.42361
     0.00000     0.00000     0.00000     0.00000     0.09115     0.12548

      The bmat + epsilon qq matrix
    -1.20790    -0.96134     0.00000     0.00000     0.00000     0.00000
    -0.96116    -1.40018     0.00000     0.00000     0.00000     0.00000
     0.00000     0.00000     0.10906     0.05379     0.00000     0.00000
     0.00000     0.00000     0.05360     0.01892     0.00000     0.00000
     0.00000     0.00000     0.00000     0.00000     1.52065     0.45509
     0.00000     0.00000     0.00000     0.00000     0.45491     0.13480

      The qq matrix
     0.66085     0.31706     0.00000     0.00000     0.00000     0.00000
     0.31706     0.12641     0.00000     0.00000     0.00000     0.00000
     0.00000     0.00000    -0.18887    -0.15066     0.00000     0.00000
     0.00000     0.00000    -0.15066    -0.12139     0.00000     0.00000
     0.00000     0.00000     0.00000     0.00000    -0.41492    -0.12231
     0.00000     0.00000     0.00000     0.00000    -0.12231    -0.03622

      The ddd matrix
     2.27086     0.74202     0.00000     0.00000     0.00000     0.00000
     0.74202    -0.70184     0.00000     0.00000     0.00000     0.00000
     0.00000     0.00000    -0.85888    -0.72402     0.00000     0.00000
     0.00000     0.00000    -0.72402    -0.61142     0.00000     0.00000
     0.00000     0.00000     0.00000     0.00000    -0.68003    -0.19540
     0.00000     0.00000     0.00000     0.00000    -0.19540    -0.05817

     ------------------- End of pseudopotential generation -------------------

     --------------------------- All-electron run ----------------------------

     Nd                                                                         
     scalar relativistic calculation

     atomic number is 60.00
     dft =PBE   lsd =0 sic =0 latt =0  beta=0.20 tr2=1.0E-14
     Exchange-correlation= PBE
                           (   1   4   3   4   0   0   0)
     mesh =1671 r(mesh) = 100.04854 a.u. xmin = -8.00 dx = 0.01000
     1 Ry =  13.60569312 eV, c = 137.03599908

     n l     nl                  e(Ry)          e(Ha)          e(eV)
     1 0     1S 1( 2.00)   -3190.119197591   -1595.059598796 -43403.7828282
     2 0     2S 1( 2.00)    -515.978346016    -257.989173008  -7020.2430340
     2 1     2P 1( 6.00)    -461.229777746    -230.614888873  -6275.3508152
     3 0     3S 1( 2.00)    -111.943572755     -55.971786377  -1523.0698980
     3 1     3P 1( 6.00)     -94.680079576     -47.340039788  -1288.1881076
     3 2     3D 1(10.00)     -70.741264584     -35.370632292   -962.4839371
     4 0     4S 1( 2.00)     -22.261458294     -11.130729147   -302.8825700
     4 1     4P 1( 6.00)     -16.608448660      -8.304224330   -225.9694557
     4 2     4D 1(10.00)      -8.575367541      -4.287683770   -116.6738192
     5 0     5S 1( 2.00)      -2.973975866      -1.486987933    -40.4630030
     5 1     5P 1( 6.00)      -1.623480918      -0.811740459    -22.0885832
     5 2     5D 1( 0.00)      -0.140923166      -0.070461583     -1.9173574
     4 3     4F 1( 4.00)      -0.128703333      -0.064351666     -1.7510980
     6 0     6S 1( 2.00)      -0.257374483      -0.128687241     -3.5017582
     6 1     6P 1( 0.00)      -0.090536254      -0.045268127     -1.2318085
     5 3     5F 1( 0.00)       0.001198902       0.000599451      0.0163119

     final scf error:  4.8E-15 reached in  41 iterations
 
     The valence states are: 5S,5P,5D,4F,6S,6P,5F,                                       

     Total energy of the atom:

     Etot =  -19247.974116 Ry,   -9623.987058 Ha, -261882.029068 eV

     Kinetic energy:

     Ekin =   20487.130994 Ry,   10243.565497 Ha,  278741.617268 eV
     Ekinc=   20266.048887 Ry,   10133.024444 Ha,  275733.641976 eV
     Ekinv=     221.082106 Ry,     110.541053 Ha,    3007.975292 eV
 

     Interaction between the nucleus and the electrons:

     Encl =  -46749.370087 Ry,  -23374.685043 Ha, -636057.583090 eV
     Enclc=  -45327.455277 Ry,  -22663.727639 Ha, -616711.446547 eV
     Enclv=   -1421.914809 Ry,    -710.957405 Ha,  -19346.136544 eV
 

     Hartree energy:

     Eh   =    7458.518791 Ry,    3729.259395 Ha,  101478.317819 eV
     Ehcc =    6350.392636 Ry,    3175.196318 Ha,   86401.493414 eV
     Ehcv =    1006.861278 Ry,     503.430639 Ha,   13699.045561 eV
     Ehvv =     101.264882 Ry,      50.632441 Ha,    1377.778910 eV
 

     Exchange and correlation energy:

     Exc  =    -444.253814 Ry,    -222.126907 Ha,   -6044.381065 eV
 

     Estimated frozen-core energy from all-electron calculation:
     Efc = Ekinv + Enclv + Ehvv + Ehcv + Exc
     Ed = Etot - Efc

     Efc  =    -536.960358 Ry,    -268.480179 Ha,   -7305.717846 eV
     Ed   =  -18711.013759 Ry,   -9355.506879 Ha, -254576.311222 eV


     normalization and overlap integrals

     s(1S/1S) =  1.000000  <r> =   0.0236  <r2> =    0.0008  r(max) =   0.0151
     s(1S/2S) = -0.019829
     s(1S/3S) = -0.008529
     s(1S/4S) = -0.004062
     s(1S/5S) = -0.001656
     s(1S/6S) = -0.000488
     s(2S/2S) =  1.000000  <r> =   0.1010  <r2> =    0.0120  r(max) =   0.0851
     s(2S/3S) = -0.005322
     s(2S/4S) = -0.002429
     s(2S/5S) = -0.000982
     s(2S/6S) = -0.000289
     s(2P/2P) =  1.000000  <r> =   0.0888  <r2> =    0.0096  r(max) =   0.0690
     s(2P/3P) = -0.004306
     s(2P/4P) = -0.001858
     s(2P/5P) = -0.000669
     s(2P/6P) = -0.000158
     s(3S/3S) =  1.000000  <r> =   0.2663  <r2> =    0.0810  r(max) =   0.2431
     s(3S/4S) = -0.001692
     s(3S/5S) = -0.000664
     s(3S/6S) = -0.000195
     s(3P/3P) =  1.000000  <r> =   0.2645  <r2> =    0.0811  r(max) =   0.2383
     s(3P/4P) = -0.001444
     s(3P/5P) = -0.000505
     s(3P/6P) = -0.000119
     s(3D/3D) =  1.000000  <r> =   0.2417  <r2> =    0.0688  r(max) =   0.1970
     s(3D/4D) = -0.001029
     s(3D/5D) = -0.000202
     s(4S/4S) =  1.000000  <r> =   0.6073  <r2> =    0.4161  r(max) =   0.5631
     s(4S/5S) = -0.000444
     s(4S/6S) = -0.000128
     s(4P/4P) =  1.000000  <r> =   0.6431  <r2> =    0.4703  r(max) =   0.5919
     s(4P/5P) = -0.000341
     s(4P/6P) = -0.000079
     s(4D/4D) =  1.000000  <r> =   0.7070  <r2> =    0.5802  r(max) =   0.6161
     s(4D/5D) = -0.000144
     s(5S/5S) =  1.000000  <r> =   1.4729  <r2> =    2.4408  r(max) =   1.3174
     s(5S/6S) = -0.000068
     s(5P/5P) =  1.000000  <r> =   1.7289  <r2> =    3.3995  r(max) =   1.5003
     s(5P/6P) = -0.000038
     s(5D/5D) =  1.000000  <r> =   3.3226  <r2> =   13.7745  r(max) =   2.2382
     s(4F/4F) =  1.000001  <r> =   1.1296  <r2> =    1.8440  r(max) =   0.6608
     s(4F/5F) =  0.000000
     s(6S/6S) =  1.000000  <r> =   4.4359  <r2> =   22.3345  r(max) =   3.8025
     s(6P/6P) =  1.000000  <r> =   6.1388  <r2> =   43.2755  r(max) =   5.0312
     s(5F/5F) =  0.000000  <r> =   0.0000  <r2> =    0.0000  r(max) = 100.0485

     ------------------------ End of All-electron run ------------------------

     Computing logarithmic derivative in   3.38945

       Warning: n=5, l=3 expected 1 nodes, found 0
       Setting wfc to zero for this iteration
       (This warning will only be printed once per wavefunction)

       Zero norm: self consistency problem; state:  2 (l=  3, j=0.0)
     ------------------------ (GI)PAW reconstruction -------------------------

     ========================= 4F =========================
      AE: e(ref), l, n_idx  -0.128703332704268                3          13

     ========================= 5F =========================
      AE: e(ref), l, n_idx   0.500000000000000                3          16

     ========================= 5P =========================
      AE: e(ref), l, n_idx   -1.62348091758075                1          11

     ========================= 6P =========================
      AE: e(ref), l, n_idx   0.500000000000000                1          15

     ========================= 5S =========================
      AE: e(ref), l, n_idx   -2.97397586589784                0          10

     ========================= 6S =========================
      AE: e(ref), l, n_idx  -0.257374482535243                0          14

     ========================= 5D =========================
      AE: e(ref), l, n_idx  -0.140923166228146                2          12

     ========================= 4F =========================
      PS: e(ref), e(eig), n_idx  -0.128705375003862      -0.128705375003862     
           1
      r(cut):    2.00000000000000             1279        1481
      SCALE:    1.00000000000000        1.98507250074690     
  0.921577236769764     
      SCALE:   0.999998251613967        2.08684934424609     
     NORM:   0.98654513  0.25886307

     ========================= 5F =========================
      PS: e(ref), e(eig), n_idx   0.500000000000000       1.198901513416954E-003
           2
      r(cut):    2.00000000000000             1279        1481
      SCALE:    1.00000000000000        1.98507250074690     
   3.63307797431806     
      SCALE:   0.999989863685080        2.08684934424609     
     NORM:   0.74088408  0.36651011

     ========================= 5P =========================
      PS: e(ref), e(eig), n_idx   -1.62350595192870       -1.62350595192870     
           3
      r(cut):    1.80000000000000             1269        1481
      SCALE:    1.00000000000000        1.79616787619001     
  -1.64396711502810     
      SCALE:    1.00000015855165        1.88825937247767     
     NORM:   0.76500615  1.00840340

     ========================= 6P =========================
      PS: e(ref), e(eig), n_idx   0.500000000000000      -9.054309361749732E-002
           4
      r(cut):    1.80000000000000             1269        1481
      SCALE:    1.00000000000000        1.79616787619001     
  -2.20765161815352     
      SCALE:    1.00001973037705        1.88825937247767     
     NORM:   0.71324857  1.05955577

     ========================= 5S =========================
      PS: e(ref), e(eig), n_idx   -2.97399921417404       -2.97399921417404     
           5
      r(cut):    1.60000000000000             1257        1481
      SCALE:    1.00000000000000        1.59305799716777     
   1.53161176647151     
      SCALE:    1.00000035142390        1.67473582727316     
     NORM:   0.66481899  1.09987846

     ========================= 6S =========================
      PS: e(ref), e(eig), n_idx  -0.257376512685833      -0.257376512685833     
           6
      r(cut):    1.60000000000000             1257        1481
      SCALE:    1.00000000000000        1.59305799716777     
   1.85806866932552     
      SCALE:   0.999904781621030        1.67473582727316     
     NORM:   0.61991437  1.21553048

     ========================= 5D =========================
      PS: e(ref), e(eig), n_idx  -0.140929655514547      -0.140929655514547     
           7
      r(cut):    2.10000000000000             1284        1481
      SCALE:    1.00000000000000        2.08684934424609     
  0.745204657383451     
      SCALE:    1.00000143647395        2.19384439809717     
     NORM:   1.16120796  1.16120808
     --------------------- End of (GI)PAW reconstruction ---------------------
     Computing logarithmic derivative in   3.38945
     Computing the partial wave expansion 
     R is outside the sphere for l=    0 j= 0.00
     R is outside the sphere for l=    0 j= 0.00
     R is outside the sphere for l=    1 j= 0.00
     R is outside the sphere for l=    1 j= 0.00
       no projector for channel:   2
     R is outside the sphere for l=    3 j= 0.00
     R is outside the sphere for l=    3 j= 0.00

     ---------------------- Testing the pseudopotential ----------------------

     Nd                                                                         
     scalar relativistic calculation

     atomic number is 60.00   valence charge is 14.00
     dft =PBE   lsd =0 sic =0 latt =0  beta=0.20 tr2=1.0E-14
     mesh =1671 r(mesh) = 100.04854 xmin = -8.00 dx = 0.01000

     n l     nl             e AE (Ry)        e PS (Ry)    De AE-PS (Ry) 
     4 3     4F   1( 4.00)       -0.12870       -0.12871     0.00000204
     5 3     5F   1( 0.00)        0.00120        0.00120     0.00000000
     2 1     5P   1( 6.00)       -1.62348       -1.62351     0.00002503
     3 1     6P   1( 0.00)       -0.09054       -0.09054     0.00000684
     1 0     5S   1( 2.00)       -2.97398       -2.97400     0.00002335
     2 0     6S   1( 2.00)       -0.25737       -0.25738     0.00000203
     3 2     5D   1( 0.00)       -0.14092       -0.14093     0.00000649

     eps = 4.1E-15  iter =  9
 
     Etot =  -19247.974116 Ry,   -9623.987058 Ha, -261882.029068 eV
     Etotps =  -136.857262 Ry,     -68.428631 Ha,   -1862.037912 eV

     Ekin =      28.653761 Ry,      14.326880 Ha,     389.854273 eV
     Encl =    -226.473897 Ry,    -113.236948 Ha,   -3081.334343 eV
     Ehrt =      99.972738 Ry,      49.986369 Ha,    1360.198395 eV
     Ecxc =     -41.463225 Ry,     -20.731613 Ha,    -564.135917 eV
     (Ecc =     -22.949130 Ry,     -11.474565 Ha,    -312.238819 eV)
     Epseu=       2.453361 Ry,       1.226681 Ha,      33.379680 eV

     ---------------------- End of pseudopotential test ----------------------


     -------------- Test with a basis set of Bessel functions ----------

     Box size (a.u.) :   30.0

     Cutoff (Ry) :   20.0
                           N = 1       N = 2       N = 3
     E(L=0) =        -2.9727 Ry   -0.2572 Ry   -0.0067 Ry
     E(L=1) =        -1.6217 Ry   -0.0905 Ry    0.0184 Ry
     E(L=2) =        -0.1407 Ry    0.0258 Ry    0.0635 Ry
     E(L=3) =        -0.0843 Ry    0.0494 Ry    0.0983 Ry

     Cutoff (Ry) :   25.0
                           N = 1       N = 2       N = 3
     E(L=0) =        -2.9729 Ry   -0.2573 Ry   -0.0067 Ry
     E(L=1) =        -1.6227 Ry   -0.0905 Ry    0.0184 Ry
     E(L=2) =        -0.1407 Ry    0.0258 Ry    0.0635 Ry
     E(L=3) =        -0.1174 Ry    0.0494 Ry    0.0982 Ry

     Cutoff (Ry) :   30.0
                           N = 1       N = 2       N = 3
     E(L=0) =        -2.9733 Ry   -0.2573 Ry   -0.0067 Ry
     E(L=1) =        -1.6229 Ry   -0.0905 Ry    0.0184 Ry
     E(L=2) =        -0.1408 Ry    0.0258 Ry    0.0635 Ry
     E(L=3) =        -0.1262 Ry    0.0494 Ry    0.0982 Ry

     Cutoff (Ry) :   35.0
                           N = 1       N = 2       N = 3
     E(L=0) =        -2.9734 Ry   -0.2573 Ry   -0.0067 Ry
     E(L=1) =        -1.6229 Ry   -0.0905 Ry    0.0184 Ry
     E(L=2) =        -0.1408 Ry    0.0258 Ry    0.0635 Ry
     E(L=3) =        -0.1289 Ry    0.0494 Ry    0.0982 Ry

     Cutoff (Ry) :   40.0
                           N = 1       N = 2       N = 3
     E(L=0) =        -2.9734 Ry   -0.2573 Ry   -0.0067 Ry
     E(L=1) =        -1.6229 Ry   -0.0905 Ry    0.0184 Ry
     E(L=2) =        -0.1408 Ry    0.0258 Ry    0.0635 Ry
     E(L=3) =        -0.1291 Ry    0.0494 Ry    0.0982 Ry

     Cutoff (Ry) :   45.0
                           N = 1       N = 2       N = 3
     E(L=0) =        -2.9734 Ry   -0.2573 Ry   -0.0067 Ry
     E(L=1) =        -1.6229 Ry   -0.0905 Ry    0.0184 Ry
     E(L=2) =        -0.1408 Ry    0.0258 Ry    0.0635 Ry
     E(L=3) =        -0.1291 Ry    0.0494 Ry    0.0982 Ry

     Cutoff (Ry) :   50.0
                           N = 1       N = 2       N = 3
     E(L=0) =        -2.9734 Ry   -0.2573 Ry   -0.0067 Ry
     E(L=1) =        -1.6230 Ry   -0.0905 Ry    0.0184 Ry
     E(L=2) =        -0.1408 Ry    0.0258 Ry    0.0635 Ry
     E(L=3) =        -0.1293 Ry    0.0494 Ry    0.0982 Ry

     Cutoff (Ry) :   55.0
                           N = 1       N = 2       N = 3
     E(L=0) =        -2.9735 Ry   -0.2573 Ry   -0.0067 Ry
     E(L=1) =        -1.6230 Ry   -0.0905 Ry    0.0184 Ry
     E(L=2) =        -0.1408 Ry    0.0258 Ry    0.0635 Ry
     E(L=3) =        -0.1294 Ry    0.0494 Ry    0.0982 Ry

     Cutoff (Ry) :   60.0
                           N = 1       N = 2       N = 3
     E(L=0) =        -2.9735 Ry   -0.2573 Ry   -0.0067 Ry
     E(L=1) =        -1.6230 Ry   -0.0905 Ry    0.0184 Ry
     E(L=2) =        -0.1408 Ry    0.0258 Ry    0.0635 Ry
     E(L=3) =        -0.1294 Ry    0.0494 Ry    0.0982 Ry

     -------------- End of Bessel function test ------------------------

