
     Program LD1 v.6.8 starts on 25Oct2024 at  9:49:11 

     This program is part of the open-source Quantum ESPRESSO suite
     for quantum simulation of materials; please cite
         "P. Giannozzi et al., J. Phys.:Condens. Matter 21 395502 (2009);
         "P. Giannozzi et al., J. Phys.:Condens. Matter 29 465901 (2017);
         "P. Giannozzi et al., J. Chem. Phys. 152 154105 (2020);
          URL http://www.quantum-espresso.org", 
     in publications or presentations arising from this work. More details at
     http://www.quantum-espresso.org/quote

     Parallel version (MPI), running on     1 processors

     MPI processes distributed on     1 nodes
     5131 MiB available memory on the printing compute node when the environment starts
 
     Waiting for input...
     Reading input from standard input
     --------------------------- All-electron run ----------------------------

     Tb                                                                         
     scalar relativistic calculation

     atomic number is 65.00
     dft =PBE   lsd =0 sic =0 latt =0  beta=0.20 tr2=1.0E-14
     Exchange-correlation= PBE
                           (   1   4   3   4   0   0   0)
     mesh =1679 r(mesh) = 100.04426 a.u. xmin = -8.00 dx = 0.01000
     1 Ry =  13.60569312 eV, c = 137.03599908

     n l     nl                  e(Ry)          e(Ha)          e(eV)
     1 0     1S 1( 2.00)   -3811.806199383   -1905.903099692 -51862.2653931
     2 0     2S 1( 2.00)    -631.870904225    -315.935452112  -8597.0416162
     2 1     2P 1( 6.00)    -561.428456887    -280.714228444  -7638.6232949
     3 0     3S 1( 2.00)    -140.145200204     -70.072600102  -1906.7725866
     3 1     3P 1( 6.00)    -118.425276927     -59.212638464  -1611.2579759
     3 2     3D 1(10.00)     -90.144320484     -45.072160242  -1226.4759613
     4 0     4S 1( 2.00)     -27.755662963     -13.877831482   -377.6350327
     4 1     4P 1( 6.00)     -20.606513162     -10.303256581   -280.3658944
     4 2     4D 1(10.00)     -10.798328676      -5.399164338   -146.9187462
     5 0     5S 1( 2.00)      -3.489979474      -1.744989737    -47.4835897
     5 1     5P 1( 6.00)      -1.824923236      -0.912461618    -24.8293455
     5 2     5D 1( 0.00)      -0.095563471      -0.047781735     -1.3002073
     4 3     4F 1( 9.00)      -0.222646145      -0.111323072     -3.0292551
     6 0     6S 1( 2.00)      -0.272282352      -0.136141176     -3.7045901
     6 1     6P 1( 0.00)      -0.086128258      -0.043064129     -1.1718346
     5 3     5F 1( 0.00)       0.001199019       0.000599509      0.0163135

     final scf error:  4.8E-15 reached in  28 iterations
 
     The valence states are: 5S,5P,5D,4F,6S,6P,5F,                                       

     Total energy of the atom:

     Etot =  -23417.888065 Ry,  -11708.944033 Ha, -318616.598607 eV

     Kinetic energy:

     Ekin =   25206.993129 Ry,   12603.496565 Ha,  342958.613072 eV
     Ekinc=   24714.224779 Ry,   12357.112389 Ha,  336254.158110 eV
     Ekinv=     492.768351 Ry,     246.384175 Ha,    6704.454961 eV
 

     Interaction between the nucleus and the electrons:

     Encl =  -57232.431895 Ry,  -28616.215947 Ha, -778686.905042 eV
     Enclc=  -54487.372004 Ry,  -27243.686002 Ha, -741338.462559 eV
     Enclv=   -2745.059891 Ry,   -1372.529946 Ha,  -37348.442483 eV
 

     Hartree energy:

     Eh   =    9119.292355 Ry,    4559.646178 Ha,  124074.293283 eV
     Ehcc =    7083.722244 Ry,    3541.861122 Ha,   96378.951016 eV
     Ehcv =    1791.136171 Ry,     895.568085 Ha,   24369.649083 eV
     Ehvv =     244.433947 Ry,     122.216973 Ha,    3325.693269 eV
 

     Exchange and correlation energy:

     Exc  =    -511.741655 Ry,    -255.870828 Ha,   -6962.599920 eV
 

     Estimated frozen-core energy from all-electron calculation:
     Efc = Ekinv + Enclv + Ehvv + Ehcv + Exc
     Ed = Etot - Efc

     Efc  =    -728.463078 Ry,    -364.231539 Ha,   -9911.245091 eV
     Ed   =  -22689.424987 Ry,  -11344.712494 Ha, -308705.353517 eV


     normalization and overlap integrals

     s(1S/1S) =  1.000000  <r> =   0.0215  <r2> =    0.0006  r(max) =   0.0136
     s(1S/2S) = -0.023763
     s(1S/3S) = -0.010312
     s(1S/4S) = -0.004961
     s(1S/5S) = -0.001991
     s(1S/6S) = -0.000556
     s(2S/2S) =  1.000000  <r> =   0.0915  <r2> =    0.0099  r(max) =   0.0777
     s(2S/3S) = -0.006487
     s(2S/4S) = -0.002985
     s(2S/5S) = -0.001188
     s(2S/6S) = -0.000331
     s(2P/2P) =  1.000000  <r> =   0.0809  <r2> =    0.0080  r(max) =   0.0630
     s(2P/3P) = -0.005213
     s(2P/4P) = -0.002267
     s(2P/5P) = -0.000793
     s(2P/6P) = -0.000172
     s(3S/3S) =  1.000000  <r> =   0.2393  <r2> =    0.0655  r(max) =   0.2199
     s(3S/4S) = -0.002112
     s(3S/5S) = -0.000815
     s(3S/6S) = -0.000227
     s(3P/3P) =  1.000000  <r> =   0.2381  <r2> =    0.0657  r(max) =   0.2156
     s(3P/4P) = -0.001798
     s(3P/5P) = -0.000611
     s(3P/6P) = -0.000132
     s(3D/3D) =  1.000000  <r> =   0.2165  <r2> =    0.0551  r(max) =   0.1765
     s(3D/4D) = -0.001290
     s(3D/5D) = -0.000213
     s(4S/4S) =  1.000000  <r> =   0.5414  <r2> =    0.3309  r(max) =   0.5044
     s(4S/5S) = -0.000553
     s(4S/6S) = -0.000152
     s(4P/4P) =  1.000000  <r> =   0.5736  <r2> =    0.3743  r(max) =   0.5250
     s(4P/5P) = -0.000418
     s(4P/6P) = -0.000090
     s(4D/4D) =  1.000000  <r> =   0.6238  <r2> =    0.4517  r(max) =   0.5464
     s(4D/5D) = -0.000156
     s(5S/5S) =  1.000000  <r> =   1.3267  <r2> =    1.9829  r(max) =   1.1801
     s(5S/6S) = -0.000079
     s(5P/5P) =  1.000000  <r> =   1.5733  <r2> =    2.8232  r(max) =   1.3439
     s(5P/6P) = -0.000042
     s(5D/5D) =  1.000000  <r> =   3.4625  <r2> =   15.4690  r(max) =   2.1289
     s(4F/4F) =  1.000001  <r> =   0.9101  <r2> =    1.1650  r(max) =   0.5574
     s(4F/5F) =  0.000000
     s(6S/6S) =  1.000000  <r> =   4.1635  <r2> =   19.7605  r(max) =   3.5100
     s(6P/6P) =  1.000000  <r> =   5.9739  <r2> =   41.2604  r(max) =   4.8337
     s(5F/5F) =  0.000000  <r> =   0.0000  <r2> =    0.0000  r(max) = 100.0443

     ------------------------ End of All-electron run ------------------------


     --------------------- Generating US pseudopotential ---------------------


      Generating local pot.: lloc=2, matching radius rcloc =   2.1000

      Computing core charge for nlcc: 

       r > 1.10 : true rho core
      Core charge pseudized with two Bessel functions
      ***Writing file tb.core ***
      Integrated core pseudo-charge :  13.25


      Wfc   4F  rcut= 1.089  Using Troullier-Martins method 
      Wfc-us  4F rcutus= 1.985  Estimated cut-off energy=    40.80 Ry
     rc*logder, xc(1), xc(2), rc*q(1),rc*q(2)
    -1.88200     1.46101    -0.46101     5.53995     8.96556


      Wfc   5F  rcut= 1.089  Using Troullier-Martins method 
      Wfc-us  5F rcutus= 1.985  Estimated cut-off energy=    69.15 Ry
     rc*logder, xc(1), xc(2), rc*q(1),rc*q(2)
     4.38755     1.79329    -0.79329     8.13604    11.67209


      Wfc   5P  rcut= 1.089  Using Troullier-Martins method 
      Wfc-us  5P rcutus= 1.796  Estimated cut-off energy=    24.85 Ry
     rc*logder, xc(1), xc(2), rc*q(1),rc*q(2)
    -1.30722     1.24343    -0.24343     3.23363     6.33130


      Wfc   6P  rcut= 1.089  Using Troullier-Martins method 
      Wfc-us  6P rcutus= 1.796  Estimated cut-off energy=    34.92 Ry
     rc*logder, xc(1), xc(2), rc*q(1),rc*q(2)
   -33.57418     1.22273    -0.22273     4.36408     7.50520


      Wfc   5S  rcut= 1.089  Using Troullier-Martins method 
      Wfc-us  5S rcutus= 1.593  Estimated cut-off energy=    19.90 Ry
     rc*logder, xc(1), xc(2), rc*q(1),rc*q(2)
    -1.62042     1.19754    -0.19754     2.20463     5.02437


      Wfc   6S  rcut= 1.089  Using Troullier-Martins method 
      Wfc-us  6S rcutus= 1.593  Estimated cut-off energy=    30.71 Ry
     rc*logder, xc(1), xc(2), rc*q(1),rc*q(2)
  -150.88325     1.02599    -0.02599     3.12091     6.24184

      The bmat matrix
    -0.77545    -1.44135     0.00000     0.00000     0.00000     0.00000
    -1.25000    -5.52967     0.00000     0.00000     0.00000     0.00000
     0.00000     0.00000    -0.12688     0.22248     0.00000     0.00000
     0.00000     0.00000    -0.15675     0.13249     0.00000     0.00000
     0.00000     0.00000     0.00000     0.00000     0.73281     0.73332
     0.00000     0.00000     0.00000     0.00000     0.16977     0.19621

      The bmat + epsilon qq matrix
    -0.95118    -1.30912     0.00000     0.00000     0.00000     0.00000
    -1.30888    -5.61426     0.00000     0.00000     0.00000     0.00000
     0.00000     0.00000     0.25068     0.14086     0.00000     0.00000
     0.00000     0.00000     0.14116     0.06703     0.00000     0.00000
     0.00000     0.00000     0.00000     0.00000     2.96604     0.78101
     0.00000     0.00000     0.00000     0.00000     0.78098     0.20938

      The qq matrix
     0.78927     0.26445     0.00000     0.00000     0.00000     0.00000
     0.26445    -0.16919     0.00000     0.00000     0.00000     0.00000
     0.00000     0.00000    -0.20689    -0.16324     0.00000     0.00000
     0.00000     0.00000    -0.16324    -0.13092     0.00000     0.00000
     0.00000     0.00000     0.00000     0.00000    -0.63990    -0.17513
     0.00000     0.00000     0.00000     0.00000    -0.17513    -0.04837

      The ddd matrix
     4.28604     0.62906     0.00000     0.00000     0.00000     0.00000
     0.62906    -6.48489     0.00000     0.00000     0.00000     0.00000
     0.00000     0.00000    -1.05074    -0.90172     0.00000     0.00000
     0.00000     0.00000    -0.90172    -0.77960     0.00000     0.00000
     0.00000     0.00000     0.00000     0.00000    -1.32373    -0.40052
     0.00000     0.00000     0.00000     0.00000    -0.40052    -0.11859

     ------------------- End of pseudopotential generation -------------------

     --------------------------- All-electron run ----------------------------

     Tb                                                                         
     scalar relativistic calculation

     atomic number is 65.00
     dft =PBE   lsd =0 sic =0 latt =0  beta=0.20 tr2=1.0E-14
     Exchange-correlation= PBE
                           (   1   4   3   4   0   0   0)
     mesh =1679 r(mesh) = 100.04426 a.u. xmin = -8.00 dx = 0.01000
     1 Ry =  13.60569312 eV, c = 137.03599908

     n l     nl                  e(Ry)          e(Ha)          e(eV)
     1 0     1S 1( 2.00)   -3811.806199383   -1905.903099692 -51862.2653931
     2 0     2S 1( 2.00)    -631.870904225    -315.935452112  -8597.0416162
     2 1     2P 1( 6.00)    -561.428456887    -280.714228444  -7638.6232949
     3 0     3S 1( 2.00)    -140.145200204     -70.072600102  -1906.7725866
     3 1     3P 1( 6.00)    -118.425276927     -59.212638464  -1611.2579759
     3 2     3D 1(10.00)     -90.144320484     -45.072160242  -1226.4759613
     4 0     4S 1( 2.00)     -27.755662963     -13.877831482   -377.6350327
     4 1     4P 1( 6.00)     -20.606513162     -10.303256581   -280.3658944
     4 2     4D 1(10.00)     -10.798328676      -5.399164338   -146.9187462
     5 0     5S 1( 2.00)      -3.489979474      -1.744989737    -47.4835897
     5 1     5P 1( 6.00)      -1.824923236      -0.912461618    -24.8293455
     5 2     5D 1( 0.00)      -0.095563471      -0.047781735     -1.3002073
     4 3     4F 1( 9.00)      -0.222646145      -0.111323072     -3.0292551
     6 0     6S 1( 2.00)      -0.272282352      -0.136141176     -3.7045901
     6 1     6P 1( 0.00)      -0.086128258      -0.043064129     -1.1718346
     5 3     5F 1( 0.00)       0.001199019       0.000599509      0.0163135

     final scf error:  4.8E-15 reached in  28 iterations
 
     The valence states are: 5S,5P,5D,4F,6S,6P,5F,                                       

     Total energy of the atom:

     Etot =  -23417.888065 Ry,  -11708.944033 Ha, -318616.598607 eV

     Kinetic energy:

     Ekin =   25206.993129 Ry,   12603.496565 Ha,  342958.613072 eV
     Ekinc=   24714.224779 Ry,   12357.112389 Ha,  336254.158110 eV
     Ekinv=     492.768351 Ry,     246.384175 Ha,    6704.454961 eV
 

     Interaction between the nucleus and the electrons:

     Encl =  -57232.431895 Ry,  -28616.215947 Ha, -778686.905042 eV
     Enclc=  -54487.372004 Ry,  -27243.686002 Ha, -741338.462559 eV
     Enclv=   -2745.059891 Ry,   -1372.529946 Ha,  -37348.442483 eV
 

     Hartree energy:

     Eh   =    9119.292355 Ry,    4559.646178 Ha,  124074.293283 eV
     Ehcc =    7083.722244 Ry,    3541.861122 Ha,   96378.951016 eV
     Ehcv =    1791.136171 Ry,     895.568085 Ha,   24369.649083 eV
     Ehvv =     244.433947 Ry,     122.216973 Ha,    3325.693269 eV
 

     Exchange and correlation energy:

     Exc  =    -511.741655 Ry,    -255.870828 Ha,   -6962.599920 eV
 

     Estimated frozen-core energy from all-electron calculation:
     Efc = Ekinv + Enclv + Ehvv + Ehcv + Exc
     Ed = Etot - Efc

     Efc  =    -728.463078 Ry,    -364.231539 Ha,   -9911.245091 eV
     Ed   =  -22689.424987 Ry,  -11344.712494 Ha, -308705.353517 eV


     normalization and overlap integrals

     s(1S/1S) =  1.000000  <r> =   0.0215  <r2> =    0.0006  r(max) =   0.0136
     s(1S/2S) = -0.023763
     s(1S/3S) = -0.010312
     s(1S/4S) = -0.004961
     s(1S/5S) = -0.001991
     s(1S/6S) = -0.000556
     s(2S/2S) =  1.000000  <r> =   0.0915  <r2> =    0.0099  r(max) =   0.0777
     s(2S/3S) = -0.006487
     s(2S/4S) = -0.002985
     s(2S/5S) = -0.001188
     s(2S/6S) = -0.000331
     s(2P/2P) =  1.000000  <r> =   0.0809  <r2> =    0.0080  r(max) =   0.0630
     s(2P/3P) = -0.005213
     s(2P/4P) = -0.002267
     s(2P/5P) = -0.000793
     s(2P/6P) = -0.000172
     s(3S/3S) =  1.000000  <r> =   0.2393  <r2> =    0.0655  r(max) =   0.2199
     s(3S/4S) = -0.002112
     s(3S/5S) = -0.000815
     s(3S/6S) = -0.000227
     s(3P/3P) =  1.000000  <r> =   0.2381  <r2> =    0.0657  r(max) =   0.2156
     s(3P/4P) = -0.001798
     s(3P/5P) = -0.000611
     s(3P/6P) = -0.000132
     s(3D/3D) =  1.000000  <r> =   0.2165  <r2> =    0.0551  r(max) =   0.1765
     s(3D/4D) = -0.001290
     s(3D/5D) = -0.000213
     s(4S/4S) =  1.000000  <r> =   0.5414  <r2> =    0.3309  r(max) =   0.5044
     s(4S/5S) = -0.000553
     s(4S/6S) = -0.000152
     s(4P/4P) =  1.000000  <r> =   0.5736  <r2> =    0.3743  r(max) =   0.5250
     s(4P/5P) = -0.000418
     s(4P/6P) = -0.000090
     s(4D/4D) =  1.000000  <r> =   0.6238  <r2> =    0.4517  r(max) =   0.5464
     s(4D/5D) = -0.000156
     s(5S/5S) =  1.000000  <r> =   1.3267  <r2> =    1.9829  r(max) =   1.1801
     s(5S/6S) = -0.000079
     s(5P/5P) =  1.000000  <r> =   1.5733  <r2> =    2.8232  r(max) =   1.3439
     s(5P/6P) = -0.000042
     s(5D/5D) =  1.000000  <r> =   3.4625  <r2> =   15.4690  r(max) =   2.1289
     s(4F/4F) =  1.000001  <r> =   0.9101  <r2> =    1.1650  r(max) =   0.5574
     s(4F/5F) =  0.000000
     s(6S/6S) =  1.000000  <r> =   4.1635  <r2> =   19.7605  r(max) =   3.5100
     s(6P/6P) =  1.000000  <r> =   5.9739  <r2> =   41.2604  r(max) =   4.8337
     s(5F/5F) =  0.000000  <r> =   0.0000  <r2> =    0.0000  r(max) = 100.0443

     ------------------------ End of All-electron run ------------------------

     Computing logarithmic derivative in   3.38931
     ------------------------ (GI)PAW reconstruction -------------------------

     ========================= 4F =========================
      AE: e(ref), l, n_idx  -0.222646144731640                3          13

     ========================= 5F =========================
      AE: e(ref), l, n_idx   0.500000000000000                3          16

     ========================= 5P =========================
      AE: e(ref), l, n_idx   -1.82492323585281                1          11

     ========================= 6P =========================
      AE: e(ref), l, n_idx   0.500000000000000                1          15

     ========================= 5S =========================
      AE: e(ref), l, n_idx   -3.48997947423966                0          10

     ========================= 6S =========================
      AE: e(ref), l, n_idx  -0.272282351908430                0          14

     ========================= 5D =========================
      AE: e(ref), l, n_idx  -9.556347098669568E-002           2          12

     ========================= 4F =========================
      PS: e(ref), e(eig), n_idx  -0.222653078084577      -0.222653078084577     
           1
      r(cut):    2.00000000000000             1287        1489
      SCALE:    1.00000000000000        1.98498772472889     
  0.715627244401365     
      SCALE:   0.999998377772646        2.08676022166870     
     NORM:   0.83534259  0.14057993

     ========================= 5F =========================
      PS: e(ref), e(eig), n_idx   0.500000000000000       3.597278720695506E-004
           2
      r(cut):    2.00000000000000             1287        1489
      SCALE:    1.00000000000000        1.98498772472889     
   7.93299833346227     
      SCALE:    1.00000117470242        2.08676022166870     
     NORM:   0.67078517  1.12809407

     ========================= 5P =========================
      PS: e(ref), e(eig), n_idx   -1.82492836959150       -1.82492836959150     
           3
      r(cut):    1.80000000000000             1277        1489
      SCALE:    1.00000000000000        1.79609116767677     
  -1.98502113506782     
      SCALE:   0.999999857359068        1.88817873103485     
     NORM:   0.82901143  1.07407701

     ========================= 6P =========================
      PS: e(ref), e(eig), n_idx   0.500000000000000      -8.612680669538221E-002
           4
      r(cut):    1.80000000000000             1277        1489
      SCALE:    1.00000000000000        1.79609116767677     
  -2.77224257386895     
      SCALE:   0.999966616109679        1.88817873103485     
     NORM:   0.67135614  1.02389075

     ========================= 5S =========================
      PS: e(ref), e(eig), n_idx   -3.48998207096370       -3.48998207096370     
           5
      r(cut):    1.60000000000000             1265        1489
      SCALE:    1.00000000000000        1.59298996281971     
   2.11367823906262     
      SCALE:    1.00000019780129        1.67466430472948     
     NORM:   0.71502892  1.32251615

     ========================= 6S =========================
      PS: e(ref), e(eig), n_idx  -0.272281339401276      -0.272281339401276     
           6
      r(cut):    1.60000000000000             1265        1489
      SCALE:    1.00000000000000        1.59298996281971     
   2.61896922578138     
      SCALE:   0.999927313137573        1.67466430472948     
     NORM:   0.57018013  1.36327055

     ========================= 5D =========================
      PS: e(ref), e(eig), n_idx  -9.556194615251319E-002 -9.556194615251319E-002
           7
      r(cut):    2.10000000000000             1292        1489
      SCALE:    1.00000000000000        2.08676022166870     
  0.927904887692590     
      SCALE:    1.00000033585051        2.19375070610753     
     NORM:   1.09348821  1.09348225
     --------------------- End of (GI)PAW reconstruction ---------------------
     Computing logarithmic derivative in   3.38931
     Computing the partial wave expansion 
     R is outside the sphere for l=    0 j= 0.00
     R is outside the sphere for l=    0 j= 0.00
     R is outside the sphere for l=    1 j= 0.00
     R is outside the sphere for l=    1 j= 0.00
       no projector for channel:   2
     R is outside the sphere for l=    3 j= 0.00
     R is outside the sphere for l=    3 j= 0.00

     ---------------------- Testing the pseudopotential ----------------------

     Tb                                                                         
     scalar relativistic calculation

     atomic number is 65.00   valence charge is 19.00
     dft =PBE   lsd =0 sic =0 latt =0  beta=0.20 tr2=1.0E-14
     mesh =1679 r(mesh) = 100.04426 xmin = -8.00 dx = 0.01000

     n l     nl             e AE (Ry)        e PS (Ry)    De AE-PS (Ry) 
     4 3     4F   1( 9.00)       -0.22265       -0.22265     0.00000693
     5 3     5F   1( 0.00)        0.00120        0.00036     0.00083929
     2 1     5P   1( 6.00)       -1.82492       -1.82493     0.00000513
     3 1     6P   1( 0.00)       -0.08613       -0.08613    -0.00000145
     1 0     5S   1( 2.00)       -3.48998       -3.48998     0.00000260
     2 0     6S   1( 2.00)       -0.27228       -0.27228    -0.00000101
     3 2     5D   1( 0.00)       -0.09556       -0.09556    -0.00000152

     eps = 1.2E-15  iter = 11
 
     Etot =  -23417.888065 Ry,  -11708.944033 Ha, -318616.598607 eV
     Etotps =  -290.343643 Ry,    -145.171822 Ha,   -3950.326511 eV

     Ekin =      39.339850 Ry,      19.669925 Ha,     535.245932 eV
     Encl =    -528.254470 Ry,    -264.127235 Ha,   -7187.268211 eV
     Ehrt =     240.351549 Ry,     120.175775 Ha,    3270.149424 eV
     Ecxc =     -71.165641 Ry,     -35.582820 Ha,    -968.257870 eV
     (Ecc =     -34.416207 Ry,     -17.208104 Ha,    -468.256355 eV)
     Epseu=      29.385068 Ry,      14.692534 Ha,     399.804214 eV

     ---------------------- End of pseudopotential test ----------------------


     -------------- Test with a basis set of Bessel functions ----------

     Box size (a.u.) :   30.0

     Cutoff (Ry) :   20.0
                           N = 1       N = 2       N = 3
     E(L=0) =        -3.4884 Ry   -0.2722 Ry   -0.0062 Ry
     E(L=1) =        -1.8215 Ry   -0.0859 Ry    0.0195 Ry
     E(L=2) =        -0.0952 Ry    0.0289 Ry    0.0685 Ry
     E(L=3) =        -0.1921 Ry    0.0505 Ry    0.1016 Ry

     Cutoff (Ry) :   25.0
                           N = 1       N = 2       N = 3
     E(L=0) =        -3.4890 Ry   -0.2722 Ry   -0.0062 Ry
     E(L=1) =        -1.8240 Ry   -0.0861 Ry    0.0194 Ry
     E(L=2) =        -0.0954 Ry    0.0289 Ry    0.0684 Ry
     E(L=3) =        -0.2148 Ry    0.0505 Ry    0.1016 Ry

     Cutoff (Ry) :   30.0
                           N = 1       N = 2       N = 3
     E(L=0) =        -3.4892 Ry   -0.2722 Ry   -0.0062 Ry
     E(L=1) =        -1.8242 Ry   -0.0861 Ry    0.0194 Ry
     E(L=2) =        -0.0954 Ry    0.0289 Ry    0.0684 Ry
     E(L=3) =        -0.2208 Ry    0.0505 Ry    0.1016 Ry

     Cutoff (Ry) :   35.0
                           N = 1       N = 2       N = 3
     E(L=0) =        -3.4892 Ry   -0.2722 Ry   -0.0062 Ry
     E(L=1) =        -1.8242 Ry   -0.0861 Ry    0.0194 Ry
     E(L=2) =        -0.0954 Ry    0.0289 Ry    0.0684 Ry
     E(L=3) =        -0.2229 Ry    0.0505 Ry    0.1016 Ry

     Cutoff (Ry) :   40.0
                           N = 1       N = 2       N = 3
     E(L=0) =        -3.4892 Ry   -0.2722 Ry   -0.0062 Ry
     E(L=1) =        -1.8243 Ry   -0.0861 Ry    0.0194 Ry
     E(L=2) =        -0.0954 Ry    0.0289 Ry    0.0684 Ry
     E(L=3) =        -0.2231 Ry    0.0505 Ry    0.1016 Ry

     Cutoff (Ry) :   45.0
                           N = 1       N = 2       N = 3
     E(L=0) =        -3.4892 Ry   -0.2722 Ry   -0.0062 Ry
     E(L=1) =        -1.8243 Ry   -0.0861 Ry    0.0194 Ry
     E(L=2) =        -0.0954 Ry    0.0289 Ry    0.0684 Ry
     E(L=3) =        -0.2231 Ry    0.0505 Ry    0.1015 Ry

     Cutoff (Ry) :   50.0
                           N = 1       N = 2       N = 3
     E(L=0) =        -3.4892 Ry   -0.2722 Ry   -0.0062 Ry
     E(L=1) =        -1.8243 Ry   -0.0861 Ry    0.0194 Ry
     E(L=2) =        -0.0954 Ry    0.0289 Ry    0.0684 Ry
     E(L=3) =        -0.2232 Ry    0.0505 Ry    0.1015 Ry

     Cutoff (Ry) :   55.0
                           N = 1       N = 2       N = 3
     E(L=0) =        -3.4893 Ry   -0.2722 Ry   -0.0062 Ry
     E(L=1) =        -1.8243 Ry   -0.0861 Ry    0.0194 Ry
     E(L=2) =        -0.0954 Ry    0.0289 Ry    0.0684 Ry
     E(L=3) =        -0.2232 Ry    0.0505 Ry    0.1015 Ry

     Cutoff (Ry) :   60.0
                           N = 1       N = 2       N = 3
     E(L=0) =        -3.4893 Ry   -0.2722 Ry   -0.0062 Ry
     E(L=1) =        -1.8243 Ry   -0.0861 Ry    0.0194 Ry
     E(L=2) =        -0.0954 Ry    0.0289 Ry    0.0684 Ry
     E(L=3) =        -0.2233 Ry    0.0505 Ry    0.1015 Ry

     -------------- End of Bessel function test ------------------------

