
     Program LD1 v.6.8 starts on  7Nov2024 at 14:42:17 

     This program is part of the open-source Quantum ESPRESSO suite
     for quantum simulation of materials; please cite
         "P. Giannozzi et al., J. Phys.:Condens. Matter 21 395502 (2009);
         "P. Giannozzi et al., J. Phys.:Condens. Matter 29 465901 (2017);
         "P. Giannozzi et al., J. Chem. Phys. 152 154105 (2020);
          URL http://www.quantum-espresso.org", 
     in publications or presentations arising from this work. More details at
     http://www.quantum-espresso.org/quote

     Parallel version (MPI), running on     1 processors

     MPI processes distributed on     1 nodes
     16672 MiB available memory on the printing compute node when the environment starts
 
     Waiting for input...
     Reading input from standard input
     --------------------------- All-electron run ----------------------------

     Er                                                                         
     scalar relativistic calculation

     atomic number is 68.00
     dft =PBE   lsd =0 sic =0 latt =0  beta=0.20 tr2=1.0E-14
     Exchange-correlation= PBE
                           (   1   4   3   4   0   0   0)
     mesh =1683 r(mesh) =  99.53330 a.u. xmin = -8.00 dx = 0.01000
     1 Ry =  13.60569312 eV, c = 137.03599908

     n l     nl                  e(Ry)          e(Ha)          e(eV)
     1 0     1S 1( 2.00)   -4217.139507721   -2108.569753861 -57377.1059989
     2 0     2S 1( 2.00)    -708.455491975    -354.227745988  -9639.0280151
     2 1     2P 1( 6.00)    -626.541636347    -313.270818174  -8524.5332329
     3 0     3S 1( 2.00)    -158.737113150     -79.368556575  -2159.7284487
     3 1     3P 1( 6.00)    -133.824322081     -66.912161041  -1820.7726586
     3 2     3D 1(10.00)    -102.664839135     -51.332419568  -1396.8262958
     4 0     4S 1( 2.00)     -31.310748692     -15.655374346   -426.0044382
     4 1     4P 1( 6.00)     -23.119467291     -11.559733646   -314.5563771
     4 2     4D 1(10.00)     -12.152876360      -6.076438180   -165.3483063
     5 0     5S 1( 2.00)      -3.811621868      -1.905810934    -51.8597574
     5 1     5P 1( 6.00)      -1.939073083      -0.969536542    -26.3824333
     5 2     5D 1( 0.00)      -0.067174811      -0.033587406     -0.9139599
     4 3     4F 1(12.00)      -0.230420144      -0.115210072     -3.1350258
     6 0     6S 1( 2.00)      -0.281557631      -0.140778815     -3.8307867
     6 1     6P 1( 0.00)      -0.083280017      -0.041640009     -1.1330824
     5 3     5F 1( 0.00)       0.001211428       0.000605714      0.0164823

     final scf error:  2.1E-15 reached in  43 iterations
 
     The valence states are: 5S,5P,5D,4F,6S,6P,5F,                                       

     Total energy of the atom:

     Etot =  -26172.743732 Ry,  -13086.371866 Ha, -356098.319402 eV

     Kinetic energy:

     Ekin =   28379.601268 Ry,   14189.800634 Ha,  386124.145801 eV
     Ekinc=   27663.415083 Ry,   13831.707541 Ha,  376379.936348 eV
     Ekinv=     716.186185 Ry,     358.093093 Ha,    9744.209454 eV
 

     Interaction between the nucleus and the electrons:

     Encl =  -64237.710958 Ry,  -32118.855479 Ha, -873998.582224 eV
     Enclc=  -60474.170229 Ry,  -30237.085115 Ha, -822793.002005 eV
     Enclv=   -3763.540729 Ry,   -1881.770365 Ha,  -51205.580219 eV
 

     Hartree energy:

     Eh   =   10240.624187 Ry,    5120.312094 Ha,  139330.790082 eV
     Ehcc =    7524.044509 Ry,    3762.022255 Ha,  102369.840637 eV
     Ehcv =    2343.322838 Ry,    1171.661419 Ha,   31882.531419 eV
     Ehvv =     373.256828 Ry,     186.628414 Ha,    5078.417853 eV
 

     Exchange and correlation energy:

     Exc  =    -555.258229 Ry,    -277.629114 Ha,   -7554.673062 eV
 

     Estimated frozen-core energy from all-electron calculation:
     Efc = Ekinv + Enclv + Ehvv + Ehcv + Exc
     Ed = Etot - Efc

     Efc  =    -886.033107 Ry,    -443.016554 Ha,  -12055.094555 eV
     Ed   =  -25286.710625 Ry,  -12643.355312 Ha, -344043.224847 eV


     normalization and overlap integrals

     s(1S/1S) =  1.000000  <r> =   0.0204  <r2> =    0.0006  r(max) =   0.0129
     s(1S/2S) = -0.026343
     s(1S/3S) = -0.011476
     s(1S/4S) = -0.005543
     s(1S/5S) = -0.002204
     s(1S/6S) = -0.000599
     s(2S/2S) =  1.000000  <r> =   0.0865  <r2> =    0.0088  r(max) =   0.0736
     s(2S/3S) = -0.007254
     s(2S/4S) = -0.003349
     s(2S/5S) = -0.001320
     s(2S/6S) = -0.000358
     s(2P/2P) =  1.000000  <r> =   0.0767  <r2> =    0.0072  r(max) =   0.0596
     s(2P/3P) = -0.005801
     s(2P/4P) = -0.002529
     s(2P/5P) = -0.000870
     s(2P/6P) = -0.000180
     s(3S/3S) =  1.000000  <r> =   0.2253  <r2> =    0.0580  r(max) =   0.2081
     s(3S/4S) = -0.002388
     s(3S/5S) = -0.000913
     s(3S/6S) = -0.000247
     s(3P/3P) =  1.000000  <r> =   0.2245  <r2> =    0.0584  r(max) =   0.2040
     s(3P/4P) = -0.002026
     s(3P/5P) = -0.000677
     s(3P/6P) = -0.000140
     s(3D/3D) =  1.000000  <r> =   0.2038  <r2> =    0.0487  r(max) =   0.1670
     s(3D/4D) = -0.001457
     s(3D/5D) = -0.000212
     s(4S/4S) =  1.000000  <r> =   0.5081  <r2> =    0.2915  r(max) =   0.4726
     s(4S/5S) = -0.000623
     s(4S/6S) = -0.000166
     s(4P/4P) =  1.000000  <r> =   0.5390  <r2> =    0.3307  r(max) =   0.4968
     s(4P/5P) = -0.000467
     s(4P/6P) = -0.000096
     s(4D/4D) =  1.000000  <r> =   0.5837  <r2> =    0.3957  r(max) =   0.5120
     s(4D/5D) = -0.000158
     s(5S/5S) =  1.000000  <r> =   1.2532  <r2> =    1.7706  r(max) =   1.1168
     s(5S/6S) = -0.000085
     s(5P/5P) =  1.000000  <r> =   1.4970  <r2> =    2.5602  r(max) =   1.2719
     s(5P/6P) = -0.000044
     s(5D/5D) =  1.000000  <r> =   3.6847  <r2> =   17.9408  r(max) =   2.1180
     s(4F/4F) =  1.000000  <r> =   0.8327  <r2> =    0.9772  r(max) =   0.5069
     s(4F/5F) =  0.000000
     s(6S/6S) =  1.000000  <r> =   4.0182  <r2> =   18.4501  r(max) =   3.3889
     s(6P/6P) =  1.000000  <r> =   5.8982  <r2> =   40.3800  r(max) =   4.7138
     s(5F/5F) =  0.000000  <r> =   0.0000  <r2> =    0.0000  r(max) =  99.5333

     ------------------------ End of All-electron run ------------------------


     --------------------- Generating US pseudopotential ---------------------


      Generating local pot.: lloc=2, matching radius rcloc =   2.1000

      Computing core charge for nlcc: 

       r > 1.11 : true rho core
      Core charge pseudized with two Bessel functions
      ***Writing file er.core ***
      Integrated core pseudo-charge :  10.07


      Wfc   4F  rcut= 1.298  Using Troullier-Martins method 
      Wfc-us  4F rcutus= 2.015  Estimated cut-off energy=    39.72 Ry
     rc*logder, xc(1), xc(2), rc*q(1),rc*q(2)
    -1.99094     1.47971    -0.47971     5.56463     8.97873


      Wfc   5F  rcut= 1.298  Using Troullier-Martins method 
      Wfc-us  5F rcutus= 2.015  Estimated cut-off energy=    34.97 Ry
     rc*logder, xc(1), xc(2), rc*q(1),rc*q(2)
     2.14674     0.99759     0.00241     3.74617     8.42475


      Wfc   5P  rcut= 1.298  Using Troullier-Martins method 
      Wfc-us  5P rcutus= 1.787  Estimated cut-off energy=    25.32 Ry
     rc*logder, xc(1), xc(2), rc*q(1),rc*q(2)
    -1.48314     1.28137    -0.28137     3.28158     6.35814


      Wfc   6P  rcut= 1.298  Using Troullier-Martins method 
      Wfc-us  6P rcutus= 1.787  Estimated cut-off energy=    38.03 Ry
     rc*logder, xc(1), xc(2), rc*q(1),rc*q(2)
   117.16477     1.25681    -0.25681     4.53207     7.79166


      Wfc   5S  rcut= 1.298  Using Troullier-Martins method 
      Wfc-us  5S rcutus= 1.585  Estimated cut-off energy=    20.44 Ry
     rc*logder, xc(1), xc(2), rc*q(1),rc*q(2)
    -1.87124     1.26878    -0.26878     2.26195     5.06620


      Wfc   6S  rcut= 1.298  Using Troullier-Martins method 
      Wfc-us  6S rcutus= 1.585  Estimated cut-off energy=    34.21 Ry
     rc*logder, xc(1), xc(2), rc*q(1),rc*q(2)
    23.50912     1.07131    -0.07131     3.28023     6.55511

      The bmat matrix
    -0.58404    -0.18336     0.00000     0.00000     0.00000     0.00000
     0.35193     0.14165     0.00000     0.00000     0.00000     0.00000
     0.00000     0.00000    -0.07586     0.27229     0.00000     0.00000
     0.00000     0.00000    -0.11477     0.16251     0.00000     0.00000
     0.00000     0.00000     0.00000     0.00000     0.99990     0.89238
     0.00000     0.00000     0.00000     0.00000     0.22134     0.23258

      The bmat + epsilon qq matrix
    -0.77761    -0.20013     0.00000     0.00000     0.00000     0.00000
     0.35450     0.29432     0.00000     0.00000     0.00000     0.00000
     0.00000     0.00000     0.29126     0.19294     0.00000     0.00000
     0.00000     0.00000     0.19295     0.09484     0.00000     0.00000
     0.00000     0.00000     0.00000     0.00000     3.68753     0.94607
     0.00000     0.00000     0.00000     0.00000     0.94811     0.24722

      The qq matrix
     0.84009    -0.01118     0.00000     0.00000     0.00000     0.00000
    -0.01118     0.10178     0.00000     0.00000     0.00000     0.00000
     0.00000     0.00000    -0.18933    -0.15870     0.00000     0.00000
     0.00000     0.00000    -0.15870    -0.13535     0.00000     0.00000
     0.00000     0.00000     0.00000     0.00000    -0.70511    -0.19067
     0.00000     0.00000     0.00000     0.00000    -0.19067    -0.05198

      The ddd matrix
     5.43658     0.23999     0.00000     0.00000     0.00000     0.00000
     0.23999     1.15804     0.00000     0.00000     0.00000     0.00000
     0.00000     0.00000    -1.04579    -0.94778     0.00000     0.00000
     0.00000     0.00000    -0.94778    -0.89050     0.00000     0.00000
     0.00000     0.00000     0.00000     0.00000    -1.64029    -0.50339
     0.00000     0.00000     0.00000     0.00000    -0.50339    -0.15054

     ------------------- End of pseudopotential generation -------------------

     --------------------------- All-electron run ----------------------------

     Er                                                                         
     scalar relativistic calculation

     atomic number is 68.00
     dft =PBE   lsd =0 sic =0 latt =0  beta=0.20 tr2=1.0E-14
     Exchange-correlation= PBE
                           (   1   4   3   4   0   0   0)
     mesh =1683 r(mesh) =  99.53330 a.u. xmin = -8.00 dx = 0.01000
     1 Ry =  13.60569312 eV, c = 137.03599908

     n l     nl                  e(Ry)          e(Ha)          e(eV)
     1 0     1S 1( 2.00)   -4217.139507721   -2108.569753861 -57377.1059989
     2 0     2S 1( 2.00)    -708.455491975    -354.227745988  -9639.0280151
     2 1     2P 1( 6.00)    -626.541636347    -313.270818174  -8524.5332329
     3 0     3S 1( 2.00)    -158.737113150     -79.368556575  -2159.7284487
     3 1     3P 1( 6.00)    -133.824322081     -66.912161041  -1820.7726586
     3 2     3D 1(10.00)    -102.664839135     -51.332419568  -1396.8262958
     4 0     4S 1( 2.00)     -31.310748692     -15.655374346   -426.0044382
     4 1     4P 1( 6.00)     -23.119467291     -11.559733646   -314.5563771
     4 2     4D 1(10.00)     -12.152876360      -6.076438180   -165.3483063
     5 0     5S 1( 2.00)      -3.811621868      -1.905810934    -51.8597574
     5 1     5P 1( 6.00)      -1.939073083      -0.969536542    -26.3824333
     5 2     5D 1( 0.00)      -0.067174811      -0.033587406     -0.9139599
     4 3     4F 1(12.00)      -0.230420144      -0.115210072     -3.1350258
     6 0     6S 1( 2.00)      -0.281557631      -0.140778815     -3.8307867
     6 1     6P 1( 0.00)      -0.083280017      -0.041640009     -1.1330824
     5 3     5F 1( 0.00)       0.001211428       0.000605714      0.0164823

     final scf error:  2.1E-15 reached in  43 iterations
 
     The valence states are: 5S,5P,5D,4F,6S,6P,5F,                                       

     Total energy of the atom:

     Etot =  -26172.743732 Ry,  -13086.371866 Ha, -356098.319402 eV

     Kinetic energy:

     Ekin =   28379.601268 Ry,   14189.800634 Ha,  386124.145801 eV
     Ekinc=   27663.415083 Ry,   13831.707541 Ha,  376379.936348 eV
     Ekinv=     716.186185 Ry,     358.093093 Ha,    9744.209454 eV
 

     Interaction between the nucleus and the electrons:

     Encl =  -64237.710958 Ry,  -32118.855479 Ha, -873998.582224 eV
     Enclc=  -60474.170229 Ry,  -30237.085115 Ha, -822793.002005 eV
     Enclv=   -3763.540729 Ry,   -1881.770365 Ha,  -51205.580219 eV
 

     Hartree energy:

     Eh   =   10240.624187 Ry,    5120.312094 Ha,  139330.790082 eV
     Ehcc =    7524.044509 Ry,    3762.022255 Ha,  102369.840637 eV
     Ehcv =    2343.322838 Ry,    1171.661419 Ha,   31882.531419 eV
     Ehvv =     373.256828 Ry,     186.628414 Ha,    5078.417853 eV
 

     Exchange and correlation energy:

     Exc  =    -555.258229 Ry,    -277.629114 Ha,   -7554.673062 eV
 

     Estimated frozen-core energy from all-electron calculation:
     Efc = Ekinv + Enclv + Ehvv + Ehcv + Exc
     Ed = Etot - Efc

     Efc  =    -886.033107 Ry,    -443.016554 Ha,  -12055.094555 eV
     Ed   =  -25286.710625 Ry,  -12643.355312 Ha, -344043.224847 eV


     normalization and overlap integrals

     s(1S/1S) =  1.000000  <r> =   0.0204  <r2> =    0.0006  r(max) =   0.0129
     s(1S/2S) = -0.026343
     s(1S/3S) = -0.011476
     s(1S/4S) = -0.005543
     s(1S/5S) = -0.002204
     s(1S/6S) = -0.000599
     s(2S/2S) =  1.000000  <r> =   0.0865  <r2> =    0.0088  r(max) =   0.0736
     s(2S/3S) = -0.007254
     s(2S/4S) = -0.003349
     s(2S/5S) = -0.001320
     s(2S/6S) = -0.000358
     s(2P/2P) =  1.000000  <r> =   0.0767  <r2> =    0.0072  r(max) =   0.0596
     s(2P/3P) = -0.005801
     s(2P/4P) = -0.002529
     s(2P/5P) = -0.000870
     s(2P/6P) = -0.000180
     s(3S/3S) =  1.000000  <r> =   0.2253  <r2> =    0.0580  r(max) =   0.2081
     s(3S/4S) = -0.002388
     s(3S/5S) = -0.000913
     s(3S/6S) = -0.000247
     s(3P/3P) =  1.000000  <r> =   0.2245  <r2> =    0.0584  r(max) =   0.2040
     s(3P/4P) = -0.002026
     s(3P/5P) = -0.000677
     s(3P/6P) = -0.000140
     s(3D/3D) =  1.000000  <r> =   0.2038  <r2> =    0.0487  r(max) =   0.1670
     s(3D/4D) = -0.001457
     s(3D/5D) = -0.000212
     s(4S/4S) =  1.000000  <r> =   0.5081  <r2> =    0.2915  r(max) =   0.4726
     s(4S/5S) = -0.000623
     s(4S/6S) = -0.000166
     s(4P/4P) =  1.000000  <r> =   0.5390  <r2> =    0.3307  r(max) =   0.4968
     s(4P/5P) = -0.000467
     s(4P/6P) = -0.000096
     s(4D/4D) =  1.000000  <r> =   0.5837  <r2> =    0.3957  r(max) =   0.5120
     s(4D/5D) = -0.000158
     s(5S/5S) =  1.000000  <r> =   1.2532  <r2> =    1.7706  r(max) =   1.1168
     s(5S/6S) = -0.000085
     s(5P/5P) =  1.000000  <r> =   1.4970  <r2> =    2.5602  r(max) =   1.2719
     s(5P/6P) = -0.000044
     s(5D/5D) =  1.000000  <r> =   3.6847  <r2> =   17.9408  r(max) =   2.1180
     s(4F/4F) =  1.000000  <r> =   0.8327  <r2> =    0.9772  r(max) =   0.5069
     s(4F/5F) =  0.000000
     s(6S/6S) =  1.000000  <r> =   4.0182  <r2> =   18.4501  r(max) =   3.3889
     s(6P/6P) =  1.000000  <r> =   5.8982  <r2> =   40.3800  r(max) =   4.7138
     s(5F/5F) =  0.000000  <r> =   0.0000  <r2> =    0.0000  r(max) =  99.5333

     ------------------------ End of All-electron run ------------------------

     Computing logarithmic derivative in   3.40588
     ------------------------ (GI)PAW reconstruction -------------------------

     ========================= 4F =========================
      AE: e(ref), l, n_idx  -0.230420143838448                3          13

     ========================= 5F =========================
      AE: e(ref), l, n_idx    1.50000000000000                3          16

     ========================= 5P =========================
      AE: e(ref), l, n_idx   -1.93907308305435                1          11

     ========================= 6P =========================
      AE: e(ref), l, n_idx   0.500000000000000                1          15

     ========================= 5S =========================
      AE: e(ref), l, n_idx   -3.81162186776353                0          10

     ========================= 6S =========================
      AE: e(ref), l, n_idx  -0.281557630940127                0          14

     ========================= 5D =========================
      AE: e(ref), l, n_idx  -6.717481104051462E-002           2          12

     ========================= 4F =========================
      PS: e(ref), e(eig), n_idx  -0.230000111325065      -0.230000111325065     
           1
      r(cut):    2.00000000000000             1292        1493
      SCALE:    1.00000000000000        1.99469727071272     
  0.573141327930125     
      SCALE:   0.999978351651992        2.09696758672043     
     NORM:   0.76944358  0.09720030

     ========================= 5F =========================
      PS: e(ref), e(eig), n_idx    1.50000000000000       3.634508960657115E-004
           2
      r(cut):    2.00000000000000             1292        1493
      SCALE:    1.00000000000000        1.99469727071272     
  0.243428869396411     
      SCALE:   0.954628072678646        2.09696758672043     
     NORM:   0.99259854  0.36806211

     ========================= 5P =========================
      PS: e(ref), e(eig), n_idx   -1.93885732113825       -1.93885732113825     
           3
      r(cut):    1.80000000000000             1281        1493
      SCALE:    1.00000000000000        1.78691790468728     
  -2.10670158796610     
      SCALE:   0.999994403117781        1.87853514479454     
     NORM:   0.84334338  1.05795136

     ========================= 6P =========================
      PS: e(ref), e(eig), n_idx   0.500000000000000      -8.326571748675926E-002
           4
      r(cut):    1.80000000000000             1281        1493
      SCALE:    1.00000000000000        1.78691790468728     
  -3.12024708141427     
      SCALE:   0.997536933019293        1.87853514479454     
     NORM:   0.64512636  1.00024396

     ========================= 5S =========================
      PS: e(ref), e(eig), n_idx   -3.81135389059482       -3.81135389059482     
           5
      r(cut):    1.60000000000000             1269        1493
      SCALE:    1.00000000000000        1.58485400840295     
   2.32144401694019     
      SCALE:   0.999996253401873        1.66611121100970     
     NORM:   0.72192174  1.35623499

     ========================= 6S =========================
      PS: e(ref), e(eig), n_idx  -0.281511036888716      -0.281511036888716     
           6
      r(cut):    1.60000000000000             1269        1493
      SCALE:    1.00000000000000        1.58485400840295     
   3.01829798410650     
      SCALE:   0.999747105748909        1.66611121100970     
     NORM:   0.54088207  1.40581906

     ========================= 5D =========================
      PS: e(ref), e(eig), n_idx  -6.711552589006566E-002 -6.711552589006566E-002
           7
      r(cut):    2.10000000000000             1297        1493
      SCALE:    1.00000000000000        2.09696758672043     
   1.05057860771983     
      SCALE:   0.999987666273042        2.20448141395657     
     NORM:   1.11823479  1.11812127
     --------------------- End of (GI)PAW reconstruction ---------------------
     Computing logarithmic derivative in   3.40588
     Computing the partial wave expansion 
     R is outside the sphere for l=    0 j= 0.00
     R is outside the sphere for l=    0 j= 0.00
     R is outside the sphere for l=    1 j= 0.00
     R is outside the sphere for l=    1 j= 0.00
       no projector for channel:   2
     R is outside the sphere for l=    3 j= 0.00
     R is outside the sphere for l=    3 j= 0.00

     ---------------------- Testing the pseudopotential ----------------------

     Er                                                                         
     scalar relativistic calculation

     atomic number is 68.00   valence charge is 22.00
     dft =PBE   lsd =0 sic =0 latt =0  beta=0.20 tr2=1.0E-14
     mesh =1683 r(mesh) =  99.53330 xmin = -8.00 dx = 0.01000

     n l     nl             e AE (Ry)        e PS (Ry)    De AE-PS (Ry) 
     4 3     4F   1(12.00)       -0.23042       -0.23000    -0.00042003
     5 3     5F   1( 0.00)        0.00121        0.00036     0.00084798
     2 1     5P   1( 6.00)       -1.93907       -1.93886    -0.00021576
     3 1     6P   1( 0.00)       -0.08328       -0.08327    -0.00001430
     1 0     5S   1( 2.00)       -3.81162       -3.81135    -0.00026798
     2 0     6S   1( 2.00)       -0.28156       -0.28151    -0.00004659
     3 2     5D   1( 0.00)       -0.06717       -0.06712    -0.00005929

     eps = 7.5E-15  iter = 10
 
     Etot =  -26172.743732 Ry,  -13086.371866 Ha, -356098.319402 eV
     Etotps =  -397.703046 Ry,    -198.851523 Ha,   -5411.025603 eV

     Ekin =      42.075903 Ry,      21.037952 Ha,     572.471829 eV
     Encl =    -782.640732 Ry,    -391.320366 Ha,  -10648.369627 eV
     Ehrt =     357.849703 Ry,     178.924852 Ha,    4868.793243 eV
     Ecxc =     -70.363471 Ry,     -35.181736 Ha,    -957.343799 eV
     (Ecc =     -24.409714 Ry,     -12.204857 Ha,    -332.111077 eV)
     Epseu=      55.375551 Ry,      27.687775 Ha,     753.422750 eV

     ---------------------- End of pseudopotential test ----------------------


     -------------- Test with a basis set of Bessel functions ----------

     Box size (a.u.) :   30.0

     Cutoff (Ry) :   20.0
                           N = 1       N = 2       N = 3
     E(L=0) =        -3.8099 Ry   -0.2815 Ry   -0.0059 Ry
     E(L=1) =        -1.9344 Ry   -0.0828 Ry    0.0201 Ry
     E(L=2) =        -0.0664 Ry    0.0306 Ry    0.0720 Ry
     E(L=3) =        -0.1421 Ry    0.0510 Ry    0.1033 Ry

     Cutoff (Ry) :   25.0
                           N = 1       N = 2       N = 3
     E(L=0) =        -3.8110 Ry   -0.2815 Ry   -0.0059 Ry
     E(L=1) =        -1.9381 Ry   -0.0832 Ry    0.0201 Ry
     E(L=2) =        -0.0670 Ry    0.0306 Ry    0.0719 Ry
     E(L=3) =        -0.2162 Ry    0.0510 Ry    0.1033 Ry

     Cutoff (Ry) :   30.0
                           N = 1       N = 2       N = 3
     E(L=0) =        -3.8111 Ry   -0.2815 Ry   -0.0059 Ry
     E(L=1) =        -1.9383 Ry   -0.0832 Ry    0.0200 Ry
     E(L=2) =        -0.0670 Ry    0.0306 Ry    0.0719 Ry
     E(L=3) =        -0.2274 Ry    0.0510 Ry    0.1033 Ry

     Cutoff (Ry) :   35.0
                           N = 1       N = 2       N = 3
     E(L=0) =        -3.8111 Ry   -0.2815 Ry   -0.0059 Ry
     E(L=1) =        -1.9384 Ry   -0.0832 Ry    0.0200 Ry
     E(L=2) =        -0.0671 Ry    0.0306 Ry    0.0719 Ry
     E(L=3) =        -0.2290 Ry    0.0510 Ry    0.1033 Ry

     Cutoff (Ry) :   40.0
                           N = 1       N = 2       N = 3
     E(L=0) =        -3.8111 Ry   -0.2815 Ry   -0.0059 Ry
     E(L=1) =        -1.9385 Ry   -0.0832 Ry    0.0200 Ry
     E(L=2) =        -0.0671 Ry    0.0306 Ry    0.0719 Ry
     E(L=3) =        -0.2290 Ry    0.0510 Ry    0.1033 Ry

     Cutoff (Ry) :   45.0
                           N = 1       N = 2       N = 3
     E(L=0) =        -3.8111 Ry   -0.2815 Ry   -0.0059 Ry
     E(L=1) =        -1.9386 Ry   -0.0833 Ry    0.0200 Ry
     E(L=2) =        -0.0671 Ry    0.0306 Ry    0.0719 Ry
     E(L=3) =        -0.2291 Ry    0.0510 Ry    0.1033 Ry

     Cutoff (Ry) :   50.0
                           N = 1       N = 2       N = 3
     E(L=0) =        -3.8112 Ry   -0.2815 Ry   -0.0059 Ry
     E(L=1) =        -1.9386 Ry   -0.0833 Ry    0.0200 Ry
     E(L=2) =        -0.0671 Ry    0.0306 Ry    0.0719 Ry
     E(L=3) =        -0.2293 Ry    0.0510 Ry    0.1033 Ry

     Cutoff (Ry) :   55.0
                           N = 1       N = 2       N = 3
     E(L=0) =        -3.8112 Ry   -0.2815 Ry   -0.0059 Ry
     E(L=1) =        -1.9386 Ry   -0.0833 Ry    0.0200 Ry
     E(L=2) =        -0.0671 Ry    0.0306 Ry    0.0719 Ry
     E(L=3) =        -0.2293 Ry    0.0510 Ry    0.1033 Ry

     Cutoff (Ry) :   60.0
                           N = 1       N = 2       N = 3
     E(L=0) =        -3.8112 Ry   -0.2815 Ry   -0.0059 Ry
     E(L=1) =        -1.9386 Ry   -0.0833 Ry    0.0200 Ry
     E(L=2) =        -0.0671 Ry    0.0306 Ry    0.0719 Ry
     E(L=3) =        -0.2293 Ry    0.0510 Ry    0.1033 Ry

     -------------- End of Bessel function test ------------------------

