
     Program LD1 v.6.8 starts on  7Nov2024 at 14:47:42 

     This program is part of the open-source Quantum ESPRESSO suite
     for quantum simulation of materials; please cite
         "P. Giannozzi et al., J. Phys.:Condens. Matter 21 395502 (2009);
         "P. Giannozzi et al., J. Phys.:Condens. Matter 29 465901 (2017);
         "P. Giannozzi et al., J. Chem. Phys. 152 154105 (2020);
          URL http://www.quantum-espresso.org", 
     in publications or presentations arising from this work. More details at
     http://www.quantum-espresso.org/quote

     Parallel version (MPI), running on     1 processors

     MPI processes distributed on     1 nodes
     16653 MiB available memory on the printing compute node when the environment starts
 
     Waiting for input...
     Reading input from standard input
     --------------------------- All-electron run ----------------------------

     Lu                                                                         
     scalar relativistic calculation

     atomic number is 71.00
     dft =PBE   lsd =0 sic =0 latt =0  beta=0.20 tr2=1.0E-14
     Exchange-correlation= PBE
                           (   1   4   3   4   0   0   0)
     mesh =1687 r(mesh) =  99.21807 a.u. xmin = -8.00 dx = 0.01000
     1 Ry =  13.60569312 eV, c = 137.03599908

     n l     nl                  e(Ry)          e(Ha)          e(eV)
     1 0     1S 1( 2.00)   -4648.536729191   -2324.268364595 -63246.5642083
     2 0     2S 1( 2.00)    -791.284535053    -395.642267526 -10765.9745569
     2 1     2P 1( 6.00)    -696.054741799    -348.027370899  -9470.3072137
     3 0     3S 1( 2.00)    -179.323591830     -89.661795915  -2439.8217602
     3 1     3P 1( 6.00)    -150.751548435     -75.375774217  -2051.0793058
     3 2     3D 1(10.00)    -116.475595508     -58.237797754  -1584.7312088
     4 0     4S 1( 2.00)     -35.698797062     -17.849398531   -485.7068777
     4 1     4P 1( 6.00)     -26.325602435     -13.162801218   -358.1780680
     4 2     4D 1(10.00)     -14.105476968      -7.052738484   -191.9147910
     5 0     5S 1( 2.00)      -4.487734440      -2.243867220    -61.0587376
     5 1     5P 1( 6.00)      -2.327057809      -1.163528904    -31.6612344
     5 2     5D 1( 1.00)      -0.128575632      -0.064287816     -1.7493606
     4 3     4F 1(14.00)      -0.707332518      -0.353666259     -9.6237492
     6 0     6S 1( 2.00)      -0.342442937      -0.171221468     -4.6591735
     6 1     6P 1( 0.00)      -0.098836640      -0.049418320     -1.3447410
     5 3     5F 1( 0.00)       0.001218978       0.000609489      0.0165850

     final scf error:  4.6E-15 reached in  37 iterations
 
     The valence states are: 5S,5P,5D,4F,6S,6P,5F,                                       

     Total energy of the atom:

     Etot =  -29126.695769 Ry,  -14563.347885 Ha, -396288.884325 eV

     Kinetic energy:

     Ekin =   31830.992185 Ry,   15915.496093 Ha,  433082.711473 eV
     Ekinc=   30846.878246 Ry,   15423.439123 Ha,  419693.159214 eV
     Ekinv=     984.113940 Ry,     492.056970 Ha,   13389.552259 eV
 

     Interaction between the nucleus and the electrons:

     Encl =  -71781.086536 Ry,  -35890.543268 Ha, -976631.435449 eV
     Enclc=  -66864.403152 Ry,  -33432.201576 Ha, -909736.550141 eV
     Enclv=   -4916.683384 Ry,   -2458.341692 Ha,  -66894.885308 eV
 

     Hartree energy:

     Eh   =   11423.684167 Ry,    5711.842084 Ha,  155427.141111 eV
     Ehcc =    7970.662578 Ry,    3985.331289 Ha,  108446.389022 eV
     Ehcv =    2923.955424 Ry,    1461.977712 Ha,   39782.440206 eV
     Ehvv =     529.066165 Ry,     264.533083 Ha,    7198.311889 eV
 

     Exchange and correlation energy:

     Exc  =    -600.285585 Ry,    -300.142793 Ha,   -8167.301460 eV
 

     Estimated frozen-core energy from all-electron calculation:
     Efc = Ekinv + Enclv + Ehvv + Ehcv + Exc
     Ed = Etot - Efc

     Efc  =   -1079.833440 Ry,    -539.916720 Ha,  -14691.882414 eV
     Ed   =  -28046.862329 Ry,  -14023.431164 Ha, -381597.001911 eV


     normalization and overlap integrals

     s(1S/1S) =  1.000000  <r> =   0.0193  <r2> =    0.0005  r(max) =   0.0121
     s(1S/2S) = -0.029099
     s(1S/3S) = -0.012713
     s(1S/4S) = -0.006164
     s(1S/5S) = -0.002470
     s(1S/6S) = -0.000703
     s(2S/2S) =  1.000000  <r> =   0.0818  <r2> =    0.0079  r(max) =   0.0691
     s(2S/3S) = -0.008075
     s(2S/4S) = -0.003739
     s(2S/5S) = -0.001485
     s(2S/6S) = -0.000422
     s(2P/2P) =  1.000000  <r> =   0.0729  <r2> =    0.0065  r(max) =   0.0565
     s(2P/3P) = -0.006422
     s(2P/4P) = -0.002807
     s(2P/5P) = -0.000978
     s(2P/6P) = -0.000211
     s(3S/3S) =  1.000000  <r> =   0.2126  <r2> =    0.0517  r(max) =   0.1954
     s(3S/4S) = -0.002685
     s(3S/5S) = -0.001033
     s(3S/6S) = -0.000293
     s(3P/3P) =  1.000000  <r> =   0.2123  <r2> =    0.0523  r(max) =   0.1935
     s(3P/4P) = -0.002271
     s(3P/5P) = -0.000768
     s(3P/6P) = -0.000165
     s(3D/3D) =  1.000000  <r> =   0.1925  <r2> =    0.0434  r(max) =   0.1568
     s(3D/4D) = -0.001637
     s(3D/5D) = -0.000278
     s(4S/4S) =  1.000000  <r> =   0.4779  <r2> =    0.2579  r(max) =   0.4481
     s(4S/5S) = -0.000709
     s(4S/6S) = -0.000198
     s(4P/4P) =  1.000000  <r> =   0.5078  <r2> =    0.2935  r(max) =   0.4664
     s(4P/5P) = -0.000533
     s(4P/6P) = -0.000114
     s(4D/4D) =  1.000000  <r> =   0.5475  <r2> =    0.3481  r(max) =   0.4806
     s(4D/5D) = -0.000209
     s(5S/5S) =  1.000000  <r> =   1.1711  <r2> =    1.5453  r(max) =   1.0380
     s(5S/6S) = -0.000103
     s(5P/5P) =  1.000000  <r> =   1.3946  <r2> =    2.2179  r(max) =   1.1940
     s(5P/6P) = -0.000053
     s(5D/5D) =  1.000000  <r> =   2.9303  <r2> =   11.0627  r(max) =   1.8355
     s(4F/4F) =  1.000000  <r> =   0.7246  <r2> =    0.7011  r(max) =   0.4664
     s(4F/5F) =  0.000000
     s(6S/6S) =  1.000000  <r> =   3.6443  <r2> =   15.1660  r(max) =   3.0567
     s(6P/6P) =  1.000000  <r> =   5.3950  <r2> =   33.9213  r(max) =   4.2944
     s(5F/5F) =  0.000000  <r> =   0.0000  <r2> =    0.0000  r(max) =  99.2181

     ------------------------ End of All-electron run ------------------------


     --------------------- Generating US pseudopotential ---------------------


      Generating local pot.: lloc=2, matching radius rcloc =   2.1000

      Computing core charge for nlcc: 

       r > 1.10 : true rho core
      Core charge pseudized with two Bessel functions
      ***Writing file lu.core ***
      Integrated core pseudo-charge :   7.71


      Wfc   4F  rcut= 1.102  Using Troullier-Martins method 
      Wfc-us  4F rcutus= 2.008  Estimated cut-off energy=    40.45 Ry
     rc*logder, xc(1), xc(2), rc*q(1),rc*q(2)
    -2.44599     1.54034    -0.54034     5.66053     9.03248


      Wfc   5F  rcut= 1.102  Using Troullier-Martins method 
      Wfc-us  5F rcutus= 2.008  Estimated cut-off energy=    34.45 Ry
     rc*logder, xc(1), xc(2), rc*q(1),rc*q(2)
     2.81070     0.99077     0.00923     3.09648     8.33490


      Wfc   5P  rcut= 1.102  Using Troullier-Martins method 
      Wfc-us  5P rcutus= 1.817  Estimated cut-off energy=    24.91 Ry
     rc*logder, xc(1), xc(2), rc*q(1),rc*q(2)
    -1.86010     1.35378    -0.35378     3.37429     6.41379


      Wfc   6P  rcut= 1.102  Using Troullier-Martins method 
      Wfc-us  6P rcutus= 1.817  Estimated cut-off energy=    42.59 Ry
     rc*logder, xc(1), xc(2), rc*q(1),rc*q(2)
    10.84880     1.30416    -0.30416     4.92145     8.38590


      Wfc   5S  rcut= 1.102  Using Troullier-Martins method 
      Wfc-us  5S rcutus= 1.612  Estimated cut-off energy=    20.30 Ry
     rc*logder, xc(1), xc(2), rc*q(1),rc*q(2)
    -2.30822     1.38777    -0.38777     2.34771     5.13484


      Wfc   6S  rcut= 1.102  Using Troullier-Martins method 
      Wfc-us  6S rcutus= 1.612  Estimated cut-off energy=    37.90 Ry
     rc*logder, xc(1), xc(2), rc*q(1),rc*q(2)
     7.79343     1.12501    -0.12501     3.57128     7.01615

      The bmat matrix
    -0.45289    -0.15514     0.00000     0.00000     0.00000     0.00000
     0.26725     0.11907     0.00000     0.00000     0.00000     0.00000
     0.00000     0.00000    -0.02420     0.49749     0.00000     0.00000
     0.00000     0.00000    -0.05192     0.25575     0.00000     0.00000
     0.00000     0.00000     0.00000     0.00000     1.30045     1.28913
     0.00000     0.00000     0.00000     0.00000     0.30949     0.36586

      The bmat + epsilon qq matrix
    -1.08750    -0.01789     0.00000     0.00000     0.00000     0.00000
     0.07308     0.18257     0.00000     0.00000     0.00000     0.00000
     0.00000     0.00000     0.32275     0.40032     0.00000     0.00000
     0.00000     0.00000     0.40032     0.14363     0.00000     0.00000
     0.00000     0.00000     0.00000     0.00000     4.74078     1.37005
     0.00000     0.00000     0.00000     0.00000     1.37005     0.39144

      The qq matrix
     0.89718     0.27450     0.00000     0.00000     0.00000     0.00000
     0.27450     0.12700     0.00000     0.00000     0.00000     0.00000
     0.00000     0.00000    -0.14909    -0.19434     0.00000     0.00000
     0.00000     0.00000    -0.19434    -0.22424     0.00000     0.00000
     0.00000     0.00000     0.00000     0.00000    -0.76661    -0.23632
     0.00000     0.00000     0.00000     0.00000    -0.23632    -0.07471

      The ddd matrix
     6.70008     2.52284     0.00000     0.00000     0.00000     0.00000
     2.52284     1.40109     0.00000     0.00000     0.00000     0.00000
     0.00000     0.00000    -0.90089    -1.20694     0.00000     0.00000
     0.00000     0.00000    -1.20694    -1.73400     0.00000     0.00000
     0.00000     0.00000     0.00000     0.00000    -2.00757    -0.73828
     0.00000     0.00000     0.00000     0.00000    -0.73828    -0.28057

     ------------------- End of pseudopotential generation -------------------

     --------------------------- All-electron run ----------------------------

     Lu                                                                         
     scalar relativistic calculation

     atomic number is 71.00
     dft =PBE   lsd =0 sic =0 latt =0  beta=0.20 tr2=1.0E-14
     Exchange-correlation= PBE
                           (   1   4   3   4   0   0   0)
     mesh =1687 r(mesh) =  99.21807 a.u. xmin = -8.00 dx = 0.01000
     1 Ry =  13.60569312 eV, c = 137.03599908

     n l     nl                  e(Ry)          e(Ha)          e(eV)
     1 0     1S 1( 2.00)   -4648.536729191   -2324.268364595 -63246.5642083
     2 0     2S 1( 2.00)    -791.284535053    -395.642267526 -10765.9745569
     2 1     2P 1( 6.00)    -696.054741799    -348.027370899  -9470.3072137
     3 0     3S 1( 2.00)    -179.323591830     -89.661795915  -2439.8217602
     3 1     3P 1( 6.00)    -150.751548435     -75.375774217  -2051.0793058
     3 2     3D 1(10.00)    -116.475595508     -58.237797754  -1584.7312088
     4 0     4S 1( 2.00)     -35.698797062     -17.849398531   -485.7068777
     4 1     4P 1( 6.00)     -26.325602435     -13.162801218   -358.1780680
     4 2     4D 1(10.00)     -14.105476968      -7.052738484   -191.9147910
     5 0     5S 1( 2.00)      -4.487734440      -2.243867220    -61.0587376
     5 1     5P 1( 6.00)      -2.327057809      -1.163528904    -31.6612344
     5 2     5D 1( 1.00)      -0.128575632      -0.064287816     -1.7493606
     4 3     4F 1(14.00)      -0.707332518      -0.353666259     -9.6237492
     6 0     6S 1( 2.00)      -0.342442937      -0.171221468     -4.6591735
     6 1     6P 1( 0.00)      -0.098836640      -0.049418320     -1.3447410
     5 3     5F 1( 0.00)       0.001218978       0.000609489      0.0165850

     final scf error:  4.6E-15 reached in  37 iterations
 
     The valence states are: 5S,5P,5D,4F,6S,6P,5F,                                       

     Total energy of the atom:

     Etot =  -29126.695769 Ry,  -14563.347885 Ha, -396288.884325 eV

     Kinetic energy:

     Ekin =   31830.992185 Ry,   15915.496093 Ha,  433082.711473 eV
     Ekinc=   30846.878246 Ry,   15423.439123 Ha,  419693.159214 eV
     Ekinv=     984.113940 Ry,     492.056970 Ha,   13389.552259 eV
 

     Interaction between the nucleus and the electrons:

     Encl =  -71781.086536 Ry,  -35890.543268 Ha, -976631.435449 eV
     Enclc=  -66864.403152 Ry,  -33432.201576 Ha, -909736.550141 eV
     Enclv=   -4916.683384 Ry,   -2458.341692 Ha,  -66894.885308 eV
 

     Hartree energy:

     Eh   =   11423.684167 Ry,    5711.842084 Ha,  155427.141111 eV
     Ehcc =    7970.662578 Ry,    3985.331289 Ha,  108446.389022 eV
     Ehcv =    2923.955424 Ry,    1461.977712 Ha,   39782.440206 eV
     Ehvv =     529.066165 Ry,     264.533083 Ha,    7198.311889 eV
 

     Exchange and correlation energy:

     Exc  =    -600.285585 Ry,    -300.142793 Ha,   -8167.301460 eV
 

     Estimated frozen-core energy from all-electron calculation:
     Efc = Ekinv + Enclv + Ehvv + Ehcv + Exc
     Ed = Etot - Efc

     Efc  =   -1079.833440 Ry,    -539.916720 Ha,  -14691.882414 eV
     Ed   =  -28046.862329 Ry,  -14023.431164 Ha, -381597.001911 eV


     normalization and overlap integrals

     s(1S/1S) =  1.000000  <r> =   0.0193  <r2> =    0.0005  r(max) =   0.0121
     s(1S/2S) = -0.029099
     s(1S/3S) = -0.012713
     s(1S/4S) = -0.006164
     s(1S/5S) = -0.002470
     s(1S/6S) = -0.000703
     s(2S/2S) =  1.000000  <r> =   0.0818  <r2> =    0.0079  r(max) =   0.0691
     s(2S/3S) = -0.008075
     s(2S/4S) = -0.003739
     s(2S/5S) = -0.001485
     s(2S/6S) = -0.000422
     s(2P/2P) =  1.000000  <r> =   0.0729  <r2> =    0.0065  r(max) =   0.0565
     s(2P/3P) = -0.006422
     s(2P/4P) = -0.002807
     s(2P/5P) = -0.000978
     s(2P/6P) = -0.000211
     s(3S/3S) =  1.000000  <r> =   0.2126  <r2> =    0.0517  r(max) =   0.1954
     s(3S/4S) = -0.002685
     s(3S/5S) = -0.001033
     s(3S/6S) = -0.000293
     s(3P/3P) =  1.000000  <r> =   0.2123  <r2> =    0.0523  r(max) =   0.1935
     s(3P/4P) = -0.002271
     s(3P/5P) = -0.000768
     s(3P/6P) = -0.000165
     s(3D/3D) =  1.000000  <r> =   0.1925  <r2> =    0.0434  r(max) =   0.1568
     s(3D/4D) = -0.001637
     s(3D/5D) = -0.000278
     s(4S/4S) =  1.000000  <r> =   0.4779  <r2> =    0.2579  r(max) =   0.4481
     s(4S/5S) = -0.000709
     s(4S/6S) = -0.000198
     s(4P/4P) =  1.000000  <r> =   0.5078  <r2> =    0.2935  r(max) =   0.4664
     s(4P/5P) = -0.000533
     s(4P/6P) = -0.000114
     s(4D/4D) =  1.000000  <r> =   0.5475  <r2> =    0.3481  r(max) =   0.4806
     s(4D/5D) = -0.000209
     s(5S/5S) =  1.000000  <r> =   1.1711  <r2> =    1.5453  r(max) =   1.0380
     s(5S/6S) = -0.000103
     s(5P/5P) =  1.000000  <r> =   1.3946  <r2> =    2.2179  r(max) =   1.1940
     s(5P/6P) = -0.000053
     s(5D/5D) =  1.000000  <r> =   2.9303  <r2> =   11.0627  r(max) =   1.8355
     s(4F/4F) =  1.000000  <r> =   0.7246  <r2> =    0.7011  r(max) =   0.4664
     s(4F/5F) =  0.000000
     s(6S/6S) =  1.000000  <r> =   3.6443  <r2> =   15.1660  r(max) =   3.0567
     s(6P/6P) =  1.000000  <r> =   5.3950  <r2> =   33.9213  r(max) =   4.2944
     s(5F/5F) =  0.000000  <r> =   0.0000  <r2> =    0.0000  r(max) =  99.2181

     ------------------------ End of All-electron run ------------------------

     Computing logarithmic derivative in   3.39510

       Warning: n=4, l=3 expected 0 nodes, found 1
       Setting wfc to zero for this iteration
       (This warning will only be printed once per wavefunction)


       Warning: n=1, l=0 expected 0 nodes, found 1
       Setting wfc to zero for this iteration
       (This warning will only be printed once per wavefunction)

     ------------------------ (GI)PAW reconstruction -------------------------

     ========================= 4F =========================
      AE: e(ref), l, n_idx  -0.707332518289378                3          13

     ========================= 5F =========================
      AE: e(ref), l, n_idx   0.500000000000000                3          16

     ========================= 5P =========================
      AE: e(ref), l, n_idx   -2.32705780872648                1          11

     ========================= 6P =========================
      AE: e(ref), l, n_idx   0.500000000000000                1          15

     ========================= 5S =========================
      AE: e(ref), l, n_idx   -4.48773444006334                0          10

     ========================= 6S =========================
      AE: e(ref), l, n_idx  -0.342442936761602                0          14

     ========================= 5D =========================
      AE: e(ref), l, n_idx  -0.128575632003300                2          12

     ========================= 4F =========================
      PS: e(ref), e(eig), n_idx  -0.707334229944857      -0.707334229944857     
           1
      r(cut):    2.00000000000000             1296        1498
      SCALE:    1.00000000000000        1.98837977354193     
  0.483580742654934     
      SCALE:    1.00000156630871        2.09032618454333     
     NORM:   0.69063193  0.06005470

     ========================= 5F =========================
      PS: e(ref), e(eig), n_idx   0.500000000000000       3.657160855033118E-004
           2
      r(cut):    2.00000000000000             1296        1498
      SCALE:    1.00000000000000        1.98837977354193     
  1.563309142555899E-004
      SCALE:   0.998590386733643        2.09032618454333     
     NORM:   0.84510429  0.36303435

     ========================= 5P =========================
      PS: e(ref), e(eig), n_idx   -2.32705896053638       -2.32705896053638     
           3
      r(cut):    1.80000000000000             1286        1498
      SCALE:    1.00000000000000        1.79916042036660     
  -2.16293920135793     
      SCALE:    1.00000328994758        1.89140534767515     
     NORM:   0.84475950  1.00141123

     ========================= 6P =========================
      PS: e(ref), e(eig), n_idx   0.500000000000000      -9.891710333280600E-002
           4
      r(cut):    1.80000000000000             1286        1498
      SCALE:    1.00000000000000        1.79916042036660     
  -4.21263101813102     
      SCALE:    1.00000372635730        1.89140534767515     
     NORM:   0.60474890  1.15187251

     ========================= 5S =========================
      PS: e(ref), e(eig), n_idx   -4.48773372004026       -4.48773372004026     
           5
      r(cut):    1.60000000000000             1274        1498
      SCALE:    1.00000000000000        1.59571214575577     
   2.49741040215406     
      SCALE:    1.00000393004946        1.67752605696921     
     NORM:   0.71690007  1.35936358

     ========================= 6S =========================
      PS: e(ref), e(eig), n_idx  -0.342441926375201      -0.342441926375201     
           6
      r(cut):    1.60000000000000             1274        1498
      SCALE:    1.00000000000000        1.59571214575577     
   3.69829285455062     
      SCALE:    1.00000418978777        1.67752605696921     
     NORM:   0.51428229  1.55505140

     ========================= 5D =========================
      PS: e(ref), e(eig), n_idx  -0.128573861642004      -0.128573861642004     
           7
      r(cut):    2.10000000000000             1301        1498
      SCALE:    1.00000000000000        2.09032618454333     
   1.27080520633773     
      SCALE:    1.00000016416084        2.19749949980838     
     NORM:   1.09413333  1.09414460
     --------------------- End of (GI)PAW reconstruction ---------------------
     Computing logarithmic derivative in   3.39510
     Computing the partial wave expansion 
     R is outside the sphere for l=    0 j= 0.00
     R is outside the sphere for l=    0 j= 0.00
     R is outside the sphere for l=    1 j= 0.00
     R is outside the sphere for l=    1 j= 0.00
       no projector for channel:   2
     R is outside the sphere for l=    3 j= 0.00
     R is outside the sphere for l=    3 j= 0.00

     ---------------------- Testing the pseudopotential ----------------------

     Lu                                                                         
     scalar relativistic calculation

     atomic number is 71.00   valence charge is 25.00
     dft =PBE   lsd =0 sic =0 latt =0  beta=0.20 tr2=1.0E-14
     mesh =1687 r(mesh) =  99.21807 xmin = -8.00 dx = 0.01000

     n l     nl             e AE (Ry)        e PS (Ry)    De AE-PS (Ry) 
     4 3     4F   1(14.00)       -0.70733       -0.70733     0.00000171
     5 3     5F   1( 0.00)        0.00122        0.00037     0.00085326
     2 1     5P   1( 6.00)       -2.32706       -2.32706     0.00000115
     3 1     6P   1( 0.00)       -0.09884       -0.09892     0.00008046
     1 0     5S   1( 2.00)       -4.48773       -4.48773    -0.00000072
     2 0     6S   1( 2.00)       -0.34244       -0.34244    -0.00000101
     3 2     5D   1( 1.00)       -0.12858       -0.12857    -0.00000177

     eps = 4.4E-15  iter = 22
 
     Etot =  -29126.695769 Ry,  -14563.347885 Ha, -396288.884325 eV
     Etotps =  -551.293325 Ry,    -275.646662 Ha,   -7500.727797 eV

     Ekin =      44.957778 Ry,      22.478889 Ha,     611.681737 eV
     Encl =   -1115.305223 Ry,    -557.652612 Ha,  -15174.500606 eV
     Ehrt =     509.995966 Ry,     254.997983 Ha,    6938.848607 eV
     Ecxc =     -74.760787 Ry,     -37.380393 Ha,   -1017.172321 eV
     (Ecc =     -17.553759 Ry,      -8.776879 Ha,    -238.831055 eV)
     Epseu=      83.818941 Ry,      41.909470 Ha,    1140.414785 eV

     ---------------------- End of pseudopotential test ----------------------


     -------------- Test with a basis set of Bessel functions ----------

     Box size (a.u.) :   30.0

     Cutoff (Ry) :   20.0
                           N = 1       N = 2       N = 3
     E(L=0) =        -4.4864 Ry   -0.3418 Ry   -0.0105 Ry
     E(L=1) =        -2.3224 Ry   -0.0966 Ry    0.0176 Ry
     E(L=2) =        -0.1251 Ry    0.0285 Ry    0.0682 Ry
     E(L=3) =        -0.6267 Ry    0.0502 Ry    0.1039 Ry

     Cutoff (Ry) :   25.0
                           N = 1       N = 2       N = 3
     E(L=0) =        -4.4879 Ry   -0.3422 Ry   -0.0106 Ry
     E(L=1) =        -2.3266 Ry   -0.0983 Ry    0.0175 Ry
     E(L=2) =        -0.1281 Ry    0.0285 Ry    0.0680 Ry
     E(L=3) =        -0.6944 Ry    0.0502 Ry    0.1039 Ry

     Cutoff (Ry) :   30.0
                           N = 1       N = 2       N = 3
     E(L=0) =        -4.4879 Ry   -0.3424 Ry   -0.0106 Ry
     E(L=1) =        -2.3267 Ry   -0.0988 Ry    0.0174 Ry
     E(L=2) =        -0.1285 Ry    0.0284 Ry    0.0680 Ry
     E(L=3) =        -0.7047 Ry    0.0502 Ry    0.1039 Ry

     Cutoff (Ry) :   35.0
                           N = 1       N = 2       N = 3
     E(L=0) =        -4.4880 Ry   -0.3424 Ry   -0.0106 Ry
     E(L=1) =        -2.3268 Ry   -0.0989 Ry    0.0174 Ry
     E(L=2) =        -0.1286 Ry    0.0284 Ry    0.0680 Ry
     E(L=3) =        -0.7063 Ry    0.0502 Ry    0.1039 Ry

     Cutoff (Ry) :   40.0
                           N = 1       N = 2       N = 3
     E(L=0) =        -4.4881 Ry   -0.3425 Ry   -0.0106 Ry
     E(L=1) =        -2.3270 Ry   -0.0989 Ry    0.0174 Ry
     E(L=2) =        -0.1286 Ry    0.0284 Ry    0.0680 Ry
     E(L=3) =        -0.7064 Ry    0.0502 Ry    0.1039 Ry

     Cutoff (Ry) :   45.0
                           N = 1       N = 2       N = 3
     E(L=0) =        -4.4881 Ry   -0.3425 Ry   -0.0106 Ry
     E(L=1) =        -2.3271 Ry   -0.0989 Ry    0.0174 Ry
     E(L=2) =        -0.1286 Ry    0.0284 Ry    0.0680 Ry
     E(L=3) =        -0.7064 Ry    0.0502 Ry    0.1039 Ry

     Cutoff (Ry) :   50.0
                           N = 1       N = 2       N = 3
     E(L=0) =        -4.4881 Ry   -0.3425 Ry   -0.0106 Ry
     E(L=1) =        -2.3271 Ry   -0.0989 Ry    0.0174 Ry
     E(L=2) =        -0.1286 Ry    0.0284 Ry    0.0680 Ry
     E(L=3) =        -0.7066 Ry    0.0502 Ry    0.1039 Ry

     Cutoff (Ry) :   55.0
                           N = 1       N = 2       N = 3
     E(L=0) =        -4.4881 Ry   -0.3425 Ry   -0.0106 Ry
     E(L=1) =        -2.3271 Ry   -0.0989 Ry    0.0174 Ry
     E(L=2) =        -0.1286 Ry    0.0284 Ry    0.0680 Ry
     E(L=3) =        -0.7066 Ry    0.0502 Ry    0.1039 Ry

     Cutoff (Ry) :   60.0
                           N = 1       N = 2       N = 3
     E(L=0) =        -4.4881 Ry   -0.3425 Ry   -0.0106 Ry
     E(L=1) =        -2.3271 Ry   -0.0989 Ry    0.0174 Ry
     E(L=2) =        -0.1286 Ry    0.0284 Ry    0.0680 Ry
     E(L=3) =        -0.7066 Ry    0.0502 Ry    0.1039 Ry

     -------------- End of Bessel function test ------------------------

