
     Program LD1 v.6.8 starts on 25Oct2024 at  9:44:44 

     This program is part of the open-source Quantum ESPRESSO suite
     for quantum simulation of materials; please cite
         "P. Giannozzi et al., J. Phys.:Condens. Matter 21 395502 (2009);
         "P. Giannozzi et al., J. Phys.:Condens. Matter 29 465901 (2017);
         "P. Giannozzi et al., J. Chem. Phys. 152 154105 (2020);
          URL http://www.quantum-espresso.org", 
     in publications or presentations arising from this work. More details at
     http://www.quantum-espresso.org/quote

     Parallel version (MPI), running on     1 processors

     MPI processes distributed on     1 nodes
     5247 MiB available memory on the printing compute node when the environment starts
 
     Waiting for input...
     Reading input from standard input
     --------------------------- All-electron run ----------------------------

     Eu                                                                         
     scalar relativistic calculation

     atomic number is 63.00
     dft =PBE   lsd =0 sic =0 latt =0  beta=0.20 tr2=1.0E-14
     Exchange-correlation= PBE
                           (   1   4   3   4   0   0   0)
     mesh =1675 r(mesh) =  99.17295 a.u. xmin = -8.00 dx = 0.01000
     1 Ry =  13.60569312 eV, c = 137.03599908

     n l     nl                  e(Ry)          e(Ha)          e(eV)
     1 0     1S 1( 2.00)   -3555.236975601   -1777.618487801 -48371.4632695
     2 0     2S 1( 2.00)    -583.811512049    -291.905756025  -7943.1602746
     2 1     2P 1( 6.00)    -520.119130617    -260.059565308  -7076.5812786
     3 0     3S 1( 2.00)    -128.470136978     -64.235068489  -1747.9252592
     3 1     3P 1( 6.00)    -108.651999419     -54.325999710  -1478.2857613
     3 2     3D 1(10.00)     -82.172064422     -41.086032211  -1118.0078918
     4 0     4S 1( 2.00)     -25.503948485     -12.751974242   -346.9988965
     4 1     4P 1( 6.00)     -18.986184760      -9.493092380   -258.3202034
     4 2     4D 1(10.00)      -9.909507054      -4.954753527   -134.8257120
     5 0     5S 1( 2.00)      -3.282783691      -1.641391845    -44.6645475
     5 1     5P 1( 6.00)      -1.747309183      -0.873654591    -23.7733525
     5 2     5D 1( 0.00)      -0.114432495      -0.057216247     -1.5569334
     4 3     4F 1( 7.00)      -0.199655655      -0.099827828     -2.7164536
     6 0     6S 1( 2.00)      -0.266267491      -0.133133746     -3.6227538
     6 1     6P 1( 0.00)      -0.087915269      -0.043957635     -1.1961482
     5 3     5F 1( 0.00)       0.001220160       0.000610080      0.0166011

     final scf error:  3.1E-15 reached in  32 iterations
 
     The valence states are: 5S,5P,5D,4F,6S,6P,5F,                                       

     Total energy of the atom:

     Etot =  -21688.132417 Ry,  -10844.066209 Ha, -295082.074078 eV

     Kinetic energy:

     Ekin =   23237.154784 Ry,   11618.577392 Ha,  316157.597047 eV
     Ekinc=   22867.609856 Ry,   11433.804928 Ha,  311129.682157 eV
     Ekinv=     369.544928 Ry,     184.772464 Ha,    5027.914889 eV
 

     Interaction between the nucleus and the electrons:

     Encl =  -52865.592423 Ry,  -26432.796211 Ha, -719273.027269 eV
     Enclc=  -50704.451723 Ry,  -25352.225862 Ha, -689869.210114 eV
     Enclv=   -2161.140700 Ry,   -1080.570350 Ha,  -29403.817155 eV
 

     Hartree energy:

     Eh   =    8424.301216 Ry,    4212.150608 Ha,  114618.457117 eV
     Ehcc =    6790.684489 Ry,    3395.342244 Ha,   92391.969249 eV
     Ehcv =    1456.380872 Ry,     728.190436 Ha,   19815.071214 eV
     Ehvv =     177.235850 Ry,      88.617925 Ha,    2411.416589 eV
 

     Exchange and correlation energy:

     Exc  =    -483.995994 Ry,    -241.997997 Ha,   -6585.100974 eV
 

     Estimated frozen-core energy from all-electron calculation:
     Efc = Ekinv + Enclv + Ehvv + Ehcv + Exc
     Ed = Etot - Efc

     Efc  =    -641.975044 Ry,    -320.987522 Ha,   -8734.515436 eV
     Ed   =  -21046.157374 Ry,  -10523.078687 Ha, -286347.558643 eV


     normalization and overlap integrals

     s(1S/1S) =  1.000000  <r> =   0.0223  <r2> =    0.0007  r(max) =   0.0142
     s(1S/2S) = -0.022136
     s(1S/3S) = -0.009575
     s(1S/4S) = -0.004591
     s(1S/5S) = -0.001855
     s(1S/6S) = -0.000529
     s(2S/2S) =  1.000000  <r> =   0.0951  <r2> =    0.0107  r(max) =   0.0802
     s(2S/3S) = -0.006005
     s(2S/4S) = -0.002756
     s(2S/5S) = -0.001104
     s(2S/6S) = -0.000314
     s(2P/2P) =  1.000000  <r> =   0.0839  <r2> =    0.0086  r(max) =   0.0650
     s(2P/3P) = -0.004839
     s(2P/4P) = -0.002099
     s(2P/5P) = -0.000743
     s(2P/6P) = -0.000167
     s(3S/3S) =  1.000000  <r> =   0.2495  <r2> =    0.0711  r(max) =   0.2292
     s(3S/4S) = -0.001939
     s(3S/5S) = -0.000753
     s(3S/6S) = -0.000214
     s(3P/3P) =  1.000000  <r> =   0.2480  <r2> =    0.0713  r(max) =   0.2247
     s(3P/4P) = -0.001652
     s(3P/5P) = -0.000568
     s(3P/6P) = -0.000127
     s(3D/3D) =  1.000000  <r> =   0.2259  <r2> =    0.0600  r(max) =   0.1839
     s(3D/4D) = -0.001183
     s(3D/5D) = -0.000210
     s(4S/4S) =  1.000000  <r> =   0.5660  <r2> =    0.3615  r(max) =   0.5256
     s(4S/5S) = -0.000508
     s(4S/6S) = -0.000142
     s(4P/4P) =  1.000000  <r> =   0.5994  <r2> =    0.4086  r(max) =   0.5526
     s(4P/5P) = -0.000387
     s(4P/6P) = -0.000086
     s(4D/4D) =  1.000000  <r> =   0.6541  <r2> =    0.4967  r(max) =   0.5751
     s(4D/5D) = -0.000153
     s(5S/5S) =  1.000000  <r> =   1.3808  <r2> =    2.1470  r(max) =   1.2298
     s(5S/6S) = -0.000074
     s(5P/5P) =  1.000000  <r> =   1.6302  <r2> =    3.0277  r(max) =   1.4006
     s(5P/6P) = -0.000041
     s(5D/5D) =  1.000000  <r> =   3.3752  <r2> =   14.4906  r(max) =   2.1530
     s(4F/4F) =  1.000000  <r> =   0.9778  <r2> =    1.3493  r(max) =   0.5927
     s(4F/5F) =  0.000000
     s(6S/6S) =  1.000000  <r> =   4.2665  <r2> =   20.7159  r(max) =   3.6214
     s(6P/6P) =  1.000000  <r> =   6.0329  <r2> =   41.9675  r(max) =   4.8884
     s(5F/5F) =  0.000000  <r> =   0.0000  <r2> =    0.0000  r(max) =  99.1729

     ------------------------ End of All-electron run ------------------------


     --------------------- Generating US pseudopotential ---------------------


      Generating local pot.: lloc=2, matching radius rcloc =   2.1000

      Computing core charge for nlcc: 

       r > 1.31 : true rho core
      Core charge pseudized with two Bessel functions
      ***Writing file eu.core ***
      Integrated core pseudo-charge :   7.83


      Wfc   4F  rcut= 1.293  Using Troullier-Martins method 
      Wfc-us  4F rcutus= 2.007  Estimated cut-off energy=    39.81 Ry
     rc*logder, xc(1), xc(2), rc*q(1),rc*q(2)
    -1.80231     1.44841    -0.44841     5.52145     8.95584


      Wfc   5F  rcut= 1.293  Using Troullier-Martins method 
      Wfc-us  5F rcutus= 2.007  Estimated cut-off energy=    67.13 Ry
     rc*logder, xc(1), xc(2), rc*q(1),rc*q(2)
     4.88925     1.77491    -0.77491     8.07844    11.63053


      Wfc   5P  rcut= 1.293  Using Troullier-Martins method 
      Wfc-us  5P rcutus= 1.816  Estimated cut-off energy=    24.18 Ry
     rc*logder, xc(1), xc(2), rc*q(1),rc*q(2)
    -1.20682     1.22147    -0.22147     3.20477     6.31575


      Wfc   6P  rcut= 1.293  Using Troullier-Martins method 
      Wfc-us  6P rcutus= 1.816  Estimated cut-off energy=    32.93 Ry
     rc*logder, xc(1), xc(2), rc*q(1),rc*q(2)
   -19.91033     1.20019    -0.20019     4.28127     7.37020


      Wfc   5S  rcut= 1.293  Using Troullier-Martins method 
      Wfc-us  5S rcutus= 1.611  Estimated cut-off energy=    19.26 Ry
     rc*logder, xc(1), xc(2), rc*q(1),rc*q(2)
    -1.47716     1.15716    -0.15716     2.16874     4.99967


      Wfc   6S  rcut= 1.293  Using Troullier-Martins method 
      Wfc-us  6S rcutus= 1.611  Estimated cut-off energy=    28.45 Ry
     rc*logder, xc(1), xc(2), rc*q(1),rc*q(2)
   -28.93953     0.99579     0.00421     3.03703     6.07623

      The bmat matrix
    -0.85588    -1.37035     0.00000     0.00000     0.00000     0.00000
    -1.17707    -4.15070     0.00000     0.00000     0.00000     0.00000
     0.00000     0.00000    -0.16643     0.18467     0.00000     0.00000
     0.00000     0.00000    -0.18537     0.10681     0.00000     0.00000
     0.00000     0.00000     0.00000     0.00000     0.53118     0.62342
     0.00000     0.00000     0.00000     0.00000     0.12749     0.17095

      The bmat + epsilon qq matrix
    -1.00668    -1.23250     0.00000     0.00000     0.00000     0.00000
    -1.23212    -4.18798     0.00000     0.00000     0.00000     0.00000
     0.00000     0.00000     0.20134     0.10239     0.00000     0.00000
     0.00000     0.00000     0.10219     0.04139     0.00000     0.00000
     0.00000     0.00000     0.00000     0.00000     2.46278     0.66718
     0.00000     0.00000     0.00000     0.00000     0.66706     0.18327

      The qq matrix
     0.75530     0.27571     0.00000     0.00000     0.00000     0.00000
     0.27571    -0.07457     0.00000     0.00000     0.00000     0.00000
     0.00000     0.00000    -0.21048    -0.16457     0.00000     0.00000
     0.00000     0.00000    -0.16457    -0.13084     0.00000     0.00000
     0.00000     0.00000     0.00000     0.00000    -0.58840    -0.16436
     0.00000     0.00000     0.00000     0.00000    -0.16436    -0.04626

      The ddd matrix
     3.54848     0.54739     0.00000     0.00000     0.00000     0.00000
     0.54739    -4.50012     0.00000     0.00000     0.00000     0.00000
     0.00000     0.00000    -1.02380    -0.86684     0.00000     0.00000
     0.00000     0.00000    -0.86684    -0.73617     0.00000     0.00000
     0.00000     0.00000     0.00000     0.00000    -1.12972    -0.34087
     0.00000     0.00000     0.00000     0.00000    -0.34087    -0.10139

     ------------------- End of pseudopotential generation -------------------

     --------------------------- All-electron run ----------------------------

     Eu                                                                         
     scalar relativistic calculation

     atomic number is 63.00
     dft =PBE   lsd =0 sic =0 latt =0  beta=0.20 tr2=1.0E-14
     Exchange-correlation= PBE
                           (   1   4   3   4   0   0   0)
     mesh =1675 r(mesh) =  99.17295 a.u. xmin = -8.00 dx = 0.01000
     1 Ry =  13.60569312 eV, c = 137.03599908

     n l     nl                  e(Ry)          e(Ha)          e(eV)
     1 0     1S 1( 2.00)   -3555.236975601   -1777.618487801 -48371.4632695
     2 0     2S 1( 2.00)    -583.811512049    -291.905756025  -7943.1602746
     2 1     2P 1( 6.00)    -520.119130617    -260.059565308  -7076.5812786
     3 0     3S 1( 2.00)    -128.470136978     -64.235068489  -1747.9252592
     3 1     3P 1( 6.00)    -108.651999419     -54.325999710  -1478.2857613
     3 2     3D 1(10.00)     -82.172064422     -41.086032211  -1118.0078918
     4 0     4S 1( 2.00)     -25.503948485     -12.751974242   -346.9988965
     4 1     4P 1( 6.00)     -18.986184760      -9.493092380   -258.3202034
     4 2     4D 1(10.00)      -9.909507054      -4.954753527   -134.8257120
     5 0     5S 1( 2.00)      -3.282783691      -1.641391845    -44.6645475
     5 1     5P 1( 6.00)      -1.747309183      -0.873654591    -23.7733525
     5 2     5D 1( 0.00)      -0.114432495      -0.057216247     -1.5569334
     4 3     4F 1( 7.00)      -0.199655655      -0.099827828     -2.7164536
     6 0     6S 1( 2.00)      -0.266267491      -0.133133746     -3.6227538
     6 1     6P 1( 0.00)      -0.087915269      -0.043957635     -1.1961482
     5 3     5F 1( 0.00)       0.001220160       0.000610080      0.0166011

     final scf error:  3.1E-15 reached in  32 iterations
 
     The valence states are: 5S,5P,5D,4F,6S,6P,5F,                                       

     Total energy of the atom:

     Etot =  -21688.132417 Ry,  -10844.066209 Ha, -295082.074078 eV

     Kinetic energy:

     Ekin =   23237.154784 Ry,   11618.577392 Ha,  316157.597047 eV
     Ekinc=   22867.609856 Ry,   11433.804928 Ha,  311129.682157 eV
     Ekinv=     369.544928 Ry,     184.772464 Ha,    5027.914889 eV
 

     Interaction between the nucleus and the electrons:

     Encl =  -52865.592423 Ry,  -26432.796211 Ha, -719273.027269 eV
     Enclc=  -50704.451723 Ry,  -25352.225862 Ha, -689869.210114 eV
     Enclv=   -2161.140700 Ry,   -1080.570350 Ha,  -29403.817155 eV
 

     Hartree energy:

     Eh   =    8424.301216 Ry,    4212.150608 Ha,  114618.457117 eV
     Ehcc =    6790.684489 Ry,    3395.342244 Ha,   92391.969249 eV
     Ehcv =    1456.380872 Ry,     728.190436 Ha,   19815.071214 eV
     Ehvv =     177.235850 Ry,      88.617925 Ha,    2411.416589 eV
 

     Exchange and correlation energy:

     Exc  =    -483.995994 Ry,    -241.997997 Ha,   -6585.100974 eV
 

     Estimated frozen-core energy from all-electron calculation:
     Efc = Ekinv + Enclv + Ehvv + Ehcv + Exc
     Ed = Etot - Efc

     Efc  =    -641.975044 Ry,    -320.987522 Ha,   -8734.515436 eV
     Ed   =  -21046.157374 Ry,  -10523.078687 Ha, -286347.558643 eV


     normalization and overlap integrals

     s(1S/1S) =  1.000000  <r> =   0.0223  <r2> =    0.0007  r(max) =   0.0142
     s(1S/2S) = -0.022136
     s(1S/3S) = -0.009575
     s(1S/4S) = -0.004591
     s(1S/5S) = -0.001855
     s(1S/6S) = -0.000529
     s(2S/2S) =  1.000000  <r> =   0.0951  <r2> =    0.0107  r(max) =   0.0802
     s(2S/3S) = -0.006005
     s(2S/4S) = -0.002756
     s(2S/5S) = -0.001104
     s(2S/6S) = -0.000314
     s(2P/2P) =  1.000000  <r> =   0.0839  <r2> =    0.0086  r(max) =   0.0650
     s(2P/3P) = -0.004839
     s(2P/4P) = -0.002099
     s(2P/5P) = -0.000743
     s(2P/6P) = -0.000167
     s(3S/3S) =  1.000000  <r> =   0.2495  <r2> =    0.0711  r(max) =   0.2292
     s(3S/4S) = -0.001939
     s(3S/5S) = -0.000753
     s(3S/6S) = -0.000214
     s(3P/3P) =  1.000000  <r> =   0.2480  <r2> =    0.0713  r(max) =   0.2247
     s(3P/4P) = -0.001652
     s(3P/5P) = -0.000568
     s(3P/6P) = -0.000127
     s(3D/3D) =  1.000000  <r> =   0.2259  <r2> =    0.0600  r(max) =   0.1839
     s(3D/4D) = -0.001183
     s(3D/5D) = -0.000210
     s(4S/4S) =  1.000000  <r> =   0.5660  <r2> =    0.3615  r(max) =   0.5256
     s(4S/5S) = -0.000508
     s(4S/6S) = -0.000142
     s(4P/4P) =  1.000000  <r> =   0.5994  <r2> =    0.4086  r(max) =   0.5526
     s(4P/5P) = -0.000387
     s(4P/6P) = -0.000086
     s(4D/4D) =  1.000000  <r> =   0.6541  <r2> =    0.4967  r(max) =   0.5751
     s(4D/5D) = -0.000153
     s(5S/5S) =  1.000000  <r> =   1.3808  <r2> =    2.1470  r(max) =   1.2298
     s(5S/6S) = -0.000074
     s(5P/5P) =  1.000000  <r> =   1.6302  <r2> =    3.0277  r(max) =   1.4006
     s(5P/6P) = -0.000041
     s(5D/5D) =  1.000000  <r> =   3.3752  <r2> =   14.4906  r(max) =   2.1530
     s(4F/4F) =  1.000000  <r> =   0.9778  <r2> =    1.3493  r(max) =   0.5927
     s(4F/5F) =  0.000000
     s(6S/6S) =  1.000000  <r> =   4.2665  <r2> =   20.7159  r(max) =   3.6214
     s(6P/6P) =  1.000000  <r> =   6.0329  <r2> =   41.9675  r(max) =   4.8884
     s(5F/5F) =  0.000000  <r> =   0.0000  <r2> =    0.0000  r(max) =  99.1729

     ------------------------ End of All-electron run ------------------------

     Computing logarithmic derivative in   3.39355
     ------------------------ (GI)PAW reconstruction -------------------------

     ========================= 4F =========================
      AE: e(ref), l, n_idx  -0.199655655296322                3          13

     ========================= 5F =========================
      AE: e(ref), l, n_idx   0.500000000000000                3          16

     ========================= 5P =========================
      AE: e(ref), l, n_idx   -1.74730918259476                1          11

     ========================= 6P =========================
      AE: e(ref), l, n_idx   0.500000000000000                1          15

     ========================= 5S =========================
      AE: e(ref), l, n_idx   -3.28278369080662                0          10

     ========================= 6S =========================
      AE: e(ref), l, n_idx  -0.266267491168052                0          14

     ========================= 5D =========================
      AE: e(ref), l, n_idx  -0.114432494572881                2          12

     ========================= 4F =========================
      PS: e(ref), e(eig), n_idx  -0.199680581403798      -0.199680581403798     
           1
      r(cut):    2.00000000000000             1284        1486
      SCALE:    1.00000000000000        1.98747556594865     
  0.743915567996746     
      SCALE:    1.00000281159536        2.08937561723540     
     NORM:   0.88593317  0.16874732

     ========================= 5F =========================
      PS: e(ref), e(eig), n_idx   0.500000000000000       3.660706729312071E-004
           2
      r(cut):    2.00000000000000             1284        1486
      SCALE:    1.00000000000000        1.98747556594865     
   6.53684105035981     
      SCALE:    1.00000873346910        2.08937561723540     
     NORM:   0.68428702  0.89337491

     ========================= 5P =========================
      PS: e(ref), e(eig), n_idx   -1.74732552902469       -1.74732552902469     
           3
      r(cut):    1.80000000000000             1274        1486
      SCALE:    1.00000000000000        1.79834225950254     
  -1.86944214579783     
      SCALE:    1.00000386183230        1.89054523880657     
     NORM:   0.79703071  1.05425666

     ========================= 6P =========================
      PS: e(ref), e(eig), n_idx   0.500000000000000      -8.792277362731908E-002
           4
      r(cut):    1.80000000000000             1274        1486
      SCALE:    1.00000000000000        1.79834225950254     
  -2.56637847406609     
      SCALE:    1.00017240584557        1.89054523880657     
     NORM:   0.68828453  1.04898859

     ========================= 5S =========================
      PS: e(ref), e(eig), n_idx   -3.28279904921848       -3.28279904921848     
           5
      r(cut):    1.60000000000000             1262        1486
      SCALE:    1.00000000000000        1.59498650216491     
   1.95356966343621     
      SCALE:    1.00000434646662        1.67676320883587     
     NORM:   0.69086627  1.27100494

     ========================= 6S =========================
      PS: e(ref), e(eig), n_idx  -0.266268671767881      -0.266268671767881     
           6
      r(cut):    1.60000000000000             1262        1486
      SCALE:    1.00000000000000        1.59498650216491     
   2.38841508268002     
      SCALE:   0.999790475918158        1.67676320883587     
     NORM:   0.59094996  1.34928323

     ========================= 5D =========================
      PS: e(ref), e(eig), n_idx  -0.114434946709465      -0.114434946709465     
           7
      r(cut):    2.10000000000000             1289        1486
      SCALE:    1.00000000000000        2.08937561723540     
  0.844705443123448     
      SCALE:    1.00000076663728        2.19650019587239     
     NORM:   1.13911325  1.13914555
     --------------------- End of (GI)PAW reconstruction ---------------------
     Computing logarithmic derivative in   3.39355
     Computing the partial wave expansion 
     R is outside the sphere for l=    0 j= 0.00
     R is outside the sphere for l=    0 j= 0.00
     R is outside the sphere for l=    1 j= 0.00
     R is outside the sphere for l=    1 j= 0.00
       no projector for channel:   2
     R is outside the sphere for l=    3 j= 0.00
     R is outside the sphere for l=    3 j= 0.00

     ---------------------- Testing the pseudopotential ----------------------

     Eu                                                                         
     scalar relativistic calculation

     atomic number is 63.00   valence charge is 17.00
     dft =PBE   lsd =0 sic =0 latt =0  beta=0.20 tr2=1.0E-14
     mesh =1675 r(mesh) =  99.17295 xmin = -8.00 dx = 0.01000

     n l     nl             e AE (Ry)        e PS (Ry)    De AE-PS (Ry) 
     4 3     4F   1( 7.00)       -0.19966       -0.19968     0.00002493
     5 3     5F   1( 0.00)        0.00122        0.00037     0.00085409
     2 1     5P   1( 6.00)       -1.74731       -1.74733     0.00001635
     3 1     6P   1( 0.00)       -0.08792       -0.08792     0.00000750
     1 0     5S   1( 2.00)       -3.28278       -3.28280     0.00001536
     2 0     6S   1( 2.00)       -0.26627       -0.26627     0.00000118
     3 2     5D   1( 0.00)       -0.11443       -0.11443     0.00000245

     eps = 5.1E-15  iter = 10
 
     Etot =  -21688.132417 Ry,  -10844.066209 Ha, -295082.074078 eV
     Etotps =  -203.322807 Ry,    -101.661404 Ha,   -2766.347717 eV

     Ekin =      35.514237 Ry,      17.757119 Ha,     483.195816 eV
     Encl =    -386.708395 Ry,    -193.354198 Ha,   -5261.435755 eV
     Ehrt =     173.384264 Ry,      86.692132 Ha,    2359.013091 eV
     Ecxc =     -41.746574 Ry,     -20.873287 Ha,    -567.991077 eV
     (Ecc =     -15.169046 Ry,      -7.584523 Ha,    -206.385379 eV)
     Epseu=      16.233661 Ry,       8.116830 Ha,     220.870208 eV

     ---------------------- End of pseudopotential test ----------------------


     -------------- Test with a basis set of Bessel functions ----------

     Box size (a.u.) :   30.0

     Cutoff (Ry) :   20.0
                           N = 1       N = 2       N = 3
     E(L=0) =        -3.2825 Ry   -0.2662 Ry   -0.0064 Ry
     E(L=1) =        -1.7457 Ry   -0.0878 Ry    0.0191 Ry
     E(L=2) =        -0.1144 Ry    0.0277 Ry    0.0664 Ry
     E(L=3) =        -0.1700 Ry    0.0501 Ry    0.1004 Ry

     Cutoff (Ry) :   25.0
                           N = 1       N = 2       N = 3
     E(L=0) =        -3.2829 Ry   -0.2663 Ry   -0.0064 Ry
     E(L=1) =        -1.7474 Ry   -0.0879 Ry    0.0190 Ry
     E(L=2) =        -0.1145 Ry    0.0277 Ry    0.0664 Ry
     E(L=3) =        -0.1917 Ry    0.0501 Ry    0.1003 Ry

     Cutoff (Ry) :   30.0
                           N = 1       N = 2       N = 3
     E(L=0) =        -3.2831 Ry   -0.2663 Ry   -0.0064 Ry
     E(L=1) =        -1.7475 Ry   -0.0879 Ry    0.0190 Ry
     E(L=2) =        -0.1145 Ry    0.0277 Ry    0.0663 Ry
     E(L=3) =        -0.1969 Ry    0.0501 Ry    0.1003 Ry

     Cutoff (Ry) :   35.0
                           N = 1       N = 2       N = 3
     E(L=0) =        -3.2831 Ry   -0.2663 Ry   -0.0064 Ry
     E(L=1) =        -1.7475 Ry   -0.0879 Ry    0.0190 Ry
     E(L=2) =        -0.1145 Ry    0.0277 Ry    0.0663 Ry
     E(L=3) =        -0.1983 Ry    0.0501 Ry    0.1003 Ry

     Cutoff (Ry) :   40.0
                           N = 1       N = 2       N = 3
     E(L=0) =        -3.2831 Ry   -0.2663 Ry   -0.0064 Ry
     E(L=1) =        -1.7476 Ry   -0.0879 Ry    0.0190 Ry
     E(L=2) =        -0.1145 Ry    0.0277 Ry    0.0663 Ry
     E(L=3) =        -0.1983 Ry    0.0501 Ry    0.1003 Ry

     Cutoff (Ry) :   45.0
                           N = 1       N = 2       N = 3
     E(L=0) =        -3.2831 Ry   -0.2663 Ry   -0.0064 Ry
     E(L=1) =        -1.7476 Ry   -0.0879 Ry    0.0190 Ry
     E(L=2) =        -0.1145 Ry    0.0277 Ry    0.0663 Ry
     E(L=3) =        -0.1985 Ry    0.0501 Ry    0.1003 Ry

     Cutoff (Ry) :   50.0
                           N = 1       N = 2       N = 3
     E(L=0) =        -3.2832 Ry   -0.2663 Ry   -0.0064 Ry
     E(L=1) =        -1.7476 Ry   -0.0879 Ry    0.0190 Ry
     E(L=2) =        -0.1145 Ry    0.0277 Ry    0.0663 Ry
     E(L=3) =        -0.1987 Ry    0.0501 Ry    0.1003 Ry

     Cutoff (Ry) :   55.0
                           N = 1       N = 2       N = 3
     E(L=0) =        -3.2832 Ry   -0.2663 Ry   -0.0064 Ry
     E(L=1) =        -1.7476 Ry   -0.0879 Ry    0.0190 Ry
     E(L=2) =        -0.1145 Ry    0.0277 Ry    0.0663 Ry
     E(L=3) =        -0.1988 Ry    0.0501 Ry    0.1003 Ry

     Cutoff (Ry) :   60.0
                           N = 1       N = 2       N = 3
     E(L=0) =        -3.2832 Ry   -0.2663 Ry   -0.0064 Ry
     E(L=1) =        -1.7477 Ry   -0.0879 Ry    0.0190 Ry
     E(L=2) =        -0.1145 Ry    0.0277 Ry    0.0663 Ry
     E(L=3) =        -0.1988 Ry    0.0501 Ry    0.1003 Ry

     -------------- End of Bessel function test ------------------------

