
     Program LD1 v.6.8 starts on 23Oct2024 at 11:56:38 

     This program is part of the open-source Quantum ESPRESSO suite
     for quantum simulation of materials; please cite
         "P. Giannozzi et al., J. Phys.:Condens. Matter 21 395502 (2009);
         "P. Giannozzi et al., J. Phys.:Condens. Matter 29 465901 (2017);
         "P. Giannozzi et al., J. Chem. Phys. 152 154105 (2020);
          URL http://www.quantum-espresso.org", 
     in publications or presentations arising from this work. More details at
     http://www.quantum-espresso.org/quote

     Parallel version (MPI), running on     1 processors

     MPI processes distributed on     1 nodes
     10938 MiB available memory on the printing compute node when the environment starts
 
     Waiting for input...
     Reading input from standard input
     --------------------------- All-electron run ----------------------------

     La                                                                         
     scalar relativistic calculation

     atomic number is 57.00
     dft =PBE   lsd =0 sic =0 latt =0  beta=0.20 tr2=1.0E-14
     Exchange-correlation= PBE
                           (   1   4   3   4   0   0   0)
     mesh =1665 r(mesh) =  99.18122 a.u. xmin = -8.00 dx = 0.01000
     1 Ry =  13.60569312 eV, c = 137.03599908

     n l     nl                  e(Ry)          e(Ha)          e(eV)
     1 0     1S 1( 2.00)   -2848.262655514   -1424.131327757 -38752.5876246
     2 0     2S 1( 2.00)    -453.413611229    -226.706805615  -6169.0064522
     2 1     2P 1( 6.00)    -406.360069994    -203.180034997  -5528.8104098
     3 0     3S 1( 2.00)     -96.980000691     -48.490000346  -1319.4801285
     3 1     3P 1( 6.00)     -81.956840636     -40.978420318  -1115.0796230
     3 2     3D 1(10.00)     -60.379727038     -30.189863519   -821.5080369
     4 0     4S 1( 2.00)     -19.584318092      -9.792159046   -266.4582220
     4 1     4P 1( 6.00)     -14.699568171      -7.349784085   -199.9978136
     4 2     4D 1(10.00)      -7.632719979      -3.816359989   -103.8484457
     5 0     5S 1( 2.00)      -2.860856904      -1.430428452    -38.9239411
     5 1     5P 1( 6.00)      -1.646385066      -0.823192533    -22.4002100
     5 2     5D 1( 1.00)      -0.227130987      -0.113565493     -3.0902745
     4 3     4F 1( 0.00)      -0.319356788      -0.159678394     -4.3450705
     6 0     6S 1( 2.00)      -0.270435116      -0.135217558     -3.6794572
     6 1     6P 1( 0.00)      -0.099352221      -0.049676110     -1.3517558
     5 3     5F 1( 0.00)       0.001219895       0.000609947      0.0165975

     final scf error:  3.0E-15 reached in  24 iterations
 
     The valence states are: 5S,5P,5D,4F,6S,6P,5F,                                       

     Total energy of the atom:

     Etot =  -16986.575858 Ry,   -8493.287929 Ha, -231114.138330 eV

     Kinetic energy:

     Ekin =   17968.649733 Ry,    8984.324867 Ha,  244475.934104 eV
     Ekinc=   17861.242541 Ry,    8930.621270 Ha,  243014.584801 eV
     Ekinv=     107.407193 Ry,      53.703596 Ha,    1461.349302 eV
 

     Interaction between the nucleus and the electrons:

     Encl =  -41108.815632 Ry,  -20554.407816 Ha, -559313.930132 eV
     Enclc=  -40304.398477 Ry,  -20152.199239 Ha, -548369.277186 eV
     Enclv=    -804.417154 Ry,    -402.208577 Ha,  -10944.652946 eV
 

     Hartree energy:

     Eh   =    6559.770755 Ry,    3279.885378 Ha,   89250.227852 eV
     Ehcc =    5914.451373 Ry,    2957.225686 Ha,   80470.210365 eV
     Ehcv =     596.071787 Ry,     298.035894 Ha,    8109.969815 eV
     Ehvv =      49.247596 Ry,      24.623798 Ha,     670.047672 eV
 

     Exchange and correlation energy:

     Exc  =    -406.180714 Ry,    -203.090357 Ha,   -5526.370153 eV
 

     Estimated frozen-core energy from all-electron calculation:
     Efc = Ekinv + Enclv + Ehvv + Ehcv + Exc
     Ed = Etot - Efc

     Efc  =    -457.871294 Ry,    -228.935647 Ha,   -6229.656310 eV
     Ed   =  -16528.704564 Ry,   -8264.352282 Ha, -224884.482020 eV


     normalization and overlap integrals

     s(1S/1S) =  1.000000  <r> =   0.0251  <r2> =    0.0009  r(max) =   0.0160
     s(1S/2S) = -0.017676
     s(1S/3S) = -0.007549
     s(1S/4S) = -0.003567
     s(1S/5S) = -0.001495
     s(1S/6S) = -0.000479
     s(2S/2S) =  1.000000  <r> =   0.1074  <r2> =    0.0136  r(max) =   0.0914
     s(2S/3S) = -0.004687
     s(2S/4S) = -0.002125
     s(2S/5S) = -0.000883
     s(2S/6S) = -0.000282
     s(2P/2P) =  1.000000  <r> =   0.0942  <r2> =    0.0108  r(max) =   0.0733
     s(2P/3P) = -0.003805
     s(2P/4P) = -0.001631
     s(2P/5P) = -0.000615
     s(2P/6P) = -0.000160
     s(3S/3S) =  1.000000  <r> =   0.2852  <r2> =    0.0929  r(max) =   0.2610
     s(3S/4S) = -0.001465
     s(3S/5S) = -0.000591
     s(3S/6S) = -0.000188
     s(3P/3P) =  1.000000  <r> =   0.2832  <r2> =    0.0930  r(max) =   0.2559
     s(3P/4P) = -0.001251
     s(3P/5P) = -0.000458
     s(3P/6P) = -0.000119
     s(3D/3D) =  1.000000  <r> =   0.2600  <r2> =    0.0797  r(max) =   0.2095
     s(3D/4D) = -0.000887
     s(3D/5D) = -0.000213
     s(4S/4S) =  1.000000  <r> =   0.6542  <r2> =    0.4827  r(max) =   0.6108
     s(4S/5S) = -0.000391
     s(4S/6S) = -0.000123
     s(4P/4P) =  1.000000  <r> =   0.6931  <r2> =    0.5459  r(max) =   0.6357
     s(4P/5P) = -0.000305
     s(4P/6P) = -0.000078
     s(4D/4D) =  1.000000  <r> =   0.7675  <r2> =    0.6831  r(max) =   0.6750
     s(4D/5D) = -0.000150
     s(5S/5S) =  1.000000  <r> =   1.5570  <r2> =    2.7221  r(max) =   1.4147
     s(5S/6S) = -0.000066
     s(5P/5P) =  1.000000  <r> =   1.8039  <r2> =    3.6867  r(max) =   1.5792
     s(5P/6P) = -0.000040
     s(5D/5D) =  1.000000  <r> =   3.0007  <r2> =   10.8668  r(max) =   2.2188
     s(4F/4F) =  1.000000  <r> =   1.1808  <r2> =    1.8762  r(max) =   0.7460
     s(4F/5F) =  0.000000
     s(6S/6S) =  1.000000  <r> =   4.4226  <r2> =   22.1296  r(max) =   3.8074
     s(6P/6P) =  1.000000  <r> =   5.9849  <r2> =   41.0234  r(max) =   4.9379
     s(5F/5F) =  0.000000  <r> =   0.0000  <r2> =    0.0000  r(max) =  99.1812

     ------------------------ End of All-electron run ------------------------


     --------------------- Generating US pseudopotential ---------------------


      Generating local pot.: lloc=2, matching radius rcloc =   2.1000

      Computing core charge for nlcc: 

       r > 1.40 : true rho core
      Core charge pseudized with two Bessel functions
      ***Writing file la.core ***
      Integrated core pseudo-charge :  11.26


      Wfc   4F  rcut= 1.401  Using Troullier-Martins method 
      Wfc-us  4F rcutus= 2.309  Estimated cut-off energy=    30.14 Ry
     rc*logder, xc(1), xc(2), rc*q(1),rc*q(2)
    -1.87535     1.44948    -0.44948     5.53842     8.96475


      Wfc   5F  rcut= 1.401  Using Troullier-Martins method 
      Wfc-us  5F rcutus= 2.309  Estimated cut-off energy=    51.47 Ry
     rc*logder, xc(1), xc(2), rc*q(1),rc*q(2)
     3.88010     1.77783    -0.77783     8.19729    11.71518


      Wfc   5P  rcut= 1.401  Using Troullier-Martins method 
      Wfc-us  5P rcutus= 2.090  Estimated cut-off energy=    18.45 Ry
     rc*logder, xc(1), xc(2), rc*q(1),rc*q(2)
    -1.40928     1.24450    -0.24450     3.26184     6.34693


      Wfc   6P  rcut= 1.401  Using Troullier-Martins method 
      Wfc-us  6P rcutus= 2.090  Estimated cut-off energy=    28.99 Ry
     rc*logder, xc(1), xc(2), rc*q(1),rc*q(2)
    34.02059     1.18077    -0.18077     4.62871     7.95508


      Wfc   5S  rcut= 1.401  Using Troullier-Martins method 
      Wfc-us  5S rcutus= 2.090  Estimated cut-off energy=    12.05 Ry
     rc*logder, xc(1), xc(2), rc*q(1),rc*q(2)
    -2.26634     1.35474    -0.35474     2.34017     5.12850


      Wfc   6S  rcut= 1.401  Using Troullier-Martins method 
      Wfc-us  6S rcutus= 2.090  Estimated cut-off energy=    22.12 Ry
     rc*logder, xc(1), xc(2), rc*q(1),rc*q(2)
     8.84999     1.08333    -0.08333     3.52017     6.94882

      The bmat matrix
    -0.75597    -1.41051     0.00000     0.00000     0.00000     0.00000
    -1.27566    -5.95435     0.00000     0.00000     0.00000     0.00000
     0.00000     0.00000    -0.21753     0.25451     0.00000     0.00000
     0.00000     0.00000    -0.25063     0.15379     0.00000     0.00000
     0.00000     0.00000     0.00000     0.00000     0.37478     0.76936
     0.00000     0.00000     0.00000     0.00000     0.06634     0.23550

      The bmat + epsilon qq matrix
    -0.98396    -1.32844     0.00000     0.00000     0.00000     0.00000
    -1.32808    -6.13634     0.00000     0.00000     0.00000     0.00000
     0.00000     0.00000     0.18872     0.09663     0.00000     0.00000
     0.00000     0.00000     0.09593     0.01483     0.00000     0.00000
     0.00000     0.00000     0.00000     0.00000     2.80513     0.84272
     0.00000     0.00000     0.00000     0.00000     0.84242     0.25957

      The qq matrix
     0.71391     0.16414     0.00000     0.00000     0.00000     0.00000
     0.16414    -0.36397     0.00000     0.00000     0.00000     0.00000
     0.00000     0.00000    -0.24676    -0.21050     0.00000     0.00000
     0.00000     0.00000    -0.21050    -0.18528     0.00000     0.00000
     0.00000     0.00000     0.00000     0.00000    -0.84952    -0.27127
     0.00000     0.00000     0.00000     0.00000    -0.27127    -0.08898

      The ddd matrix
     2.52725    -0.36662     0.00000     0.00000     0.00000     0.00000
    -0.36662    -7.72198     0.00000     0.00000     0.00000     0.00000
     0.00000     0.00000    -0.97802    -0.91706     0.00000     0.00000
     0.00000     0.00000    -0.91706    -0.88841     0.00000     0.00000
     0.00000     0.00000     0.00000     0.00000    -1.41275    -0.52037
     0.00000     0.00000     0.00000     0.00000    -0.52037    -0.19091

     ------------------- End of pseudopotential generation -------------------

     --------------------------- All-electron run ----------------------------

     La                                                                         
     scalar relativistic calculation

     atomic number is 57.00
     dft =PBE   lsd =0 sic =0 latt =0  beta=0.20 tr2=1.0E-14
     Exchange-correlation= PBE
                           (   1   4   3   4   0   0   0)
     mesh =1665 r(mesh) =  99.18122 a.u. xmin = -8.00 dx = 0.01000
     1 Ry =  13.60569312 eV, c = 137.03599908

     n l     nl                  e(Ry)          e(Ha)          e(eV)
     1 0     1S 1( 2.00)   -2848.262655514   -1424.131327757 -38752.5876246
     2 0     2S 1( 2.00)    -453.413611229    -226.706805615  -6169.0064522
     2 1     2P 1( 6.00)    -406.360069994    -203.180034997  -5528.8104098
     3 0     3S 1( 2.00)     -96.980000691     -48.490000346  -1319.4801285
     3 1     3P 1( 6.00)     -81.956840636     -40.978420318  -1115.0796230
     3 2     3D 1(10.00)     -60.379727038     -30.189863519   -821.5080369
     4 0     4S 1( 2.00)     -19.584318092      -9.792159046   -266.4582220
     4 1     4P 1( 6.00)     -14.699568171      -7.349784085   -199.9978136
     4 2     4D 1(10.00)      -7.632719979      -3.816359989   -103.8484457
     5 0     5S 1( 2.00)      -2.860856904      -1.430428452    -38.9239411
     5 1     5P 1( 6.00)      -1.646385066      -0.823192533    -22.4002100
     5 2     5D 1( 1.00)      -0.227130987      -0.113565493     -3.0902745
     4 3     4F 1( 0.00)      -0.319356788      -0.159678394     -4.3450705
     6 0     6S 1( 2.00)      -0.270435116      -0.135217558     -3.6794572
     6 1     6P 1( 0.00)      -0.099352221      -0.049676110     -1.3517558
     5 3     5F 1( 0.00)       0.001219895       0.000609947      0.0165975

     final scf error:  3.0E-15 reached in  24 iterations
 
     The valence states are: 5S,5P,5D,4F,6S,6P,5F,                                       

     Total energy of the atom:

     Etot =  -16986.575858 Ry,   -8493.287929 Ha, -231114.138330 eV

     Kinetic energy:

     Ekin =   17968.649733 Ry,    8984.324867 Ha,  244475.934104 eV
     Ekinc=   17861.242541 Ry,    8930.621270 Ha,  243014.584801 eV
     Ekinv=     107.407193 Ry,      53.703596 Ha,    1461.349302 eV
 

     Interaction between the nucleus and the electrons:

     Encl =  -41108.815632 Ry,  -20554.407816 Ha, -559313.930132 eV
     Enclc=  -40304.398477 Ry,  -20152.199239 Ha, -548369.277186 eV
     Enclv=    -804.417154 Ry,    -402.208577 Ha,  -10944.652946 eV
 

     Hartree energy:

     Eh   =    6559.770755 Ry,    3279.885378 Ha,   89250.227852 eV
     Ehcc =    5914.451373 Ry,    2957.225686 Ha,   80470.210365 eV
     Ehcv =     596.071787 Ry,     298.035894 Ha,    8109.969815 eV
     Ehvv =      49.247596 Ry,      24.623798 Ha,     670.047672 eV
 

     Exchange and correlation energy:

     Exc  =    -406.180714 Ry,    -203.090357 Ha,   -5526.370153 eV
 

     Estimated frozen-core energy from all-electron calculation:
     Efc = Ekinv + Enclv + Ehvv + Ehcv + Exc
     Ed = Etot - Efc

     Efc  =    -457.871294 Ry,    -228.935647 Ha,   -6229.656310 eV
     Ed   =  -16528.704564 Ry,   -8264.352282 Ha, -224884.482020 eV


     normalization and overlap integrals

     s(1S/1S) =  1.000000  <r> =   0.0251  <r2> =    0.0009  r(max) =   0.0160
     s(1S/2S) = -0.017676
     s(1S/3S) = -0.007549
     s(1S/4S) = -0.003567
     s(1S/5S) = -0.001495
     s(1S/6S) = -0.000479
     s(2S/2S) =  1.000000  <r> =   0.1074  <r2> =    0.0136  r(max) =   0.0914
     s(2S/3S) = -0.004687
     s(2S/4S) = -0.002125
     s(2S/5S) = -0.000883
     s(2S/6S) = -0.000282
     s(2P/2P) =  1.000000  <r> =   0.0942  <r2> =    0.0108  r(max) =   0.0733
     s(2P/3P) = -0.003805
     s(2P/4P) = -0.001631
     s(2P/5P) = -0.000615
     s(2P/6P) = -0.000160
     s(3S/3S) =  1.000000  <r> =   0.2852  <r2> =    0.0929  r(max) =   0.2610
     s(3S/4S) = -0.001465
     s(3S/5S) = -0.000591
     s(3S/6S) = -0.000188
     s(3P/3P) =  1.000000  <r> =   0.2832  <r2> =    0.0930  r(max) =   0.2559
     s(3P/4P) = -0.001251
     s(3P/5P) = -0.000458
     s(3P/6P) = -0.000119
     s(3D/3D) =  1.000000  <r> =   0.2600  <r2> =    0.0797  r(max) =   0.2095
     s(3D/4D) = -0.000887
     s(3D/5D) = -0.000213
     s(4S/4S) =  1.000000  <r> =   0.6542  <r2> =    0.4827  r(max) =   0.6108
     s(4S/5S) = -0.000391
     s(4S/6S) = -0.000123
     s(4P/4P) =  1.000000  <r> =   0.6931  <r2> =    0.5459  r(max) =   0.6357
     s(4P/5P) = -0.000305
     s(4P/6P) = -0.000078
     s(4D/4D) =  1.000000  <r> =   0.7675  <r2> =    0.6831  r(max) =   0.6750
     s(4D/5D) = -0.000150
     s(5S/5S) =  1.000000  <r> =   1.5570  <r2> =    2.7221  r(max) =   1.4147
     s(5S/6S) = -0.000066
     s(5P/5P) =  1.000000  <r> =   1.8039  <r2> =    3.6867  r(max) =   1.5792
     s(5P/6P) = -0.000040
     s(5D/5D) =  1.000000  <r> =   3.0007  <r2> =   10.8668  r(max) =   2.2188
     s(4F/4F) =  1.000000  <r> =   1.1808  <r2> =    1.8762  r(max) =   0.7460
     s(4F/5F) =  0.000000
     s(6S/6S) =  1.000000  <r> =   4.4226  <r2> =   22.1296  r(max) =   3.8074
     s(6P/6P) =  1.000000  <r> =   5.9849  <r2> =   41.0234  r(max) =   4.9379
     s(5F/5F) =  0.000000  <r> =   0.0000  <r2> =    0.0000  r(max) =  99.1812

     ------------------------ End of All-electron run ------------------------

     Computing logarithmic derivative in   3.39384
     ------------------------ (GI)PAW reconstruction -------------------------

     ========================= 4F =========================
      AE: e(ref), l, n_idx  -0.319356787824672                3          13

     ========================= 5F =========================
      AE: e(ref), l, n_idx   0.500000000000000                3          16

     ========================= 5P =========================
      AE: e(ref), l, n_idx   -1.64638506639392                1          11

     ========================= 6P =========================
      AE: e(ref), l, n_idx   0.750000000000000                1          15

     ========================= 5S =========================
      AE: e(ref), l, n_idx   -2.86085690405611                0          10

     ========================= 6S =========================
      AE: e(ref), l, n_idx  -0.270435116031982                0          14

     ========================= 5D =========================
      AE: e(ref), l, n_idx  -0.227130986969815                2          12

     ========================= 4F =========================
      PS: e(ref), e(eig), n_idx  -0.319444783892579      -0.319444783892579     
           1
      r(cut):    2.30000000000000             1288        1476
      SCALE:    1.00000000000000        2.28633187537647     
  0.487037317163768     
      SCALE:    1.00000897300586        2.40355461730647     
     NORM:   1.09963487  0.25360243

     ========================= 5F =========================
      PS: e(ref), e(eig), n_idx   0.500000000000000       3.659910652828550E-004
           2
      r(cut):    2.30000000000000             1288        1476
      SCALE:    1.00000000000000        2.28633187537647     
   5.55681448616851     
      SCALE:    1.00002043988728        2.40355461730647     
     NORM:   0.82168079  2.05905864

     ========================= 5P =========================
      PS: e(ref), e(eig), n_idx   -1.64643545421931       -1.64643545421931     
           3
      r(cut):    2.10000000000000             1279        1476
      SCALE:    1.00000000000000        2.08955000078621     
  -1.50803446378615     
      SCALE:    1.00000125521720        2.19668352025904     
     NORM:   0.96862329  1.30311001

     ========================= 6P =========================
      PS: e(ref), e(eig), n_idx   0.750000000000000      -9.938556929525942E-002
           4
      r(cut):    2.10000000000000             1279        1476
      SCALE:    1.00000000000000        2.08955000078621     
  -2.35098826468656     
      SCALE:    1.00013490604727        2.19668352025904     
     NORM:   0.72761540  1.26391281

     ========================= 5S =========================
      PS: e(ref), e(eig), n_idx   -2.86091434247174       -2.86091434247174     
           5
      r(cut):    2.10000000000000             1279        1476
      SCALE:    1.00000000000000        2.08955000078621     
   1.93811798750593     
      SCALE:    1.00000165080717        2.19668352025904     
     NORM:   0.93882813  1.87165117

     ========================= 6S =========================
      PS: e(ref), e(eig), n_idx  -0.270441818612365      -0.270441818612365     
           6
      r(cut):    2.10000000000000             1279        1476
      SCALE:    1.00000000000000        2.08955000078621     
   2.66708320537798     
      SCALE:    1.00001495347477        2.19668352025904     
     NORM:   0.67896718  1.99154022

     ========================= 5D =========================
      PS: e(ref), e(eig), n_idx  -0.227147714095668      -0.227147714095668     
           7
      r(cut):    2.10000000000000             1279        1476
      SCALE:    1.00000000000000        2.08955000078621     
  0.712844753035446     
      SCALE:    1.00000225146933        2.19668352025904     
     NORM:   1.27562534  1.27567757
     --------------------- End of (GI)PAW reconstruction ---------------------
     Computing logarithmic derivative in   3.39384
     Computing the partial wave expansion 
     R is outside the sphere for l=    0 j= 0.00
     R is outside the sphere for l=    0 j= 0.00
     R is outside the sphere for l=    1 j= 0.00
     R is outside the sphere for l=    1 j= 0.00
       no projector for channel:   2
     R is outside the sphere for l=    3 j= 0.00
     R is outside the sphere for l=    3 j= 0.00

     ---------------------- Testing the pseudopotential ----------------------

     La                                                                         
     scalar relativistic calculation

     atomic number is 57.00   valence charge is 11.00
     dft =PBE   lsd =0 sic =0 latt =0  beta=0.20 tr2=1.0E-14
     mesh =1665 r(mesh) =  99.18122 xmin = -8.00 dx = 0.01000

     n l     nl             e AE (Ry)        e PS (Ry)    De AE-PS (Ry) 
     4 3     4F   1( 0.00)       -0.31936       -0.31944     0.00008800
     5 3     5F   1( 0.00)        0.00122        0.00037     0.00085390
     2 1     5P   1( 6.00)       -1.64639       -1.64644     0.00005039
     3 1     6P   1( 0.00)       -0.09935       -0.09939     0.00003335
     1 0     5S   1( 2.00)       -2.86086       -2.86091     0.00005744
     2 0     6S   1( 2.00)       -0.27044       -0.27044     0.00000670
     3 2     5D   1( 1.00)       -0.22713       -0.22715     0.00001673

     eps = 3.1E-15  iter = 22
 
     Etot =  -16986.575858 Ry,   -8493.287929 Ha, -231114.138330 eV
     Etotps =   -85.668706 Ry,     -42.834353 Ha,   -1165.582128 eV

     Ekin =      22.539947 Ry,      11.269973 Ha,     306.671598 eV
     Encl =    -115.863569 Ry,     -57.931784 Ha,   -1576.404157 eV
     Ehrt =      48.993349 Ry,      24.496675 Ha,     666.588474 eV
     Ecxc =     -32.263583 Ry,     -16.131791 Ha,    -438.968405 eV
     (Ecc =     -22.282882 Ry,     -11.141441 Ha,    -303.174058 eV)
     Epseu=      -9.074851 Ry,      -4.537425 Ha,    -123.469637 eV

     ---------------------- End of pseudopotential test ----------------------


     -------------- Test with a basis set of Bessel functions ----------

     Box size (a.u.) :   30.0

     Cutoff (Ry) :   40.0
                           N = 1       N = 2       N = 3
     E(L=0) =        -2.8613 Ry   -0.2705 Ry   -0.0068 Ry
     E(L=1) =        -1.6467 Ry   -0.0994 Ry    0.0180 Ry
     E(L=2) =        -0.2273 Ry    0.0243 Ry    0.0599 Ry
     E(L=3) =        -0.3192 Ry    0.0496 Ry    0.0979 Ry

     Cutoff (Ry) :   50.0
                           N = 1       N = 2       N = 3
     E(L=0) =        -2.8613 Ry   -0.2705 Ry   -0.0068 Ry
     E(L=1) =        -1.6467 Ry   -0.0994 Ry    0.0180 Ry
     E(L=2) =        -0.2273 Ry    0.0243 Ry    0.0599 Ry
     E(L=3) =        -0.3193 Ry    0.0496 Ry    0.0979 Ry

     Cutoff (Ry) :   60.0
                           N = 1       N = 2       N = 3
     E(L=0) =        -2.8613 Ry   -0.2705 Ry   -0.0068 Ry
     E(L=1) =        -1.6467 Ry   -0.0994 Ry    0.0180 Ry
     E(L=2) =        -0.2273 Ry    0.0243 Ry    0.0599 Ry
     E(L=3) =        -0.3193 Ry    0.0496 Ry    0.0979 Ry

     Cutoff (Ry) :   70.0
                           N = 1       N = 2       N = 3
     E(L=0) =        -2.8613 Ry   -0.2705 Ry   -0.0068 Ry
     E(L=1) =        -1.6467 Ry   -0.0994 Ry    0.0180 Ry
     E(L=2) =        -0.2273 Ry    0.0243 Ry    0.0599 Ry
     E(L=3) =        -0.3193 Ry    0.0496 Ry    0.0979 Ry

     Cutoff (Ry) :   80.0
                           N = 1       N = 2       N = 3
     E(L=0) =        -2.8613 Ry   -0.2705 Ry   -0.0068 Ry
     E(L=1) =        -1.6467 Ry   -0.0994 Ry    0.0180 Ry
     E(L=2) =        -0.2273 Ry    0.0243 Ry    0.0599 Ry
     E(L=3) =        -0.3193 Ry    0.0496 Ry    0.0979 Ry

     Cutoff (Ry) :   90.0
                           N = 1       N = 2       N = 3
     E(L=0) =        -2.8613 Ry   -0.2705 Ry   -0.0068 Ry
     E(L=1) =        -1.6467 Ry   -0.0994 Ry    0.0180 Ry
     E(L=2) =        -0.2273 Ry    0.0243 Ry    0.0599 Ry
     E(L=3) =        -0.3193 Ry    0.0496 Ry    0.0979 Ry

     -------------- End of Bessel function test ------------------------

