
     Program LD1 v.6.8 starts on 24Oct2024 at  9:44:49 

     This program is part of the open-source Quantum ESPRESSO suite
     for quantum simulation of materials; please cite
         "P. Giannozzi et al., J. Phys.:Condens. Matter 21 395502 (2009);
         "P. Giannozzi et al., J. Phys.:Condens. Matter 29 465901 (2017);
         "P. Giannozzi et al., J. Chem. Phys. 152 154105 (2020);
          URL http://www.quantum-espresso.org", 
     in publications or presentations arising from this work. More details at
     http://www.quantum-espresso.org/quote

     Parallel version (MPI), running on     1 processors

     MPI processes distributed on     1 nodes
     6569 MiB available memory on the printing compute node when the environment starts
 
     Waiting for input...
     Reading input from standard input
     --------------------------- All-electron run ----------------------------

     Pr                                                                         
     scalar relativistic calculation

     atomic number is 59.00
     dft =PBE   lsd =0 sic =0 latt =0  beta=0.20 tr2=1.0E-14
     Exchange-correlation= PBE
                           (   1   4   3   4   0   0   0)
     mesh =1669 r(mesh) =  99.72960 a.u. xmin = -8.00 dx = 0.01000
     1 Ry =  13.60569312 eV, c = 137.03599908

     n l     nl                  e(Ry)          e(Ha)          e(eV)
     1 0     1S 1( 2.00)   -3073.535313628   -1536.767656814 -41817.5782799
     2 0     2S 1( 2.00)    -494.453464591    -247.226732296  -6727.3821028
     2 1     2P 1( 6.00)    -442.401053255    -221.200526628  -6019.1729679
     3 0     3S 1( 2.00)    -106.674397436     -53.337198718  -1451.3791156
     3 1     3P 1( 6.00)     -90.190608994     -45.095304497  -1227.1057485
     3 2     3D 1(10.00)     -67.059356391     -33.529678195   -912.3890241
     4 0     4S 1( 2.00)     -21.203540461     -10.601770231   -288.4888646
     4 1     4P 1( 6.00)     -15.819403263      -7.909701632   -215.2339462
     4 2     4D 1(10.00)      -8.121906537      -4.060953268   -110.5041679
     5 0     5S 1( 2.00)      -2.868371425      -1.434185713    -39.0261814
     5 1     5P 1( 6.00)      -1.578175310      -0.789087655    -21.4721690
     5 2     5D 1( 0.00)      -0.148694711      -0.074347355     -2.0230946
     4 3     4F 1( 3.00)      -0.091882128      -0.045941064     -1.2501200
     6 0     6S 1( 2.00)      -0.254427889      -0.127213944     -3.4616678
     6 1     6P 1( 0.00)      -0.091478903      -0.045739451     -1.2446339
     5 3     5F 1( 0.00)       0.001206614       0.000603307      0.0164168

     final scf error:  3.8E-15 reached in  39 iterations
 
     The valence states are: 5S,5P,5D,4F,6S,6P,5F,                                       

     Total energy of the atom:

     Etot =  -18474.666448 Ry,   -9237.333224 Ha, -251360.642245 eV

     Kinetic energy:

     Ekin =   19622.619026 Ry,    9811.309513 Ha,  266979.332741 eV
     Ekinc=   19441.660496 Ry,    9720.830248 Ha,  264517.266517 eV
     Ekinv=     180.958530 Ry,      90.479265 Ha,    2462.066225 eV
 

     Interaction between the nucleus and the electrons:

     Encl =  -44822.610060 Ry,  -22411.305030 Ha, -609842.677451 eV
     Enclc=  -43611.375462 Ry,  -21805.687731 Ha, -593362.991213 eV
     Enclv=   -1211.234598 Ry,    -605.617299 Ha,  -16479.686238 eV
 

     Hartree energy:

     Eh   =    7156.832821 Ry,    3578.416411 Ha,   97373.671101 eV
     Ehcc =    6202.947148 Ry,    3101.473574 Ha,   84395.395352 eV
     Ehcv =     871.987815 Ry,     435.993908 Ha,   11863.998623 eV
     Ehvv =      81.897852 Ry,      40.948926 Ha,    1114.277038 eV
 

     Exchange and correlation energy:

     Exc  =    -431.508236 Ry,    -215.754118 Ha,   -5870.968637 eV
 

     Estimated frozen-core energy from all-electron calculation:
     Efc = Ekinv + Enclv + Ehvv + Ehcv + Exc
     Ed = Etot - Efc

     Efc  =    -507.898637 Ry,    -253.949318 Ha,   -6910.312989 eV
     Ed   =  -17966.767812 Ry,   -8983.383906 Ha, -244450.329256 eV


     normalization and overlap integrals

     s(1S/1S) =  1.000000  <r> =   0.0241  <r2> =    0.0008  r(max) =   0.0153
     s(1S/2S) = -0.019095
     s(1S/3S) = -0.008195
     s(1S/4S) = -0.003891
     s(1S/5S) = -0.001590
     s(1S/6S) = -0.000475
     s(2S/2S) =  1.000000  <r> =   0.1031  <r2> =    0.0125  r(max) =   0.0874
     s(2S/3S) = -0.005106
     s(2S/4S) = -0.002324
     s(2S/5S) = -0.000942
     s(2S/6S) = -0.000281
     s(2P/2P) =  1.000000  <r> =   0.0905  <r2> =    0.0100  r(max) =   0.0701
     s(2P/3P) = -0.004136
     s(2P/4P) = -0.001779
     s(2P/5P) = -0.000644
     s(2P/6P) = -0.000155
     s(3S/3S) =  1.000000  <r> =   0.2723  <r2> =    0.0847  r(max) =   0.2497
     s(3S/4S) = -0.001614
     s(3S/5S) = -0.000635
     s(3S/6S) = -0.000189
     s(3P/3P) =  1.000000  <r> =   0.2704  <r2> =    0.0848  r(max) =   0.2447
     s(3P/4P) = -0.001378
     s(3P/5P) = -0.000484
     s(3P/6P) = -0.000116
     s(3D/3D) =  1.000000  <r> =   0.2475  <r2> =    0.0722  r(max) =   0.2004
     s(3D/4D) = -0.000979
     s(3D/5D) = -0.000197
     s(4S/4S) =  1.000000  <r> =   0.6225  <r2> =    0.4371  r(max) =   0.5784
     s(4S/5S) = -0.000423
     s(4S/6S) = -0.000124
     s(4P/4P) =  1.000000  <r> =   0.6594  <r2> =    0.4944  r(max) =   0.6020
     s(4P/5P) = -0.000325
     s(4P/6P) = -0.000077
     s(4D/4D) =  1.000000  <r> =   0.7272  <r2> =    0.6138  r(max) =   0.6328
     s(4D/5D) = -0.000140
     s(5S/5S) =  1.000000  <r> =   1.5077  <r2> =    2.5567  r(max) =   1.3532
     s(5S/6S) = -0.000065
     s(5P/5P) =  1.000000  <r> =   1.7670  <r2> =    3.5489  r(max) =   1.5410
     s(5P/6P) = -0.000038
     s(5D/5D) =  1.000000  <r> =   3.3279  <r2> =   13.7379  r(max) =   2.2761
     s(4F/4F) =  1.000001  <r> =   1.2101  <r2> =    2.1622  r(max) =   0.6924
     s(4F/5F) =  0.000000
     s(6S/6S) =  1.000000  <r> =   4.4988  <r2> =   22.9508  r(max) =   3.8669
     s(6P/6P) =  1.000000  <r> =   6.1809  <r2> =   43.8055  r(max) =   5.1165
     s(5F/5F) =  0.000000  <r> =   0.0000  <r2> =    0.0000  r(max) =  99.7296

     ------------------------ End of All-electron run ------------------------


     --------------------- Generating US pseudopotential ---------------------


      Generating local pot.: lloc=2, matching radius rcloc =   2.1000

      Computing core charge for nlcc: 

       r > 1.30 : true rho core
      Core charge pseudized with two Bessel functions
      ***Writing file pr.core ***
      Integrated core pseudo-charge :  12.24


      Wfc   4F  rcut= 1.300  Using Troullier-Martins method 
      Wfc-us  4F rcutus= 2.019  Estimated cut-off energy=    39.02 Ry
     rc*logder, xc(1), xc(2), rc*q(1),rc*q(2)
    -1.49047     1.40419    -0.40419     5.44519     8.91726


      Wfc   5F  rcut= 1.300  Using Troullier-Martins method 
      Wfc-us  5F rcutus= 2.019  Estimated cut-off energy=    62.27 Ry
     rc*logder, xc(1), xc(2), rc*q(1),rc*q(2)
    10.29037     1.67992    -0.67992     7.64496    11.26463


      Wfc   5P  rcut= 1.300  Using Troullier-Martins method 
      Wfc-us  5P rcutus= 1.790  Estimated cut-off energy=    24.34 Ry
     rc*logder, xc(1), xc(2), rc*q(1),rc*q(2)
    -0.77205     1.13587    -0.13587     3.06553     6.24650


      Wfc   6P  rcut= 1.300  Using Troullier-Martins method 
      Wfc-us  6P rcutus= 1.790  Estimated cut-off energy=    29.82 Ry
     rc*logder, xc(1), xc(2), rc*q(1),rc*q(2)
    -6.63460     1.11095    -0.11095     3.95040     6.91317


      Wfc   5S  rcut= 1.300  Using Troullier-Martins method 
      Wfc-us  5S rcutus= 1.588  Estimated cut-off energy=    19.04 Ry
     rc*logder, xc(1), xc(2), rc*q(1),rc*q(2)
    -0.93060     1.01603    -0.01603     2.00529     4.90007


      Wfc   6S  rcut= 1.300  Using Troullier-Martins method 
      Wfc-us  6S rcutus= 1.588  Estimated cut-off energy=    24.70 Ry
     rc*logder, xc(1), xc(2), rc*q(1),rc*q(2)
    -6.59110     0.88358     0.11642     2.74674     5.58062

      The bmat matrix
    -1.12158    -1.00168     0.00000     0.00000     0.00000     0.00000
    -0.81123    -1.04950     0.00000     0.00000     0.00000     0.00000
     0.00000     0.00000    -0.19285     0.11599     0.00000     0.00000
     0.00000     0.00000    -0.17772     0.07738     0.00000     0.00000
     0.00000     0.00000     0.00000     0.00000     0.23092     0.36200
     0.00000     0.00000     0.00000     0.00000     0.08641     0.11145

      The bmat + epsilon qq matrix
    -1.17953    -0.84091     0.00000     0.00000     0.00000     0.00000
    -0.84077    -0.97312     0.00000     0.00000     0.00000     0.00000
     0.00000     0.00000     0.08139     0.04534     0.00000     0.00000
     0.00000     0.00000     0.04526     0.01950     0.00000     0.00000
     0.00000     0.00000     0.00000     0.00000     1.23306     0.38881
     0.00000     0.00000     0.00000     0.00000     0.38863     0.11956

      The qq matrix
     0.63066     0.32154     0.00000     0.00000     0.00000     0.00000
     0.32154     0.15277     0.00000     0.00000     0.00000     0.00000
     0.00000     0.00000    -0.17377    -0.14129     0.00000     0.00000
     0.00000     0.00000    -0.14129    -0.11576     0.00000     0.00000
     0.00000     0.00000     0.00000     0.00000    -0.34938    -0.10536
     0.00000     0.00000     0.00000     0.00000    -0.10536    -0.03190

      The ddd matrix
     2.00724     0.81080     0.00000     0.00000     0.00000     0.00000
     0.81080    -0.17513     0.00000     0.00000     0.00000     0.00000
     0.00000     0.00000    -0.77302    -0.65428     0.00000     0.00000
     0.00000     0.00000    -0.65428    -0.55709     0.00000     0.00000
     0.00000     0.00000     0.00000     0.00000    -0.54696    -0.14948
     0.00000     0.00000     0.00000     0.00000    -0.14948    -0.04369

     ------------------- End of pseudopotential generation -------------------

     --------------------------- All-electron run ----------------------------

     Pr                                                                         
     scalar relativistic calculation

     atomic number is 59.00
     dft =PBE   lsd =0 sic =0 latt =0  beta=0.20 tr2=1.0E-14
     Exchange-correlation= PBE
                           (   1   4   3   4   0   0   0)
     mesh =1669 r(mesh) =  99.72960 a.u. xmin = -8.00 dx = 0.01000
     1 Ry =  13.60569312 eV, c = 137.03599908

     n l     nl                  e(Ry)          e(Ha)          e(eV)
     1 0     1S 1( 2.00)   -3073.535313628   -1536.767656814 -41817.5782799
     2 0     2S 1( 2.00)    -494.453464591    -247.226732296  -6727.3821028
     2 1     2P 1( 6.00)    -442.401053255    -221.200526628  -6019.1729679
     3 0     3S 1( 2.00)    -106.674397436     -53.337198718  -1451.3791156
     3 1     3P 1( 6.00)     -90.190608994     -45.095304497  -1227.1057485
     3 2     3D 1(10.00)     -67.059356391     -33.529678195   -912.3890241
     4 0     4S 1( 2.00)     -21.203540461     -10.601770231   -288.4888646
     4 1     4P 1( 6.00)     -15.819403263      -7.909701632   -215.2339462
     4 2     4D 1(10.00)      -8.121906537      -4.060953268   -110.5041679
     5 0     5S 1( 2.00)      -2.868371425      -1.434185713    -39.0261814
     5 1     5P 1( 6.00)      -1.578175310      -0.789087655    -21.4721690
     5 2     5D 1( 0.00)      -0.148694711      -0.074347355     -2.0230946
     4 3     4F 1( 3.00)      -0.091882128      -0.045941064     -1.2501200
     6 0     6S 1( 2.00)      -0.254427889      -0.127213944     -3.4616678
     6 1     6P 1( 0.00)      -0.091478903      -0.045739451     -1.2446339
     5 3     5F 1( 0.00)       0.001206614       0.000603307      0.0164168

     final scf error:  3.8E-15 reached in  39 iterations
 
     The valence states are: 5S,5P,5D,4F,6S,6P,5F,                                       

     Total energy of the atom:

     Etot =  -18474.666448 Ry,   -9237.333224 Ha, -251360.642245 eV

     Kinetic energy:

     Ekin =   19622.619026 Ry,    9811.309513 Ha,  266979.332741 eV
     Ekinc=   19441.660496 Ry,    9720.830248 Ha,  264517.266517 eV
     Ekinv=     180.958530 Ry,      90.479265 Ha,    2462.066225 eV
 

     Interaction between the nucleus and the electrons:

     Encl =  -44822.610060 Ry,  -22411.305030 Ha, -609842.677451 eV
     Enclc=  -43611.375462 Ry,  -21805.687731 Ha, -593362.991213 eV
     Enclv=   -1211.234598 Ry,    -605.617299 Ha,  -16479.686238 eV
 

     Hartree energy:

     Eh   =    7156.832821 Ry,    3578.416411 Ha,   97373.671101 eV
     Ehcc =    6202.947148 Ry,    3101.473574 Ha,   84395.395352 eV
     Ehcv =     871.987815 Ry,     435.993908 Ha,   11863.998623 eV
     Ehvv =      81.897852 Ry,      40.948926 Ha,    1114.277038 eV
 

     Exchange and correlation energy:

     Exc  =    -431.508236 Ry,    -215.754118 Ha,   -5870.968637 eV
 

     Estimated frozen-core energy from all-electron calculation:
     Efc = Ekinv + Enclv + Ehvv + Ehcv + Exc
     Ed = Etot - Efc

     Efc  =    -507.898637 Ry,    -253.949318 Ha,   -6910.312989 eV
     Ed   =  -17966.767812 Ry,   -8983.383906 Ha, -244450.329256 eV


     normalization and overlap integrals

     s(1S/1S) =  1.000000  <r> =   0.0241  <r2> =    0.0008  r(max) =   0.0153
     s(1S/2S) = -0.019095
     s(1S/3S) = -0.008195
     s(1S/4S) = -0.003891
     s(1S/5S) = -0.001590
     s(1S/6S) = -0.000475
     s(2S/2S) =  1.000000  <r> =   0.1031  <r2> =    0.0125  r(max) =   0.0874
     s(2S/3S) = -0.005106
     s(2S/4S) = -0.002324
     s(2S/5S) = -0.000942
     s(2S/6S) = -0.000281
     s(2P/2P) =  1.000000  <r> =   0.0905  <r2> =    0.0100  r(max) =   0.0701
     s(2P/3P) = -0.004136
     s(2P/4P) = -0.001779
     s(2P/5P) = -0.000644
     s(2P/6P) = -0.000155
     s(3S/3S) =  1.000000  <r> =   0.2723  <r2> =    0.0847  r(max) =   0.2497
     s(3S/4S) = -0.001614
     s(3S/5S) = -0.000635
     s(3S/6S) = -0.000189
     s(3P/3P) =  1.000000  <r> =   0.2704  <r2> =    0.0848  r(max) =   0.2447
     s(3P/4P) = -0.001378
     s(3P/5P) = -0.000484
     s(3P/6P) = -0.000116
     s(3D/3D) =  1.000000  <r> =   0.2475  <r2> =    0.0722  r(max) =   0.2004
     s(3D/4D) = -0.000979
     s(3D/5D) = -0.000197
     s(4S/4S) =  1.000000  <r> =   0.6225  <r2> =    0.4371  r(max) =   0.5784
     s(4S/5S) = -0.000423
     s(4S/6S) = -0.000124
     s(4P/4P) =  1.000000  <r> =   0.6594  <r2> =    0.4944  r(max) =   0.6020
     s(4P/5P) = -0.000325
     s(4P/6P) = -0.000077
     s(4D/4D) =  1.000000  <r> =   0.7272  <r2> =    0.6138  r(max) =   0.6328
     s(4D/5D) = -0.000140
     s(5S/5S) =  1.000000  <r> =   1.5077  <r2> =    2.5567  r(max) =   1.3532
     s(5S/6S) = -0.000065
     s(5P/5P) =  1.000000  <r> =   1.7670  <r2> =    3.5489  r(max) =   1.5410
     s(5P/6P) = -0.000038
     s(5D/5D) =  1.000000  <r> =   3.3279  <r2> =   13.7379  r(max) =   2.2761
     s(4F/4F) =  1.000001  <r> =   1.2101  <r2> =    2.1622  r(max) =   0.6924
     s(4F/5F) =  0.000000
     s(6S/6S) =  1.000000  <r> =   4.4988  <r2> =   22.9508  r(max) =   3.8669
     s(6P/6P) =  1.000000  <r> =   6.1809  <r2> =   43.8055  r(max) =   5.1165
     s(5F/5F) =  0.000000  <r> =   0.0000  <r2> =    0.0000  r(max) =  99.7296

     ------------------------ End of All-electron run ------------------------

     Computing logarithmic derivative in   3.41260

       Warning: n=5, l=3 expected 1 nodes, found 0
       Setting wfc to zero for this iteration
       (This warning will only be printed once per wavefunction)

       Zero norm: self consistency problem; state:  2 (l=  3, j=0.0)
     ------------------------ (GI)PAW reconstruction -------------------------

     ========================= 4F =========================
      AE: e(ref), l, n_idx  -9.188212779205958E-002           3          13

     ========================= 5F =========================
      AE: e(ref), l, n_idx   0.500000000000000                3          16

     ========================= 5P =========================
      AE: e(ref), l, n_idx   -1.57817531029774                1          11

     ========================= 6P =========================
      AE: e(ref), l, n_idx   0.500000000000000                1          15

     ========================= 5S =========================
      AE: e(ref), l, n_idx   -2.86837142528564                0          10

     ========================= 6S =========================
      AE: e(ref), l, n_idx  -0.254427888514393                0          14

     ========================= 5D =========================
      AE: e(ref), l, n_idx  -0.148694710606913                2          12

     ========================= 4F =========================
      PS: e(ref), e(eig), n_idx  -9.191106631999933E-002 -9.191106631999933E-002
           1
      r(cut):    2.00000000000000             1278        1479
      SCALE:    1.00000000000000        1.99863121967238     
  0.894749117587136     
      SCALE:    1.00000381083977        2.10110323355634     
     NORM:   1.02652386  0.28397776

     ========================= 5F =========================
      PS: e(ref), e(eig), n_idx   0.500000000000000       1.206613648925361E-003
           2
      r(cut):    2.00000000000000             1278        1479
      SCALE:    1.00000000000000        1.99863121967238     
   2.80365789070298     
      SCALE:    1.00005090500120        2.10110323355634     
     NORM:   0.77217157  0.29958675

     ========================= 5P =========================
      PS: e(ref), e(eig), n_idx   -1.57820031282345       -1.57820031282345     
           3
      r(cut):    1.80000000000000             1267        1479
      SCALE:    1.00000000000000        1.79044207045186     
  -1.54094765540428     
      SCALE:    1.00000021502511        1.88223999840168     
     NORM:   0.74276396  0.97192946

     ========================= 6P =========================
      PS: e(ref), e(eig), n_idx   0.500000000000000      -9.148388963312323E-002
           4
      r(cut):    1.80000000000000             1267        1479
      SCALE:    1.00000000000000        1.79044207045186     
  -2.06928725088419     
      SCALE:    1.00001521845004        1.88223999840168     
     NORM:   0.71826082  1.05142759

     ========================= 5S =========================
      PS: e(ref), e(eig), n_idx   -2.86839641403826       -2.86839641403826     
           5
      r(cut):    1.60000000000000             1255        1479
      SCALE:    1.00000000000000        1.58797966304193     
   1.35748630817151     
      SCALE:    1.00000030973440        1.66939712138892     
     NORM:   0.64395236  1.01861668

     ========================= 6S =========================
      PS: e(ref), e(eig), n_idx  -0.254430105828656      -0.254430105828656     
           6
      r(cut):    1.60000000000000             1255        1479
      SCALE:    1.00000000000000        1.58797966304193     
   1.64105469755246     
      SCALE:   0.999952608244878        1.66939712138892     
     NORM:   0.62543652  1.14814428

     ========================= 5D =========================
      PS: e(ref), e(eig), n_idx  -0.148700083767961      -0.148700083767961     
           7
      r(cut):    2.10000000000000             1282        1479
      SCALE:    1.00000000000000        2.08019690707229     
  0.713896623415849     
      SCALE:    1.00000121151176        2.18685088317590     
     NORM:   1.15574436  1.15572414
     --------------------- End of (GI)PAW reconstruction ---------------------
     Computing logarithmic derivative in   3.41260
     Computing the partial wave expansion 
     R is outside the sphere for l=    0 j= 0.00
     R is outside the sphere for l=    0 j= 0.00
     R is outside the sphere for l=    1 j= 0.00
     R is outside the sphere for l=    1 j= 0.00
       no projector for channel:   2
     R is outside the sphere for l=    3 j= 0.00
     R is outside the sphere for l=    3 j= 0.00

     ---------------------- Testing the pseudopotential ----------------------

     Pr                                                                         
     scalar relativistic calculation

     atomic number is 59.00   valence charge is 13.00
     dft =PBE   lsd =0 sic =0 latt =0  beta=0.20 tr2=1.0E-14
     mesh =1669 r(mesh) =  99.72960 xmin = -8.00 dx = 0.01000

     n l     nl             e AE (Ry)        e PS (Ry)    De AE-PS (Ry) 
     4 3     4F   1( 3.00)       -0.09188       -0.09191     0.00002894
     5 3     5F   1( 0.00)        0.00121        0.00121     0.00000000
     2 1     5P   1( 6.00)       -1.57818       -1.57820     0.00002500
     3 1     6P   1( 0.00)       -0.09148       -0.09148     0.00000499
     1 0     5S   1( 2.00)       -2.86837       -2.86840     0.00002499
     2 0     6S   1( 2.00)       -0.25443       -0.25443     0.00000222
     3 2     5D   1( 0.00)       -0.14869       -0.14870     0.00000537

     eps = 7.9E-16  iter =  9
 
     Etot =  -18474.666448 Ry,   -9237.333224 Ha, -251360.642245 eV
     Etotps =  -121.151322 Ry,     -60.575661 Ha,   -1648.347714 eV

     Ekin =      25.116708 Ry,      12.558354 Ha,     341.730223 eV
     Encl =    -185.062190 Ry,     -92.531095 Ha,   -2517.899371 eV
     Ehrt =      81.087101 Ry,      40.543551 Ha,    1103.246216 eV
     Ecxc =     -42.494752 Ry,     -21.247376 Ha,    -578.170558 eV
     (Ecc =     -26.511410 Ry,     -13.255705 Ha,    -360.706110 eV)
     Epseu=       0.201811 Ry,       0.100905 Ha,       2.745776 eV

     ---------------------- End of pseudopotential test ----------------------


     -------------- Test with a basis set of Bessel functions ----------

     Box size (a.u.) :   30.0

     Cutoff (Ry) :   20.0
                           N = 1       N = 2       N = 3
     E(L=0) =        -2.8673 Ry   -0.2543 Ry   -0.0069 Ry
     E(L=1) =        -1.5771 Ry   -0.0915 Ry    0.0182 Ry
     E(L=2) =        -0.1486 Ry    0.0251 Ry    0.0626 Ry
     E(L=3) =        -0.0528 Ry    0.0491 Ry    0.0976 Ry

     Cutoff (Ry) :   25.0
                           N = 1       N = 2       N = 3
     E(L=0) =        -2.8675 Ry   -0.2544 Ry   -0.0069 Ry
     E(L=1) =        -1.5779 Ry   -0.0915 Ry    0.0182 Ry
     E(L=2) =        -0.1487 Ry    0.0251 Ry    0.0626 Ry
     E(L=3) =        -0.0825 Ry    0.0491 Ry    0.0974 Ry

     Cutoff (Ry) :   30.0
                           N = 1       N = 2       N = 3
     E(L=0) =        -2.8679 Ry   -0.2544 Ry   -0.0069 Ry
     E(L=1) =        -1.5780 Ry   -0.0915 Ry    0.0182 Ry
     E(L=2) =        -0.1487 Ry    0.0251 Ry    0.0626 Ry
     E(L=3) =        -0.0897 Ry    0.0491 Ry    0.0974 Ry

     Cutoff (Ry) :   35.0
                           N = 1       N = 2       N = 3
     E(L=0) =        -2.8681 Ry   -0.2544 Ry   -0.0069 Ry
     E(L=1) =        -1.5781 Ry   -0.0915 Ry    0.0182 Ry
     E(L=2) =        -0.1487 Ry    0.0251 Ry    0.0626 Ry
     E(L=3) =        -0.0914 Ry    0.0491 Ry    0.0974 Ry

     Cutoff (Ry) :   40.0
                           N = 1       N = 2       N = 3
     E(L=0) =        -2.8681 Ry   -0.2544 Ry   -0.0069 Ry
     E(L=1) =        -1.5781 Ry   -0.0915 Ry    0.0182 Ry
     E(L=2) =        -0.1487 Ry    0.0251 Ry    0.0626 Ry
     E(L=3) =        -0.0914 Ry    0.0491 Ry    0.0974 Ry

     Cutoff (Ry) :   45.0
                           N = 1       N = 2       N = 3
     E(L=0) =        -2.8681 Ry   -0.2544 Ry   -0.0069 Ry
     E(L=1) =        -1.5781 Ry   -0.0915 Ry    0.0182 Ry
     E(L=2) =        -0.1487 Ry    0.0251 Ry    0.0626 Ry
     E(L=3) =        -0.0916 Ry    0.0491 Ry    0.0974 Ry

     Cutoff (Ry) :   50.0
                           N = 1       N = 2       N = 3
     E(L=0) =        -2.8682 Ry   -0.2544 Ry   -0.0069 Ry
     E(L=1) =        -1.5781 Ry   -0.0915 Ry    0.0182 Ry
     E(L=2) =        -0.1487 Ry    0.0251 Ry    0.0626 Ry
     E(L=3) =        -0.0918 Ry    0.0491 Ry    0.0974 Ry

     Cutoff (Ry) :   55.0
                           N = 1       N = 2       N = 3
     E(L=0) =        -2.8682 Ry   -0.2544 Ry   -0.0069 Ry
     E(L=1) =        -1.5781 Ry   -0.0915 Ry    0.0182 Ry
     E(L=2) =        -0.1487 Ry    0.0251 Ry    0.0626 Ry
     E(L=3) =        -0.0919 Ry    0.0491 Ry    0.0974 Ry

     Cutoff (Ry) :   60.0
                           N = 1       N = 2       N = 3
     E(L=0) =        -2.8683 Ry   -0.2544 Ry   -0.0069 Ry
     E(L=1) =        -1.5781 Ry   -0.0915 Ry    0.0182 Ry
     E(L=2) =        -0.1487 Ry    0.0251 Ry    0.0626 Ry
     E(L=3) =        -0.0919 Ry    0.0491 Ry    0.0974 Ry

     -------------- End of Bessel function test ------------------------

