
     Program LD1 v.6.8 starts on 25Oct2024 at  9:46:48 

     This program is part of the open-source Quantum ESPRESSO suite
     for quantum simulation of materials; please cite
         "P. Giannozzi et al., J. Phys.:Condens. Matter 21 395502 (2009);
         "P. Giannozzi et al., J. Phys.:Condens. Matter 29 465901 (2017);
         "P. Giannozzi et al., J. Chem. Phys. 152 154105 (2020);
          URL http://www.quantum-espresso.org", 
     in publications or presentations arising from this work. More details at
     http://www.quantum-espresso.org/quote

     Parallel version (MPI), running on     1 processors

     MPI processes distributed on     1 nodes
     5236 MiB available memory on the printing compute node when the environment starts
 
     Waiting for input...
     Reading input from standard input
     --------------------------- All-electron run ----------------------------

     Gd                                                                         
     scalar relativistic calculation

     atomic number is 64.00
     dft =PBE   lsd =0 sic =0 latt =0  beta=0.20 tr2=1.0E-14
     Exchange-correlation= PBE
                           (   1   4   3   4   0   0   0)
     mesh =1677 r(mesh) =  99.59549 a.u. xmin = -8.00 dx = 0.01000
     1 Ry =  13.60569312 eV, c = 137.03599908

     n l     nl                  e(Ry)          e(Ha)          e(eV)
     1 0     1S 1( 2.00)   -3682.646896848   -1841.323448424 -50104.9635589
     2 0     2S 1( 2.00)    -608.052274771    -304.026137386  -8272.9726533
     2 1     2P 1( 6.00)    -541.063017743    -270.531508872  -7361.5373796
     3 0     3S 1( 2.00)    -134.800993906     -67.400496953  -1834.0609558
     3 1     3P 1( 6.00)    -114.051968485     -57.025984242  -1551.7560833
     3 2     3D 1(10.00)     -86.677016804     -43.338508402  -1179.3008915
     4 0     4S 1( 2.00)     -27.153151532     -13.576575766   -369.4374471
     4 1     4P 1( 6.00)     -20.314463149     -10.157231575   -276.3923516
     4 2     4D 1(10.00)     -10.857057289      -5.428528645   -147.7177897
     5 0     5S 1( 2.00)      -3.655853386      -1.827926693    -49.7404193
     5 1     5P 1( 6.00)      -2.003885291      -1.001942646    -27.2642483
     5 2     5D 1( 1.00)      -0.186159254      -0.093079627     -2.5328257
     4 3     4F 1( 7.00)      -0.639206317      -0.319603158     -8.6968450
     6 0     6S 1( 2.00)      -0.303245946      -0.151622973     -4.1258713
     6 1     6P 1( 0.00)      -0.097962017      -0.048981009     -1.3328411
     5 3     5F 1( 0.00)       0.001209773       0.000604886      0.0164598

     final scf error:  7.4E-15 reached in  36 iterations
 
     The valence states are: 5S,5P,5D,4F,6S,6P,5F,                                       

     Total energy of the atom:

     Etot =  -22542.245578 Ry,  -11271.122789 Ha, -306702.875637 eV

     Kinetic energy:

     Ekin =   24207.996330 Ry,   12103.998165 Ha,  329366.569182 eV
     Ekinc=   23785.366717 Ry,   11892.683359 Ha,  323616.400372 eV
     Ekinv=     422.629612 Ry,     211.314806 Ha,    5750.168810 eV
 

     Interaction between the nucleus and the electrons:

     Encl =  -54990.249203 Ry,  -27495.124601 Ha, -748180.455407 eV
     Enclc=  -52587.784041 Ry,  -26293.892020 Ha, -715493.251676 eV
     Enclv=   -2402.465162 Ry,   -1201.232581 Ha,  -32687.203731 eV
 

     Hartree energy:

     Eh   =    8737.035065 Ry,    4368.517532 Ha,  118873.417896 eV
     Ehcc =    6943.132792 Ry,    3471.566396 Ha,   94466.134076 eV
     Ehcv =    1590.481107 Ry,     795.240553 Ha,   21639.597858 eV
     Ehvv =     203.421166 Ry,     101.710583 Ha,    2767.685962 eV
 

     Exchange and correlation energy:

     Exc  =    -497.027770 Ry,    -248.513885 Ha,   -6762.407309 eV
 

     Estimated frozen-core energy from all-electron calculation:
     Efc = Ekinv + Enclv + Ehvv + Ehcv + Exc
     Ed = Etot - Efc

     Efc  =    -682.961046 Ry,    -341.480523 Ha,   -9292.158410 eV
     Ed   =  -21859.284532 Ry,  -10929.642266 Ha, -297410.717228 eV


     normalization and overlap integrals

     s(1S/1S) =  1.000000  <r> =   0.0219  <r2> =    0.0007  r(max) =   0.0139
     s(1S/2S) = -0.022940
     s(1S/3S) = -0.009939
     s(1S/4S) = -0.004781
     s(1S/5S) = -0.001963
     s(1S/6S) = -0.000585
     s(2S/2S) =  1.000000  <r> =   0.0933  <r2> =    0.0103  r(max) =   0.0790
     s(2S/3S) = -0.006242
     s(2S/4S) = -0.002873
     s(2S/5S) = -0.001170
     s(2S/6S) = -0.000348
     s(2P/2P) =  1.000000  <r> =   0.0824  <r2> =    0.0083  r(max) =   0.0640
     s(2P/3P) = -0.005024
     s(2P/4P) = -0.002187
     s(2P/5P) = -0.000794
     s(2P/6P) = -0.000185
     s(3S/3S) =  1.000000  <r> =   0.2444  <r2> =    0.0682  r(max) =   0.2234
     s(3S/4S) = -0.002027
     s(3S/5S) = -0.000800
     s(3S/6S) = -0.000237
     s(3P/3P) =  1.000000  <r> =   0.2430  <r2> =    0.0684  r(max) =   0.2190
     s(3P/4P) = -0.001727
     s(3P/5P) = -0.000609
     s(3P/6P) = -0.000142
     s(3D/3D) =  1.000000  <r> =   0.2212  <r2> =    0.0575  r(max) =   0.1793
     s(3D/4D) = -0.001240
     s(3D/5D) = -0.000255
     s(4S/4S) =  1.000000  <r> =   0.5528  <r2> =    0.3448  r(max) =   0.5174
     s(4S/5S) = -0.000542
     s(4S/6S) = -0.000159
     s(4P/4P) =  1.000000  <r> =   0.5851  <r2> =    0.3893  r(max) =   0.5385
     s(4P/5P) = -0.000417
     s(4P/6P) = -0.000096
     s(4D/4D) =  1.000000  <r> =   0.6359  <r2> =    0.4690  r(max) =   0.5605
     s(4D/5D) = -0.000187
     s(5S/5S) =  1.000000  <r> =   1.3324  <r2> =    1.9970  r(max) =   1.1986
     s(5S/6S) = -0.000084
     s(5P/5P) =  1.000000  <r> =   1.5609  <r2> =    2.7695  r(max) =   1.3514
     s(5P/6P) = -0.000047
     s(5D/5D) =  1.000000  <r> =   2.8481  <r2> =   10.0756  r(max) =   1.9564
     s(4F/4F) =  1.000000  <r> =   0.8661  <r2> =    0.9898  r(max) =   0.5662
     s(4F/5F) =  0.000000
     s(6S/6S) =  1.000000  <r> =   3.9903  <r2> =   18.1066  r(max) =   3.3910
     s(6P/6P) =  1.000000  <r> =   5.6407  <r2> =   36.7689  r(max) =   4.5773
     s(5F/5F) =  0.000000  <r> =   0.0000  <r2> =    0.0000  r(max) =  99.5955

     ------------------------ End of All-electron run ------------------------


     --------------------- Generating US pseudopotential ---------------------


      Generating local pot.: lloc=2, matching radius rcloc =   2.1000

      Computing core charge for nlcc: 

       r > 1.31 : true rho core
      Core charge pseudized with two Bessel functions
      ***Writing file gd.core ***
      Integrated core pseudo-charge :   6.74


      Wfc   4F  rcut= 1.298  Using Troullier-Martins method 
      Wfc-us  4F rcutus= 1.899  Estimated cut-off energy=    44.90 Ry
     rc*logder, xc(1), xc(2), rc*q(1),rc*q(2)
    -2.13382     1.48663    -0.48663     5.59595     8.99583


      Wfc   5F  rcut= 1.298  Using Troullier-Martins method 
      Wfc-us  5F rcutus= 1.899  Estimated cut-off energy=    39.27 Ry
     rc*logder, xc(1), xc(2), rc*q(1),rc*q(2)
     2.23038     0.97595     0.02405     3.67519     8.41330


      Wfc   5P  rcut= 1.298  Using Troullier-Martins method 
      Wfc-us  5P rcutus= 1.788  Estimated cut-off energy=    25.11 Ry
     rc*logder, xc(1), xc(2), rc*q(1),rc*q(2)
    -1.33830     1.24108    -0.24108     3.24234     6.33608


      Wfc   6P  rcut= 1.298  Using Troullier-Martins method 
      Wfc-us  6P rcutus= 1.788  Estimated cut-off energy=    35.76 Ry
     rc*logder, xc(1), xc(2), rc*q(1),rc*q(2)
   -45.63236     1.21057    -0.21057     4.39731     7.56100


      Wfc   5S  rcut= 1.298  Using Troullier-Martins method 
      Wfc-us  5S rcutus= 1.586  Estimated cut-off energy=    20.04 Ry
     rc*logder, xc(1), xc(2), rc*q(1),rc*q(2)
    -1.59164     1.18019    -0.18019     2.19762     5.01945


      Wfc   6S  rcut= 1.298  Using Troullier-Martins method 
      Wfc-us  6S rcutus= 1.586  Estimated cut-off energy=    30.74 Ry
     rc*logder, xc(1), xc(2), rc*q(1),rc*q(2)
   -93.62418     1.00285    -0.00285     3.10840     6.21688

      The bmat matrix
    -0.99093    -0.27922     0.00000     0.00000     0.00000     0.00000
     0.42353     0.16804     0.00000     0.00000     0.00000     0.00000
     0.00000     0.00000    -0.14225     0.26547     0.00000     0.00000
     0.00000     0.00000    -0.18177     0.15915     0.00000     0.00000
     0.00000     0.00000     0.00000     0.00000     0.70008     0.79531
     0.00000     0.00000     0.00000     0.00000     0.17240     0.22712

      The bmat + epsilon qq matrix
    -1.49565    -0.28990     0.00000     0.00000     0.00000     0.00000
     0.42808     0.34746     0.00000     0.00000     0.00000     0.00000
     0.00000     0.00000     0.30965     0.17622     0.00000     0.00000
     0.00000     0.00000     0.17592     0.08707     0.00000     0.00000
     0.00000     0.00000     0.00000     0.00000     3.03760     0.85164
     0.00000     0.00000     0.00000     0.00000     0.85160     0.24363

      The qq matrix
     0.78961    -0.00712     0.00000     0.00000     0.00000     0.00000
    -0.00712     0.11962     0.00000     0.00000     0.00000     0.00000
     0.00000     0.00000    -0.22551    -0.17850     0.00000     0.00000
     0.00000     0.00000    -0.17850    -0.14416     0.00000     0.00000
     0.00000     0.00000     0.00000     0.00000    -0.63939    -0.18578
     0.00000     0.00000     0.00000     0.00000    -0.18578    -0.05444

      The ddd matrix
     3.81771     0.35633     0.00000     0.00000     0.00000     0.00000
     0.35633     1.21872     0.00000     0.00000     0.00000     0.00000
     0.00000     0.00000    -1.14494    -0.99073     0.00000     0.00000
     0.00000     0.00000    -0.99073    -0.86480     0.00000     0.00000
     0.00000     0.00000     0.00000     0.00000    -1.29954    -0.41501
     0.00000     0.00000     0.00000     0.00000    -0.41501    -0.12902

     ------------------- End of pseudopotential generation -------------------

     --------------------------- All-electron run ----------------------------

     Gd                                                                         
     scalar relativistic calculation

     atomic number is 64.00
     dft =PBE   lsd =0 sic =0 latt =0  beta=0.20 tr2=1.0E-14
     Exchange-correlation= PBE
                           (   1   4   3   4   0   0   0)
     mesh =1677 r(mesh) =  99.59549 a.u. xmin = -8.00 dx = 0.01000
     1 Ry =  13.60569312 eV, c = 137.03599908

     n l     nl                  e(Ry)          e(Ha)          e(eV)
     1 0     1S 1( 2.00)   -3682.646896848   -1841.323448424 -50104.9635589
     2 0     2S 1( 2.00)    -608.052274771    -304.026137386  -8272.9726533
     2 1     2P 1( 6.00)    -541.063017743    -270.531508872  -7361.5373796
     3 0     3S 1( 2.00)    -134.800993906     -67.400496953  -1834.0609558
     3 1     3P 1( 6.00)    -114.051968485     -57.025984242  -1551.7560833
     3 2     3D 1(10.00)     -86.677016804     -43.338508402  -1179.3008915
     4 0     4S 1( 2.00)     -27.153151532     -13.576575766   -369.4374471
     4 1     4P 1( 6.00)     -20.314463149     -10.157231575   -276.3923516
     4 2     4D 1(10.00)     -10.857057289      -5.428528645   -147.7177897
     5 0     5S 1( 2.00)      -3.655853386      -1.827926693    -49.7404193
     5 1     5P 1( 6.00)      -2.003885291      -1.001942646    -27.2642483
     5 2     5D 1( 1.00)      -0.186159254      -0.093079627     -2.5328257
     4 3     4F 1( 7.00)      -0.639206317      -0.319603158     -8.6968450
     6 0     6S 1( 2.00)      -0.303245946      -0.151622973     -4.1258713
     6 1     6P 1( 0.00)      -0.097962017      -0.048981009     -1.3328411
     5 3     5F 1( 0.00)       0.001209773       0.000604886      0.0164598

     final scf error:  7.4E-15 reached in  36 iterations
 
     The valence states are: 5S,5P,5D,4F,6S,6P,5F,                                       

     Total energy of the atom:

     Etot =  -22542.245578 Ry,  -11271.122789 Ha, -306702.875637 eV

     Kinetic energy:

     Ekin =   24207.996330 Ry,   12103.998165 Ha,  329366.569182 eV
     Ekinc=   23785.366717 Ry,   11892.683359 Ha,  323616.400372 eV
     Ekinv=     422.629612 Ry,     211.314806 Ha,    5750.168810 eV
 

     Interaction between the nucleus and the electrons:

     Encl =  -54990.249203 Ry,  -27495.124601 Ha, -748180.455407 eV
     Enclc=  -52587.784041 Ry,  -26293.892020 Ha, -715493.251676 eV
     Enclv=   -2402.465162 Ry,   -1201.232581 Ha,  -32687.203731 eV
 

     Hartree energy:

     Eh   =    8737.035065 Ry,    4368.517532 Ha,  118873.417896 eV
     Ehcc =    6943.132792 Ry,    3471.566396 Ha,   94466.134076 eV
     Ehcv =    1590.481107 Ry,     795.240553 Ha,   21639.597858 eV
     Ehvv =     203.421166 Ry,     101.710583 Ha,    2767.685962 eV
 

     Exchange and correlation energy:

     Exc  =    -497.027770 Ry,    -248.513885 Ha,   -6762.407309 eV
 

     Estimated frozen-core energy from all-electron calculation:
     Efc = Ekinv + Enclv + Ehvv + Ehcv + Exc
     Ed = Etot - Efc

     Efc  =    -682.961046 Ry,    -341.480523 Ha,   -9292.158410 eV
     Ed   =  -21859.284532 Ry,  -10929.642266 Ha, -297410.717228 eV


     normalization and overlap integrals

     s(1S/1S) =  1.000000  <r> =   0.0219  <r2> =    0.0007  r(max) =   0.0139
     s(1S/2S) = -0.022940
     s(1S/3S) = -0.009939
     s(1S/4S) = -0.004781
     s(1S/5S) = -0.001963
     s(1S/6S) = -0.000585
     s(2S/2S) =  1.000000  <r> =   0.0933  <r2> =    0.0103  r(max) =   0.0790
     s(2S/3S) = -0.006242
     s(2S/4S) = -0.002873
     s(2S/5S) = -0.001170
     s(2S/6S) = -0.000348
     s(2P/2P) =  1.000000  <r> =   0.0824  <r2> =    0.0083  r(max) =   0.0640
     s(2P/3P) = -0.005024
     s(2P/4P) = -0.002187
     s(2P/5P) = -0.000794
     s(2P/6P) = -0.000185
     s(3S/3S) =  1.000000  <r> =   0.2444  <r2> =    0.0682  r(max) =   0.2234
     s(3S/4S) = -0.002027
     s(3S/5S) = -0.000800
     s(3S/6S) = -0.000237
     s(3P/3P) =  1.000000  <r> =   0.2430  <r2> =    0.0684  r(max) =   0.2190
     s(3P/4P) = -0.001727
     s(3P/5P) = -0.000609
     s(3P/6P) = -0.000142
     s(3D/3D) =  1.000000  <r> =   0.2212  <r2> =    0.0575  r(max) =   0.1793
     s(3D/4D) = -0.001240
     s(3D/5D) = -0.000255
     s(4S/4S) =  1.000000  <r> =   0.5528  <r2> =    0.3448  r(max) =   0.5174
     s(4S/5S) = -0.000542
     s(4S/6S) = -0.000159
     s(4P/4P) =  1.000000  <r> =   0.5851  <r2> =    0.3893  r(max) =   0.5385
     s(4P/5P) = -0.000417
     s(4P/6P) = -0.000096
     s(4D/4D) =  1.000000  <r> =   0.6359  <r2> =    0.4690  r(max) =   0.5605
     s(4D/5D) = -0.000187
     s(5S/5S) =  1.000000  <r> =   1.3324  <r2> =    1.9970  r(max) =   1.1986
     s(5S/6S) = -0.000084
     s(5P/5P) =  1.000000  <r> =   1.5609  <r2> =    2.7695  r(max) =   1.3514
     s(5P/6P) = -0.000047
     s(5D/5D) =  1.000000  <r> =   2.8481  <r2> =   10.0756  r(max) =   1.9564
     s(4F/4F) =  1.000000  <r> =   0.8661  <r2> =    0.9898  r(max) =   0.5662
     s(4F/5F) =  0.000000
     s(6S/6S) =  1.000000  <r> =   3.9903  <r2> =   18.1066  r(max) =   3.3910
     s(6P/6P) =  1.000000  <r> =   5.6407  <r2> =   36.7689  r(max) =   4.5773
     s(5F/5F) =  0.000000  <r> =   0.0000  <r2> =    0.0000  r(max) =  99.5955

     ------------------------ End of All-electron run ------------------------

     Computing logarithmic derivative in   3.40801

       Warning: n=4, l=3 expected 0 nodes, found 1
       Setting wfc to zero for this iteration
       (This warning will only be printed once per wavefunction)

     ------------------------ (GI)PAW reconstruction -------------------------

     ========================= 4F =========================
      AE: e(ref), l, n_idx  -0.639206316956399                3          13

     ========================= 5F =========================
      AE: e(ref), l, n_idx   0.250000000000000                3          16

     ========================= 5P =========================
      AE: e(ref), l, n_idx   -2.00388529108357                1          11

     ========================= 6P =========================
      AE: e(ref), l, n_idx   0.500000000000000                1          15

     ========================= 5S =========================
      AE: e(ref), l, n_idx   -3.65585338570295                0          10

     ========================= 6S =========================
      AE: e(ref), l, n_idx  -0.303245946422422                0          14

     ========================= 5D =========================
      AE: e(ref), l, n_idx  -0.186159253957649                2          12

     ========================= 4F =========================
      PS: e(ref), e(eig), n_idx  -0.639219838489757      -0.639219838489757     
           1
      r(cut):    1.90000000000000             1281        1487
      SCALE:    1.00000000000000        1.89860027373023     
  0.911642831924343     
      SCALE:    1.00000005284740        1.99594359134420     
     NORM:   0.81551008  0.14437326

     ========================= 5F =========================
      PS: e(ref), e(eig), n_idx   0.250000000000000       3.629542671431455E-004
           2
      r(cut):    1.90000000000000             1281        1487
      SCALE:    1.00000000000000        1.89860027373023     
  0.825531878301024     
      SCALE:   0.897846171574172        1.99594359134420     
     NORM:   0.65819014  0.09418242

     ========================= 5P =========================
      PS: e(ref), e(eig), n_idx   -2.00389320253354       -2.00389320253354     
           3
      r(cut):    1.80000000000000             1275        1487
      SCALE:    1.00000000000000        1.78803440125248     
  -2.00773096630977     
      SCALE:   0.999999934301440        1.87970888536274     
     NORM:   0.81564375  1.07724533

     ========================= 6P =========================
      PS: e(ref), e(eig), n_idx   0.500000000000000      -9.797215483246961E-002
           4
      r(cut):    1.80000000000000             1275        1487
      SCALE:    1.00000000000000        1.78803440125248     
  -2.84189640997417     
      SCALE:   0.999932445301469        1.87970888536274     
     NORM:   0.65996820  1.03981747

     ========================= 5S =========================
      PS: e(ref), e(eig), n_idx   -3.65585947826344       -3.65585947826344     
           5
      r(cut):    1.60000000000000             1263        1487
      SCALE:    1.00000000000000        1.58584425202415     
   2.07760866520806     
      SCALE:    1.00000026902766        1.66715222550704     
     NORM:   0.70400935  1.30877752

     ========================= 6S =========================
      PS: e(ref), e(eig), n_idx  -0.303244923096032      -0.303244923096032     
           6
      r(cut):    1.60000000000000             1263        1487
      SCALE:    1.00000000000000        1.58584425202415     
   2.55664073296281     
      SCALE:   0.999910413531899        1.66715222550704     
     NORM:   0.56815969  1.35606872

     ========================= 5D =========================
      PS: e(ref), e(eig), n_idx  -0.186159356430774      -0.186159356430774     
           7
      r(cut):    2.10000000000000             1291        1487
      SCALE:    1.00000000000000        2.09827780757712     
  0.931335279069038     
      SCALE:    1.00000037596958        2.20585881127308     
     NORM:   1.10121960  1.10121735
     --------------------- End of (GI)PAW reconstruction ---------------------
     Computing logarithmic derivative in   3.40801
     Computing the partial wave expansion 
     R is outside the sphere for l=    0 j= 0.00
     R is outside the sphere for l=    0 j= 0.00
     R is outside the sphere for l=    1 j= 0.00
     R is outside the sphere for l=    1 j= 0.00
       no projector for channel:   2
     R is outside the sphere for l=    3 j= 0.00
     R is outside the sphere for l=    3 j= 0.00

     ---------------------- Testing the pseudopotential ----------------------

     Gd                                                                         
     scalar relativistic calculation

     atomic number is 64.00   valence charge is 18.00
     dft =PBE   lsd =0 sic =0 latt =0  beta=0.20 tr2=1.0E-14
     mesh =1677 r(mesh) =  99.59549 xmin = -8.00 dx = 0.01000

     n l     nl             e AE (Ry)        e PS (Ry)    De AE-PS (Ry) 
     4 3     4F   1( 7.00)       -0.63921       -0.63922     0.00001352
     5 3     5F   1( 0.00)        0.00121        0.00036     0.00084682
     2 1     5P   1( 6.00)       -2.00389       -2.00389     0.00000791
     3 1     6P   1( 0.00)       -0.09796       -0.09797     0.00001014
     1 0     5S   1( 2.00)       -3.65585       -3.65586     0.00000609
     2 0     6S   1( 2.00)       -0.30325       -0.30324    -0.00000102
     3 2     5D   1( 1.00)       -0.18616       -0.18616     0.00000010

     eps = 1.0E-14  iter = 18
 
     Etot =  -22542.245578 Ry,  -11271.122789 Ha, -306702.875637 eV
     Etotps =  -230.667203 Ry,    -115.333601 Ha,   -3138.387177 eV

     Ekin =      40.634508 Ry,      20.317254 Ha,     552.860640 eV
     Encl =    -445.594387 Ry,    -222.797194 Ha,   -6062.620489 eV
     Ehrt =     198.292388 Ry,      99.146194 Ha,    2697.905376 eV
     Ecxc =     -40.997329 Ry,     -20.498664 Ha,    -557.797077 eV
     (Ecc =     -12.546515 Ry,      -6.273257 Ha,    -170.704029 eV)
     Epseu=      16.997618 Ry,       8.498809 Ha,     231.264373 eV

     ---------------------- End of pseudopotential test ----------------------


     -------------- Test with a basis set of Bessel functions ----------

     Box size (a.u.) :   30.0

     Cutoff (Ry) :   20.0
                           N = 1       N = 2       N = 3
     E(L=0) =        -3.6548 Ry   -0.3031 Ry   -0.0070 Ry
     E(L=1) =        -2.0006 Ry   -0.0977 Ry    0.0189 Ry
     E(L=2) =        -0.1859 Ry    0.0279 Ry    0.0647 Ry
     E(L=3) =        -0.3338 Ry    0.0509 Ry    0.1028 Ry

     Cutoff (Ry) :   25.0
                           N = 1       N = 2       N = 3
     E(L=0) =        -3.6554 Ry   -0.3032 Ry   -0.0070 Ry
     E(L=1) =        -2.0034 Ry   -0.0979 Ry    0.0189 Ry
     E(L=2) =        -0.1861 Ry    0.0279 Ry    0.0647 Ry
     E(L=3) =        -0.5752 Ry    0.0509 Ry    0.1028 Ry

     Cutoff (Ry) :   30.0
                           N = 1       N = 2       N = 3
     E(L=0) =        -3.6556 Ry   -0.3032 Ry   -0.0070 Ry
     E(L=1) =        -2.0036 Ry   -0.0980 Ry    0.0189 Ry
     E(L=2) =        -0.1861 Ry    0.0279 Ry    0.0647 Ry
     E(L=3) =        -0.6241 Ry    0.0509 Ry    0.1028 Ry

     Cutoff (Ry) :   35.0
                           N = 1       N = 2       N = 3
     E(L=0) =        -3.6556 Ry   -0.3032 Ry   -0.0070 Ry
     E(L=1) =        -2.0036 Ry   -0.0980 Ry    0.0189 Ry
     E(L=2) =        -0.1861 Ry    0.0279 Ry    0.0647 Ry
     E(L=3) =        -0.6363 Ry    0.0509 Ry    0.1028 Ry

     Cutoff (Ry) :   40.0
                           N = 1       N = 2       N = 3
     E(L=0) =        -3.6556 Ry   -0.3032 Ry   -0.0070 Ry
     E(L=1) =        -2.0036 Ry   -0.0980 Ry    0.0189 Ry
     E(L=2) =        -0.1861 Ry    0.0279 Ry    0.0647 Ry
     E(L=3) =        -0.6372 Ry    0.0509 Ry    0.1028 Ry

     Cutoff (Ry) :   45.0
                           N = 1       N = 2       N = 3
     E(L=0) =        -3.6557 Ry   -0.3032 Ry   -0.0070 Ry
     E(L=1) =        -2.0037 Ry   -0.0980 Ry    0.0189 Ry
     E(L=2) =        -0.1861 Ry    0.0279 Ry    0.0647 Ry
     E(L=3) =        -0.6372 Ry    0.0509 Ry    0.1028 Ry

     Cutoff (Ry) :   50.0
                           N = 1       N = 2       N = 3
     E(L=0) =        -3.6557 Ry   -0.3032 Ry   -0.0070 Ry
     E(L=1) =        -2.0037 Ry   -0.0980 Ry    0.0189 Ry
     E(L=2) =        -0.1861 Ry    0.0279 Ry    0.0647 Ry
     E(L=3) =        -0.6374 Ry    0.0509 Ry    0.1028 Ry

     Cutoff (Ry) :   55.0
                           N = 1       N = 2       N = 3
     E(L=0) =        -3.6557 Ry   -0.3032 Ry   -0.0070 Ry
     E(L=1) =        -2.0037 Ry   -0.0980 Ry    0.0189 Ry
     E(L=2) =        -0.1861 Ry    0.0279 Ry    0.0647 Ry
     E(L=3) =        -0.6376 Ry    0.0509 Ry    0.1028 Ry

     Cutoff (Ry) :   60.0
                           N = 1       N = 2       N = 3
     E(L=0) =        -3.6557 Ry   -0.3032 Ry   -0.0070 Ry
     E(L=1) =        -2.0037 Ry   -0.0980 Ry    0.0189 Ry
     E(L=2) =        -0.1861 Ry    0.0279 Ry    0.0647 Ry
     E(L=3) =        -0.6377 Ry    0.0509 Ry    0.1028 Ry

     -------------- End of Bessel function test ------------------------

