
     Program LD1 v.6.8 starts on 24Oct2024 at  9:42:40 

     This program is part of the open-source Quantum ESPRESSO suite
     for quantum simulation of materials; please cite
         "P. Giannozzi et al., J. Phys.:Condens. Matter 21 395502 (2009);
         "P. Giannozzi et al., J. Phys.:Condens. Matter 29 465901 (2017);
         "P. Giannozzi et al., J. Chem. Phys. 152 154105 (2020);
          URL http://www.quantum-espresso.org", 
     in publications or presentations arising from this work. More details at
     http://www.quantum-espresso.org/quote

     Parallel version (MPI), running on     1 processors

     MPI processes distributed on     1 nodes
     6655 MiB available memory on the printing compute node when the environment starts
 
     Waiting for input...
     Reading input from standard input
     --------------------------- All-electron run ----------------------------

     Ce                                                                         
     scalar relativistic calculation

     atomic number is 58.00
     dft =PBE   lsd =0 sic =0 latt =0  beta=0.20 tr2=1.0E-14
     Exchange-correlation= PBE
                           (   1   4   3   4   0   0   0)
     mesh =1667 r(mesh) =  99.44025 a.u. xmin = -8.00 dx = 0.01000
     1 Ry =  13.60569312 eV, c = 137.03599908

     n l     nl                  e(Ry)          e(Ha)          e(eV)
     1 0     1S 1( 2.00)   -2959.882513902   -1479.941256951 -40271.2531643
     2 0     2S 1( 2.00)    -473.918549846    -236.959274923  -6447.9903545
     2 1     2P 1( 6.00)    -424.424410941    -212.212205470  -5774.5882892
     3 0     3S 1( 2.00)    -102.051058449     -51.025529225  -1388.4753841
     3 1     3P 1( 6.00)     -86.312495833     -43.156247917  -1174.3413310
     3 2     3D 1(10.00)     -63.963792432     -31.981896216   -870.2717308
     4 0     4S 1( 2.00)     -20.649623794     -10.324811897   -280.9524445
     4 1     4P 1( 6.00)     -15.512628078      -7.756314039   -211.0600572
     4 2     4D 1(10.00)      -8.120488593      -4.060244297   -110.4848758
     5 0     5S 1( 2.00)      -2.983294001      -1.491647001    -40.5897827
     5 1     5P 1( 6.00)      -1.707005358      -0.853502679    -23.2249911
     5 2     5D 1( 1.00)      -0.224827869      -0.112413935     -3.0589390
     4 3     4F 1( 1.00)      -0.395539080      -0.197769540     -5.3815833
     6 0     6S 1( 2.00)      -0.275224559      -0.137612280     -3.7446209
     6 1     6P 1( 0.00)      -0.099090921      -0.049545461     -1.3482007
     5 3     5F 1( 0.00)       0.001213546       0.000606773      0.0165111

     final scf error:  4.8E-15 reached in  32 iterations
 
     The valence states are: 5S,5P,5D,4F,6S,6P,5F,                                       

     Total energy of the atom:

     Etot =  -17720.918241 Ry,   -8860.459121 Ha, -241105.375446 eV

     Kinetic energy:

     Ekin =   18783.414152 Ry,    9391.707076 Ha,  255561.368757 eV
     Ekinc=   18644.999209 Ry,    9322.499605 Ha,  253678.137517 eV
     Ekinv=     138.414943 Ry,      69.207472 Ha,    1883.231240 eV
 

     Interaction between the nucleus and the electrons:

     Encl =  -42926.205383 Ry,  -21463.102692 Ha, -584040.777378 eV
     Enclc=  -41947.357958 Ry,  -20973.678979 Ha, -570722.879702 eV
     Enclv=    -978.847425 Ry,    -489.423712 Ha,  -13317.897676 eV
 

     Hartree energy:

     Eh   =    6840.266814 Ry,    3420.133407 Ha,   93066.571154 eV
     Ehcc =    6063.043801 Ry,    3031.521901 Ha,   82491.913353 eV
     Ehcv =     714.284363 Ry,     357.142181 Ha,    9718.333843 eV
     Ehvv =      62.938650 Ry,      31.469325 Ha,     856.323958 eV
 

     Exchange and correlation energy:

     Exc  =    -418.393824 Ry,    -209.196912 Ha,   -5692.537978 eV
 

     Estimated frozen-core energy from all-electron calculation:
     Efc = Ekinv + Enclv + Ehvv + Ehcv + Exc
     Ed = Etot - Efc

     Efc  =    -481.603293 Ry,    -240.801647 Ha,   -6552.546613 eV
     Ed   =  -17239.314948 Ry,   -8619.657474 Ha, -234552.828833 eV


     normalization and overlap integrals

     s(1S/1S) =  1.000000  <r> =   0.0246  <r2> =    0.0008  r(max) =   0.0158
     s(1S/2S) = -0.018377
     s(1S/3S) = -0.007868
     s(1S/4S) = -0.003732
     s(1S/5S) = -0.001562
     s(1S/6S) = -0.000494
     s(2S/2S) =  1.000000  <r> =   0.1052  <r2> =    0.0131  r(max) =   0.0889
     s(2S/3S) = -0.004893
     s(2S/4S) = -0.002226
     s(2S/5S) = -0.000924
     s(2S/6S) = -0.000292
     s(2P/2P) =  1.000000  <r> =   0.0924  <r2> =    0.0104  r(max) =   0.0713
     s(2P/3P) = -0.003968
     s(2P/4P) = -0.001708
     s(2P/5P) = -0.000641
     s(2P/6P) = -0.000164
     s(3S/3S) =  1.000000  <r> =   0.2786  <r2> =    0.0887  r(max) =   0.2540
     s(3S/4S) = -0.001540
     s(3S/5S) = -0.000621
     s(3S/6S) = -0.000195
     s(3P/3P) =  1.000000  <r> =   0.2767  <r2> =    0.0887  r(max) =   0.2490
     s(3P/4P) = -0.001316
     s(3P/5P) = -0.000480
     s(3P/6P) = -0.000122
     s(3D/3D) =  1.000000  <r> =   0.2536  <r2> =    0.0758  r(max) =   0.2059
     s(3D/4D) = -0.000935
     s(3D/5D) = -0.000221
     s(4S/4S) =  1.000000  <r> =   0.6373  <r2> =    0.4581  r(max) =   0.5943
     s(4S/5S) = -0.000412
     s(4S/6S) = -0.000128
     s(4P/4P) =  1.000000  <r> =   0.6748  <r2> =    0.5175  r(max) =   0.6185
     s(4P/5P) = -0.000322
     s(4P/6P) = -0.000081
     s(4D/4D) =  1.000000  <r> =   0.7442  <r2> =    0.6422  r(max) =   0.6502
     s(4D/5D) = -0.000156
     s(5S/5S) =  1.000000  <r> =   1.5175  <r2> =    2.5863  r(max) =   1.3765
     s(5S/6S) = -0.000069
     s(5P/5P) =  1.000000  <r> =   1.7596  <r2> =    3.5093  r(max) =   1.5520
     s(5P/6P) = -0.000041
     s(5D/5D) =  1.000000  <r> =   2.9518  <r2> =   10.5528  r(max) =   2.1588
     s(4F/4F) =  1.000000  <r> =   1.1051  <r2> =    1.6272  r(max) =   0.7115
     s(4F/5F) =  0.000000
     s(6S/6S) =  1.000000  <r> =   4.3477  <r2> =   21.4042  r(max) =   3.7418
     s(6P/6P) =  1.000000  <r> =   5.9217  <r2> =   40.2215  r(max) =   4.9016
     s(5F/5F) =  0.000000  <r> =   0.0000  <r2> =    0.0000  r(max) =  99.4403

     ------------------------ End of All-electron run ------------------------


     --------------------- Generating US pseudopotential ---------------------


      Generating local pot.: lloc=2, matching radius rcloc =   2.1000

      Computing core charge for nlcc: 

       r > 1.31 : true rho core
      Core charge pseudized with two Bessel functions
      ***Writing file ce.core ***
      Integrated core pseudo-charge :  13.06


      Wfc   4F  rcut= 1.296  Using Troullier-Martins method 
      Wfc-us  4F rcutus= 2.013  Estimated cut-off energy=    39.56 Ry
     rc*logder, xc(1), xc(2), rc*q(1),rc*q(2)
    -1.77550     1.43238    -0.43238     5.51514     8.95256


      Wfc   5F  rcut= 1.296  Using Troullier-Martins method 
      Wfc-us  5F rcutus= 2.013  Estimated cut-off energy=    66.36 Ry
     rc*logder, xc(1), xc(2), rc*q(1),rc*q(2)
     5.33423     1.74243    -0.74243     8.02993    11.59461


      Wfc   5P  rcut= 1.296  Using Troullier-Martins method 
      Wfc-us  5P rcutus= 2.013  Estimated cut-off energy=    19.83 Ry
     rc*logder, xc(1), xc(2), rc*q(1),rc*q(2)
    -1.34758     1.23383    -0.23383     3.24492     6.33751


      Wfc   6P  rcut= 1.296  Using Troullier-Martins method 
      Wfc-us  6P rcutus= 2.013  Estimated cut-off energy=    29.00 Ry
     rc*logder, xc(1), xc(2), rc*q(1),rc*q(2)
  -126.90123     1.18893    -0.18893     4.45829     7.66492


      Wfc   5S  rcut= 1.296  Using Troullier-Martins method 
      Wfc-us  5S rcutus= 2.013  Estimated cut-off energy=    12.93 Ry
     rc*logder, xc(1), xc(2), rc*q(1),rc*q(2)
    -2.19775     1.33636    -0.33636     2.32753     5.11799


      Wfc   6S  rcut= 1.296  Using Troullier-Martins method 
      Wfc-us  6S rcutus= 2.013  Estimated cut-off energy=    23.42 Ry
     rc*logder, xc(1), xc(2), rc*q(1),rc*q(2)
     9.95758     1.07612    -0.07612     3.47759     6.88837

      The bmat matrix
    -1.24184    -1.70099     0.00000     0.00000     0.00000     0.00000
    -1.48991    -4.10313     0.00000     0.00000     0.00000     0.00000
     0.00000     0.00000    -0.23024     0.18301     0.00000     0.00000
     0.00000     0.00000    -0.24793     0.09927     0.00000     0.00000
     0.00000     0.00000     0.00000     0.00000     0.29995     0.74290
     0.00000     0.00000     0.00000     0.00000     0.03516     0.22149

      The bmat + epsilon qq matrix
    -1.50471    -1.58331     0.00000     0.00000     0.00000     0.00000
    -1.58300    -4.13614     0.00000     0.00000     0.00000     0.00000
     0.00000     0.00000     0.18294     0.08538     0.00000     0.00000
     0.00000     0.00000     0.08538     0.01884     0.00000     0.00000
     0.00000     0.00000     0.00000     0.00000     2.79127     0.81481
     0.00000     0.00000     0.00000     0.00000     0.81458     0.24453

      The qq matrix
     0.66459     0.23535     0.00000     0.00000     0.00000     0.00000
     0.23535    -0.06603     0.00000     0.00000     0.00000     0.00000
     0.00000     0.00000    -0.24205    -0.19526     0.00000     0.00000
     0.00000     0.00000    -0.19526    -0.16085     0.00000     0.00000
     0.00000     0.00000     0.00000     0.00000    -0.83509    -0.26126
     0.00000     0.00000     0.00000     0.00000    -0.26126    -0.08372

      The ddd matrix
     1.88809    -0.32517     0.00000     0.00000     0.00000     0.00000
    -0.32517    -4.41624     0.00000     0.00000     0.00000     0.00000
     0.00000     0.00000    -1.00521    -0.88448     0.00000     0.00000
     0.00000     0.00000    -0.88448    -0.78723     0.00000     0.00000
     0.00000     0.00000     0.00000     0.00000    -1.44993    -0.52314
     0.00000     0.00000     0.00000     0.00000    -0.52314    -0.18634

     ------------------- End of pseudopotential generation -------------------

     --------------------------- All-electron run ----------------------------

     Ce                                                                         
     scalar relativistic calculation

     atomic number is 58.00
     dft =PBE   lsd =0 sic =0 latt =0  beta=0.20 tr2=1.0E-14
     Exchange-correlation= PBE
                           (   1   4   3   4   0   0   0)
     mesh =1667 r(mesh) =  99.44025 a.u. xmin = -8.00 dx = 0.01000
     1 Ry =  13.60569312 eV, c = 137.03599908

     n l     nl                  e(Ry)          e(Ha)          e(eV)
     1 0     1S 1( 2.00)   -2959.882513902   -1479.941256951 -40271.2531643
     2 0     2S 1( 2.00)    -473.918549846    -236.959274923  -6447.9903545
     2 1     2P 1( 6.00)    -424.424410941    -212.212205470  -5774.5882892
     3 0     3S 1( 2.00)    -102.051058449     -51.025529225  -1388.4753841
     3 1     3P 1( 6.00)     -86.312495833     -43.156247917  -1174.3413310
     3 2     3D 1(10.00)     -63.963792432     -31.981896216   -870.2717308
     4 0     4S 1( 2.00)     -20.649623794     -10.324811897   -280.9524445
     4 1     4P 1( 6.00)     -15.512628078      -7.756314039   -211.0600572
     4 2     4D 1(10.00)      -8.120488593      -4.060244297   -110.4848758
     5 0     5S 1( 2.00)      -2.983294001      -1.491647001    -40.5897827
     5 1     5P 1( 6.00)      -1.707005358      -0.853502679    -23.2249911
     5 2     5D 1( 1.00)      -0.224827869      -0.112413935     -3.0589390
     4 3     4F 1( 1.00)      -0.395539080      -0.197769540     -5.3815833
     6 0     6S 1( 2.00)      -0.275224559      -0.137612280     -3.7446209
     6 1     6P 1( 0.00)      -0.099090921      -0.049545461     -1.3482007
     5 3     5F 1( 0.00)       0.001213546       0.000606773      0.0165111

     final scf error:  4.8E-15 reached in  32 iterations
 
     The valence states are: 5S,5P,5D,4F,6S,6P,5F,                                       

     Total energy of the atom:

     Etot =  -17720.918241 Ry,   -8860.459121 Ha, -241105.375446 eV

     Kinetic energy:

     Ekin =   18783.414152 Ry,    9391.707076 Ha,  255561.368757 eV
     Ekinc=   18644.999209 Ry,    9322.499605 Ha,  253678.137517 eV
     Ekinv=     138.414943 Ry,      69.207472 Ha,    1883.231240 eV
 

     Interaction between the nucleus and the electrons:

     Encl =  -42926.205383 Ry,  -21463.102692 Ha, -584040.777378 eV
     Enclc=  -41947.357958 Ry,  -20973.678979 Ha, -570722.879702 eV
     Enclv=    -978.847425 Ry,    -489.423712 Ha,  -13317.897676 eV
 

     Hartree energy:

     Eh   =    6840.266814 Ry,    3420.133407 Ha,   93066.571154 eV
     Ehcc =    6063.043801 Ry,    3031.521901 Ha,   82491.913353 eV
     Ehcv =     714.284363 Ry,     357.142181 Ha,    9718.333843 eV
     Ehvv =      62.938650 Ry,      31.469325 Ha,     856.323958 eV
 

     Exchange and correlation energy:

     Exc  =    -418.393824 Ry,    -209.196912 Ha,   -5692.537978 eV
 

     Estimated frozen-core energy from all-electron calculation:
     Efc = Ekinv + Enclv + Ehvv + Ehcv + Exc
     Ed = Etot - Efc

     Efc  =    -481.603293 Ry,    -240.801647 Ha,   -6552.546613 eV
     Ed   =  -17239.314948 Ry,   -8619.657474 Ha, -234552.828833 eV


     normalization and overlap integrals

     s(1S/1S) =  1.000000  <r> =   0.0246  <r2> =    0.0008  r(max) =   0.0158
     s(1S/2S) = -0.018377
     s(1S/3S) = -0.007868
     s(1S/4S) = -0.003732
     s(1S/5S) = -0.001562
     s(1S/6S) = -0.000494
     s(2S/2S) =  1.000000  <r> =   0.1052  <r2> =    0.0131  r(max) =   0.0889
     s(2S/3S) = -0.004893
     s(2S/4S) = -0.002226
     s(2S/5S) = -0.000924
     s(2S/6S) = -0.000292
     s(2P/2P) =  1.000000  <r> =   0.0924  <r2> =    0.0104  r(max) =   0.0713
     s(2P/3P) = -0.003968
     s(2P/4P) = -0.001708
     s(2P/5P) = -0.000641
     s(2P/6P) = -0.000164
     s(3S/3S) =  1.000000  <r> =   0.2786  <r2> =    0.0887  r(max) =   0.2540
     s(3S/4S) = -0.001540
     s(3S/5S) = -0.000621
     s(3S/6S) = -0.000195
     s(3P/3P) =  1.000000  <r> =   0.2767  <r2> =    0.0887  r(max) =   0.2490
     s(3P/4P) = -0.001316
     s(3P/5P) = -0.000480
     s(3P/6P) = -0.000122
     s(3D/3D) =  1.000000  <r> =   0.2536  <r2> =    0.0758  r(max) =   0.2059
     s(3D/4D) = -0.000935
     s(3D/5D) = -0.000221
     s(4S/4S) =  1.000000  <r> =   0.6373  <r2> =    0.4581  r(max) =   0.5943
     s(4S/5S) = -0.000412
     s(4S/6S) = -0.000128
     s(4P/4P) =  1.000000  <r> =   0.6748  <r2> =    0.5175  r(max) =   0.6185
     s(4P/5P) = -0.000322
     s(4P/6P) = -0.000081
     s(4D/4D) =  1.000000  <r> =   0.7442  <r2> =    0.6422  r(max) =   0.6502
     s(4D/5D) = -0.000156
     s(5S/5S) =  1.000000  <r> =   1.5175  <r2> =    2.5863  r(max) =   1.3765
     s(5S/6S) = -0.000069
     s(5P/5P) =  1.000000  <r> =   1.7596  <r2> =    3.5093  r(max) =   1.5520
     s(5P/6P) = -0.000041
     s(5D/5D) =  1.000000  <r> =   2.9518  <r2> =   10.5528  r(max) =   2.1588
     s(4F/4F) =  1.000000  <r> =   1.1051  <r2> =    1.6272  r(max) =   0.7115
     s(4F/5F) =  0.000000
     s(6S/6S) =  1.000000  <r> =   4.3477  <r2> =   21.4042  r(max) =   3.7418
     s(6P/6P) =  1.000000  <r> =   5.9217  <r2> =   40.2215  r(max) =   4.9016
     s(5F/5F) =  0.000000  <r> =   0.0000  <r2> =    0.0000  r(max) =  99.4403

     ------------------------ End of All-electron run ------------------------

     Computing logarithmic derivative in   3.40270
     ------------------------ (GI)PAW reconstruction -------------------------

     ========================= 4F =========================
      AE: e(ref), l, n_idx  -0.395539079647446                3          13

     ========================= 5F =========================
      AE: e(ref), l, n_idx   0.500000000000000                3          16

     ========================= 5P =========================
      AE: e(ref), l, n_idx   -1.70700535826764                1          11

     ========================= 6P =========================
      AE: e(ref), l, n_idx   0.500000000000000                1          15

     ========================= 5S =========================
      AE: e(ref), l, n_idx   -2.98329400143809                0          10

     ========================= 6S =========================
      AE: e(ref), l, n_idx  -0.275224559489795                0          14

     ========================= 5D =========================
      AE: e(ref), l, n_idx  -0.224827869050596                2          12

     ========================= 4F =========================
      PS: e(ref), e(eig), n_idx  -0.395602115895202      -0.395602115895202     
           1
      r(cut):    2.00000000000000             1276        1477
      SCALE:    1.00000000000000        1.99283249184806     
  0.917381777039620     
      SCALE:    1.00000641733562        2.09500719859888     
     NORM:   1.00455836  0.27101369

     ========================= 5F =========================
      PS: e(ref), e(eig), n_idx   0.500000000000000       3.640864992907901E-004
           2
      r(cut):    2.00000000000000             1276        1477
      SCALE:    1.00000000000000        1.99283249184806     
   6.34906877623048     
      SCALE:    1.00002447337442        2.09500719859888     
     NORM:   0.72733134  0.92351334

     ========================= 5P =========================
      PS: e(ref), e(eig), n_idx   -1.70704223469163       -1.70704223469163     
           3
      r(cut):    2.00000000000000             1276        1477
      SCALE:    1.00000000000000        1.99283249184806     
  -1.57995401392598     
      SCALE:    1.00000480424024        2.09500719859888     
     NORM:   0.88421962  1.19927003

     ========================= 6P =========================
      PS: e(ref), e(eig), n_idx   0.500000000000000      -9.909801845266740E-002
           4
      r(cut):    2.00000000000000             1276        1477
      SCALE:    1.00000000000000        1.99283249184806     
  -2.30266903586015     
      SCALE:   0.999619414950473        2.09500719859888     
     NORM:   0.72947515  1.19953733

     ========================= 5S =========================
      PS: e(ref), e(eig), n_idx   -2.98333403539453       -2.98333403539453     
           5
      r(cut):    2.00000000000000             1276        1477
      SCALE:    1.00000000000000        1.99283249184806     
   1.98310720551568     
      SCALE:    1.00000520889178        2.09500719859888     
     NORM:   0.88790169  1.78190895

     ========================= 6S =========================
      PS: e(ref), e(eig), n_idx  -0.275228348376264      -0.275228348376264     
           6
      r(cut):    2.00000000000000             1276        1477
      SCALE:    1.00000000000000        1.99283249184806     
   2.67858900925660     
      SCALE:    1.00001870000581        2.09500719859888     
     NORM:   0.65029359  1.88241391

     ========================= 5D =========================
      PS: e(ref), e(eig), n_idx  -0.224838787959958      -0.224838787959958     
           7
      r(cut):    2.10000000000000             1281        1477
      SCALE:    1.00000000000000        2.09500719859888     
  0.717969103318848     
      SCALE:    1.00000156192285        2.20242051458670     
     NORM:   1.22119004  1.22122964
     --------------------- End of (GI)PAW reconstruction ---------------------
     Computing logarithmic derivative in   3.40270
     Computing the partial wave expansion 
     R is outside the sphere for l=    0 j= 0.00
     R is outside the sphere for l=    0 j= 0.00
     R is outside the sphere for l=    1 j= 0.00
     R is outside the sphere for l=    1 j= 0.00
       no projector for channel:   2
     R is outside the sphere for l=    3 j= 0.00
     R is outside the sphere for l=    3 j= 0.00

     ---------------------- Testing the pseudopotential ----------------------

     Ce                                                                         
     scalar relativistic calculation

     atomic number is 58.00   valence charge is 12.00
     dft =PBE   lsd =0 sic =0 latt =0  beta=0.20 tr2=1.0E-14
     mesh =1667 r(mesh) =  99.44025 xmin = -8.00 dx = 0.01000

     n l     nl             e AE (Ry)        e PS (Ry)    De AE-PS (Ry) 
     4 3     4F   1( 1.00)       -0.39554       -0.39560     0.00006304
     5 3     5F   1( 0.00)        0.00121        0.00036     0.00084946
     2 1     5P   1( 6.00)       -1.70701       -1.70704     0.00003688
     3 1     6P   1( 0.00)       -0.09909       -0.09910     0.00000710
     1 0     5S   1( 2.00)       -2.98329       -2.98333     0.00004003
     2 0     6S   1( 2.00)       -0.27522       -0.27523     0.00000379
     3 2     5D   1( 1.00)       -0.22483       -0.22484     0.00001092

     eps = 9.8E-15  iter = 19
 
     Etot =  -17720.918241 Ry,   -8860.459121 Ha, -241105.375446 eV
     Etotps =  -106.259033 Ry,     -53.129517 Ha,   -1445.727798 eV

     Ekin =      25.809824 Ry,      12.904912 Ha,     351.160547 eV
     Encl =    -146.008929 Ry,     -73.004464 Ha,   -1986.552677 eV
     Ehrt =      62.515564 Ry,      31.257782 Ha,     850.567579 eV
     Ecxc =     -41.160146 Ry,     -20.580073 Ha,    -560.012309 eV
     (Ecc =     -28.558004 Ry,     -14.279002 Ha,    -388.551435 eV)
     Epseu=      -7.415347 Ry,      -3.707674 Ha,    -100.890939 eV

     ---------------------- End of pseudopotential test ----------------------


     -------------- Test with a basis set of Bessel functions ----------

     Box size (a.u.) :   30.0

     Cutoff (Ry) :   25.0
                           N = 1       N = 2       N = 3
     E(L=0) =        -2.9832 Ry   -0.2752 Ry   -0.0067 Ry
     E(L=1) =        -1.7068 Ry   -0.0991 Ry    0.0182 Ry
     E(L=2) =        -0.2248 Ry    0.0250 Ry    0.0606 Ry
     E(L=3) =        -0.3852 Ry    0.0499 Ry    0.0989 Ry

     Cutoff (Ry) :   30.0
                           N = 1       N = 2       N = 3
     E(L=0) =        -2.9832 Ry   -0.2752 Ry   -0.0067 Ry
     E(L=1) =        -1.7068 Ry   -0.0991 Ry    0.0182 Ry
     E(L=2) =        -0.2248 Ry    0.0250 Ry    0.0606 Ry
     E(L=3) =        -0.3918 Ry    0.0499 Ry    0.0989 Ry

     Cutoff (Ry) :   35.0
                           N = 1       N = 2       N = 3
     E(L=0) =        -2.9832 Ry   -0.2752 Ry   -0.0067 Ry
     E(L=1) =        -1.7068 Ry   -0.0991 Ry    0.0182 Ry
     E(L=2) =        -0.2248 Ry    0.0250 Ry    0.0606 Ry
     E(L=3) =        -0.3935 Ry    0.0499 Ry    0.0989 Ry

     Cutoff (Ry) :   40.0
                           N = 1       N = 2       N = 3
     E(L=0) =        -2.9832 Ry   -0.2752 Ry   -0.0067 Ry
     E(L=1) =        -1.7069 Ry   -0.0991 Ry    0.0182 Ry
     E(L=2) =        -0.2248 Ry    0.0250 Ry    0.0606 Ry
     E(L=3) =        -0.3935 Ry    0.0499 Ry    0.0989 Ry

     Cutoff (Ry) :   45.0
                           N = 1       N = 2       N = 3
     E(L=0) =        -2.9833 Ry   -0.2752 Ry   -0.0067 Ry
     E(L=1) =        -1.7069 Ry   -0.0991 Ry    0.0182 Ry
     E(L=2) =        -0.2248 Ry    0.0250 Ry    0.0606 Ry
     E(L=3) =        -0.3937 Ry    0.0499 Ry    0.0989 Ry

     Cutoff (Ry) :   50.0
                           N = 1       N = 2       N = 3
     E(L=0) =        -2.9833 Ry   -0.2752 Ry   -0.0067 Ry
     E(L=1) =        -1.7069 Ry   -0.0991 Ry    0.0182 Ry
     E(L=2) =        -0.2248 Ry    0.0250 Ry    0.0606 Ry
     E(L=3) =        -0.3940 Ry    0.0499 Ry    0.0989 Ry

     Cutoff (Ry) :   55.0
                           N = 1       N = 2       N = 3
     E(L=0) =        -2.9833 Ry   -0.2752 Ry   -0.0067 Ry
     E(L=1) =        -1.7069 Ry   -0.0991 Ry    0.0182 Ry
     E(L=2) =        -0.2248 Ry    0.0250 Ry    0.0606 Ry
     E(L=3) =        -0.3941 Ry    0.0499 Ry    0.0989 Ry

     Cutoff (Ry) :   60.0
                           N = 1       N = 2       N = 3
     E(L=0) =        -2.9833 Ry   -0.2752 Ry   -0.0067 Ry
     E(L=1) =        -1.7069 Ry   -0.0991 Ry    0.0182 Ry
     E(L=2) =        -0.2248 Ry    0.0250 Ry    0.0606 Ry
     E(L=3) =        -0.3941 Ry    0.0499 Ry    0.0989 Ry

     -------------- End of Bessel function test ------------------------

