
     Program LD1 v.6.8 starts on  7Nov2024 at 14:40:31 

     This program is part of the open-source Quantum ESPRESSO suite
     for quantum simulation of materials; please cite
         "P. Giannozzi et al., J. Phys.:Condens. Matter 21 395502 (2009);
         "P. Giannozzi et al., J. Phys.:Condens. Matter 29 465901 (2017);
         "P. Giannozzi et al., J. Chem. Phys. 152 154105 (2020);
          URL http://www.quantum-espresso.org", 
     in publications or presentations arising from this work. More details at
     http://www.quantum-espresso.org/quote

     Parallel version (MPI), running on     1 processors

     MPI processes distributed on     1 nodes
     16710 MiB available memory on the printing compute node when the environment starts
 
     Waiting for input...
     Reading input from standard input
     --------------------------- All-electron run ----------------------------

     Ho                                                                         
     scalar relativistic calculation

     atomic number is 67.00
     dft =PBE   lsd =0 sic =0 latt =0  beta=0.20 tr2=1.0E-14
     Exchange-correlation= PBE
                           (   1   4   3   4   0   0   0)
     mesh =1681 r(mesh) =  99.01857 a.u. xmin = -8.00 dx = 0.01000
     1 Ry =  13.60569312 eV, c = 137.03599908

     n l     nl                  e(Ry)          e(Ha)          e(eV)
     1 0     1S 1( 2.00)   -4079.245491364   -2039.622745682 -55500.9623289
     2 0     2S 1( 2.00)    -682.311489294    -341.155744647  -9283.3207376
     2 1     2P 1( 6.00)    -604.412832766    -302.206416383  -8223.4555222
     3 0     3S 1( 2.00)    -152.390151507     -76.195075753  -2073.3736364
     3 1     3P 1( 6.00)    -128.590046902     -64.295023451  -1749.5567168
     3 2     3D 1(10.00)     -98.414796673     -49.207398336  -1339.0015223
     4 0     4S 1( 2.00)     -30.099785100     -15.049892550   -409.5284391
     4 1     4P 1( 6.00)     -22.269429999     -11.134714999   -302.9910306
     4 2     4D 1(10.00)     -11.697555431      -5.848777715   -159.1533495
     5 0     5S 1( 2.00)      -3.702539080      -1.851269540    -50.3756105
     5 1     5P 1( 6.00)      -1.901108089      -0.950554044    -25.8658933
     5 2     5D 1( 0.00)      -0.076562002      -0.038281001     -1.0416791
     4 3     4F 1(11.00)      -0.230947400      -0.115473700     -3.1421995
     6 0     6S 1( 2.00)      -0.278424102      -0.139212051     -3.7881529
     6 1     6P 1( 0.00)      -0.084254232      -0.042127116     -1.1463372
     5 3     5F 1( 0.00)       0.001224015       0.000612008      0.0166536

     final scf error:  8.7E-15 reached in  25 iterations
 
     The valence states are: 5S,5P,5D,4F,6S,6P,5F,                                       

     Total energy of the atom:

     Etot =  -25232.702042 Ry,  -12616.351021 Ha, -343308.400641 eV

     Kinetic energy:

     Ekin =   27292.088925 Ry,   13646.044463 Ha,  371327.786604 eV
     Ekinc=   26655.681722 Ry,   13327.840861 Ha,  362669.025490 eV
     Ekinv=     636.407204 Ry,     318.203602 Ha,    8658.761115 eV
 

     Interaction between the nucleus and the electrons:

     Encl =  -61840.457150 Ry,  -30920.228575 Ha, -841382.282564 eV
     Enclc=  -58435.884571 Ry,  -29217.942286 Ha, -795060.712849 eV
     Enclv=   -3404.572578 Ry,   -1702.286289 Ha,  -46321.569714 eV
 

     Hartree energy:

     Eh   =    9856.163580 Ry,    4928.081790 Ha,  134099.937041 eV
     Ehcc =    7377.094756 Ry,    3688.547378 Ha,  100370.487394 eV
     Ehcv =    2152.698418 Ry,    1076.349209 Ha,   29288.954063 eV
     Ehvv =     326.370396 Ry,     163.185198 Ha,    4440.495456 eV
 

     Exchange and correlation energy:

     Exc  =    -540.497397 Ry,    -270.248699 Ha,   -7353.841724 eV
 

     Estimated frozen-core energy from all-electron calculation:
     Efc = Ekinv + Enclv + Ehvv + Ehcv + Exc
     Ed = Etot - Efc

     Efc  =    -829.593958 Ry,    -414.796979 Ha,  -11287.200804 eV
     Ed   =  -24403.108084 Ry,  -12201.554042 Ha, -332021.199837 eV


     normalization and overlap integrals

     s(1S/1S) =  1.000000  <r> =   0.0207  <r2> =    0.0006  r(max) =   0.0131
     s(1S/2S) = -0.025464
     s(1S/3S) = -0.011080
     s(1S/4S) = -0.005345
     s(1S/5S) = -0.002132
     s(1S/6S) = -0.000585
     s(2S/2S) =  1.000000  <r> =   0.0881  <r2> =    0.0092  r(max) =   0.0747
     s(2S/3S) = -0.006993
     s(2S/4S) = -0.003225
     s(2S/5S) = -0.001275
     s(2S/6S) = -0.000349
     s(2P/2P) =  1.000000  <r> =   0.0781  <r2> =    0.0074  r(max) =   0.0605
     s(2P/3P) = -0.005601
     s(2P/4P) = -0.002440
     s(2P/5P) = -0.000844
     s(2P/6P) = -0.000178
     s(3S/3S) =  1.000000  <r> =   0.2298  <r2> =    0.0604  r(max) =   0.2113
     s(3S/4S) = -0.002294
     s(3S/5S) = -0.000879
     s(3S/6S) = -0.000240
     s(3P/3P) =  1.000000  <r> =   0.2289  <r2> =    0.0607  r(max) =   0.2071
     s(3P/4P) = -0.001949
     s(3P/5P) = -0.000654
     s(3P/6P) = -0.000137
     s(3D/3D) =  1.000000  <r> =   0.2079  <r2> =    0.0507  r(max) =   0.1695
     s(3D/4D) = -0.001400
     s(3D/5D) = -0.000213
     s(4S/4S) =  1.000000  <r> =   0.5188  <r2> =    0.3038  r(max) =   0.4845
     s(4S/5S) = -0.000599
     s(4S/6S) = -0.000161
     s(4P/4P) =  1.000000  <r> =   0.5501  <r2> =    0.3443  r(max) =   0.5042
     s(4P/5P) = -0.000450
     s(4P/6P) = -0.000094
     s(4D/4D) =  1.000000  <r> =   0.5964  <r2> =    0.4131  r(max) =   0.5248
     s(4D/5D) = -0.000158
     s(5S/5S) =  1.000000  <r> =   1.2768  <r2> =    1.8375  r(max) =   1.1335
     s(5S/6S) = -0.000083
     s(5P/5P) =  1.000000  <r> =   1.5214  <r2> =    2.6430  r(max) =   1.3038
     s(5P/6P) = -0.000044
     s(5D/5D) =  1.000000  <r> =   3.5966  <r2> =   16.9518  r(max) =   2.1071
     s(4F/4F) =  1.000000  <r> =   0.8561  <r2> =    1.0316  r(max) =   0.5248
     s(4F/5F) =  0.000000
     s(6S/6S) =  1.000000  <r> =   4.0656  <r2> =   18.8731  r(max) =   3.4052
     s(6P/6P) =  1.000000  <r> =   5.9219  <r2> =   40.6520  r(max) =   4.7365
     s(5F/5F) =  0.000000  <r> =   0.0000  <r2> =    0.0000  r(max) =  99.0186

     ------------------------ End of All-electron run ------------------------


     --------------------- Generating US pseudopotential ---------------------


      Generating local pot.: lloc=2, matching radius rcloc =   2.1000

      Computing core charge for nlcc: 

       r > 1.30 : true rho core
      Core charge pseudized with two Bessel functions
      ***Writing file ho.core ***
      Integrated core pseudo-charge :   4.96


      Wfc   4F  rcut= 1.291  Using Troullier-Martins method 
      Wfc-us  4F rcutus= 2.004  Estimated cut-off energy=    40.10 Ry
     rc*logder, xc(1), xc(2), rc*q(1),rc*q(2)
    -1.96010     1.47420    -0.47420     5.55771     8.97501


      Wfc   5F  rcut= 1.291  Using Troullier-Martins method 
      Wfc-us  5F rcutus= 2.004  Estimated cut-off energy=    68.31 Ry
     rc*logder, xc(1), xc(2), rc*q(1),rc*q(2)
     3.89451     1.81216    -0.81216     8.19551    11.71394


      Wfc   5P  rcut= 1.291  Using Troullier-Martins method 
      Wfc-us  5P rcutus= 1.814  Estimated cut-off energy=    24.58 Ry
     rc*logder, xc(1), xc(2), rc*q(1),rc*q(2)
    -1.48178     1.27986    -0.27986     3.28122     6.35793


      Wfc   6P  rcut= 1.291  Using Troullier-Martins method 
      Wfc-us  6P rcutus= 1.814  Estimated cut-off energy=    36.98 Ry
     rc*logder, xc(1), xc(2), rc*q(1),rc*q(2)
   106.93608     1.25349    -0.25349     4.53580     7.79805


      Wfc   5S  rcut= 1.291  Using Troullier-Martins method 
      Wfc-us  5S rcutus= 1.609  Estimated cut-off energy=    19.82 Ry
     rc*logder, xc(1), xc(2), rc*q(1),rc*q(2)
    -1.85586     1.26321    -0.26321     2.25862     5.06369


      Wfc   6S  rcut= 1.291  Using Troullier-Martins method 
      Wfc-us  6S rcutus= 1.609  Estimated cut-off energy=    33.02 Ry
     rc*logder, xc(1), xc(2), rc*q(1),rc*q(2)
    25.36585     1.06664    -0.06664     3.26979     6.53534

      The bmat matrix
    -0.64180    -1.44044     0.00000     0.00000     0.00000     0.00000
    -1.26147    -7.41654     0.00000     0.00000     0.00000     0.00000
     0.00000     0.00000    -0.09029     0.26104     0.00000     0.00000
     0.00000     0.00000    -0.12799     0.15310     0.00000     0.00000
     0.00000     0.00000     0.00000     0.00000     0.91943     0.85681
     0.00000     0.00000     0.00000     0.00000     0.20277     0.22475

      The bmat + epsilon qq matrix
    -0.83235    -1.32316     0.00000     0.00000     0.00000     0.00000
    -1.31564    -7.57901     0.00000     0.00000     0.00000     0.00000
     0.00000     0.00000     0.27737     0.18004     0.00000     0.00000
     0.00000     0.00000     0.18000     0.08400     0.00000     0.00000
     0.00000     0.00000     0.00000     0.00000     3.52823     0.91004
     0.00000     0.00000     0.00000     0.00000     0.91058     0.23937

      The qq matrix
     0.82507     0.23456     0.00000     0.00000     0.00000     0.00000
     0.23456    -0.32495     0.00000     0.00000     0.00000     0.00000
     0.00000     0.00000    -0.19339    -0.16200     0.00000     0.00000
     0.00000     0.00000    -0.16200    -0.13822     0.00000     0.00000
     0.00000     0.00000     0.00000     0.00000    -0.70460    -0.19117
     0.00000     0.00000     0.00000     0.00000    -0.19117    -0.05250

      The ddd matrix
     5.05310     0.64194     0.00000     0.00000     0.00000     0.00000
     0.64194    -9.44105     0.00000     0.00000     0.00000     0.00000
     0.00000     0.00000    -1.03781    -0.94118     0.00000     0.00000
     0.00000     0.00000    -0.94118    -0.88463     0.00000     0.00000
     0.00000     0.00000     0.00000     0.00000    -1.58865    -0.48879
     0.00000     0.00000     0.00000     0.00000    -0.48879    -0.14716

     ------------------- End of pseudopotential generation -------------------

     --------------------------- All-electron run ----------------------------

     Ho                                                                         
     scalar relativistic calculation

     atomic number is 67.00
     dft =PBE   lsd =0 sic =0 latt =0  beta=0.20 tr2=1.0E-14
     Exchange-correlation= PBE
                           (   1   4   3   4   0   0   0)
     mesh =1681 r(mesh) =  99.01857 a.u. xmin = -8.00 dx = 0.01000
     1 Ry =  13.60569312 eV, c = 137.03599908

     n l     nl                  e(Ry)          e(Ha)          e(eV)
     1 0     1S 1( 2.00)   -4079.245491364   -2039.622745682 -55500.9623289
     2 0     2S 1( 2.00)    -682.311489294    -341.155744647  -9283.3207376
     2 1     2P 1( 6.00)    -604.412832766    -302.206416383  -8223.4555222
     3 0     3S 1( 2.00)    -152.390151507     -76.195075753  -2073.3736364
     3 1     3P 1( 6.00)    -128.590046902     -64.295023451  -1749.5567168
     3 2     3D 1(10.00)     -98.414796673     -49.207398336  -1339.0015223
     4 0     4S 1( 2.00)     -30.099785100     -15.049892550   -409.5284391
     4 1     4P 1( 6.00)     -22.269429999     -11.134714999   -302.9910306
     4 2     4D 1(10.00)     -11.697555431      -5.848777715   -159.1533495
     5 0     5S 1( 2.00)      -3.702539080      -1.851269540    -50.3756105
     5 1     5P 1( 6.00)      -1.901108089      -0.950554044    -25.8658933
     5 2     5D 1( 0.00)      -0.076562002      -0.038281001     -1.0416791
     4 3     4F 1(11.00)      -0.230947400      -0.115473700     -3.1421995
     6 0     6S 1( 2.00)      -0.278424102      -0.139212051     -3.7881529
     6 1     6P 1( 0.00)      -0.084254232      -0.042127116     -1.1463372
     5 3     5F 1( 0.00)       0.001224015       0.000612008      0.0166536

     final scf error:  8.7E-15 reached in  25 iterations
 
     The valence states are: 5S,5P,5D,4F,6S,6P,5F,                                       

     Total energy of the atom:

     Etot =  -25232.702042 Ry,  -12616.351021 Ha, -343308.400641 eV

     Kinetic energy:

     Ekin =   27292.088925 Ry,   13646.044463 Ha,  371327.786604 eV
     Ekinc=   26655.681722 Ry,   13327.840861 Ha,  362669.025490 eV
     Ekinv=     636.407204 Ry,     318.203602 Ha,    8658.761115 eV
 

     Interaction between the nucleus and the electrons:

     Encl =  -61840.457150 Ry,  -30920.228575 Ha, -841382.282564 eV
     Enclc=  -58435.884571 Ry,  -29217.942286 Ha, -795060.712849 eV
     Enclv=   -3404.572578 Ry,   -1702.286289 Ha,  -46321.569714 eV
 

     Hartree energy:

     Eh   =    9856.163580 Ry,    4928.081790 Ha,  134099.937041 eV
     Ehcc =    7377.094756 Ry,    3688.547378 Ha,  100370.487394 eV
     Ehcv =    2152.698418 Ry,    1076.349209 Ha,   29288.954063 eV
     Ehvv =     326.370396 Ry,     163.185198 Ha,    4440.495456 eV
 

     Exchange and correlation energy:

     Exc  =    -540.497397 Ry,    -270.248699 Ha,   -7353.841724 eV
 

     Estimated frozen-core energy from all-electron calculation:
     Efc = Ekinv + Enclv + Ehvv + Ehcv + Exc
     Ed = Etot - Efc

     Efc  =    -829.593958 Ry,    -414.796979 Ha,  -11287.200804 eV
     Ed   =  -24403.108084 Ry,  -12201.554042 Ha, -332021.199837 eV


     normalization and overlap integrals

     s(1S/1S) =  1.000000  <r> =   0.0207  <r2> =    0.0006  r(max) =   0.0131
     s(1S/2S) = -0.025464
     s(1S/3S) = -0.011080
     s(1S/4S) = -0.005345
     s(1S/5S) = -0.002132
     s(1S/6S) = -0.000585
     s(2S/2S) =  1.000000  <r> =   0.0881  <r2> =    0.0092  r(max) =   0.0747
     s(2S/3S) = -0.006993
     s(2S/4S) = -0.003225
     s(2S/5S) = -0.001275
     s(2S/6S) = -0.000349
     s(2P/2P) =  1.000000  <r> =   0.0781  <r2> =    0.0074  r(max) =   0.0605
     s(2P/3P) = -0.005601
     s(2P/4P) = -0.002440
     s(2P/5P) = -0.000844
     s(2P/6P) = -0.000178
     s(3S/3S) =  1.000000  <r> =   0.2298  <r2> =    0.0604  r(max) =   0.2113
     s(3S/4S) = -0.002294
     s(3S/5S) = -0.000879
     s(3S/6S) = -0.000240
     s(3P/3P) =  1.000000  <r> =   0.2289  <r2> =    0.0607  r(max) =   0.2071
     s(3P/4P) = -0.001949
     s(3P/5P) = -0.000654
     s(3P/6P) = -0.000137
     s(3D/3D) =  1.000000  <r> =   0.2079  <r2> =    0.0507  r(max) =   0.1695
     s(3D/4D) = -0.001400
     s(3D/5D) = -0.000213
     s(4S/4S) =  1.000000  <r> =   0.5188  <r2> =    0.3038  r(max) =   0.4845
     s(4S/5S) = -0.000599
     s(4S/6S) = -0.000161
     s(4P/4P) =  1.000000  <r> =   0.5501  <r2> =    0.3443  r(max) =   0.5042
     s(4P/5P) = -0.000450
     s(4P/6P) = -0.000094
     s(4D/4D) =  1.000000  <r> =   0.5964  <r2> =    0.4131  r(max) =   0.5248
     s(4D/5D) = -0.000158
     s(5S/5S) =  1.000000  <r> =   1.2768  <r2> =    1.8375  r(max) =   1.1335
     s(5S/6S) = -0.000083
     s(5P/5P) =  1.000000  <r> =   1.5214  <r2> =    2.6430  r(max) =   1.3038
     s(5P/6P) = -0.000044
     s(5D/5D) =  1.000000  <r> =   3.5966  <r2> =   16.9518  r(max) =   2.1071
     s(4F/4F) =  1.000000  <r> =   0.8561  <r2> =    1.0316  r(max) =   0.5248
     s(4F/5F) =  0.000000
     s(6S/6S) =  1.000000  <r> =   4.0656  <r2> =   18.8731  r(max) =   3.4052
     s(6P/6P) =  1.000000  <r> =   5.9219  <r2> =   40.6520  r(max) =   4.7365
     s(5F/5F) =  0.000000  <r> =   0.0000  <r2> =    0.0000  r(max) =  99.0186

     ------------------------ End of All-electron run ------------------------

     Computing logarithmic derivative in   3.38827
     ------------------------ (GI)PAW reconstruction -------------------------

     ========================= 4F =========================
      AE: e(ref), l, n_idx  -0.230947400118401                3          13

     ========================= 5F =========================
      AE: e(ref), l, n_idx   0.500000000000000                3          16

     ========================= 5P =========================
      AE: e(ref), l, n_idx   -1.90110808895244                1          11

     ========================= 6P =========================
      AE: e(ref), l, n_idx   0.500000000000000                1          15

     ========================= 5S =========================
      AE: e(ref), l, n_idx   -3.70253908024516                0          10

     ========================= 6S =========================
      AE: e(ref), l, n_idx  -0.278424101764745                0          14

     ========================= 5D =========================
      AE: e(ref), l, n_idx  -7.656200199751538E-002           2          12

     ========================= 4F =========================
      PS: e(ref), e(eig), n_idx  -0.230861814441154      -0.230861814441154     
           1
      r(cut):    2.00000000000000             1290        1492
      SCALE:    1.00000000000000        1.98438170225795     
  0.617447005534982     
      SCALE:   0.999996114077554        2.08612312776124     
     NORM:   0.78905939  0.10884582

     ========================= 5F =========================
      PS: e(ref), e(eig), n_idx   0.500000000000000       3.672273593758134E-004
           2
      r(cut):    2.00000000000000             1290        1492
      SCALE:    1.00000000000000        1.98438170225795     
   9.30668114856868     
      SCALE:   0.999965695172583        2.08612312776124     
     NORM:   0.65407144  1.57879984

     ========================= 5P =========================
      PS: e(ref), e(eig), n_idx   -1.90105324289267       -1.90105324289267     
           3
      r(cut):    1.80000000000000             1280        1492
      SCALE:    1.00000000000000        1.79554281586889     
  -2.04425892831543     
      SCALE:    1.00000196245340        1.88760226462858     
     NORM:   0.83182508  1.05419962

     ========================= 6P =========================
      PS: e(ref), e(eig), n_idx   0.500000000000000      -8.425529076331252E-002
           4
      r(cut):    1.80000000000000             1280        1492
      SCALE:    1.00000000000000        1.79554281586889     
  -2.99692355271522     
      SCALE:    1.01027974656153        1.88760226462858     
     NORM:   0.65353258  0.99447442

     ========================= 5S =========================
      PS: e(ref), e(eig), n_idx   -3.70247103029765       -3.70247103029765     
           5
      r(cut):    1.60000000000000             1268        1492
      SCALE:    1.00000000000000        1.59250361839479     
   2.27634947204233     
      SCALE:    1.00000303542289        1.67415302489268     
     NORM:   0.71473695  1.35984567

     ========================= 6S =========================
      PS: e(ref), e(eig), n_idx  -0.278409736983238      -0.278409736983238     
           6
      r(cut):    1.60000000000000             1268        1492
      SCALE:    1.00000000000000        1.59250361839479     
   2.92617648623229     
      SCALE:   0.999895002888763        1.67415302489268     
     NORM:   0.54988394  1.41301320

     ========================= 5D =========================
      PS: e(ref), e(eig), n_idx  -7.653849665299711E-002 -7.653849665299711E-002
           7
      r(cut):    2.10000000000000             1295        1492
      SCALE:    1.00000000000000        2.08612312776124     
   1.00269728112828     
      SCALE:   0.999997288099350        2.19308094769694     
     NORM:   1.09604413  1.09604159
     --------------------- End of (GI)PAW reconstruction ---------------------
     Computing logarithmic derivative in   3.38827
     Computing the partial wave expansion 
     R is outside the sphere for l=    0 j= 0.00
     R is outside the sphere for l=    0 j= 0.00
     R is outside the sphere for l=    1 j= 0.00
     R is outside the sphere for l=    1 j= 0.00
       no projector for channel:   2
     R is outside the sphere for l=    3 j= 0.00
     R is outside the sphere for l=    3 j= 0.00

     ---------------------- Testing the pseudopotential ----------------------

     Ho                                                                         
     scalar relativistic calculation

     atomic number is 67.00   valence charge is 21.00
     dft =PBE   lsd =0 sic =0 latt =0  beta=0.20 tr2=1.0E-14
     mesh =1681 r(mesh) =  99.01857 xmin = -8.00 dx = 0.01000

     n l     nl             e AE (Ry)        e PS (Ry)    De AE-PS (Ry) 
     4 3     4F   1(11.00)       -0.23095       -0.23086    -0.00008559
     5 3     5F   1( 0.00)        0.00122        0.00037     0.00085679
     2 1     5P   1( 6.00)       -1.90111       -1.90105    -0.00005485
     3 1     6P   1( 0.00)       -0.08425       -0.08426     0.00000106
     1 0     5S   1( 2.00)       -3.70254       -3.70247    -0.00006805
     2 0     6S   1( 2.00)       -0.27842       -0.27841    -0.00001436
     3 2     5D   1( 0.00)       -0.07656       -0.07654    -0.00002351

     eps = 4.4E-15  iter = 12
 
     Etot =  -25232.702042 Ry,  -12616.351021 Ha, -343308.400641 eV
     Etotps =  -337.584066 Ry,    -168.792033 Ha,   -4593.065208 eV

     Ekin =      41.318536 Ry,      20.659268 Ha,     562.167319 eV
     Encl =    -692.379172 Ry,    -346.189586 Ha,   -9420.298542 eV
     Ehrt =     314.425357 Ry,     157.212678 Ha,    4277.974916 eV
     Ecxc =     -46.831596 Ry,     -23.415798 Ha,    -637.176327 eV
     (Ecc =      -8.540982 Ry,      -4.270491 Ha,    -116.205984 eV)
     Epseu=      45.882810 Ry,      22.941405 Ha,     624.267426 eV

     ---------------------- End of pseudopotential test ----------------------


     -------------- Test with a basis set of Bessel functions ----------

     Box size (a.u.) :   30.0

     Cutoff (Ry) :   20.0
                           N = 1       N = 2       N = 3
     E(L=0) =        -3.7035 Ry   -0.2786 Ry   -0.0060 Ry
     E(L=1) =        -1.8997 Ry   -0.0840 Ry    0.0199 Ry
     E(L=2) =        -0.0764 Ry    0.0300 Ry    0.0707 Ry
     E(L=3) =        -0.2078 Ry    0.0508 Ry    0.1028 Ry

     Cutoff (Ry) :   25.0
                           N = 1       N = 2       N = 3
     E(L=0) =        -3.7043 Ry   -0.2786 Ry   -0.0060 Ry
     E(L=1) =        -1.9025 Ry   -0.0843 Ry    0.0199 Ry
     E(L=2) =        -0.0769 Ry    0.0300 Ry    0.0707 Ry
     E(L=3) =        -0.2251 Ry    0.0508 Ry    0.1027 Ry

     Cutoff (Ry) :   30.0
                           N = 1       N = 2       N = 3
     E(L=0) =        -3.7043 Ry   -0.2786 Ry   -0.0060 Ry
     E(L=1) =        -1.9026 Ry   -0.0843 Ry    0.0198 Ry
     E(L=2) =        -0.0769 Ry    0.0300 Ry    0.0707 Ry
     E(L=3) =        -0.2293 Ry    0.0508 Ry    0.1027 Ry

     Cutoff (Ry) :   35.0
                           N = 1       N = 2       N = 3
     E(L=0) =        -3.7043 Ry   -0.2786 Ry   -0.0060 Ry
     E(L=1) =        -1.9026 Ry   -0.0843 Ry    0.0198 Ry
     E(L=2) =        -0.0769 Ry    0.0300 Ry    0.0707 Ry
     E(L=3) =        -0.2307 Ry    0.0508 Ry    0.1027 Ry

     Cutoff (Ry) :   40.0
                           N = 1       N = 2       N = 3
     E(L=0) =        -3.7044 Ry   -0.2786 Ry   -0.0060 Ry
     E(L=1) =        -1.9027 Ry   -0.0843 Ry    0.0198 Ry
     E(L=2) =        -0.0769 Ry    0.0300 Ry    0.0706 Ry
     E(L=3) =        -0.2308 Ry    0.0508 Ry    0.1027 Ry

     Cutoff (Ry) :   45.0
                           N = 1       N = 2       N = 3
     E(L=0) =        -3.7044 Ry   -0.2786 Ry   -0.0060 Ry
     E(L=1) =        -1.9028 Ry   -0.0844 Ry    0.0198 Ry
     E(L=2) =        -0.0769 Ry    0.0300 Ry    0.0706 Ry
     E(L=3) =        -0.2308 Ry    0.0508 Ry    0.1027 Ry

     Cutoff (Ry) :   50.0
                           N = 1       N = 2       N = 3
     E(L=0) =        -3.7044 Ry   -0.2786 Ry   -0.0060 Ry
     E(L=1) =        -1.9028 Ry   -0.0844 Ry    0.0198 Ry
     E(L=2) =        -0.0769 Ry    0.0300 Ry    0.0706 Ry
     E(L=3) =        -0.2309 Ry    0.0508 Ry    0.1027 Ry

     Cutoff (Ry) :   55.0
                           N = 1       N = 2       N = 3
     E(L=0) =        -3.7044 Ry   -0.2786 Ry   -0.0060 Ry
     E(L=1) =        -1.9028 Ry   -0.0844 Ry    0.0198 Ry
     E(L=2) =        -0.0769 Ry    0.0300 Ry    0.0706 Ry
     E(L=3) =        -0.2310 Ry    0.0508 Ry    0.1027 Ry

     Cutoff (Ry) :   60.0
                           N = 1       N = 2       N = 3
     E(L=0) =        -3.7044 Ry   -0.2786 Ry   -0.0060 Ry
     E(L=1) =        -1.9028 Ry   -0.0844 Ry    0.0198 Ry
     E(L=2) =        -0.0769 Ry    0.0300 Ry    0.0706 Ry
     E(L=3) =        -0.2310 Ry    0.0508 Ry    0.1027 Ry

     -------------- End of Bessel function test ------------------------

