
     Program LD1 v.6.8 starts on 24Oct2024 at  9:51:12 

     This program is part of the open-source Quantum ESPRESSO suite
     for quantum simulation of materials; please cite
         "P. Giannozzi et al., J. Phys.:Condens. Matter 21 395502 (2009);
         "P. Giannozzi et al., J. Phys.:Condens. Matter 29 465901 (2017);
         "P. Giannozzi et al., J. Chem. Phys. 152 154105 (2020);
          URL http://www.quantum-espresso.org", 
     in publications or presentations arising from this work. More details at
     http://www.quantum-espresso.org/quote

     Parallel version (MPI), running on     1 processors

     MPI processes distributed on     1 nodes
     6126 MiB available memory on the printing compute node when the environment starts
 
     Waiting for input...
     Reading input from standard input
     --------------------------- All-electron run ----------------------------

     Pm                                                                         
     scalar relativistic calculation

     atomic number is 61.00
     dft =PBE   lsd =0 sic =0 latt =0  beta=0.20 tr2=1.0E-14
     Exchange-correlation= PBE
                           (   1   4   3   4   0   0   0)
     mesh =1673 r(mesh) = 100.39638 a.u. xmin = -8.00 dx = 0.01000
     1 Ry =  13.60569312 eV, c = 137.03599908

     n l     nl                  e(Ry)          e(Ha)          e(eV)
     1 0     1S 1( 2.00)   -3309.240923120   -1654.620461560 -45024.5164700
     2 0     2S 1( 2.00)    -538.037870079    -269.018935039  -7320.3781488
     2 1     2P 1( 6.00)    -480.455360786    -240.227680393  -6536.9281981
     3 0     3S 1( 2.00)    -117.328071183     -58.664035591  -1596.3297312
     3 1     3P 1( 6.00)     -99.250169897     -49.625084948  -1350.3673540
     3 2     3D 1(10.00)     -74.484607730     -37.242303865  -1013.4147152
     4 0     4S 1( 2.00)     -23.328037675     -11.664018838   -317.3941218
     4 1     4P 1( 6.00)     -17.396910191      -8.698455096   -236.6970213
     4 2     4D 1(10.00)      -9.022508574      -4.511254287   -122.7574829
     5 0     5S 1( 2.00)      -3.077520106      -1.538760053    -41.8717941
     5 1     5P 1( 6.00)      -1.666291066      -0.833145533    -22.6710449
     5 2     5D 1( 0.00)      -0.132495375      -0.066247687     -1.8026914
     4 3     4F 1( 5.00)      -0.158180223      -0.079090112     -2.1521516
     6 0     6S 1( 2.00)      -0.260328479      -0.130164239     -3.5419494
     6 1     6P 1( 0.00)      -0.089652286      -0.044826143     -1.2197815
     5 3     5F 1( 0.00)       0.001190606       0.000595303      0.0161990

     final scf error:  6.1E-15 reached in  30 iterations
 
     The valence states are: 5S,5P,5D,4F,6S,6P,5F,                                       

     Total energy of the atom:

     Etot =  -20041.137286 Ry,  -10020.568643 Ha, -272673.563750 eV

     Kinetic energy:

     Ekin =   21377.331394 Ry,   10688.665697 Ha,  290853.410742 eV
     Ekinc=   21111.486314 Ry,   10555.743157 Ha,  287236.404160 eV
     Ekinv=     265.845080 Ry,     132.922540 Ha,    3617.006581 eV
 

     Interaction between the nucleus and the electrons:

     Encl =  -48731.535220 Ry,  -24365.767610 Ha, -663026.313619 eV
     Enclc=  -47081.134676 Ry,  -23540.567338 Ha, -640571.470287 eV
     Enclv=   -1650.400544 Ry,    -825.200272 Ha,  -22454.843332 eV
 

     Hartree energy:

     Eh   =    7770.317828 Ry,    3885.158914 Ha,  105720.559832 eV
     Ehcc =    6497.394111 Ry,    3248.697056 Ha,   88401.550375 eV
     Ehcv =    1149.426323 Ry,     574.713161 Ha,   15638.741813 eV
     Ehvv =     123.497389 Ry,      61.748695 Ha,    1680.267582 eV
 

     Exchange and correlation energy:

     Exc  =    -457.251288 Ry,    -228.625644 Ha,   -6221.220704 eV
 

     Estimated frozen-core energy from all-electron calculation:
     Efc = Ekinv + Enclv + Ehvv + Ehcv + Exc
     Ed = Etot - Efc

     Efc  =    -568.883040 Ry,    -284.441520 Ha,   -7740.048060 eV
     Ed   =  -19472.254246 Ry,   -9736.127123 Ha, -264933.515690 eV


     normalization and overlap integrals

     s(1S/1S) =  1.000000  <r> =   0.0232  <r2> =    0.0007  r(max) =   0.0148
     s(1S/2S) = -0.020580
     s(1S/3S) = -0.008870
     s(1S/4S) = -0.004235
     s(1S/5S) = -0.001722
     s(1S/6S) = -0.000502
     s(2S/2S) =  1.000000  <r> =   0.0990  <r2> =    0.0116  r(max) =   0.0837
     s(2S/3S) = -0.005544
     s(2S/4S) = -0.002536
     s(2S/5S) = -0.001022
     s(2S/6S) = -0.000297
     s(2P/2P) =  1.000000  <r> =   0.0871  <r2> =    0.0093  r(max) =   0.0678
     s(2P/3P) = -0.004480
     s(2P/4P) = -0.001937
     s(2P/5P) = -0.000694
     s(2P/6P) = -0.000161
     s(3S/3S) =  1.000000  <r> =   0.2605  <r2> =    0.0775  r(max) =   0.2391
     s(3S/4S) = -0.001773
     s(3S/5S) = -0.000694
     s(3S/6S) = -0.000201
     s(3P/3P) =  1.000000  <r> =   0.2588  <r2> =    0.0776  r(max) =   0.2344
     s(3P/4P) = -0.001512
     s(3P/5P) = -0.000526
     s(3P/6P) = -0.000122
     s(3D/3D) =  1.000000  <r> =   0.2362  <r2> =    0.0657  r(max) =   0.1919
     s(3D/4D) = -0.001079
     s(3D/5D) = -0.000205
     s(4S/4S) =  1.000000  <r> =   0.5929  <r2> =    0.3966  r(max) =   0.5538
     s(4S/5S) = -0.000465
     s(4S/6S) = -0.000133
     s(4P/4P) =  1.000000  <r> =   0.6278  <r2> =    0.4481  r(max) =   0.5764
     s(4P/5P) = -0.000356
     s(4P/6P) = -0.000082
     s(4D/4D) =  1.000000  <r> =   0.6882  <r2> =    0.5498  r(max) =   0.6000
     s(4D/5D) = -0.000148
     s(5S/5S) =  1.000000  <r> =   1.4405  <r2> =    2.3351  r(max) =   1.2958
     s(5S/6S) = -0.000070
     s(5P/5P) =  1.000000  <r> =   1.6938  <r2> =    3.2647  r(max) =   1.4610
     s(5P/6P) = -0.000039
     s(5D/5D) =  1.000000  <r> =   3.3295  <r2> =   13.9171  r(max) =   2.2015
     s(4F/4F) =  1.000000  <r> =   1.0687  <r2> =    1.6304  r(max) =   0.6371
     s(4F/5F) =  0.000000
     s(6S/6S) =  1.000000  <r> =   4.3768  <r2> =   21.7632  r(max) =   3.7402
     s(6P/6P) =  1.000000  <r> =   6.1006  <r2> =   42.7995  r(max) =   4.9984
     s(5F/5F) =  0.000000  <r> =   0.0000  <r2> =    0.0000  r(max) = 100.3964

     ------------------------ End of All-electron run ------------------------


     --------------------- Generating US pseudopotential ---------------------


      Generating local pot.: lloc=2, matching radius rcloc =   2.1000

      Computing core charge for nlcc: 

       r > 1.31 : true rho core
      Core charge pseudized with two Bessel functions
      ***Writing file pm.core ***
      Integrated core pseudo-charge :   9.67


      Wfc   4F  rcut= 1.309  Using Troullier-Martins method 
      Wfc-us  4F rcutus= 1.802  Estimated cut-off energy=    49.01 Ry
     rc*logder, xc(1), xc(2), rc*q(1),rc*q(2)
    -1.53318     1.40803    -0.40803     5.45601     8.92260


      Wfc   5F  rcut= 1.309  Using Troullier-Martins method 
      Wfc-us  5F rcutus= 1.992  Estimated cut-off energy=    66.70 Ry
     rc*logder, xc(1), xc(2), rc*q(1),rc*q(2)
     6.52516     1.73376    -0.73376     7.91236    11.50331


      Wfc   5P  rcut= 1.309  Using Troullier-Martins method 
      Wfc-us  5P rcutus= 1.802  Estimated cut-off energy=    24.31 Ry
     rc*logder, xc(1), xc(2), rc*q(1),rc*q(2)
    -1.00301     1.18052    -0.18052     3.14255     6.28366


      Wfc   6P  rcut= 1.309  Using Troullier-Martins method 
      Wfc-us  6P rcutus= 1.802  Estimated cut-off energy=    31.24 Ry
     rc*logder, xc(1), xc(2), rc*q(1),rc*q(2)
   -10.42463     1.15883    -0.15883     4.11545     7.12327


      Wfc   5S  rcut= 1.309  Using Troullier-Martins method 
      Wfc-us  5S rcutus= 1.599  Estimated cut-off energy=    19.20 Ry
     rc*logder, xc(1), xc(2), rc*q(1),rc*q(2)
    -1.21615     1.08814    -0.08814     2.09645     4.95316


      Wfc   6S  rcut= 1.309  Using Troullier-Martins method 
      Wfc-us  6S rcutus= 1.599  Estimated cut-off energy=    26.43 Ry
     rc*logder, xc(1), xc(2), rc*q(1),rc*q(2)
   -11.39998     0.94298     0.05702     2.89306     5.81173

      The bmat matrix
    -1.56225    -1.70053     0.00000     0.00000     0.00000     0.00000
    -1.52460    -2.24139     0.00000     0.00000     0.00000     0.00000
     0.00000     0.00000    -0.19228     0.14691     0.00000     0.00000
     0.00000     0.00000    -0.19446     0.08723     0.00000     0.00000
     0.00000     0.00000     0.00000     0.00000     0.36067     0.49001
     0.00000     0.00000     0.00000     0.00000     0.10127     0.14074

      The bmat + epsilon qq matrix
    -1.66211    -1.56706     0.00000     0.00000     0.00000     0.00000
    -1.56683    -2.20665     0.00000     0.00000     0.00000     0.00000
     0.00000     0.00000     0.14101     0.06818     0.00000     0.00000
     0.00000     0.00000     0.06794     0.02448     0.00000     0.00000
     0.00000     0.00000     0.00000     0.00000     1.83027     0.52592
     0.00000     0.00000     0.00000     0.00000     0.52575     0.15116

      The qq matrix
     0.63131     0.26695     0.00000     0.00000     0.00000     0.00000
     0.26695     0.06950     0.00000     0.00000     0.00000     0.00000
     0.00000     0.00000    -0.20002    -0.15748     0.00000     0.00000
     0.00000     0.00000    -0.15748    -0.12550     0.00000     0.00000
     0.00000     0.00000     0.00000     0.00000    -0.47753    -0.13793
     0.00000     0.00000     0.00000     0.00000    -0.13793    -0.04005

      The ddd matrix
     1.84686    -0.03056     0.00000     0.00000     0.00000     0.00000
    -0.03056    -1.76830     0.00000     0.00000     0.00000     0.00000
     0.00000     0.00000    -0.93001    -0.78220     0.00000     0.00000
     0.00000     0.00000    -0.78220    -0.65771     0.00000     0.00000
     0.00000     0.00000     0.00000     0.00000    -0.82495    -0.24340
     0.00000     0.00000     0.00000     0.00000    -0.24340    -0.07272

     ------------------- End of pseudopotential generation -------------------

     --------------------------- All-electron run ----------------------------

     Pm                                                                         
     scalar relativistic calculation

     atomic number is 61.00
     dft =PBE   lsd =0 sic =0 latt =0  beta=0.20 tr2=1.0E-14
     Exchange-correlation= PBE
                           (   1   4   3   4   0   0   0)
     mesh =1673 r(mesh) = 100.39638 a.u. xmin = -8.00 dx = 0.01000
     1 Ry =  13.60569312 eV, c = 137.03599908

     n l     nl                  e(Ry)          e(Ha)          e(eV)
     1 0     1S 1( 2.00)   -3309.240923120   -1654.620461560 -45024.5164700
     2 0     2S 1( 2.00)    -538.037870079    -269.018935039  -7320.3781488
     2 1     2P 1( 6.00)    -480.455360786    -240.227680393  -6536.9281981
     3 0     3S 1( 2.00)    -117.328071183     -58.664035591  -1596.3297312
     3 1     3P 1( 6.00)     -99.250169897     -49.625084948  -1350.3673540
     3 2     3D 1(10.00)     -74.484607730     -37.242303865  -1013.4147152
     4 0     4S 1( 2.00)     -23.328037675     -11.664018838   -317.3941218
     4 1     4P 1( 6.00)     -17.396910191      -8.698455096   -236.6970213
     4 2     4D 1(10.00)      -9.022508574      -4.511254287   -122.7574829
     5 0     5S 1( 2.00)      -3.077520106      -1.538760053    -41.8717941
     5 1     5P 1( 6.00)      -1.666291066      -0.833145533    -22.6710449
     5 2     5D 1( 0.00)      -0.132495375      -0.066247687     -1.8026914
     4 3     4F 1( 5.00)      -0.158180223      -0.079090112     -2.1521516
     6 0     6S 1( 2.00)      -0.260328479      -0.130164239     -3.5419494
     6 1     6P 1( 0.00)      -0.089652286      -0.044826143     -1.2197815
     5 3     5F 1( 0.00)       0.001190606       0.000595303      0.0161990

     final scf error:  6.1E-15 reached in  30 iterations
 
     The valence states are: 5S,5P,5D,4F,6S,6P,5F,                                       

     Total energy of the atom:

     Etot =  -20041.137286 Ry,  -10020.568643 Ha, -272673.563750 eV

     Kinetic energy:

     Ekin =   21377.331394 Ry,   10688.665697 Ha,  290853.410742 eV
     Ekinc=   21111.486314 Ry,   10555.743157 Ha,  287236.404160 eV
     Ekinv=     265.845080 Ry,     132.922540 Ha,    3617.006581 eV
 

     Interaction between the nucleus and the electrons:

     Encl =  -48731.535220 Ry,  -24365.767610 Ha, -663026.313619 eV
     Enclc=  -47081.134676 Ry,  -23540.567338 Ha, -640571.470287 eV
     Enclv=   -1650.400544 Ry,    -825.200272 Ha,  -22454.843332 eV
 

     Hartree energy:

     Eh   =    7770.317828 Ry,    3885.158914 Ha,  105720.559832 eV
     Ehcc =    6497.394111 Ry,    3248.697056 Ha,   88401.550375 eV
     Ehcv =    1149.426323 Ry,     574.713161 Ha,   15638.741813 eV
     Ehvv =     123.497389 Ry,      61.748695 Ha,    1680.267582 eV
 

     Exchange and correlation energy:

     Exc  =    -457.251288 Ry,    -228.625644 Ha,   -6221.220704 eV
 

     Estimated frozen-core energy from all-electron calculation:
     Efc = Ekinv + Enclv + Ehvv + Ehcv + Exc
     Ed = Etot - Efc

     Efc  =    -568.883040 Ry,    -284.441520 Ha,   -7740.048060 eV
     Ed   =  -19472.254246 Ry,   -9736.127123 Ha, -264933.515690 eV


     normalization and overlap integrals

     s(1S/1S) =  1.000000  <r> =   0.0232  <r2> =    0.0007  r(max) =   0.0148
     s(1S/2S) = -0.020580
     s(1S/3S) = -0.008870
     s(1S/4S) = -0.004235
     s(1S/5S) = -0.001722
     s(1S/6S) = -0.000502
     s(2S/2S) =  1.000000  <r> =   0.0990  <r2> =    0.0116  r(max) =   0.0837
     s(2S/3S) = -0.005544
     s(2S/4S) = -0.002536
     s(2S/5S) = -0.001022
     s(2S/6S) = -0.000297
     s(2P/2P) =  1.000000  <r> =   0.0871  <r2> =    0.0093  r(max) =   0.0678
     s(2P/3P) = -0.004480
     s(2P/4P) = -0.001937
     s(2P/5P) = -0.000694
     s(2P/6P) = -0.000161
     s(3S/3S) =  1.000000  <r> =   0.2605  <r2> =    0.0775  r(max) =   0.2391
     s(3S/4S) = -0.001773
     s(3S/5S) = -0.000694
     s(3S/6S) = -0.000201
     s(3P/3P) =  1.000000  <r> =   0.2588  <r2> =    0.0776  r(max) =   0.2344
     s(3P/4P) = -0.001512
     s(3P/5P) = -0.000526
     s(3P/6P) = -0.000122
     s(3D/3D) =  1.000000  <r> =   0.2362  <r2> =    0.0657  r(max) =   0.1919
     s(3D/4D) = -0.001079
     s(3D/5D) = -0.000205
     s(4S/4S) =  1.000000  <r> =   0.5929  <r2> =    0.3966  r(max) =   0.5538
     s(4S/5S) = -0.000465
     s(4S/6S) = -0.000133
     s(4P/4P) =  1.000000  <r> =   0.6278  <r2> =    0.4481  r(max) =   0.5764
     s(4P/5P) = -0.000356
     s(4P/6P) = -0.000082
     s(4D/4D) =  1.000000  <r> =   0.6882  <r2> =    0.5498  r(max) =   0.6000
     s(4D/5D) = -0.000148
     s(5S/5S) =  1.000000  <r> =   1.4405  <r2> =    2.3351  r(max) =   1.2958
     s(5S/6S) = -0.000070
     s(5P/5P) =  1.000000  <r> =   1.6938  <r2> =    3.2647  r(max) =   1.4610
     s(5P/6P) = -0.000039
     s(5D/5D) =  1.000000  <r> =   3.3295  <r2> =   13.9171  r(max) =   2.2015
     s(4F/4F) =  1.000000  <r> =   1.0687  <r2> =    1.6304  r(max) =   0.6371
     s(4F/5F) =  0.000000
     s(6S/6S) =  1.000000  <r> =   4.3768  <r2> =   21.7632  r(max) =   3.7402
     s(6P/6P) =  1.000000  <r> =   6.1006  <r2> =   42.7995  r(max) =   4.9984
     s(5F/5F) =  0.000000  <r> =   0.0000  <r2> =    0.0000  r(max) = 100.3964

     ------------------------ End of All-electron run ------------------------

     Computing logarithmic derivative in   3.40124

       Warning: n=5, l=3 expected 1 nodes, found 0
       Setting wfc to zero for this iteration
       (This warning will only be printed once per wavefunction)

       Zero norm: self consistency problem; state:  2 (l=  3, j=0.0)
     ------------------------ (GI)PAW reconstruction -------------------------

     ========================= 4F =========================
      AE: e(ref), l, n_idx  -0.158180223193502                3          13

     ========================= 5F =========================
      AE: e(ref), l, n_idx   0.500000000000000                3          16

     ========================= 5P =========================
      AE: e(ref), l, n_idx   -1.66629106574854                1          11

     ========================= 6P =========================
      AE: e(ref), l, n_idx   0.500000000000000                1          15

     ========================= 5S =========================
      AE: e(ref), l, n_idx   -3.07752010573982                0          10

     ========================= 6S =========================
      AE: e(ref), l, n_idx  -0.260328478719306                0          14

     ========================= 5D =========================
      AE: e(ref), l, n_idx  -0.132495374678522                2          12

     ========================= 4F =========================
      PS: e(ref), e(eig), n_idx  -0.158165007558431      -0.158165007558431     
           1
      r(cut):    1.80000000000000             1270        1482
      SCALE:    1.00000000000000        1.78447835749862     
   1.42489581063365     
      SCALE:    1.00000066922013        1.87597051934686     
     NORM:   0.91443151  0.25711823

     ========================= 5F =========================
      PS: e(ref), e(eig), n_idx   0.500000000000000       1.190605987450575E-003
           2
      r(cut):    2.00000000000000             1281        1482
      SCALE:    1.00000000000000        1.99197405768418     
   4.67570646761613     
      SCALE:   0.999981657828532        2.09410475157424     
     NORM:   0.71837058  0.51933695

     ========================= 5P =========================
      PS: e(ref), e(eig), n_idx   -1.66631430395476       -1.66631430395476     
           3
      r(cut):    1.80000000000000             1270        1482
      SCALE:    1.00000000000000        1.78447835749862     
  -1.73316036403378     
      SCALE:    1.00000423947270        1.87597051934686     
     NORM:   0.75727477  1.01021034

     ========================= 6P =========================
      PS: e(ref), e(eig), n_idx   0.500000000000000      -8.965844186211122E-002
           4
      r(cut):    1.80000000000000             1270        1482
      SCALE:    1.00000000000000        1.78447835749862     
  -2.33419695543061     
      SCALE:    1.00002566844704        1.87597051934686     
     NORM:   0.70194267  1.05637550

     ========================= 5S =========================
      PS: e(ref), e(eig), n_idx   -3.07754030322296       -3.07754030322296     
           5
      r(cut):    1.60000000000000             1259        1482
      SCALE:    1.00000000000000        1.59859662634515     
   1.68912592317334     
      SCALE:   0.999998812667589        1.68055842804088     
     NORM:   0.68319049  1.17339188

     ========================= 6S =========================
      PS: e(ref), e(eig), n_idx  -0.260331736090763      -0.260331736090763     
           6
      r(cut):    1.60000000000000             1259        1482
      SCALE:    1.00000000000000        1.59859662634515     
   2.03061418545981     
      SCALE:    1.00023958056024        1.68055842804088     
     NORM:   0.61191012  1.26337508

     ========================= 5D =========================
      PS: e(ref), e(eig), n_idx  -0.132500033985715      -0.132500033985715     
           7
      r(cut):    2.10000000000000             1286        1482
      SCALE:    1.00000000000000        2.09410475157424     
  0.772201377180403     
      SCALE:    1.00000155291911        2.20147179811370     
     NORM:   1.13897190  1.13897305
     --------------------- End of (GI)PAW reconstruction ---------------------
     Computing logarithmic derivative in   3.40124
     Computing the partial wave expansion 
     R is outside the sphere for l=    0 j= 0.00
     R is outside the sphere for l=    0 j= 0.00
     R is outside the sphere for l=    1 j= 0.00
     R is outside the sphere for l=    1 j= 0.00
       no projector for channel:   2
     R is outside the sphere for l=    3 j= 0.00
     R is outside the sphere for l=    3 j= 0.00

     ---------------------- Testing the pseudopotential ----------------------

     Pm                                                                         
     scalar relativistic calculation

     atomic number is 61.00   valence charge is 15.00
     dft =PBE   lsd =0 sic =0 latt =0  beta=0.20 tr2=1.0E-14
     mesh =1673 r(mesh) = 100.39638 xmin = -8.00 dx = 0.01000

     n l     nl             e AE (Ry)        e PS (Ry)    De AE-PS (Ry) 
     4 3     4F   1( 5.00)       -0.15818       -0.15817    -0.00001522
     5 3     5F   1( 0.00)        0.00119        0.00119     0.00000000
     2 1     5P   1( 6.00)       -1.66629       -1.66631     0.00002324
     3 1     6P   1( 0.00)       -0.08965       -0.08966     0.00000616
     1 0     5S   1( 2.00)       -3.07752       -3.07754     0.00002020
     2 0     6S   1( 2.00)       -0.26033       -0.26033     0.00000326
     3 2     5D   1( 0.00)       -0.13250       -0.13250     0.00000466

     eps = 7.8E-15  iter =  8
 
     Etot =  -20041.137286 Ry,  -10020.568643 Ha, -272673.563750 eV
     Etotps =  -155.502394 Ry,     -77.751197 Ha,   -2115.717859 eV

     Ekin =      35.591434 Ry,      17.795717 Ha,     484.246133 eV
     Encl =    -273.707368 Ry,    -136.853684 Ha,   -3723.978456 eV
     Ehrt =     121.537834 Ry,      60.768917 Ha,    1653.606474 eV
     Ecxc =     -40.784767 Ry,     -20.392383 Ha,    -554.905019 eV
     (Ecc =     -19.691689 Ry,      -9.845844 Ha,    -267.919076 eV)
     Epseu=       1.860472 Ry,       0.930236 Ha,      25.313009 eV

     ---------------------- End of pseudopotential test ----------------------

