
     Program LD1 v.6.8 starts on  7Nov2024 at 14:46: 3 

     This program is part of the open-source Quantum ESPRESSO suite
     for quantum simulation of materials; please cite
         "P. Giannozzi et al., J. Phys.:Condens. Matter 21 395502 (2009);
         "P. Giannozzi et al., J. Phys.:Condens. Matter 29 465901 (2017);
         "P. Giannozzi et al., J. Chem. Phys. 152 154105 (2020);
          URL http://www.quantum-espresso.org", 
     in publications or presentations arising from this work. More details at
     http://www.quantum-espresso.org/quote

     Parallel version (MPI), running on     1 processors

     MPI processes distributed on     1 nodes
     16659 MiB available memory on the printing compute node when the environment starts
 
     Waiting for input...
     Reading input from standard input
     --------------------------- All-electron run ----------------------------

     Yb                                                                         
     scalar relativistic calculation

     atomic number is 70.00
     dft =PBE   lsd =0 sic =0 latt =0  beta=0.20 tr2=1.0E-14
     Exchange-correlation= PBE
                           (   1   4   3   4   0   0   0)
     mesh =1687 r(mesh) = 100.63547 a.u. xmin = -8.00 dx = 0.01000
     1 Ry =  13.60569312 eV, c = 137.03599908

     n l     nl                  e(Ry)          e(Ha)          e(eV)
     1 0     1S 1( 2.00)   -4501.485059944   -2250.742529972 -61245.8243233
     2 0     2S 1( 2.00)    -762.655650426    -381.327825213 -10376.4587382
     2 1     2P 1( 6.00)    -672.088908843    -336.044454422  -9144.2354451
     3 0     3S 1( 2.00)    -171.901373017     -85.950686508  -2338.8373287
     3 1     3P 1( 6.00)    -144.605662654     -72.302831327  -1967.4602699
     3 2     3D 1(10.00)    -111.399216607     -55.699608304  -1515.6635553
     4 0     4S 1( 2.00)     -33.818207000     -16.909103500   -460.1201464
     4 1     4P 1( 6.00)     -24.860951713     -12.430475857   -338.2504798
     4 2     4D 1(10.00)     -13.077703512      -6.538851756   -177.9312207
     5 0     5S 1( 2.00)      -4.036794965      -2.018397483    -54.9233935
     5 1     5P 1( 6.00)      -2.015428882      -1.007714441    -27.4213069
     5 2     5D 1( 0.00)      -0.048941749      -0.024470874     -0.6658864
     4 3     4F 1(14.00)      -0.221366222      -0.110683111     -3.0118409
     6 0     6S 1( 2.00)      -0.288006020      -0.144003010     -3.9185215
     6 1     6P 1( 0.00)      -0.081267639      -0.040633819     -1.1057026
     5 3     5F 1( 0.00)       0.001185100       0.000592550      0.0161241

     final scf error:  6.7E-15 reached in  38 iterations
 
     The valence states are: 5S,5P,5D,4F,6S,6P,5F,                                       

     Total energy of the atom:

     Etot =  -28119.616200 Ry,  -14059.808100 Ha, -382586.868755 eV

     Kinetic energy:

     Ekin =   30648.275143 Ry,   15324.137571 Ha,  416991.026339 eV
     Ekinc=   29755.975652 Ry,   14877.987826 Ha,  404850.673293 eV
     Ekinv=     892.299491 Ry,     446.149745 Ha,   12140.353046 eV
 

     Interaction between the nucleus and the electrons:

     Encl =  -69224.616386 Ry,  -34612.308193 Ha, -941848.887102 eV
     Enclc=  -64682.870285 Ry,  -32341.435142 Ha, -880055.283411 eV
     Enclv=   -4541.746101 Ry,   -2270.873050 Ha,  -61793.603692 eV
 

     Hartree energy:

     Eh   =   11042.280664 Ry,    5521.140332 Ha,  150237.882091 eV
     Ehcc =    7818.693101 Ry,    3909.346551 Ha,  106378.738958 eV
     Ehcv =    2743.953594 Ry,    1371.976797 Ha,   37333.390548 eV
     Ehvv =     479.633948 Ry,     239.816974 Ha,    6525.752312 eV
 

     Exchange and correlation energy:

     Exc  =    -585.555621 Ry,    -292.777810 Ha,   -7966.890082 eV
 

     Estimated frozen-core energy from all-electron calculation:
     Efc = Ekinv + Enclv + Ehvv + Ehcv + Exc
     Ed = Etot - Efc

     Efc  =   -1011.414688 Ry,    -505.707344 Ha,  -13760.997868 eV
     Ed   =  -27108.201512 Ry,  -13554.100756 Ha, -368825.870886 eV


     normalization and overlap integrals

     s(1S/1S) =  1.000000  <r> =   0.0197  <r2> =    0.0005  r(max) =   0.0124
     s(1S/2S) = -0.028160
     s(1S/3S) = -0.012293
     s(1S/4S) = -0.005950
     s(1S/5S) = -0.002352
     s(1S/6S) = -0.000629
     s(2S/2S) =  1.000000  <r> =   0.0833  <r2> =    0.0082  r(max) =   0.0708
     s(2S/3S) = -0.007796
     s(2S/4S) = -0.003604
     s(2S/5S) = -0.001412
     s(2S/6S) = -0.000377
     s(2P/2P) =  1.000000  <r> =   0.0741  <r2> =    0.0067  r(max) =   0.0574
     s(2P/3P) = -0.006212
     s(2P/4P) = -0.002710
     s(2P/5P) = -0.000922
     s(2P/6P) = -0.000186
     s(3S/3S) =  1.000000  <r> =   0.2167  <r2> =    0.0537  r(max) =   0.2002
     s(3S/4S) = -0.002583
     s(3S/5S) = -0.000981
     s(3S/6S) = -0.000261
     s(3P/3P) =  1.000000  <r> =   0.2162  <r2> =    0.0542  r(max) =   0.1962
     s(3P/4P) = -0.002186
     s(3P/5P) = -0.000722
     s(3P/6P) = -0.000145
     s(3D/3D) =  1.000000  <r> =   0.1961  <r2> =    0.0451  r(max) =   0.1607
     s(3D/4D) = -0.001573
     s(3D/5D) = -0.000208
     s(4S/4S) =  1.000000  <r> =   0.4879  <r2> =    0.2688  r(max) =   0.4545
     s(4S/5S) = -0.000672
     s(4S/6S) = -0.000177
     s(4P/4P) =  1.000000  <r> =   0.5182  <r2> =    0.3057  r(max) =   0.4778
     s(4P/5P) = -0.000500
     s(4P/6P) = -0.000100
     s(4D/4D) =  1.000000  <r> =   0.5600  <r2> =    0.3644  r(max) =   0.4924
     s(4D/5D) = -0.000156
     s(5S/5S) =  1.000000  <r> =   1.2082  <r2> =    1.6466  r(max) =   1.0741
     s(5S/6S) = -0.000090
     s(5P/5P) =  1.000000  <r> =   1.4508  <r2> =    2.4071  r(max) =   1.2355
     s(5P/6P) = -0.000046
     s(5D/5D) =  1.000000  <r> =   3.9144  <r2> =   20.6138  r(max) =   2.1202
     s(4F/4F) =  1.000001  <r> =   0.7913  <r2> =    0.8865  r(max) =   0.4826
     s(4F/5F) =  0.000000
     s(6S/6S) =  1.000000  <r> =   3.9257  <r2> =   17.6379  r(max) =   3.2920
     s(6P/6P) =  1.000000  <r> =   5.8545  <r2> =   39.8887  r(max) =   4.6716
     s(5F/5F) =  0.000000  <r> =   0.0000  <r2> =    0.0000  r(max) = 100.6355

     ------------------------ End of All-electron run ------------------------


     --------------------- Generating US pseudopotential ---------------------


      Generating local pot.: lloc=2, matching radius rcloc =   2.1000

      Computing core charge for nlcc: 

       r > 1.11 : true rho core
      Core charge pseudized with two Bessel functions
      ***Writing file yb.core ***
      Integrated core pseudo-charge :   8.36


      Wfc   4F  rcut= 1.096  Using Troullier-Martins method 
      Wfc-us  4F rcutus= 1.997  Estimated cut-off energy=    40.47 Ry
     rc*logder, xc(1), xc(2), rc*q(1),rc*q(2)
    -2.01815     1.48539    -0.48539     5.57068     8.98200


      Wfc   5F  rcut= 1.096  Using Troullier-Martins method 
      Wfc-us  5F rcutus= 1.997  Estimated cut-off energy=    33.97 Ry
     rc*logder, xc(1), xc(2), rc*q(1),rc*q(2)
     3.62098     0.89885     0.10115     1.81519     8.22965


      Wfc   5P  rcut= 1.096  Using Troullier-Martins method 
      Wfc-us  5P rcutus= 1.807  Estimated cut-off energy=    24.96 Ry
     rc*logder, xc(1), xc(2), rc*q(1),rc*q(2)
    -1.64569     1.31582    -0.31582     3.32314     6.38245


      Wfc   6P  rcut= 1.096  Using Troullier-Martins method 
      Wfc-us  6P rcutus= 1.807  Estimated cut-off energy=    40.01 Ry
     rc*logder, xc(1), xc(2), rc*q(1),rc*q(2)
    21.76566     1.28442    -0.28442     4.70667     8.08122


      Wfc   5S  rcut= 1.096  Using Troullier-Martins method 
      Wfc-us  5S rcutus= 1.602  Estimated cut-off energy=    20.28 Ry
     rc*logder, xc(1), xc(2), rc*q(1),rc*q(2)
    -2.09747     1.33376    -0.33376     2.30836     5.10241


      Wfc   6S  rcut= 1.096  Using Troullier-Martins method 
      Wfc-us  6S rcutus= 1.602  Estimated cut-off energy=    36.24 Ry
     rc*logder, xc(1), xc(2), rc*q(1),rc*q(2)
    11.42908     1.10774    -0.10774     3.43343     6.82127

      The bmat matrix
    -0.53217    -0.23858     0.00000     0.00000     0.00000     0.00000
     0.07324     0.05145     0.00000     0.00000     0.00000     0.00000
     0.00000     0.00000    -0.04806     0.31998     0.00000     0.00000
     0.00000     0.00000    -0.08035     0.18090     0.00000     0.00000
     0.00000     0.00000     0.00000     0.00000     1.14254     1.01073
     0.00000     0.00000     0.00000     0.00000     0.25112     0.26355

      The bmat + epsilon qq matrix
    -0.72209    -0.02268     0.00000     0.00000     0.00000     0.00000
    -0.02235     0.15712     0.00000     0.00000     0.00000     0.00000
     0.00000     0.00000     0.27824     0.24039     0.00000     0.00000
     0.00000     0.00000     0.24046     0.10386     0.00000     0.00000
     0.00000     0.00000     0.00000     0.00000     4.10003     1.06909
     0.00000     0.00000     0.00000     0.00000     1.06907     0.28001

      The qq matrix
     0.85794     0.43180     0.00000     0.00000     0.00000     0.00000
     0.43180     0.21133     0.00000     0.00000     0.00000     0.00000
     0.00000     0.00000    -0.16190    -0.15918     0.00000     0.00000
     0.00000     0.00000    -0.15918    -0.15409     0.00000     0.00000
     0.00000     0.00000     0.00000     0.00000    -0.73263    -0.20262
     0.00000     0.00000     0.00000     0.00000    -0.20262    -0.05717

      The ddd matrix
     6.11656     3.45589     0.00000     0.00000     0.00000     0.00000
     3.45589     1.89561     0.00000     0.00000     0.00000     0.00000
     0.00000     0.00000    -0.93558    -0.97418     0.00000     0.00000
     0.00000     0.00000    -0.97418    -1.08721     0.00000     0.00000
     0.00000     0.00000     0.00000     0.00000    -1.82768    -0.58958
     0.00000     0.00000     0.00000     0.00000    -0.58958    -0.19171

     ------------------- End of pseudopotential generation -------------------

     --------------------------- All-electron run ----------------------------

     Yb                                                                         
     scalar relativistic calculation

     atomic number is 70.00
     dft =PBE   lsd =0 sic =0 latt =0  beta=0.20 tr2=1.0E-14
     Exchange-correlation= PBE
                           (   1   4   3   4   0   0   0)
     mesh =1687 r(mesh) = 100.63547 a.u. xmin = -8.00 dx = 0.01000
     1 Ry =  13.60569312 eV, c = 137.03599908

     n l     nl                  e(Ry)          e(Ha)          e(eV)
     1 0     1S 1( 2.00)   -4501.485059944   -2250.742529972 -61245.8243233
     2 0     2S 1( 2.00)    -762.655650426    -381.327825213 -10376.4587382
     2 1     2P 1( 6.00)    -672.088908843    -336.044454422  -9144.2354451
     3 0     3S 1( 2.00)    -171.901373017     -85.950686508  -2338.8373287
     3 1     3P 1( 6.00)    -144.605662654     -72.302831327  -1967.4602699
     3 2     3D 1(10.00)    -111.399216607     -55.699608304  -1515.6635553
     4 0     4S 1( 2.00)     -33.818207000     -16.909103500   -460.1201464
     4 1     4P 1( 6.00)     -24.860951713     -12.430475857   -338.2504798
     4 2     4D 1(10.00)     -13.077703512      -6.538851756   -177.9312207
     5 0     5S 1( 2.00)      -4.036794965      -2.018397483    -54.9233935
     5 1     5P 1( 6.00)      -2.015428882      -1.007714441    -27.4213069
     5 2     5D 1( 0.00)      -0.048941749      -0.024470874     -0.6658864
     4 3     4F 1(14.00)      -0.221366222      -0.110683111     -3.0118409
     6 0     6S 1( 2.00)      -0.288006020      -0.144003010     -3.9185215
     6 1     6P 1( 0.00)      -0.081267639      -0.040633819     -1.1057026
     5 3     5F 1( 0.00)       0.001185100       0.000592550      0.0161241

     final scf error:  6.7E-15 reached in  38 iterations
 
     The valence states are: 5S,5P,5D,4F,6S,6P,5F,                                       

     Total energy of the atom:

     Etot =  -28119.616200 Ry,  -14059.808100 Ha, -382586.868755 eV

     Kinetic energy:

     Ekin =   30648.275143 Ry,   15324.137571 Ha,  416991.026339 eV
     Ekinc=   29755.975652 Ry,   14877.987826 Ha,  404850.673293 eV
     Ekinv=     892.299491 Ry,     446.149745 Ha,   12140.353046 eV
 

     Interaction between the nucleus and the electrons:

     Encl =  -69224.616386 Ry,  -34612.308193 Ha, -941848.887102 eV
     Enclc=  -64682.870285 Ry,  -32341.435142 Ha, -880055.283411 eV
     Enclv=   -4541.746101 Ry,   -2270.873050 Ha,  -61793.603692 eV
 

     Hartree energy:

     Eh   =   11042.280664 Ry,    5521.140332 Ha,  150237.882091 eV
     Ehcc =    7818.693101 Ry,    3909.346551 Ha,  106378.738958 eV
     Ehcv =    2743.953594 Ry,    1371.976797 Ha,   37333.390548 eV
     Ehvv =     479.633948 Ry,     239.816974 Ha,    6525.752312 eV
 

     Exchange and correlation energy:

     Exc  =    -585.555621 Ry,    -292.777810 Ha,   -7966.890082 eV
 

     Estimated frozen-core energy from all-electron calculation:
     Efc = Ekinv + Enclv + Ehvv + Ehcv + Exc
     Ed = Etot - Efc

     Efc  =   -1011.414688 Ry,    -505.707344 Ha,  -13760.997868 eV
     Ed   =  -27108.201512 Ry,  -13554.100756 Ha, -368825.870886 eV


     normalization and overlap integrals

     s(1S/1S) =  1.000000  <r> =   0.0197  <r2> =    0.0005  r(max) =   0.0124
     s(1S/2S) = -0.028160
     s(1S/3S) = -0.012293
     s(1S/4S) = -0.005950
     s(1S/5S) = -0.002352
     s(1S/6S) = -0.000629
     s(2S/2S) =  1.000000  <r> =   0.0833  <r2> =    0.0082  r(max) =   0.0708
     s(2S/3S) = -0.007796
     s(2S/4S) = -0.003604
     s(2S/5S) = -0.001412
     s(2S/6S) = -0.000377
     s(2P/2P) =  1.000000  <r> =   0.0741  <r2> =    0.0067  r(max) =   0.0574
     s(2P/3P) = -0.006212
     s(2P/4P) = -0.002710
     s(2P/5P) = -0.000922
     s(2P/6P) = -0.000186
     s(3S/3S) =  1.000000  <r> =   0.2167  <r2> =    0.0537  r(max) =   0.2002
     s(3S/4S) = -0.002583
     s(3S/5S) = -0.000981
     s(3S/6S) = -0.000261
     s(3P/3P) =  1.000000  <r> =   0.2162  <r2> =    0.0542  r(max) =   0.1962
     s(3P/4P) = -0.002186
     s(3P/5P) = -0.000722
     s(3P/6P) = -0.000145
     s(3D/3D) =  1.000000  <r> =   0.1961  <r2> =    0.0451  r(max) =   0.1607
     s(3D/4D) = -0.001573
     s(3D/5D) = -0.000208
     s(4S/4S) =  1.000000  <r> =   0.4879  <r2> =    0.2688  r(max) =   0.4545
     s(4S/5S) = -0.000672
     s(4S/6S) = -0.000177
     s(4P/4P) =  1.000000  <r> =   0.5182  <r2> =    0.3057  r(max) =   0.4778
     s(4P/5P) = -0.000500
     s(4P/6P) = -0.000100
     s(4D/4D) =  1.000000  <r> =   0.5600  <r2> =    0.3644  r(max) =   0.4924
     s(4D/5D) = -0.000156
     s(5S/5S) =  1.000000  <r> =   1.2082  <r2> =    1.6466  r(max) =   1.0741
     s(5S/6S) = -0.000090
     s(5P/5P) =  1.000000  <r> =   1.4508  <r2> =    2.4071  r(max) =   1.2355
     s(5P/6P) = -0.000046
     s(5D/5D) =  1.000000  <r> =   3.9144  <r2> =   20.6138  r(max) =   2.1202
     s(4F/4F) =  1.000001  <r> =   0.7913  <r2> =    0.8865  r(max) =   0.4826
     s(4F/5F) =  0.000000
     s(6S/6S) =  1.000000  <r> =   3.9257  <r2> =   17.6379  r(max) =   3.2920
     s(6P/6P) =  1.000000  <r> =   5.8545  <r2> =   39.8887  r(max) =   4.6716
     s(5F/5F) =  0.000000  <r> =   0.0000  <r2> =    0.0000  r(max) = 100.6355

     ------------------------ End of All-electron run ------------------------

     Computing logarithmic derivative in   3.40934
     ------------------------ (GI)PAW reconstruction -------------------------

     ========================= 4F =========================
      AE: e(ref), l, n_idx  -0.221366221587025                3          13

     ========================= 5F =========================
      AE: e(ref), l, n_idx   0.500000000000000                3          16

     ========================= 5P =========================
      AE: e(ref), l, n_idx   -2.01542888200717                1          11

     ========================= 6P =========================
      AE: e(ref), l, n_idx   0.500000000000000                1          15

     ========================= 5S =========================
      AE: e(ref), l, n_idx   -4.03679496507493                0          10

     ========================= 6S =========================
      AE: e(ref), l, n_idx  -0.288006019610466                0          14

     ========================= 5D =========================
      AE: e(ref), l, n_idx  -4.894174874750535E-002           2          12

     ========================= 4F =========================
      PS: e(ref), e(eig), n_idx  -0.221371634516678      -0.221371634516678     
           1
      r(cut):    2.00000000000000             1295        1496
      SCALE:    1.00000000000000        1.99671785085718     
  0.551460161827578     
      SCALE:   0.999995074316498        2.09909176422421     
     NORM:   0.73337582  0.08384645

     ========================= 5F =========================
      PS: e(ref), e(eig), n_idx   0.500000000000000       3.555519267278220E-004
           2
      r(cut):    2.00000000000000             1295        1496
      SCALE:    1.00000000000000        1.99671785085718     
  0.159022192025207     
      SCALE:    1.00000028434777        2.09909176422421     
     NORM:   0.65756430  0.09757522

     ========================= 5P =========================
      PS: e(ref), e(eig), n_idx   -2.01543143604771       -2.01543143604771     
           3
      r(cut):    1.80000000000000             1284        1496
      SCALE:    1.00000000000000        1.78872800935379     
  -2.12311010803691     
      SCALE:    1.00000322324076        1.88043805551186     
     NORM:   0.84269459  1.02126221

     ========================= 6P =========================
      PS: e(ref), e(eig), n_idx   0.500000000000000      -8.128089556981834E-002
           4
      r(cut):    1.80000000000000             1284        1496
      SCALE:    1.00000000000000        1.78872800935379     
  -3.46768895644079     
      SCALE:    1.00000632538625        1.88043805551186     
     NORM:   0.62918573  1.01774994

     ========================= 5S =========================
      PS: e(ref), e(eig), n_idx   -4.03679570501295       -4.03679570501295     
           5
      r(cut):    1.60000000000000             1272        1496
      SCALE:    1.00000000000000        1.58645942722428     
   2.42076853714953     
      SCALE:    1.00000380755794        1.66779894141414     
     NORM:   0.71757445  1.35430216

     ========================= 6S =========================
      PS: e(ref), e(eig), n_idx  -0.288005259071340      -0.288005259071340     
           6
      r(cut):    1.60000000000000             1272        1496
      SCALE:    1.00000000000000        1.58645942722428     
   3.33440826449136     
      SCALE:    1.00000515008045        1.66779894141414     
     NORM:   0.52465557  1.45350683

     ========================= 5D =========================
      PS: e(ref), e(eig), n_idx  -4.896579552049159E-002 -4.896579552049159E-002
           7
      r(cut):    2.10000000000000             1300        1496
      SCALE:    1.00000000000000        2.09909176422421     
   1.13658927561067     
      SCALE:   0.999997611546471        2.20671450036987     
     NORM:   1.09600089  1.09600917
     --------------------- End of (GI)PAW reconstruction ---------------------
     Computing logarithmic derivative in   3.40934
     Computing the partial wave expansion 
     R is outside the sphere for l=    0 j= 0.00
     R is outside the sphere for l=    0 j= 0.00
     R is outside the sphere for l=    1 j= 0.00
     R is outside the sphere for l=    1 j= 0.00
       no projector for channel:   2
     R is outside the sphere for l=    3 j= 0.00
     R is outside the sphere for l=    3 j= 0.00

     ---------------------- Testing the pseudopotential ----------------------

     Yb                                                                         
     scalar relativistic calculation

     atomic number is 70.00   valence charge is 24.00
     dft =PBE   lsd =0 sic =0 latt =0  beta=0.20 tr2=1.0E-14
     mesh =1687 r(mesh) = 100.63547 xmin = -8.00 dx = 0.01000

     n l     nl             e AE (Ry)        e PS (Ry)    De AE-PS (Ry) 
     4 3     4F   1(14.00)       -0.22137       -0.22137     0.00000541
     5 3     5F   1( 0.00)        0.00119        0.00036     0.00082955
     2 1     5P   1( 6.00)       -2.01543       -2.01543     0.00000255
     3 1     6P   1( 0.00)       -0.08127       -0.08128     0.00001326
     1 0     5S   1( 2.00)       -4.03679       -4.03680     0.00000074
     2 0     6S   1( 2.00)       -0.28801       -0.28801    -0.00000076
     3 2     5D   1( 0.00)       -0.04894       -0.04897     0.00002405

     eps = 2.7E-15  iter = 10
 
     Etot =  -28119.616200 Ry,  -14059.808100 Ha, -382586.868755 eV
     Etotps =  -498.462209 Ry,    -249.231105 Ha,   -6781.923855 eV

     Ekin =      44.065985 Ry,      22.032993 Ha,     599.548269 eV
     Encl =   -1009.197288 Ry,    -504.598644 Ha,  -13730.828595 eV
     Ehrt =     464.330600 Ry,     232.165300 Ha,    6317.539646 eV
     Ecxc =     -73.636568 Ry,     -36.818284 Ha,   -1001.876551 eV
     (Ecc =     -19.323084 Ry,      -9.661542 Ha,    -262.903945 eV)
     Epseu=      75.975062 Ry,      37.987531 Ha,    1033.693377 eV

     ---------------------- End of pseudopotential test ----------------------


     -------------- Test with a basis set of Bessel functions ----------

     Box size (a.u.) :   30.0

     Cutoff (Ry) :   20.0
                           N = 1       N = 2       N = 3
     E(L=0) =        -4.0478 Ry   -0.2890 Ry   -0.0058 Ry
     E(L=1) =        -2.0220 Ry   -0.0810 Ry    0.0204 Ry
     E(L=2) =        -0.0495 Ry    0.0317 Ry    0.0744 Ry
     E(L=3) =        -0.1251 Ry    0.0513 Ry    0.1044 Ry

     Cutoff (Ry) :   25.0
                           N = 1       N = 2       N = 3
     E(L=0) =        -4.0491 Ry   -0.2891 Ry   -0.0058 Ry
     E(L=1) =        -2.0259 Ry   -0.0817 Ry    0.0204 Ry
     E(L=2) =        -0.0506 Ry    0.0316 Ry    0.0742 Ry
     E(L=3) =        -0.2107 Ry    0.0513 Ry    0.1043 Ry

     Cutoff (Ry) :   30.0
                           N = 1       N = 2       N = 3
     E(L=0) =        -4.0491 Ry   -0.2891 Ry   -0.0058 Ry
     E(L=1) =        -2.0261 Ry   -0.0819 Ry    0.0203 Ry
     E(L=2) =        -0.0508 Ry    0.0316 Ry    0.0742 Ry
     E(L=3) =        -0.2234 Ry    0.0513 Ry    0.1043 Ry

     Cutoff (Ry) :   35.0
                           N = 1       N = 2       N = 3
     E(L=0) =        -4.0492 Ry   -0.2892 Ry   -0.0058 Ry
     E(L=1) =        -2.0261 Ry   -0.0819 Ry    0.0203 Ry
     E(L=2) =        -0.0508 Ry    0.0316 Ry    0.0742 Ry
     E(L=3) =        -0.2254 Ry    0.0513 Ry    0.1043 Ry

     Cutoff (Ry) :   40.0
                           N = 1       N = 2       N = 3
     E(L=0) =        -4.0492 Ry   -0.2892 Ry   -0.0058 Ry
     E(L=1) =        -2.0263 Ry   -0.0819 Ry    0.0203 Ry
     E(L=2) =        -0.0508 Ry    0.0316 Ry    0.0742 Ry
     E(L=3) =        -0.2255 Ry    0.0513 Ry    0.1043 Ry

     Cutoff (Ry) :   45.0
                           N = 1       N = 2       N = 3
     E(L=0) =        -4.0493 Ry   -0.2892 Ry   -0.0058 Ry
     E(L=1) =        -2.0264 Ry   -0.0819 Ry    0.0203 Ry
     E(L=2) =        -0.0508 Ry    0.0316 Ry    0.0742 Ry
     E(L=3) =        -0.2256 Ry    0.0513 Ry    0.1043 Ry

     Cutoff (Ry) :   50.0
                           N = 1       N = 2       N = 3
     E(L=0) =        -4.0493 Ry   -0.2892 Ry   -0.0058 Ry
     E(L=1) =        -2.0264 Ry   -0.0819 Ry    0.0203 Ry
     E(L=2) =        -0.0508 Ry    0.0316 Ry    0.0742 Ry
     E(L=3) =        -0.2257 Ry    0.0513 Ry    0.1043 Ry

     Cutoff (Ry) :   55.0
                           N = 1       N = 2       N = 3
     E(L=0) =        -4.0493 Ry   -0.2892 Ry   -0.0058 Ry
     E(L=1) =        -2.0264 Ry   -0.0819 Ry    0.0203 Ry
     E(L=2) =        -0.0508 Ry    0.0316 Ry    0.0742 Ry
     E(L=3) =        -0.2257 Ry    0.0513 Ry    0.1043 Ry

     Cutoff (Ry) :   60.0
                           N = 1       N = 2       N = 3
     E(L=0) =        -4.0493 Ry   -0.2892 Ry   -0.0058 Ry
     E(L=1) =        -2.0264 Ry   -0.0819 Ry    0.0203 Ry
     E(L=2) =        -0.0508 Ry    0.0316 Ry    0.0742 Ry
     E(L=3) =        -0.2257 Ry    0.0513 Ry    0.1043 Ry

     -------------- End of Bessel function test ------------------------

